<?xml version="1.0" encoding="UTF-8"?>
<!-- Generated by org.testng.reporters.JUnitReportReporter -->
<testsuite skipped="1" hostname="LAPTOP-JEI8AS0O" name="testcases.DashboardTest" tests="2" failures="0" timestamp="2021-12-04T15:49:33 EST" time="0.052" errors="0">
  <testcase name="DashboardQuickLaunchCount006" time="0.052" classname="testcases.DashboardTest"/>
  <system-out>
    <![CDATA[Output:6]]>
  </system-out>
  <testcase name="DashboardQuickLaunchItems004" classname="testcases.DashboardTest">
    <skipped/>
  </testcase> <!-- DashboardQuickLaunchItems004 -->
  <system-out/>
</testsuite> <!-- testcases.DashboardTest -->
