<?xml version="1.0" encoding="UTF-8"?>
<!-- Generated by org.testng.reporters.JUnitReportReporter -->
<testsuite skipped="0" hostname="LAPTOP-JEI8AS0O" name="testcases.MyInfoTest" tests="2" failures="0" timestamp="2021-12-04T16:20:09 EST" time="1.876" errors="0">
  <testcase name="myInfoSideNavItems005" time="1.726" classname="testcases.MyInfoTest"/>
  <system-out>
    <![CDATA[<img src="data:image/png;base64, iVBORw0KGgoAAAANSUhEUgAABVYAAAJcCAYAAAASBf/6AAAAAXNSR0IArs4c6QAAIABJREFUeJzs3XecVdW5//HP2nufMmd6Y2aYAQaGDtJVLFR7jLFg7GJPctN/IcmNJhG5uVFTLIk3N8XcYFBjF0U0YBRQUFG6CEMXhjYzZ3o5de+9fn+cMwMDAwMJUszz9qVyzl577bXPHHm9/PLsZymttUYIIYQQQgghhBBCCCEEANOmTetyjHEc1iGEEEIIIYQQQgghhBCfKxKsCiGEEEIIIYQQQgghxFGSYFUIIYQQQgghhBBCCCGOkgSrQgghhBBCCCGEEEIIcZQkWBVCCCGEEEIIIYQQQoijJMGqEEIIIYQQQgghhBBCHCUJVoUQQgghhBBCCCGEEOIoSbAqhBBCCCGEEEIIIYQQR0mCVSGEEEIIIYQQQgghhDhKEqwKIYQQQgghhBBCCCHEUZJgVQghhBBCCCGEEEIIIY6SBKtCCCGEEEIIIYQQQghxlCRYFUIIIYQQQgghhBBCiKNknegFHCv1kQYqmnezvXEHu1r2sKd1L3WReiJOBFe7oJMDFbhac07RGXxl2G0YSrJlIYQQQgghhBBCCCHE0Tmlg9WYE2NtTTmLd7/H2pr11EfrcUiEqAqFUgoApUBplchWFcTdOKO7jZRQVQghhBBCCCGEEEII8U85ZYPV8rrNPLvhBVbXrgUNBgplGFiYQKIq1XEdsn1ZuGha4y0opbBdmxF5wxhZMOwE34EQQgghhBBCCCGEEOJUdUoGqxvrtvDT9/+buBvDNCyU0uhklaqrXWzXJtefy8Tic4m5Md7buzRRrao1LnDTwGuxjFPy1oUQQgghhBBCCCGEECeBUy5dbIo28YvlD2O7MSzDRCcSVbTSxF2bDE8a1/S7ioE5/Vmy5wPm73gLF42hFDEnxqTiCfTPLjvRtyGEEEIIIYQQQgghhDiFnXLB6mvb5rE3VE3A9Le/F3dtLGVxVZ/L+FLZF6iP1PPoqt9T0bwTy7CSlawaj+ll6uBr23uvCiGEEEIIIYQQQgghxD/jlApWGyKNvL79TXyGFw1orXG0w9jCM7h+wNX0zChh3qdv8fi6JwDwGBYaUEoRs6NMHXgDeYG8E3oPQgghhBBCCCGEEEKIU98pFaxuadhGY6wJv+Elrm1yfNncOeQWzik+k6gT5Xer/sRbuxZiKgsDA41GKbBdm14ZPfli2cUn+haEEEIIIYQQQgghhBCfA6dUsLqpfjNau9jaYWLxOG4edB35gVxqwnX8cvlv2FC/AUt5UIp9vVe1RqP51vCvEfCknOhbEEIIIYQQQgghhBBCfA6cMsGqq10+rl2PqUy+MewrnN9rAoYyqGqt5hfLH2Vzw1a8pgetAZ04RwEhO8LXT7uTgbn9TuTyhRBCCCGEEEIIIYQQnyOnTLAatsN4DQ/3jb2H0QXDAQiGarlv6YPsbtmD1/AAiX6qbelq2I5yVdmX+ELZhSdw5UIIIYQQQgghhBBCiM+bUyZYNZTBt0Z8lfzk5lNxJ85vVv2enS27E5tZKQ1at29oZSiD6/pN4YZBX8ZU5glevRBCCCGEEEIIIYQQ4vPklAlWU6wUUqxEj1StNX/b8CLLqlfgs1KIYKO0wmt6KU4t4oxuIzmr6Az6ZZWe4FULIYQQQgghhBBCCCE+j06ZYHV/2xorWFj1EWeVjKc0JY/S1CK6pRaQn1pAXiAPpYwTvUQhhBBCCCGEEEIIIcTn2CkZrPZIK+TPEx5EOTZuaw1WuBEdi6OdanBstD8L5Q2c6GUKIYQQQgghhBBCCCE+p06eYFW76GgLxMPgS0N5UuAQlaeexl24617H3bgAu34XEa0Tm1YZJtr0YuaUYJSMwCobh1l0GsqXfpxvRgghhBBCCCGEEEII8XmmtNb6RC5AtwaJb12Ms3UxTs02iIXBn4GZ3QOzaBBm6VmY+f3B8u07J9KI27gb3VyNW1+Bs3sNTmU5bnMQ2kJWABRGfl+8I67AGnwpypt6Ym5SCCGEEEIIIYQQQghxypg2bVqXY05csOraxD6ZQ+yDJ3AbdoNhJHqjKgPtuihctAZlmJjdh+IZeSVWv/NQlr/T6XRrLU5wM/bmRcQ3vAnhZjAMNKC0xuw+BN+4/8DsecbxvU8hhBBCCCGEEEIIIcQp5aQNVnW0ieiiR4mvfhUMM/E3gOuCdvaNUwYK0FqjALPXaHzjv45ZNOyw87sNu4itfZX4R0+jnTjKtNCODUrhn/wdvCOvBePk6YIghBBCCCGEEEIIIYQ4eZyUwaqOhwi/8n3sbR+iLC+gEmGqBqN4CGaP0RipOWjHRjfuxg1uwanalGgRoF0wPfiv+jWePud2eS0nuJHI/J/j7lkPpge0RjtxfGfehG/Ct0GZn/0NCyGEEEIIIYQQQgghTiknX7CqXcL/eID4ypdQnmTPVNfGSM3Fd973MMvGH/yovxPHbdyFvXkhsdWz0fW7wbRI+fJvsErP6vqSkUYi/3gQu/wtMC00gB3Df9F/4h1xzTG/RSGEEEIIIYQQQgghxKntSIJV4ziso138k1exV7y4X6jqoFJzEyHpgAs7759qejByeuM983ZSb/oL3jNvRrsO4Vd/hA43dHlN5c/Ef/G9WAMngx1HAcr0EJ3/IE7ttmN7g0IIIYQQQgghhBBCiH8Lxy1YdZv2Eln4W7C8iTc0oF1SLn8QI3/AEc2hUvPxTfp/BKb8Gh2qJ/bxK0d2nicF/4U/RhX0A8cBZYBSRBc8DK591PcSjUYJhcO4rnvYcVprIpEIraEQ0Wj0qK/TlVgsRmsoRCTyr88dj8cJhUKEQmFisRi2bR/y/o60yNl2HMLhMKFQiFgs9i+v8URwtUtVKEjYjvzTc8ScONWhGtwTtE+cEEIIIYQQQgghhDj2jtsOTvGVz0K4EaxktaodwXP27ZjFI456LqvvJALXPEZk0WN4R12L8qR0eY7yZ+C/8B7CT90GuGB6sbe9j125Dqv78A5jq6qqWfrhh2RnZ+G4LuPOOQfLsmhqauKl2bOZP38+Tc0tPPboo5SV9TnoWrv37GHx4iW88867fLp9O5FImNycHIaedhrjx4/j3LPPxufzHXa99Q0NfPDBUtLS0mhoaODcc84mJycHrTWr13zMvHnzWPvJJzQ0NBAIpFDWp4wJEyYwaeIEUlK6/jwAWkMhVq5azcIFC1i1ejWtra2gFKZhkJ2dRX5+N1IDAfx+P4FAgMbmJmqqg3zrW99i8KCBnc4Zj9usXrOaRe+8w9KlH1JXV4fWmvT0dAYPGsR5553H6aePITsrq9PzN9Vv5aPK5aRZqdRG6hnZbTijCg6/WRnAR5Ur2Vq/DZ/poyZaxyW9zqNHRgkrKlexKrgWR9tke7MIOxFa4yGaYi042ASsAAWBbgzI7sfg3AGkHFA13RJr4VsLf8DpBaOYNvqbGOro/ixCo/m/T55k8e73eWTC/RSkdjuq84UQQgghhBBCCCHEyem4BKu6tYbY2rmJDaQAtAZfKt6R/3yPU6tsAimBnMRcR3pO4SDMXqNxdqwE00IpRfzjOQcFq5+sX8f3v/99NDB27JlMmjCBvZWVfO3r32DdJ2sxDRNlGHgPCEdbWlp44q9P8j+/+x88Hg9Dhw6lZ88exKJRVq5cyYoVK3j22WcZP348M+67j+5FhYdcazgc5p4f/5hQKIRpmrw251X8fj8P/vKXPPPMMygUlsdCu5poLMaaNWt4+eWXOXPsWB584H5KiosP+1msW1/O9OnTWb58OaW9e3PnHXcwatRITMPk47VrmTlzJu+//z7p6Rl8+ctfxrYdaoI1NDQ2Eo12Xr25cdMmHn70Ud5+6y1M0+L6669n7NixpAUCbNm2ldmzZ/PMs88ycNBA7rv3Xs4+6+AeudF4hKc3voDHsNBa0yer12Hvo011a5BZG57Bk/yOnVV4Oj2A1cFPeGnrq6SYKbi43Nj/Gnqk9yDmRtna8CkLdr1L1IlgKQ+l6T2ZNvpb9MjY99lVh2qIulHe3f0+l/e5hP45/Y5oPW12N+1h7va/YymTqH1qVu0KIYQQQgghhBBCiIMdl2DVripHt9ahPMlqQCeONeQSjPR/rXrPLDrt6E4wLKz+k3F2LG9/7Wx7Dx1pRPkz24elBlLxeDzE43H69u1LKBTmm9/4JmtWrSI7Nwc7Ficai5IaCLSfEwqH+crX/oMVK1bw4AMPMO7cc8nKzsIyTWzHoaqqmkcefZQ5c+awcOECmhobeXLWX/F6vZ0uNTWQSn5+PhUVFWRkZOD1ePnu977Ppo0beOD++xk6dCg52TnU1tWycOEifve//4vWLks/+IBvffs7PPP0U/j9nfSsBdaXb+Da666luamZa6+9lun3/pTU1NT24wMG9OeiCy/gh/95N/94+x+0trTynzO+j8/nO2R7gBUrV3Hr7bfT0tzEgAEDeey3v6Vf37L24+eeew43XHcdL7z4Ej/5yU+45dbb+OMffs/kSZM6zOMojc/wYhoGWmtM5Tn8zzTJa3nxml5MZaJQeM3E52oZFl7Di8Ylw5PGZWUX49+vKvXyskv51YrfsqO5gm3Nn/LzZb/mkfH3k5Ksgq6PNiZaHyiYveV1fnD6t4+4atXVLk9ueA6FQgNNseYjOk8IIYQQQgghhBBCnPyOS49VZ8cy1H5hlEZj9TkHUMfj8h0Yub3RbddVBm5LDW5zZYcxebm52K4DQGpKKn/68+NUVlfzl5kzeeXll3nxxRe4774ZxOP7KhCbm5ppamzi9dde48orLicvLxfLNAGwTJPi7kX8/Gf/xcSJEzFNk+XLlzNn7uuHXKdlmaT4fSilsEyTH//0p/i8Hl6b8ypXT5nCwAED6NYtn0EDB/L1//gaDz/0EFqDPyWFVatW8faCRZ3OGw6H+f4PfkA0GiUvP58f/ecPO4SqbTIyMvj5f/+MzMxM/vbM0zz+5z8nPj/DwDA6fm3q6ur4+je+QTQcJicnlz/+4Q8dQtU2Xq+XG66/ji9ceimu4/C1r3+d7Tt2dBiTbqWilEJrcNFkezMO+Rntz294k18njVKKNE8y9DYUShkoFMqwiDgdq0ZL0rvztdNuR2sXj/Kyu3UPa2vWtx+vbK1MBLWGxfuVH7Kt4dMjWg/A+poNvLf3Q7xGIuStDgeP+FwhhBBCCCGEEEIIcXI7PsHq3vVg7CuOVYaFkdX9eFz6YMpEmftVQWpwg1s7DGlsasQyTXw+H7Nfnc28efN48YXnmTxxAr169mRA//7ccN21FBQUtJ+TkuLn4Yd/Td9OAsU2Pp+Pr//H17AdF8tjMXv2bOLxeKdjLcvC9HhRSlFXX8+69et54P6fk56e3un4iy68gJtuuolwOIzP5+Wll17Atg/emOuTdevZUF4OKL70pS+Rk5NzyPXm5uZw3uTz8Hp9/P73f6CyquqgMVprfvvY7wgGq3Fcl+98+9v06tnjkHMqpbjrzjsxLRPHtvnd7/63w2ZYtrYBBQoMZRDVnX8+BwpYKYmuEEqBUsR1IhhPt1LR2sXRGp/hwWscXKTdPa2QVE8aLi4GBjuaK9qPNUWbcXFBKzSa5za+jKsPv2kZgO3aPLnhOQyl2vJe6iMNR3QvQgghhBBCCCGEEOLkd1yCVd1aA+0VqzpRMervfPOiz34xbiJ8IxHmKcPAretYNalJhHooRXUwyA++/wOKCg/dDxUSFZ79+3Xdf7O4uJjsrCyUMti5cyeRaLTTcaZpkhoI4Lou0WiUb3/zm6SlpR127muuvrr93PXlG2gNhQ4as2zZsmTFqWb48OEHHT/QgP79MQyDSDTCylWrDjq+t7KSZ597Fr8/hdRAgAsvvKDLOUtLe1FYWIjH42XevPnU1dW3HzMNa9+XUoPfPPwmX21CbgyPMpPtAwwCZuJx/2xvJrZ2MJTCUgadVUk7rpP4SpCoks3xZbcfqw7XgE5WWSuLj6pXsq1he5frWV65ik/q1mMpE1Ti/IZY0xHdixBCCCGEEEIIIYQ4+R2XYDVRSthWlZhMsML1hxr92VIG2HH2D9h0tGMA6fF40Wgc26a4uJgzTj/9mF3e5/WSm5uL1i62bRM9TLCa4vPhOA6WaTJ82LAu587JzSE7OxvtQijUSktLy0FjPt2+HctjAYr0tINbABwoLT29fYOw3bv2HHR88eIlxONxHMdhzJjR5OfldT1naiplfcrQWhOJRli/ft+j9ymmP/FN0RqNbg9Iu5Ji+nFx0VqjUPiSPVZbnRCWMjGUwtVtFbEdVYeCNMcSn5XP8DCq2wgAok6Mva2VmIZJIhpN/PXUhudxkhWxnQnHw/y1/BksZWGqRIWsUopgKIjmyDdbE0IIIYQQQgghhBAnr+MTrCqz42s3jtt8YvpN6nADev9HuV0XzI4bJLX1RrUdhyGDBxPYb5Oqf5WrNeFwqP06ltX5/mFaJ3qFKqXw+f3k5h76kf39152bk5OM/yASOTi0zc3NxXESAaTrdP1Ie0NDPcpQiT6j3o6fk+u6fLRsGaZpYts2Z545FtM0DzHTfuu0rEQArDW2Had5vwDYk/yuaOiwCVVX0jwp7ZtMKRKVrwBNsRYsw0oeM7AOaAXQHGvhqQ3PodHYrs0dg6eSnZKopnZcm5pwLQCXll6M3/RhKZNlVSvYXNexfcT+PtizjK1Nn9Ivq4wryr6I7TooFDXhWmLOkbU2EEIIIYQQQgghhBAnt85TvWNMpeXiNuxCtQesCmfHR3j6TTwel+/ADW5J7tGerKE1DA7c5N00TdCJjgGpqamY5r+WP2utaWhsZMuWrTz9t6eprg5iKAPDNPB6Ot/1XilFY3MzXq8Xw1AYRxBYuq5L3I5jGInNmny+gx+jHzN6FH/8wx8wLZMdO3d2OeeWzVvbe5f279+/w7FYLMa2bdswDAPTNHl7wQKampqpq6slPSMTn8+D3+fH1S6RcJRINEI4HKZbfj7LV6zANE1aW2O0NO9XWZt8Jl8l//HC5lfolpKHaVg02y0YysRv+jEwCLsRHDdOwExhb6gKpYwO4SqAkZyv7Scec2L4TR9N0WY21G3myfJn+LR5B9m+TKYOvIELSie1LyUUD9MYa8Jxbb5QegFew8OzW17CMiz+vG4Wvzh3RrKadZ9wPMysDc9gKZMv97uCgBXguc0vYSqTplgT4Xi4vZpWCCGEEEIIIYQQQpy6jkuwanbrh7tzJZAIoZRpYW94E33uV1H+zOOxhAQnjrPjI0iGYYlNhVxUVsfNlpRKRK9ag2F0HWgeqL6+ge07trN12zY2bdzEpi2bqautJxaL0Lu0Nzk5OdTV1mJ2UbHaVrVqGAatnTzWfyA3eU7bPaR30pN11KhR5OTk0NjUyNtvvc0tU2/Gc4g1NDU38867i1BKUVRUyNChQzocbw2FCAaDiSBXKWpqgry7+F0CqamkBgL4fD6i0SiWaeD1erFtB9ux2bptG7169aJnzx5orSkqOqB/bbIFroHi0+YdVEWCGJh4TS8ew8JxXWI6DtpFa5cUK4WGaOO+cw+aSycrRoP85P3/JtOTRlW4hrpIHcPzhnFez0mcWTSa4rSiDqcGwzXYOHhNH2neVC7pfQHPb5mNaZhsqN/Ex8FPGFnQsU/t3G3z2BuqYkTeaYwpGMm2xu0YyUU1xJuPaOMrIYQQQgghhBBCCHHyOz7BatFQ4vq5fW8oA7c5SHzTQrzDrjgeSwDAadyNs2cd7P84uHYwCgd1GJfo05n8tXvkQdjuPXt4/oUXeP7556mvb6Bv375ccMEFTL3pZnr0KKG4uJhIOMwNN91MXV0tluUhFArh9XZdwajUwZsuHTQGkpW2Cq/XSyQaIZOMDmNysrOZMWMG3/nud1i+Yjlz577OlVdcftBcrtb86U+PU1Nbi2mY3HvvvQcFtR7LIpbsERsKhZj+03s599xzOqzVMIwOIXFb8Au0/zqxmdZ+kptFgeK7I75On6zSLu99XbCcez74Lw5KVjXoZLia5c8BFGtq12EpC8u0uK7/VQzI7XzTsfpIA7YTJzeQg2EY5PlyOb/HBN7e9S6mMvnL+qd4OG8wnmQrifpwPc9veQWl4JZB12MaJumedFAKBcSdGE2xZnJSsju9nhBCCCGEEEIIIYQ4dRyfYLX7aeDxg+vse9Tb8hNd9ChW2TkYqfnHYxnEP3kNnBhYfhKJmwZ/JsYBQZfruonHyVUiYDwS69av57bbb6eqqpqevXrxf//3Z8aMGnXQ4/hNTU20trYC4PP5UAeGiklKqfZNo46UaZp4kxteeTyeQ4axX7jkYurr7+PRRx/hnh/fQ1NzExdecAHZWVlorakOBvnLX2byxBNPkJOTw49/8mPOmzTpoHk0YCVbGVimSSgU7rTHaluv2Pb7OiIKRzt4jc5bJRwsUZV60Lsq0avVRZNiBfjR6O/w2Jo/sr5uA7Zj8+tVj/GLc2Z0Gnbuba3ERZPtz8RnJn6OV/e7gnd2v49G82nTDt7bvZSJPccB8PKWuTTGGjm74EwG5CTCWq/pIWD6iThRtHapi9RTmtnzCO9JCCGEEEIIIYQQQpysjsvmVUZmd4zSM9HufjuyGyaEm4nMvx99HDb0cRp2El/+LJhe2jpu4jqYxUMxUjvuZO/uX6V6BOFmU1Mzt912O3V19XQv7s7TTz7JOWed1WmPUztuY9s2rqvxeT3tG2UdSGtNaloqtm0fvKZDMAwTBTiOg2WZBFI633TLMAxuvulGfvOb36KUwf33389NN0/ljrvu4rY77uTmqbfwwQcf8L1p03htzhyuvuqqTgPRFL+fkpJiHCcRmO/es6vLNXZFH/CovK3tQ4zsyNZO4heqbZ5kNaxOVMkaQMQOUZjWje+O/A8yvIlK3qpQFQ+v+h3xTr6Du1r2YqDI9GZgJBvxFqd359LSi4i7cSxl8eTG54k6Mapbg8z59A08hpebBl7T3ntVKYN0b0biG6egKlR9dB+IEEIIIYQQQgghhDgpHZeKVZSJb8y1hDYv2u9NDZYXZ/Niom//Av95P0yGnseejrUQffN+tB1FmftVQGoHz6CL2nuutkmEmApQR1Sx+vaCt6kOVuOxPFw95Wp69ig57HjXdXBdF9O0Dn4MPkkphWV5sONxHK+XtE76pR4oGosSt+MoBaZhYlmH7g/74UfLmPGzn3Hbbbdz3TVfxuv1EKytRWtNXk4u2dlZ+P3+w17P6/UycuQoVq1cBUqxvnxj+yP//6y46ySqhZMfu+0cWbAachL3rUkEqfFkiJ/nzyXuxvGYHhQQtiMUphbw09N/wA/e+ymWslgTXMsT6//GnadNba96dVyHylAVGk2uP7c9WAW4pPR8Xt8xH7SmOlTN37f9g92te4g4ES7qeR5l2X3axwY8ftI96VSFqnHQNMe67pUrhBBCCCGEEEIIIU5+x6ViFcAsHolVMgIODMosD/FVs4m89Qt0LHTMr6vjYSJv/hxn+7IDQlUXAtlYfc496Jy26lClwHUPH6xqrVm85D18Pj8oRUlx8WHHx+IxbNvB6/USjoQ79Bw9cA2xWCzZOkETCHRefbo/x7aJx+NYpoVGE032Pz1QMFjDzVNvxonH+dY3vk6PHiUUFBQwdPBgThsyhKKiwi5D1TZfuuyLaJUIWRcseJvq6uARnXcorU448QulUCia7SP7TthuDIWBAbjaJexEgEQFrCbxeZrKxKMSf5YwILcfdw25hagbw2t4eGXb6yzZtbR9vrAdoToURGGQ6U3vcK3u6UVc1OM84trBa3qYteFZ3t75DpayuKzPJR2CZY/hIc0bSPSM1Zr6aMM//+EIIYQQQgghhBBCiJPGcQtWlenFN/HbnQeJlpf4mjmEX/kebs2WY3ZNt2kvkdfuJr7+LTA79urUdhzv2FtQnfTWtB07WbeY3J6+C7FYLDle09TcdNixHstDa2srSqlDVqsC2LZNa2srlmWiNdTVdx3Iaa2Tj+UnOhjEYp23WJj9yivE4zZ5+Xl4PP9a0fKggQM5f/J5RKNRWlpaePKpp47q/Jqamg7fCa9h4moXBSQi0SPrMxuw/Mm2AYl+qjE3ce81kQY8holSiXYBbe8DXNrnIiaXTGgPVx9Z9Tu21n8KQF2knsZYE8qALH/WQdf7Utkl+A1fslOEJubGmFQ8jrKs3h3GGcogw5uBRmMoRVVrEKetbYEQQgghhBBCCCGEOGUdt2AVwCwejvesWyAe6eSgB2f7ClqfuoPY8qfRLf98L0odbSH+yauE/nYn9pYlHStVUeDaGLk98Q6fcogJNK5OBGHRWOyQVaWQeGR/1MgRxGIxTMPgnYWL2vuiHigai/HII49g2zaO4xy2FYBt20SiEZRKPNoeDndduRmJRIlEoriuxjAU6emdtw+IRqNYlkV5+QbmzJ1LsKaGUCiEbduEQiHC4TDRaPSQ97E/wzCYPv1eMjIyME2TP//f//HcCy90eZ7WmhdefInf//FPHSo8o3YMlXycX3Nwz9VDqY80YmIAGq3BoxJtEGwdS0azipgTw9jvWoYyuHPIVApSuqG1i6Mdfr7s17TEWok5MWJuDKUVWcl+rPsrSitkco8JxN14+yZnX+5/RYeWAW2y/ZloNAqDqnD1Ebc3EEIIIYQQQgghhBAnr+PTY7Wdwjf2dpwdy3D2rENZPvZVJGowLbCjRN9+mNiKZ/EMuwyr7ySMrBKUJ+XwU7sObuNu7B1LsT+eg1O1EVDJStX9glHtgNakfPFnKG9qp1NlZmZhOzamYWLHu95Y65KLL+HhRx7FcRyWrVjB7//4J+664/YOj9Nv2LCRGf/1XwwZMoQ+ffqwY8d2KioqqKuvp3tR0UFz2o5DPBaHZMh4qOrT/QVSA8SiUbTWuK4+ZCA8efIkfvvYY8RiMe65+x5ycnPJzMzE5/WiAa/Hg8/vx+fzUVBQwOBBgzj77LPoXVra6XxFhYX8+fHH+drXvkpdXT3Tp09n167d3HDdtRQdcG+xeJz168v5y8y/8Morr/DHP/yxw/GoE8XVLpZhorRLSzzc5X0DWIZJXNt4VeKVZoG+AAAgAElEQVTn3RBropjuRJ1kMK4SwapzwCZgmf4M/nPMd5m2+Md4DA/BcJA/fPwXBmb3Q2uNqcxD9oyd0vcy/lGxgKgTZ0y3kfTI6Ly3rs/0YWCglKIuUkfIDuOzDt7YTAghhBBCCCGEEEKcOo5zsArKm0rKFb8i9PTt6KbqRJjaYYACy4turia6+E/E3puJ0a0vZuFgjPwyjMwisPyJXq2miW6uwqmrwNm7DreyHKKtgAKjk1vTGu26+C++G7PotEOuce/evTi2TTQeIR6LJTeaOvRGUEVFhfzql7/kO9/9LlprfvObR3lvyRLOHHsmHsvDx2s/ZuWq1Uz7f/+P6669hv4v9uc/f/Qj6mprufOurzB+3DimTJlCv75l7XNGwhGqqirb+6S2tDR3+dnW19cTi8eIx+I01NcTCoVJSTk4kB48aBCPPPwwv33sMXbu3EkwGKSqqirRRgAwTYNEFqkwlEIZBj6fj+uvv47vfPvbBDqZc9TIETz/3PP88te/4q233uax3/6WWX/9K+PGj6dP794EUlNpbGhg2fJlrF37CaWlpfz1ib8yflzHHreudnG1i8ZEA3Gn8z6xB917pDFZLaoSrQSSmbKBga0dfMok6sapjzaQ4evYM7V/Tl9uG3QjM8ufxmt6WbJnKR9WLsdreHFxsTr7LgHdUvO5oOckXtn2Otf3m9JptSpAqpVKYlstRdSJUROuI7uT9gJCCCGEEEIIIYQQ4tSh9OGec/8MOY27iTz3dZyG3Qc8qt8J14XE9j9AIvBDKXRb9WGyIlEpI7nZUye0Rrs2vglfx3fmbcChd67fvHkLL708m9y8XBzH5rZbbsHn67rCcM3HH/PkU0+xdOmH1NXWYpgmmZkZTJ50Hrfdegt9+iT6bzqOw9zX3+Cjjz7CMAzGjBnN+HHjyM7e1++1sqqKWbOeJC8vn+rqai677FKGDB582Otv3rKF2a+8Sl5uHsGaGu684zZyc3I6Hdvc0sLDjzzCM888w/DhI+g/oD9FhUXk5uTQ0NBAVXUVmzduZtWa1di2jWmahMMhbrjhRmZMv/eQQbNt23z88VrmvvEG7y1Zwp69e7FtG8s0SQkEOOecs7n0C5dy9lljO92Qa3dLJVWtVXhMD7ZrUxDoRve0wi4/+60Nn9ISa0EZBo5j0zuzlCx/Jp827KAx1oRhGDiuw6Cc/vitgzfmijoxVlatJmCl4DG9pFp+Yq5Dq91K74xeZPoObgcA0BRtZmvTdobnDTlksFodCrKzeTce04PjOvTJLD3kfEIIIYQQQgghhBDixJs2bVqXY05YsArgNlQQef0+nF1rwPJAskfm4Wg6RqIHvu78QolKTN+kb+MdfQMcIgA75DW1PuTj4J2NrampJRisJiUQoFt+PqmpnbccOFGWfvghd9/zY3Jzcrnvvun079cXr9d70Lh4PM6mLVt48MFf8NFHH+LxeIlEIsx59VUGDxrY5XVaW0PUN9TT2NhISkoKebm5ZGRIoCiEEEIIIYQQQgghTm4nfbAKoCONRJf+hfiyZxKVpwe2BjjSeTgwYE3uK+/YGOnd8H9hOlavM//1BZ/iyjds5IuXXUb//v159m9Pk5mZ2eU5TU3N3Hr77axfv554PMb06dOZetNNx2G1QgghhBBCCHFyqYnU8du1f2Bp1TLqovUnejliPzm+bMYWnM63T/saef7On94UQogjdSTB6tGVbn4GlD8T/8T/R8p1v8PsMQJcu73C9Kjm2f+FBpw4uC7ekVcRuPHPEqoC0ViMe6ffSzweY9r3vndEoSpARkY6N9xwPfF4HNMwqamp/YxXKoQQQgghhBAnp4fX/A9vVLwpoepJqC5azxsVb/Lwmv850UsRQvybOO6bVx2K1eN0zKuH4mxdRGzNbJydaxIBqzLRSnX9KL7WoJM9Vw0Da/CFeEdejVk88rNf/Cli69ZtrP14LRkZGfTuXXpU5/bs0RPTNLFtm149e35GKxRCCCGEEEKIk9v7lR+e6CWILsjPSAhxvJw0wSqA8qRgDbwEq+9knMp12Ds+wt72Hm5wW6KSVSc2sFKuA0ZiB/jEZlUKLC9mt/6YpWdg9Z+MmVt26I2s/k3V1dURi8fx+nxHtBlXBwrQGsuy6Ne//2GHuq7L7j17iMdipKamUlBQAEA0GiNYE8RxEhXJmRkZZGVlobWmqqqaWCyG1hqNxjRNuhcV0dzSgh2Pk5eXB0B9QwOObbe/bhOLxdi7dy+O45CdnUN2dlb7sdbWEMFgENDk5OS093mtq6vDtm26desGQENDA3Zy7praWkKtIVztolBkZWeRuV9/2NbWENXV1RiGoqCgAL/fj23bVFVVYzs26ES/Xa/PS1FhYfsfDESjUYI1NXTr1g2vx0M8HqequprCggLicZtgTTDxGWhNSkoK3fLzO/yhguM4VFVXo7WmqLAQwzBobW0lWFNDTnZ2+73Zts3uPXsoKixs758biUSoqamle/ciDMNIrreKwsLC9s3ImpubaW5poXtRUYfP13FcqqqqiEYj+P1+CpP3FIvFqKyqQmsNGlztkp6WRnZ2NpVVVRhKtY9tbm6mrq6e3NwcfD4fVdXVuI6D1onvTFpaKnl5eVRVVZGWlkZaWhoAwWCQlJQUHMehrr4ey7JQSmHH4/j9KRQWFhz2+yiEEEIIIcSx1GK3nugliC7Iz0gIcbycVMFqO8uHWTIKs2QU3jNuQbdU49ZX4DbuQYcbEqFVPILhDaBSMlHZPTFyemEEcsA6ysDw34jH68EyTWKxGA0NjZQUFx/xuRXbK4hEIowYNZIB/foeclw8Hufv899k+/ZPyc7Opq6+nmFDT2PihPHU19fxwksvkZ2dDa6mobGRL1x8MWVlfZg951Us0yQtLR3XdUnx+7nk4ov4eM3HLF+1iq/ccTtpaWksW7ac5uYmplx1Vfs1Y9Eoc+bOpamlBdMwqauv46rLL6dXr15UVlYy+9U5WKaJ5fHQ3NzMlZdfTo8eJXzw4YfU1ddz8w03ALB69Wpqauu4espVLFr0Drv37iU7KxM7bhOORvjSFy6lR88e1NTU8MLLs/F6LGLRGJbHw/XXXgPA8y+9RFZmJn6/D9d1ycnKpuDCbu3BZXV1NS++PJsbb7iebvn5NDY28eJLL3PLzTdRU1PDnNdfpyAZ9NbV1TF82DDGnXsuhpHo2hGJRHh1zmu0tLZw5223kZ2dzXvvf8Dqj9dwzllncc7ZZwOwefMWXn71VS69+GJGjBgOQFVVFc+/+BJfuPgihgwZQnNzMy+8/DJ33noraenpaK35+/z5bN9RwVfvvKO9VUQsFuONv89j5+5dZGVkEqytZejgQZx/3nnU1tXx3Asv0j0Z8rquS58+fTht6BBefOllHMfhzttvIyMjg0XvvEP5xk1ceP55lBSX8PwLL5KTk4PP5yUet+nTuzdZWVn8fd58PF4v1197DaZp8taCBQwaMACv18vylStpbW0lFouTnZVFYWEBhYUXHPH3WAghhBBCCCGEEOJYOTmD1f0oTwoquxdGdq8TvZRT3uCBA8nKzqKqqppVq1YxdMjgIzovEo3y5NNPogzFj+++57DVrqtXr6aiooKpN91Eeno6VVVVPPP8C/TrW4bfn4J2NVOuuIK0tDTeeXcx7y5ZQlFRIbZtM3HcOAYOHJiYSIMyFKCJRCIsXvIel1x8EcpQqAO2KauprWXHzl1MvfEG8vPz+WjZMhqbmnAch3lv/oM+vXszaeIEDMNg5cqVvPraa9x5+214LE/HuZRKXhNi8Rgjhp3GhPHj0Vrz6muv8cFHH1JcUszf581jYP9+jDv3XGKxGPPmv0lNbS35eXlo1+XSSy4mPz8/cRtat4ei+y6j8Ho8bZdsr0h1XU0gJYVrrr4aj8fD5s2bee31Nxg+bBhZWfsqcD0eDx7Lw549e8nIyGDPnj34vD5cVyfncVm7bh1FBQWs+ngNQ4cOSVR5kmip8daChZSVlbWHvW0diuvr66muDpKZmcHGTZs54/QxAKxavZq9e/dyS/JnunfPXj5atoxoNIoCTMNgylVXdvhehEIhTDNRFVtbW0tKSgpVVUF8Pm+ia0dyz7wvffHSRNCe5LouXq+H7Tsr2LhxI4MHD8bVGtfVDBo0iAEDBvDee++za89urpkyBaP9HoQQQgghhBBCCCGOr5M+WBXHTnp6Oj/4/g+Z9v3v8dDDD3P66WMYOGDAYc8JRyLce999rFixgh/96O72sK0zWms2bd3KyOH7gsDu3bvTo6SYjZs2c9rQISjDoL6+nkgkQjAYJCM9Hcuy8Hk8rFi9hopduxKP5+fnc/qYMTiuplfPnmzdto2KigrS09NpamjqcN2cnBy65efxwksv06tnDwb070+fPn1obm6mtraWiy+8oP1x+CFDhvD+hx9SXR3EMDoJ5RJ5H5ZlUVVdzfr15TiOQ7A6yJlnnE5zczOV1dVccvHFWJaFZVlcdeUVADQ3NWOaJouXvEdaehq2bVPaq5Qhgwe1T68MA43mncWL8Xl9hMIhXK1RSmEYing8Tnl5OT6fj23bPqVbt3wCgcB+nzF4LIt+ffuyt7KSbt3yMS2LwsJCHMcGEpWutbU1XH/ttTzz/AtUVlZSUlKCq10ys7LweiyWvPceY0aPxjLN9p3fPl67lsEDB1JW1ofX581j5IjhWJbF2k/WMWrkSDIyMohEIgRSA0yYMB7LstBa42qXt95egMfjIRKNMnH8OPx+P6ZpUdanhJ07d+L3+/H5vaQE/Liuk7xfg3feXUwgECAejzN40CBKS3thGCYD+vZl0buLKS4uJsWfgm3HUUolwuDkv61kOC2EEEIIIYQQQghxIkiw+m/mqisvp66ull/+6ldcedUUHnzgAcaPH0dWZmaHXp7NLS18svYTHn7kEVatXs19993Hbbfc0uUmYo5tY1kdv1amYRKPx5KvNHP/Pg/LMMjIzGwPPW1Xk5YaoFtePradeMwbEq0FevXswbChQ3jr7QWUlBRjmh0rQP1+P1dfdRWbN29h0+bNvPLaa4w/5xzKysoAOlSMKpWoeHVdB8MAn3e/cE6DkZzbMAwaG5v4ZP16tm/fzoRx4xg2bBjV1dXt8xyoLWTMzMggNzcX27FJT0vtdFzAn0Jq8phObrqmlMK2HbZt38HWbdsoKizky1OmtIfCiTEQt2169ujBhk0bWfvJOroXFRGNRmlLSMs3bCAtNRWtNbk52axYtYqSkhIUCp/HwwXnnceLs2eTlpqK1+vFMAzi8TifrFvH2DPOwOv1EmoNU1lZSY8ePYhFo3iSIeamTZtY8v77xOM2l1/2RQKBVBSK3JxsfD4f8XgcyzTRWuM4Dr1LS9m8ZQuxeJyeJT2oq69LVqtqXK3JzMwgOyubeDxOSoofSPShPWPMGDZv3cKidxfjum6HELzto0+83/G7IIQQQgghhBBCCHG8SLD6b8Y0Tb76lbs4/fTTmfnEE/zkJz8lkBpg4MCB5Obk4KJpamzk00+309zUxPiJE/jv//4ZA7rYsAoSwWBx9+6sL9/IqFGj8Hg8tLS0ULFrFxedfz6GYWAog8sv+yK5OTntoV40GsWxbYYOGULfZBjaRmtNOBTmrLFjWVdezpq1axk8YGCHMRs2bqRi504uPP98hg07jQ8++IC169YzdOhQvD4fW7Zsbd+gamfFTmzbJj8/n+pgDXv27m2fJxyNoN1EyBmLxRg4oD9nn3UWby9YQPnGDYwYMZzs7ESAuGfPHnJzc9FaM2/efPr370dBQQHa1Zxxxuntm0gdSLsuShmceeYZZGRkUF9fz4ZNGxOhrOuSkpLCl754KTt37uSVOa9RVVVFr1772mBowHZsMrMysUyL5StXcsWXLmPL5i1YHot4PM768g0opXjt9Tew7Ti7du0mFArh8XgIR8Lkd8tn/LnnMv8f/yA1EMCyLCorKwmHI6zfsJHyjZvw+bysWr2aHj160K9fPzZu3sTw4cMYNmwYhYVF/O25Z4nF4gQCGpTizDPP7BByNjc3YzsO2dmJ0HTN2rVccdllVNcEk60AEj/bsWecQSB1X/jsOA6O64JSjD/3XP488wnitk3fPr07fAZCCCGEEEIIIYQQJ5oEq/+mRo0cwaiRj7K3spLt23ewc+dOGhoaSEnx4/en0LNnD/r07t3eK/RIjRk1ii1bt/H8Cy/Su7SU8o0byc/NpX+/vtTU1qJJVJj6/f72c7ROhHPLV6ygsrIq8Ui7hjFjRmMYimgkimmanD95MjNnzSIai3W4ZlFBIXNff4NQKEz3okJWrl7D8OHDCAQCnD9pInPf+DvNLc14LA8rV69m3DnnkJqaSu/SXry7ZAlz5s4lMyODdevW88VLvwAkgtVYNIpSinPPOYfHZ85kwYKFXHzxRVx0wQXMmfs6wZoaGhoa2bptG2PHnolOPtL/zruLycrKwnFsUvwpjBo1sr3i09Ua7bqEwxEyMjKwbbs9ZHRdF8excRyH0tJShp12GrNfncMdt91Kenp624dFJBzB7/NR3L07W7ZtJTcnhzWhEHn5+ezYsYNwOMxX7rgDr8+Lbdv89cmnWPPxWoq7d8e2HVzHYciQwaxas4ba2lqi0ShLP/qIESOGM3H8eJRS1NTUMOvppxnf0MDZZ41l1lNP88xzz1PWuw8VuypQSpGdnYXrumjtsmDBQnw+L7bjUFhQQPfu3YlGo/j9Pgq6daOyqoqc3FxaW1pxXZfEDnSahe+8Q0ZGJo5jk56WxpAhQ9Cuk2w5kMrECeN5Y9785DkJju1gx+NH/6UXQgghhBBCCCGEOIbM++67774TvQhx4qSnpdGjpIQhQwYzevQohg8bxpDBgykpLiY19eDH2Lvi9/vp17eMcCRCsLaWPr1LmThhAj6/H8dxsSyTniUl7UFjG9MwsSyLWCyK47jE7Tg9e/TA5/WSmZVFXl4egUCA1ECAvLw8CpIVqG3X7FtWRm1NLbX1dQwZPJjRI0dimib5+fmUFHenKlhDNBblnLPGctppQ1FKkZqaSs+SEqqDQcKRCGecfjoDBwxAKYXruhQWFJCdnY1lWZR0705dQwMlxcUUFBRQVFDI7j17CAQCXHzhBeTl5bUHqyiIx2PE4zaGoSgpLt63UZTWWB4PPXv0aH/EXylFr549sSwLvz+FHiUlGIZB9+5F2LZNIBAgc78KWMMw6F5URHp6BmlpaZSV9UGjyc3JIRqL0qd3b4qLu2MYBpZlkZWVCC7z8/NISUmhqKgIj8dD96Ii/H4/hYUFNDU3M3rkSAKBAIZhEAgEUEqRnpZGTk4O/fqWEY/HqQ4G6datG5MnTCA/P799EypHu9jxOLG4TSAlhYKCbpimQe/SUjIy0snKyqS0Vy+01hQVFpKRkdle4RqPx4jbNqZpUVJcjGGaFBYVkpaaSm5OLqZpUFJc3F4FrLUmMzOTwsLCLltTCCGEEEIIcaz9qfyJE70EcQS+MvjWz2zuUCjE0qVLWbJkCXPnzmXx4sVUVFTQ2NhIfn7+Qf+/+1lL7InyI3r27En37t2P67WFuOeee3j00Ud55pln+OSTTzjvvPNO9JKOmTfffLPLMUq3JSNCCCGEEEIIIYQ4rDEvTfwMZr2aP172TUZ793srtpqHXvsuzxzxHD/ixSkXw/aJXL3i2K+wM9MvXMRlzGPMmw9y/fi5TMvccpRr/uwsn7LomM8ZCoWYP38+8+fPJxQKAZCSkgJAOBwGIBAIcNFFF3HRRRd12Ij4s/SnP/2JJUuWMG7cOO66667jck0hAL7zne+watWqDu+NHDmS3/zmNydoRcfWtGnTuhwjrQCEEEIIIYQQ4hRQPnMqD1TcykPTJ9NZw66ujh9WcAEzpi1m3EPTmXxUJwdZMGMaO66ZxW2DjuQyM5i2eNw/t8bPrUQgmhv8H8a8+2L7u9MvXMS0KbPo/9JUZpzA1R3OjDcnnrRrO9ZCoRD3338/FRUVDBw4kIsuuojRo0d3OF5eXs78+fOZPXs2K1as4J577vlMw9XFixcze/Zsampq2l+Xl5dz5ZVXMm7cuM/sukK02b+i85e//CU//OEPj6jK8/NEttQWQgghhBBCiFPGYv53ZvlB7wYXzOCBhSdgOeJfN3owpVSwaL9QFWDGm/PYTk9OG32I88Rxs3+oeuONN3LPPfe0h6rl5eVs2LCBQCDA6NGjueeee7jxxhupqKjg/vvvb69sPdaeeuopHn/88fZQtU1NTQ2PP/44L7/88mdy3XbBBcyYOpPyg96byowFwQ5Dy2dOZWonv28dMIipB853Uihn5tSpTD3w7xkLCHZ9cheCLJix7/Mqn9nJdabOYMG/fqHkz+YI5jrSccD7779PY2MjjY2NjB8/nvPPP5/x48fT2NjI+++/fwwWfWqQilUhhBBCCCGEOFX0HMe4iqWUM4h9BaJB1i6GSZPKWFixb2j5zKkdw9ZJdzMrWVZaPnMqS3vdSsUTT7CVMm798QHVbeUzmfrAQspufYjpk/PbX++baha3DUpUqz6xFXhgKhW3PsT0yTXMnPo8ve4ex+IHnmArQFkXVbaHWGMi0HiAhZ0e2+/aXVzj1JBD977Alv3fe5CrX3qw/VVnj9p3+vh96qMsnDKC5Pa3bO/QGiBRHVvaPmsFr3WoiD308ekXLmJiZDW1+SMoTc67NndfK4A2Ey9cxLS2i3fSzmD6hYu4rO04LaxY80W+2uG+Tz4vv/wyFRUV3HXXXe2VoIsXL+bpp59uD07bWgBceeWV7W0A2gLOm2666ZiuZ8eOHV1WBb7yyiuMHj2aXr16HdNrt8svoidPsLT8Nga1/WdZs4OtZWWULV5LcHLbf4/lLF0Ik+4+gpL2k1ji97y2V4nff6bNLNrv96RjdqEOcwYXzGDatBlw1E8TfPbefPNNLrvsMh566CEAHMfhoYceYs+ePbz55pucffbZJ3iFx4dUrAohhBBCCCHEKaOI08ZVsHT/sq7gWhYzjrH75SftbQFmzWLWrFnMunsSLHyA/YvGFj6xg2tmzWLWrOlMzmH/k5n6QAW3PjRrv1AV7m6b66FbqXhgBguC+Uye/hC3liVCh+nt/9e/lSceaJt7Fnf3fIJpnVR3HX6NQRbMeICKWx9KHJv1ELdWPJCs7EqEGovHtR1LXqOririT1Yo5rIilMXr4IpZPWcTyC3/0L01Xmp/DopcmMualiYzZXkFp6Vz+2BcSfVyTLQeSx1/7/+zde1hU5733/w8wIKCgDiIaESYBrJht0mAaDwxtSHPq3slOmjSi6b6sts+z28cQtaXNrz6t8ZD2ya6NjQdid9vdS+vViNA05/1rTLJjDKDiT+nBJ2JAt4NiUHGwigEi4Pz+WHNmBmZ0FDDv13XRxln3ute97nWc73zXvdoy9KB7ec6gattbvtMfXKu5zhJJqdmy/9WYFnAc17jPa1Knq/5S7dfnVeKu/2v61YPOQKy7fa2adqurfYNTS0uL3n77bU2ePNkdVG1sbNRvfvMbtbe3a+LEiZo4caLa29v1yiuvqLKyUpJUUFCgyZMn6+2331ZLSyRSDj22b98eUjlXW66OXM0olI41e9atbs8OFc6erYwjjXLn0bY065gKNWNox1X9pOqu2YXSjj1XPcM29a7lWlp4RJvfvMIlpd6l5VsiH5x94IEH1NXV5fP3r//6r5FdyCBHxioAAAAADCGpUwt07M06udLEWg5USgULNUaeIErugi3a4j1T7gwVym+sgMIZ6hXrOPOeVj67Q4VLtzi/gLfovQrj3+6yqXdp4fxKlbxZp7sWjAnYxsKlC9zlcx+Yr6ySSh1ouUtTvZvUVxvr3tTmI4VautwVBUjVXcu36C5JqtukzZqvNV4RgtwFS1U4r0LvPTD4srr695K+/cZL0rQt2mfJkJLu175H75cktbWUqtBviID+2GxeGaj75+mNlPf14E0/lA5LKXG+ZX3GSHUOSfCGV/ap9/TlknTxsN7vK7v04l/0a3d7X9K366zacatVv8qWvi2rJsUd0xtveOr3bd+/BaxyoNXW1kqS7rvvPvdnqampuvfeeyXJnY26du1a1dbWav/+/e4A7H333adDhw6ptrbWZ/4r5f/4fzDHjh3rv9AVGJOZpSONZySlSmpR87EsZT6Qq/GFz3oyWc806khWplxnipb3VqrElWreV6Z5y3taWeLMeleW5ntlbPpkuvtl4j+r+Zp/bLMzm71QS7fM0B535nuhlm7xnJuC1XNZ/LL63dn+vcavNjLxtTS0caklo59V2awW5SrVv93efeP8EaywcId27OinHX30b6gefPBB1dXV6dSpUzKbjV/nWltbde7cOT344IN9ztvd3a2u7u6g02NNJplMQyNkOTRaCQAAAAAwpE5VwbE3ncMBGMMAFCxMlQ70LuoTxJBU2GfFR7T52SOSCjXb/YX/jBqPSDuenecflu2jsixlesdbU8crQ0fUeEY+gdW+2tjSfEzKKlCgsG1L8zHpyA6VzNvca7nzgzVpKNg/T7e7s0C/pl89WKxpqcV6adpLgbNDA7og+znfT+o7L0gjx2muluiPLVaVpBZr36PF8h8GYO5ws3TxsOr7qv7Tkz6P9fc7/fBJ2W/9vFJGSpJZScrQg4++r14hl7b+12ygNDY2SpLPi6oSExN9Hu/fvn27Dh065J7m4pon0hmrrmX152oHVlOnFihr8x7VLchVrjNzfmGqpMws7dhTpwW5uWppPqasggeM4GndJpVsztDSLcuVKyNAGPhx+jptKtmsjKVbtNwoqHklmzR+ywKNeW+lM9P9LqU6g5QrM9d4MuZ3VEprtmhLqpHZ/uw8I9t+gbNsxXsPaPldqca41O56jLIr3/Oqp0/GD04qXOoM0tZpkzPL3xPgfFN1dy3o/ePV5fTz+AzJmQWcWrfJq93OIOubdbrL3Yc7dCxzjbZscT1tsFHvTV1u/CgVQv+G2t5f//rXmjlzpiorK9XS0l3xlAoAACAASURBVKKioiJJ0p/+9CcdOnRIt956q37961/3mb166uTJoNPS09NDbMnAI7AKAAAAAENKqqYWHNPG91q0fKpXMMOLJ1hZ6AxiOLOk+lG4dItm7JmnZzfN8Al2FAbNrrr8gNHltlHSdTCman9e0rffkBFcTfmhpMhkc5Z98IAz8Gk89m8EOY0Aa58B1QiYO9ys3mO6Dn79ZYe6MlUlafLkyQHHU73aAc5grtaLs9xSxytDlWpukXLPNOpIxgzjmJxaoKzKZrVojOeHHxlDBWTNX+OXze4MzHrXW7dHO1Qo97CsuQu0ZYsktei9yiPKKljoPPZz9cD8LJU4x3SVJBXOdmZepmp8hqQMV2b+GGVmScaWaNGByiMqnL3cWY/xaP/mCu+xYX31+nEpa77WuE+KuVqwZbl7UkvzMUkZ4fRk6HIXyLOoFvVeVKFmu4LDYzKVpQD7Xt0e7ciarzWeDaH5WSVGlnHghxDcTpw4oddee02TJ09WSkqKbr75ZrW2turXv/61u8zNN9+slJQUZWdna+PGjXrooYc0YcIEn3pMJpOSk5N1/vz5XstITk4eMtmqEoFVAAAAABhyUqcWSBsPqE7GMADGg7guzqBBGI+aGoxMUyPY8aw2zdiiBblGMKKyuUXKDTWMaWSnuqMTLc06piwVjJHUHFobfTK0wpg29DgzUz/1fQGU4SV9/GmxpgWczzApfoTfJyOc2aF+ZXplmrpejGUEWKdOk1Z+0qqSVLMmXeaaSJKGjdNcybOs7HFK0QXVn5PKZNTf+yVdg9uYMcEjTY2Nje6g6te//vVej/u7ApsZGZELsrkyaMMpf9VeYKVczSg8oj1nnOOrzlhgfJw6VQXaqAMt49V4JEMznMOKGMnmJfJNNs8yArNenwTPWDcy6DNmX+mRHywTvzDoeaXv86nvy/SysrKusH1+tXv3h98j/JezqGBZ/1nNLQr4mICX3bt3a8aMGUpNTVVPT4++/OUv68iRIzrpzD4dN26csrKy1NPTo5ycHI0aNUq7d+/W1772tV51jRo1Sm0XLshx6ZL7s6joaI0aNSr8lRpAvLwKAAAAAIaa1Kkq0GY9u1kqmBo4yOB5qYzxIqhej/IHrfsuLZyfpR3PblKdM5PryOaNes8duW3ReyvnOV8kFdiOCs/Lqure3Kwj7iyyENuY+4DmZ+1Qhdcy6jbN07xNde5pz3q/rKpuk+bN23TVXyQTeS/p2x8fk5Lu144v+gUestfqzqQL2v/fRsC17JNWKe7zenSa9/TeNVosW+ROaJu2RQ+66/ihXnr0fd/lOMdVPbBf0v6DsilDd/pM36J9j3rV15+4z+tf3fN/Tb/K/byS2qr07cPyvKQr1/MyrIBtGmRcQcn9+3uPx5CamqrFixdr8eLF7nFVvbnmSU2N3E8Aob646nLLh2tMZpaONdcZ46u6g3KpGp9xRI0HmnXMPZazkUGaNd/z0rktrpfn+XWP948nfkszsk6br3RoBaOewqVb/NpymY/uu8aEdtazfHYks1WNH6GUMd549P/NzTpSuNTdd5ezqFRjQ3heHOhqdwjDIBw+fFijR49Wd3e3uru7lZiYqKlTp+qee+7RPffco6lTpyoxMdE9ffTo0Tp8OPAvKdHR0RqZnOzz2cjkZEVHD61Q5dBqLQAAAABAxnAAWVJWgXrHVVN118L50uYSzZs3T/Pmlahx9hrNz5J27Akt9Jh610JP8DJ3gdbMlzaXzHPXV1ngGovQaMeOZ51BT6fCjEaVzDPKP3vM+5HZUNuYqruWL1WGe7p3Pca0wh3PuqcZ74KJzHiG19z+ebr9j2/JnlqsfY++7/m71az3//iAEZR0llvTckEWi3N6rvR+y4Ve1dlaWnWnqw6LWfv/6qrj3/S1v/5F8l6Oxaz9f3U9mv9v+pp/OywK79H9i39Rfbxrfv9M3Jf07TdKtV+fV4l7Pe9XymW8oOtaysvLkxQ4QNnY2Kh169Zp3bp1ATNJKysrfeq4UnV1daqqqgprnqqqqrCzXMOROrVAatyjRvmei3JnFOpYZaW8B1zOnVGoI5vfdP8A0vLeysA/iDhfZLfHU1Ar563Uey3G+eZI5QHnDzd1enPzEWUVTA0ze9153vL+AWjTPM1b+d4VDG5yTEa81zn+qntRxhjTlQecNdftCf1HLkkt723U5iNZmv+A19ntWLPRzpb3VBFOZS65M1R4ZLPe9OnfedrUz+Xh7Nmzio6O1sWLF8P6i46O1tmzZwPWmZycrChnIDUqOlrJfoHWoYChAAAAAABgCMhdsEVbvP6detdybbkryL9T79LyLb6vK9HyLe4XmPjX1bt8qu7yKu+/LN9Zvac5v5nPWKAtCxb0XbafNhrjFm5R71r6mzYUuR7N75tnjFQPT9AzhDoOL1Fhn4/hB69j5dt39gqwen8WqG29vaRvvzF4g6iBpKam6t5779Xbb7+tyspKn8xU77FTjx07ptxcT/DL9UKre++9N2IZq2vXrr2s+Z599ln9+7//e0Ta0EvqeGXs2KwdhUt9j8cxmdKRY+7xVSU5f6RZqZJ585wfZGn+mkA/iORqwZr5WlkyT66ShUudL4a6a7mWNs7zPMZeuFRbwn2dvYxzkU89KtTSLZc5brNzjNLNJfO0WVmav3S+sp51jj2b6hwHdrNzCITC+ZqfJQUNde94VvN8gqWFPj8aGUO1bDbanTVfS+dn6dnKZrUoN4y29+7frPlrjKEO+ogsnz17ViaTSV1dXSEvSTLGUz179qxGjx7da1q089H/s62tGjVq1JDLVpWkKIfD4RjoRgAAAAAArgfOF1CFPb7r0HH7H+8c6CYgBPsefT9idbW3t+unP/2pjh8/3mssVVcmq/9nL774oiZOnKgf/ehHSkxMjEg7fv/731/Wi7AyMjICvlQLCMf777+vjz76SNOnTw9rvpqaGn3uc5/TnXcGP3eePHlS48aNu9ImRlxJSUm/ZchYBQAAAAAACCIxMVE/+tGP9NOf/lQvvvii9u/fr/vvv1+TJ092B1Tb29t16NAhvfXWWzp06FDEg6qSAgZHGxsb1dHR4f53QkLCVXxZFT7LPvnkE8XExKinpyes+WJiYvTJJ5/0WWYwBlVDRcYqAAAAAAAhImN1aIhkxqpLe3u73nrrLW3fvt0dzHQFTtvb2yUZgc377rtPjzzySMSXH4grO9bFP6MWiJT6+nqtWbNGkhQfH6/hw4crKSlJw4cPV3x8vCSps7NTn3zyidra2vTJJ5+os7NTkpH5OWnSpAFr++UiYxUAAAAAACACEhMT9cgjj+j+++/X/v371djY6H40PyMjQ5mZmZo2bVpEs1T7U1BQoLq6OtXW1iovL89nDFggkiZNmqRf/epXA92MQYeMVQAAAAAAQkTG6tBwNTJWAXy2hJKxOvRetwUAAAAAAAAAA4zAKgAAAAAAAACEicAqAAAAAAAhGmEaPtBNQD/YRgCuFQKrAAAAAACEaNa46QPdBPSDbQTgWjENdAMAAAAAABgqvndrsUzRJu059f+p9dOzA90ceDEPG60ZaV/QoqnfGeimAPiMILAKANcxxyd2ffpBqbptNXK093fj73D+f9TVbtY1EqXokeOV8NDPFJ2aPdCNAQAA14kx8Wat+sL/HuhmAAAGAYYCAIDrWOeOteo6+Fa/QVWHwyEjoHq9BFUlyaFL5z5W+yvfH+iGAAAAAACuQwRWAeA61n10d0jlrqdwqj9H26mBbgIAAAAA4Dpk+uSTTwa6DQCAq+ViiOf4qOs5tCpxrQMAAAAARJrJePwTAIDrF9c6AAAAAECkMRQAAAAAAAAAAISJwCoAAAAAAAAAhInAKgAAAAAAAACEicAqAAAAAAAAAISJwCoAAAAAAAAAhInAKgAAAAAAAACEicAqAAAAAAAAAISJwCoAAAAAAAAAhInAKgAAAAAAAACEicAqAAAAAAAAAITJNNANCKp+qxaurZJl7jN6qiCl77L2Sq1etlszn3lK/RWN6LzXgL1ytZaV2XpPsMzVM08VyGhyvbYuXCst2ajHJ7nmSdeSjY9rUtA6g0+/+uq1deGrmjhI+/yasVdq9bIyBdi6BusSbbzv1KDeP8Nj7KdVgSZZl2jj4wO0N25dqLUylm+vXK1lxx8emLbUb9XCVyd6HdfX2o+VWPJPij6+Vhcqyi9jeh/uK1PSP0hda+aqM4y2xEhSZ606X3hCXeEt8epyXp96s17hedXrGPE5x+NKBb2WRvDc430uCTDV5zo9EOyVq7Vs98wB269C3QZXr512Va5epuMPD9w2iCxjn2oKep/c33Rf4fT7gF4rh7Rg90EWzb0u7vMAAPhsGqSBVbsqX62S1WpVVdl21RdcxQBgSoGe2lhwtWqPjABf/Oq3LtSy1Qp+A2xp0qurK/Ut/+n1W51fbNKvXnsRGp99L9gXvkmDf/8MS6AvD8YXjdUTQ/vyF2mTHt+ojdd8qYNY6reUeF+52rd7f1ikhCeMQKfjWrThvpsVMxgDqt4CBD7tlau1bOHWyw+u1u9TFQHVq6fXtdQ47y7cOnA/7HzmhLANUgqe0nV12bvadv9WW9Oe8rt3sKtytRHAs4RYDf1+rfS+D7JXrtayZVuVNmAJDwAA4EoMzsCq/aB226x6+Knbpaq12lf/uCb53WnUb10oV8KQxWr1nmJkQy6Zqd1rndmAlrl65qk0bXf/Sux1U+OTseqcd266yspcvydfaQbS1THpvrmyLDsuuxTkC/hMzUzfrYP2Ap+bt/p9zoB1wLTBQcQvI8zql+Xjvf2dBYwvZfVbZSQFeW0ze6VWLzuuh52f+WbNDPIsAe/9U871WCKtda28O6vVlfnqt7/204+DwyTdN9eiZbsPyl7gCigZX7Y9m8kv2OSX7evObLdXavVvpZnpZSqrkmRdomcmvuqXheObOebKMntm4qvO/WKtFjYZy7NvXahXJy7RzN1rnW0x9pe07V7nH59sIL9sFK8ggpHhM1Nzm8rc6+We12s7LVt4fEDPOZdaGhR9w48l/cTzYd4XFSObejotxvgxeS9oRGGOenbcq45aZ5kwslLjF+yW6ZNaXZqYZ2SlSur5vzPVvl2Knf224icmSbIovmS3Yv/vTLVvL1LCE0tkincWbv1PtW36SZDaB05KwcOylr2qU3ZpUorU3/7wW81UelmZqiTdfpdF+94zdoxlC8vcx6rv+cr7+K7X1oX7NHFuk8rKbJJlrr43c7d+cfxhLdFaeU4RG3XfKa86fAJbfseZvPfnEK6HwY5Dd/sCr/vgkaKCp5bo+MK12nq769zYV5+on3WWpH0+693rnLvP65zcK4ju22f+dQe97jmn7Zs4V01lZbK5r2ve9Vnkc6s0aPTeBt6Zk/I7TgIfF/7X8UD7Xopnu65d6JXF6be9vfdT/+vJ1KnSgZE+x8BAZwFLUvrMmWraVy+fG2X7Qe2WVVZLlZq8C/fKtvcc0/79Hux65el7z7UyRX1tkxDOJf21K9i107W6fe0PQ+A+KGXKTFl03P3vXtnv3veC9sBPTFjmPqOn0rYHnzZob3QBABj6BmVg1X5wt2zWhzVJkySrtHZfvR73umGs37pQa5vm6pmNBUpx3RTLopnuEjaVvTpTz2zcqBTnDfayhRbNfWajNqY4599er4KAd1Y2le12zWvUvXbr7YPwC2H/ptyert8etKvA64vuviqrbl+iwR1YdQdHNxo33fZKrV62WpXOG2Xf7e8q7/pSdrus8g3Ge/Ynry8OG5/yzDuksgSqtHbfEm3c+LizX9ZqYZXV2VfG/vpq5X1ewbrg/Th4Geuxe+Yz2viUMxS6daGWbU1zHof12rqsTOlLNuqpSTL+vXCZtqZt1OMpkmxlxrwbnSHaytCWmlLwlJ6R7+ONdkm2slc10/vcsWyhLHOd9ddv1cK1rqx6T8B2o1eAZnWl1xeaqjIdd02v36qFa3+ryilPqWDS49q4RAM8FIDTuQ/Uk/qw4iV3gDQ2O0dq+UCOVGfuU+0H6pmZp5jsIqnWGBYg/gaLHMfXhviovxQ1MUeOHTPVVusMpv5DmeK3z1Vnxb3quq9MSdmtzoxVZ1C1/T/V9sJPJOe/kxZoUAZXPfrfH2xlu937liR98xbf4SA8w7Y85Tl/+WTEVqns+BJt3OgK1u42foxcslHGKWK1lq1dqCqrs4y9UquXvarK+55SQYrz2pm+RBuf8gr+lzn3yRSp7+thH8fhpBCOhUFjkm63Sq+eskuT1E+f9LXOzuqqmjTRuU2N/t+q272uL1VVnnOy75Mnnse2N7oD28u0Wkaf9X3dc9ZddtxzvvevzxkQlsVzpzR4eG+D3vuH/3HS93XcyNT09KPXvvfUM5LPkyH+x0CADGaf64nRp577C7sO7rbJ+vBTA3vOTpuimbu3q964a5Zk3Pdo5sOauNsrsFq/VQvXNmnuMxu9Ap5rg9/jBrteBbpW9ntv1ce5JJR2BWtLipxPYnnOkz7LHiL3QfaDu6W53wrtPnTS48Y9oGte53Xi4YIUSX1NAwAAV0u0w+HQ4Pr7SNvLbLJOy5HD4VDOvXNkqXpVH5zxTN9XJVkfssrscMjhMMv6zTmySO46JO/pOZpmlWR9SFazMT1nmlVqOqkzXuUDz2tW7gyLT9lr/ydJ/p+d0Qe/LZPNOk05Xu2W/zw505S++0NP2z/apyrrNOW4iw/cdg6+/DP64NUqWRfPda+bw2zVN+dIZds/Mrbf3Bf0wg9c28hYT6t7/Y3tXbXvI3d9H+527U8faXuZNOeb3vPO1WJrlV794MyA9ofD4TAese6nrySL5tyb4+yXXM2wSJY59zr7ythfbcfPhNSPg2e7G8e8ZUausV0+2q4yzdE3rWZ3mZy5i2V1ngfOfPCqqixzdG+Oa/4czX3hBc3N8fTRjFyzV/29jyGf40Xe0/3KKsC5Q1Y95GpbzjRZ1aSTrnZZF7vb4To3qWy7PnLV7d3unGmyyqbjZ4K3M1J9Hp5ydbekKPo+17+LZEqVeg43+JVpU1TqFxUrSfqxos1t6jkcxtirrR+4s127DjfIoRRF5QUod9/DMsXb1OUOoparY3etHOYvKiFQ+SAi269SoG310da1qrLMUK451P3BKBu4Xue10OsYNlu/qTkWz/lKkvta6Z7fax8z586Qpdc5w7XPmWX9wQt6Ya5nfqN8aNfDvo7D/td9IP4CbzOHwyFzuuu8GVqfuM8dfuce//OFMa9xfnD3p9f2zLl3jiy23frQ67zmOe/laO5iq2zOPuv7uudatueewPHRPlV5n6vMVn1zjiVoHwyebeBfzv846ec6/tF2ldm81tu5TX/g+rd3nznLLnZvb+f9pNc9p+/1xO/+4syH2m2zalpOuP0QuT9jfzQrd0aT9n3k+vyMPtwto93e65szVy+88AP3/um+Pw54/VMY16v+7636OpeE1K6gbTHudTz3Qa765ipn0N4H2VS2bKEWLvT8LSuzee3/Dr/7Es+27lXfmQ/02zJpziqvdQxlGn/88ccff/zxF/JfKAZfxmr9flVZ5miV62fblCmaYdmmPa7MS/spNcmiGd4/vqak9TtiqCV9CP9aW7VOT/hnmFrmaNXc/n7bnqRp6a+5hwOo318l67S5kvZfpYZGgl1NNqlq3RO9B/f3e4zRXvlzPb3N1mvypGlWad1+1c+dpEn2g9pjs+qhSXLuOzZVPf2EtvlVbZkT2bW4ltLTAu3boffjtWXTtoD9v0o/cGZU2E81SbYqPf1Er1KaI8neZJPSHxq4DCFLesBl240O732sDmyHX5auww0adqtzOIC8LypGDfq0VjLN9Csz0awYSV154xXdaZSJtNiRKVJng3q8P6xt1qXCnMgvLBy2bQH2UasWv2BkFNZf6f4Q6FqnFKWFPTx2ugKeIrzUlz2hde52WjQjlOb1cRxeD8dC4D6ZpHvnWPS067xqXawX+r0Oe7Movde9i01NdiktUH+mpMvi+yB30OueP/upJskyQ76Luw7GVu/nOh5ovYNXFaBsP/eTk6ZZpddOya5JSrE3yWadNiiedkmZMkNNbzuHA7Af1B7N0DdTpIOBCtsr9fOnt3lenHmlh2Wk7q0uq13GvU76Q0PpPsiiOat+4JsxW1+mJ9a9psp7fxBGJm29yp7eJs1ZFWCevqYBAIBIM4Uagb027Kp8rUqyqfcXVtvbqrfOUY7D+1db3yK+n/lN7xVt9o1AB5vX4f2r/JWu3mVwOCRZF6t0ToAgQq82Ge32bnPOtHSte7te1jnS/iqrps1xyNEQbP5rK9A2dLEuLlXgVXbIXvmclpfbJFm1uPT7ylGDthWvk3u75UyTVeu0v36OzCf3yGZ9yCuz16Kild8PeKM5sMeCwytDwftjr/1T/vtq73n8/7+vfhwYvv3fsK1Y66o82UVG2yRZirTy+4EeiXfIs/sGWIcAx3PwY9i3r33n8SsZ6NwRaHofx6o9pHZE/lwTdTkz1X6gnpnfUkKe1J2dI7X8Vl3y+yWu9gP1zFyi6Puk2JGeMoNVxPf5YPuo9/a77P0h2LXJaxmhXK+8JrjPFV7zGMefc11KC5Rir9Rzy2tCuh56mhL0JB7idevaCHZsS0Yg2DLBOAf11ydm6/dVapXUsE3F64zgsaVopb7vdVFx+HZYr3NL7yYE6U+ves70d93zm7/v897g3gY++1nAfTr4ddwY+iXYOvru/33d3wW+5sq4v7C9pg/PWDVuf5Ws0+YM8L2DJDnkMOdqetMmfXDm+5pycI80fYGRHSp57n/tlXpueblsMu4Nvp/jPAdI/fe797Icftuy33sru8+8ziZ56g+jXX1fOwP3zuC7DwpwHsi5R0WW5drz4RlZQzqX2FX53DpVWRer1Ov+ydDXNAAAcDVED3QDfNgPqsZmUdHKUpWWev2tLJJFVdrfICllnNJl04lW7/lO+uV0wC1nmqxV+9XQsN8YBmCg29MvsyZYpKaT9iDT7TpYY5N1calKS+cEWR/n43r7K42y05ylAu07163++nFwyJmzUkWWKq17rlKulqaMS5dsJxRsM5mNFdNgW7PB2q7LU67uFikm+8fOYQACPeJvDAcQc8MLfZS5cl3n7FK82f2SK0lS3vhBdvHq7Yr3h4DnK7tORuxi16D9Vc7rbcAfMfrW1/oNrWOhQfurpPRxKQqrT3LmqLS0VCuLLLLVHAxxXQPdu1g0wRykz1pPOLP3Qrnu+Qp0HrVHbueJMO9t0I9+ruP9XT/6Ldvv/WSOplltqjlYafxYPWhuqlI0ZbpUc7BBB2uk6VN696X9YI1s1sUqLQ0caLz8RV/ZvdWVtauve52hcR/kLaRjQJK9cpPKbVYtDtBhfU0DAABXx6D6bmo/WCObZbp63Q+mFOghq1S1v0FSju4psqjqNVcgxq7KTeWy9aoNhhxNs1Zp3boqT4BxUEtRwUNW2co3qdJ9L2xX5XPFes7zgdeNsvOXeb9acqZZpapylduML63OT419Z902eUaLbNC24mJta9B1JrR+HHgpKlhQJIutXMtdGyHnHiPY6r1RGrapuNjYbikFD8lqK9c77sl9r5fx5blGB52T7ZWv9X4sMBJr4mzXJq922CufU7FX0Hgo6TrcIE38J5nUoO4gj/h3HW6Qw5zXZ5krtv1VdXdaFLvgx84PipQwM09RXmO0DkZXvj/0Pl+5vjA/FLFnO72DIQ3atjz0a2lfx+HQORY8mV2eGERffeJ/vTACnpbpU0IOTPe6d7E+pIKUQPtLg7atq5Kl6B53ILW/654P53n0tUr3iU+bygfjnVKgbdCXfq7j/ustI/uxONBFvte1xnebBG3BNKts5eWD7sfqlCnTpfJ1KleA+2gXr+C9vfI5r+EurkQE7q0uu12ue513PMu2V+q54udUaR8q90GSGt5Ruc0TqDdPsEhV+93r1PCO13moYZuWl0tFKwP8yNLXNAAAcNUMoqEAGvR2uU2Wovmex5e8ZOflS+tfU+XdJbJaS7So6UktLzYypPKLimSx1XgG6Jd8HpXs9fhioEcsg83rnjxAj855ta2vUt7t9m9zdl6+VCXlZTvXy3v9r2Lb+26vTeXLi+Wb42ZR0YoSWbOLtKJojVZ4TbcUrVCJ1SyHQ7LOL1LNiuVybn7lL1qhotdXqHxfvYqynbeS2XnKV5WqLdOdL70wPjY79511xZ679vxFGzQnO/hjZNdGkMd+vfdPef23I/A8PvtLn/04MHuz//ElSTJbVbKoSU+uX6fnJqxQiTVF1pJFanpynTybKV+LNsxRtsMhh7JVtKJIa1YUq9g9eZE2WM3yPHHotYzsIi3Kf1Lrnf1gKVqkIst6NbmOF6/zgzl3uizl61RcZSzP+3FIV73G//k9Wu1wyOFwtcuzb8pSpBUlxgs7PE0LNK+Mfda2XsuLa4zjIEKxs8saCkByPuqfp5iWD4I/4h9KmStWro4XpIQnliip5J+Mj1r/U23ul1mFJqL7fEjn0HD3h971mq0lWqE1WlHs2tPztWhDkfM4COF61esRWu9zRraKFuXryXXFzgCdRUUrFil/xXrVHDwjq7W/+vs4Dh3mPtd9wK6lVd7nFFezVmiDNcW5f/TXJ/7T5bXOfo9Suxcqr/sLi4qmN2m5a3tairSiKNuz7A2LtO1JT5+Fc93rtWyZnedR1zz5KiqyyLhVGszbwHc/k9d/u9esz+u4/3rLue9ly+GQcqdbVL6uWFX5i7RhTo6sJSukNSvkOcQWaYNrm/hsP68GO+8vlJetgbmWuvgdo+ZcTbdImu58EaRnBYzrm3W+impWuO+dlb9IK4pe14ryfaovypbrN+jA/e67LP9rZU6f26Tvc0lKGO0KfO103uu4N6KxbKvZIYd5MN4HBb//zXaf+40+cfVn/qJFyq96XXI4VL/P+KxXHfmLtEjBp20ggxUAgKsm6uzZs4MlsgoAiLCY337lKtZepIQnviXtvndQeCuZTQAAIABJREFUZ49KUs+3/jTQTQBwXWhQ+aJa5a0vIisQAADgOvfMM8/0W2YQZawCAIaUvC8qRg36dJAHVaWBfVEJgOtIw35Vz8rT7AF76gcAAACDian/IgAA+IpfsFux5jZ177j3Kg4DAACDhV3Vv1ilisZZKl5HrioAAAAMZKwCAMLWuWmmOge6EWHgWgfgypg167trNUvyHfccAAAAn2nRA90AAAAAAAAAABhqyFgFAFz3uNYBAAAAACKNwCoA4LrHtQ4AAAAAEGkEVgEA1z2udQAAAACASGOMVQAAAAAAAAAIExmrAIDrHtc6AAAAAECkEVgFAFz3uNYBAAAAACKNoQAAAAAAAAAAIExkrAIArntc6wAAAAAAkRZ1/vkv8m0TAK5XPRcHugWDQ0zcQLcAAAAAADCErDh+e79lTIqKugZNAQBgAHGtAwAAAABEmEndnw50GwAAuLq41gEAAAAAIoyXVwEAAAAAAABAmAisAgAAAAAAAECYCKwCAAAAAAAAQJgIrAIAAAAAAABAmAisAgAAAAAAAECYCKwCAAAAAAAAQJgIrAIAAAAAAABAmAisAgAAAAAAAECYCKwCAAAAAAAAQJgIrAIAAAAAAABAmAisAgAAAAAAAECYCKwCAAAAAAAAQJgIrAIAAAAAAABAmAisAgAAAAAAAECYCKwCAAAAAAAAQJgIrAIAAAAAAABAmAisAgAAAAAAAECYCKwCAAAAAAAAQJhMDsdANwEAAAAAAAAAhhYTcVUAAAAAAAAACI/JQcoqAAAAAAAAAISFjFUAAAAAAAAACBNjrAIAAAAAAABAmMhYBQAAAAAAAIAwMcYqAAAAAAAAAISJjFUAAAAAAAAACBNjrAIAAAAAAABAmAisAgAAAAAAAECYGGMVAAAAAAAAAMLEGKsAAAAAAAAAECbTJSKrAAAAAAAAABAW0yWGAgAAAAAAAACAsPDyKgAAAAAAAAAIE2OsAgAAAAAAAECYTJcYZBUAAAAAAAAAwsLLqwAAAAAAAAAgTAwFAAAAAAAAAABhMl3i7VUAAAAAAAAAEBaTKXnsQLcBAAAAAAAAAAaPC/0XiXI4SFkFAAAAAAAAAJeSkpJ+y0Rfg3YAAAAAAAAAwHWFwCoAAAAAAAAAhInAKgAAAAAAAACEicAqAAAAAAAAAISJwCoAAAAAAAAAhInAKgAAAAAAAACEicAqAAAAAAAAAISJwCoAAAAAAAAAhInAKgAAAAAAAACEicAqAAAAAAAAAISJwCoAAAAAAAAAhInAKgAAAAAAAACEicAqAAAAAAAAAISJwCoAAAAAAAAAhMl0NSo9d+6czp8/r+7u7qtRPTAkmUwmJScna+TIkRGtl+MNAAAAAAB81lytOEtYbYh0hefOndOFCxeUlJQkk+mqxG2BIam7u1uffPKJJEXsoOd4AwAAAAAAn0Xd3d26cOGCpMjFWcIV8UjM+fPnNXLkSII8gJ+4uDjFxMTo73//e8QOeI43AAAAAADwWRQXF6fo6GidO3fu+gmsdnd3KyYmRg6HI9JVA0NedHR0RB/Z53gDAAAAAACfVTExMQM6NCIvrwIAAAAAAACAMBFYBQAAAAAAAIAwXZWBGXksGbh2ON4AAAAAAACuPTJWAQAAAAAAACBMZKwCQxzHGwAAAAAAwLVHxioAAAAAAAAAhInAKgAAAAAAAACEiaEAgCGO4w0AAAAAAODaI2MVAAAAAAAAAMJExiowxF3p8daw7Umtrw40xaQks0VTvvKoHpmRrsQrWspQYFfVmhUqn7BIG+bkBC0VtL9MSZqQM133PHqPpqVdZm+1N6nq93VK+9d7FLwFgTjbriKtKLEqJcR1AQAAAAAAl++qBFYBDDUJskzP0wSfM0KHTtT+TTUvrlFTxw/1w8K0gWrcINS7vzpO1amu4V1t/kmN/vY/f6gFtySHXau9tlzlByZoUQRbCgAAAAAAro5BGFh1ZlrZek+xFK1QiTUlAsto0LYn10uLNmhOTvDl5S/aoIgle9mrtGZFjaavKFF/q2CvWqMVNdOdmWd9llTVmhVq+ucItvOyePdn/6XtVWu0otwWoH+NeqrzybK79tI0/Stzeu+bc07pnWd+otdf/3/1N+sC3RI7II0bhIL0V/tBbfvJL1W96TfK+XH/x3rkpMhaskHWa7U4AAAAAAAwGIcCcMjhkPKfXK8iv6Bb+aIVes6xPALBVWf7HA45HEGWZ6/SmpVPaluvdlwmc76+tz5frvXrs3UOh6dtfZc06nL0X+fV5d2f/Zc2539Pyx1rtHL9NuWtL3I+8mxX1Zr1qs5/UuuLshlOIgxX2lcO5/86Am6/sbrNOkGvv2zXuXMOOVyHnv2g/vjii6o+3KZumZSUnad/fuQRTU93PQJvV9WalapI/4aeNP1Jv9x5Wkq6Q/N/9C+6RU2qqnhRf/rbCbV1S6akCbrlK1/XbKvvcAPtTTV6+eXXVdvvMr6jn0yt0+YXq3W4rVumhLG65cH5fvW1q6nmZb38pwOytXaoW4GW61p/R5992md/JeSq6H9+SbW/2KnXdxxV/qMWz7R++qyhfJE2VEuSTeufrJbyn9T6opwQ2+7sC83W8hKrUgKtS3to/Q4AAAAAAEIzCDNWg8nR3bMztfJEq6QUuQMJjZ4SmbNdQdcGlS/aIHkFRe1Va7SyZroz6BCCFKtKnjyhRRvK/YJ/fS3zdU2Yna6KCtcAjPl60jWvvUprVtZo+nJXFpvRRvdQje4gyhVqKNeiDa5aMzV7uXfWXD/L9JnXN9jcUL5Ir094UtNrNjjX379uSbXe83utewAp1vmaXbNSG9ZM0PISq1S1WRWN+XqyxGsOe5XWrKyQp7sDLBNXXZu9VdJYyZmt2tXwR/30lzt1Pu0OPfKNPJnVqtp3X9aLq+tke/JHKsrxCtPVvKhfpk1X0Xe+oq7WBFkS7apas1oVrdn60iPfUK5Zaq19Vy9XrFZT94/04zuN4QbaG8r10w3V6pjgXEb3Ye380/uBl/G3F/WzmmTlPvJ1fSehQ7Xvvqy9Fb+Qkn+m+c4U21Pv/EKr32jVhDse0dfzzEpoO6Hq9/+k2opfqCNhhf7XtPAf2w/KYtXd5p1647BNdlmUEmKfpeV/R1/vqtCLe8168Dt3a0JyWgTbblfVL/vvdwAAAAAAELohFFj15spUe1LrnYE4e9UarazYrKrcCAbecvKUr9d1yi7lpISyzEZV1EzX8vXrnS+PWakN5XkBAqaewO/6HM/6rKm6wmzchnIt2tCk2cvXG+1pKNeilWuk5SWypthVtWaDmmYv13qrJzDtXmZDuYwmrfcKBK9RlVcgs7Fig9Jdbfap25he3TQhhHV3SZF1/mzVrKzQu+UnVF0tzV7uFYh1BlXTn1yvEq8+qthcpdxQg+O4Ql06tf9F/WZnh5Q5XbnJknRK1eU7df6Wb+gn86e5Mx2nTMvTLZt/rP8o36s7f3yn3GG67lx9/ckiTXMnmVapplG64zuL9OgU18y5Suj4sSr+1iD7nWlKkU1/+o9qtWU+ouUldzq39RRNmZ6n13+yWu/6L6PNrHuWl+jOFFdb0hT7vQ2qrrNp/i05kmz6W3WbkvL/l75XlOOMD0/RlLw0bf5//kO1h09JkQysKknmNEl1p2T8DBRin6VPUbYlSdqbJsuUKc5jIUJtt9eF0O8AAAAAACAcg3IoAFcdPtXYq7W5olGzirONR/e/t075XssyT56uTNX4PkLvVYerKmOa9/Qgy5MkjdaEzEY12R1ymM0hLXPWg/kyOxxyyKzJ0zOlmlM648hWiqcBOlP1uqpnFWtdtmuZZuV/Y7ZqVr2j+vwimX3aGmpf2VX9erUyZz+tfLOz3uzZKp61WKXv1Cu/yF2rs/3e63NG1a9Xa1bxOmW7lmnO1zdm12jVO/XKL8ox6ptVrNmuNmd/WbMzV6mm7ozy8/tZ92DNdy2jwq/dzmnfW+c9dIKrzlD65bPliocCcEhSoypWLlJFoAJJU/WNbzi3rf2gak5LabmS7eBBn2LtpmTp9H41nPmSxrp2+MxcZSZ4bdekJJlNUu0b25Sb9BVNTU9WrBKU9z/WKM/ZGIdtv/Z2SLfdPcu5P7lM0Jfuzta7W9/X305+SXenOadMyNM/eO87Gq0JEyQ1ufa/TN29/N90t6t+VzHTDcqeINW2t+uiw6FYvyFC+u4v+ZxffCUoabTkHi4g5D7zG2bA6MDw2i7POc5nXULp96BrDAAAAAAAAhm0Gau7Shdrl99nmbOf7jXeaUP5YpW6C2Zq+jVo25Uus7WpUdpVqsX+K6hZV9CqVjU1ShMe9A1jmtMzpSZJSlH+g7NUUbpKiyskZc7W09/LdwY9jXkD9bl3kzLTzV4TUjR2gtTY1HoFbbbrUI3xoH9jzSHZ8/MDBGEbVL641NOuzGuxhT+LEpR5x20+b7lXQrpybsnWVEua3O+saj2lE5K083f6952B6jmvJtdoHYHE3qIHvz5VjS/u0u9+vksyJchsmaq7775bt+WmGdmcXV3qkFnpab3flJVsHivpsOznJXfKqinUN2p1qd1+SidOn9bphjr97cABHT4tSW0630eTw3dep094/fNK+0zSFbc9lH4HAAAAAABhGbSB1VnF6/p8aZQ7uJk5W0+vy1eKvVq/WFUT4Va0qqkxU654YkSXOatY64KsoP3yauxfTpHWrSuS7NX6xaoKrVpc4WyHq0l993mk2at/p4rGWSpel6faxaX6XfVkfS/fFSLyBFQzZz+tdfkpslf/QhHfxHAaq+n3Fyk/xOjilewrKXn/Q8vzzqup7oD2vl+t2sN7VfHve/Vy5mz97+8FCq5fOXvtf6j0xQNqNd78JHNymjJvu0NT/7xTf4740lp16rSkzHR5/xRxuX0WqbYPRL8DAAAAAHA9G4RDAXg/DhusxGHV7srUY09/V/lmOR9jdc/lNZ/XfzvfkO37yKsxPejyDtdqlyao2OyQw3Gly/SUNU/IlPaekt2R7RN48e0A/7Ya612x5A1NcLXBp6/MMqq1y5HtqbW1ycgI9dkm5ln67tpZ0uEKLSmtVcPsuwPO66+xqVUOh2t6q06dkDLvMMvhcGWt9tff3qtSoVUVjZpV/F1lO6Ts4llaUrpK5WPXana2jL7PfExPfzdfZlf7+6vzM+pKjzd3PX0ec05JZpklHbKdlCO77xceufbNwNsrSRMmz9JXJ8/SV9WlUztL9ewrb2jn0Vn6qilWCWpV06mLcoz1zUY933pa0gSlmX2PXf9l+Hx+fq+2/u6AOm6bp6cfz5PZXeUpvfvnnfqz1/zeQ4b0J2h/2Wq1t0Mam5dlDGUQRp95NcD4z7Db3t+69NHvln5XGQAAAAAAeIke6AZcvkadcD+FflgVq/7g9fZ4I8i4q/awe/q7f2j0r6BvrdV6vnSXZhXPVnZIywydOf9BzWr8g35X7XmMvrX6eS15vlp9P1hv1oTMRu2tc5ZqrdPexkxNMBvT8h+cpcY//E7uag9XqHRXph67O1tSq6qfX6LnvZZ5uHaXNCtP2YHmDVBeu97wqvtd/aFxlh7MDx6IDe6wKkp3KfOxp40gquQcD1baVVoh11ZT4wlPfxyu0KpwtyEiL22qvjRWav2v/1Jdh/eEDtVtXarvL92qAx3BZpa66l7RqqXL9IrN+9NYJSd5vYDJcpvuSJD+/O4uv+PhhHa+e1hKmqw+4v+9nbbpsKSpd3gHJiWd2Ku9VzKSRSAddar47U51mCbr/tucQdQr6bMItT2kfgcAAAAAAGEZtEMB9C1bs4tnaUnpEufYm5l67OlizVpVqr11rcrPNyv/G49p76pSLdklSbNUXDxLu94IXuMud10umXrs6bXyxA37W2aY7X/6MT2/apWW/MG1OE92ZvB4iWu9PPPNKvZqY/ZsrS2u0JJVS/QHdxtd2a295zWWme2e9+nHntcq97xS5mNP67vegdNZE3Ri1RIt8arbE3QO1WFVLCk1slH9grLZs4s1a1epSp+foKe/O1vFs5aodMkuT1uLZ2lV6V7VtebrsuK5iIA03TF7lt4t3aVfLTuhL81+QJNNrTq0979UfahLEx67X1MTgs8dmz1Vk007tbP05zp//5d0x4QktZ3YpZ1vHZAp8zF9ySJJFt3/rVmqLX1F/+fnJ/TVL98mc/dh7Xxrpw61JmlW8d2aEE6Tx2ZrsmmX9v7250qY/YAmJ3Wo9c879WbtCXVd9hnwtPa+VaETXvN3nD6gA4fb1K0kzSr+hvLcMcvQ+ywhIUHSn/Xuu9nqys1WboTaHlq/AwAAAACAcEQ5IvUcsdPRo0eVnEwW1PXm8B++qxf0hJ5/LPxQKnydP39eN954Y0TqisTxdvgP39ULuzL1tWVLQg5Yd5zYq1deeVN/PtKmbpkUPzpTdzz2uL6a6xkqonrtM3pJX9OyJfm+Q150HNa7W17RB4c/Vptz3NCsWXP1+Fdzfcr5LyMpa5Yefux+5aUl9LOM3p93nKjWH7a8qQOnO9VtitfozDv0wGP3y7xrldbtytU3/888TY11zjeh7/3c6K/en5viRyszd5a+/MDdyg3Qj/33maQOm9781a+0s7FT3Zlf08ol+YoNp+3udQ6wLiH2OwAAAAAAQ0kk4yzeSkpK+i1DYBUhIbAaOYMtsAoAAAAAADBUDWRgdQiPsQoAAAAAAAAAA2OIjrGKay37sef1/EA3AgAAAAAAABgkyFgFAAAAAAAAgDBdlYzVCA/bCqAPHG8AAAAAAADXHhmrAAAAAAAAABAmAqsAAAAAAAAAECYCqwAAAAAAAAAQJgKrAAAAAAAAABAmAqsAAAAAAAAAECYCqwAAAAAAAAAQJgKrAAAAAAAAABAmAqsAAAAAAAAAECZTpCuMj49XW1tbpKsFrhvx8fERrYvjDQAAAAAAfFZFMs4SrogHVjs7O3XjjTdGulrgunH06NGI1dXZ2anx48ZFrD4AAAAAAIChpPnkyQFbdsQDq0PFpZ4eORSl6OgoRUVFDXRzAAAAAAAAAAwh101g1eFwqKenR5IUpSgpSrp06ZKioqIlOZz/7QmiHj9ar0+j4pV+w3jFx5oUFR2t6OhogqwAAAAAAAAA+nXdBFZ7uj7Vwbo6XbokRUWZNNqcrFZ7q2JMsUpMjFfLyVOKiRsmh6QYU4zONDcqZrhZLadOaUR8rGLjk3XTTZlKiB8mYqsAAAAAAAAA+nLdBFY/7bigV14qV8LINJ21n1bulM+pof4jORSrSZ+bpI8O/E3J5lSdajktc+o4xfacV/zIVP31rx/qHybdqPOdUZr3jX+RJX2ckfEKAAAAAAAAAEFED3QDIiUqKlojRo7UlKk3a1Rygk42N6v17Hn19HSqufljXYqJ1cTMDI0bd4Nm5VuVOylLwxMSlDTarFs+f6tGjUqU5JDDMdBrAgAAAAAAAGCwu24yVmOHJSg//4saM3a8zCPi5bgk5U4+p7i4GHX1XNKnnRc1/oYbNH78DboxM10XUxI08dMeTcy8Sdk3ZSppZIpGJycxxioAAAAAAACAfl03gVVTXLy+cMcMRUVF6UZLpiTjhVbeXEHTqKgoyTFODmeZ6OhoTczIdL686lq3HAAAAAAAAMBQc90EVqOiohQTEzPQzQAAAAAAAADwGXDdjLEKAAAAAAAAANcKgVUAAAAAAAAACNOQGgrg0qVLunDhgjo7OzVixAglJCTwsikAAAAAAAAA19yQCKz29PToo48+UkVFhd5++22dPn1a2dnZeuSRR/TP//zPGjt2rKKjI5d829XVpQ8//FBlZWXau3ev2tvbFRsbq5tvvlkPPPCA8vPzNXr0aIK6AAAAAAAAwGfUoA2sOhwOORwOnT59Wq+//rq2bt2q1tZWjR49WtnZ2ero6ND69evV2NioJ554QuPHj7/iQKfD4VBHR4eqqqr0m9/8Ro2NjRo+fLhGjhwpSTpw4ICqq6uVnZ2thQsXKj8/X4mJiQRYAQAAAAAAgM+YQRlYdTgc6unp0eHDh7V582a9//77io+P18SJEzVs2DBFR0dr+PDhiouL02uvvaaMjAz9y7/8yxUFOR0Ohy5cuKCdO3dqy5YtOnnypMaOHathw4YpKipKDodDI0aMUEpKik6ePKlnnnlG3/nOd/SP//iPGjVqFMFVAAAAAAAA4DNkUL68yuFwqKmpSVu2bNEHH3ygUaNGadiwYfr73/+us2fPqqurS9HR0Ro5cqRGjBihN954QydOnNClS5eC1tfd3a22tjZduHBB3d3dcjgcvabv379fL774ok6ePKlRo0bJZDLpwoULOnv2rM6dO6eOjg7FxMRo/Pjx6u7u1u9//3vt3btXHR0dPvUBAAAAAAAAuL4NuoxVh8Ohc+fO6Y033tDOnTs1fPhwRUVF6eOPP1ZXV5diYmL06aefKjU1VXFxcUpNTdXRo0e1c+dOjRs3TklJSerp6VF7e7va29t18eJFtbW16cSJEzp69Kiio6NlsViUlZWl8ePHKz4+XpLU1tamd955R83NzUpOTpbJZJLdbtff//53xcXFKSYmRt3d3Ro2bJiSk5OVmpqqjz/+WG+++aYsFouys7MVExMzwL0HAAAAAAAA4FoYdIHVS5cu6S9/+YtefvllxcbGymQyqbW1VYmJibr55pv16aefqq6uTufOnZPZbFZ8fLySk5P12muv6YYbblBiYqLOnj2rpqYmnTlzRhcvXtSpU6dUX1+vM2fOSJLS0tJ02223KS8vTxkZGfrc5z6nTz/9VM3NzRo2bJji4uLU3t6ujo4OZWVl6eabb1ZcXJyam5tVX1+vU6dOKS0tTaNGjdKBAwdUV1en9PR0DR8+fIB7DwAAAAAAAMC1MOgCq+fOndMrr7yi9vZ2jRo1Sna7XSNGjNC0adOUnp6uixcvqr29XTabTQkJCRo+fLjGjh0rm82mn/3sZ+ro6FBUVJSGDx+uUaNGacSIEYqLi1NOTo6ysrIkSdHR0Tp58qRefvlldXV1aerUqRo5cqRaW1sVGxsrSWpvb1dCQoJuuukmjRs3TiaTSSkpKUpLS9OOHTvU2tqqMWPGqL29XbW1tcrLyxuQF1n1dHfp9KlmHTt+QqbYeA2LM+n8hQsanjRSEydOVKJJOnTokHqiYjUqeYQclxy6pEs6e/asFB2j5KQktV84r7N/P6eR5lTdeOONMo9MVnQ0Y8YCAAAAAAAAwQy6wOqBAwdUU1Oj4cOH6/z584qKitKtt96qjIwMxcXFadiwYZoyZYpOnDih8+fPKz4+XrGxsRozZozq6uqUnJysL3zhC8rIyNCoUaMUGxur6OjeQ8l2d3frwoULam5uls1m0+nTp9Xa2uoOovb09Cg5Odk91mp0dLSio6M1duxYfe5zn9OePXvU2dmp+Ph4ffjhhzp+/LjGjx/vDsxeKw6HQ2fPnNZf//xnKSZWPZ92qL07SjffcqvGjRuv9o42ffBf7+iYvV03TbxBCfHDdCk6RtHRDsXExCg2dpi6L3boRHOzJt18m9InZkhySCKwCgAAAAAAAAQz6AKr1dXV6uzs1OjRo3X27FllZ2e7g6pRUVGKiorS2LFjlZGRoUOHDikxMVExMTHq6elRXFycRowYoZycHI0ZM0bR0dFBM0jj4uKUkJCg0aNHq729XR9//LH27t2rixcvKi4uTpLcQxF4M5lMuummm3Tw4EF1dnZqxIgRam1tVXNzsy5evHjNA6sxMTGKj0/QiMThihuRrEsX2/X3o8fUaLPJYrEoJb5bUVExRvD1TLNGmVM1csxYTcnN0bDoS2o+c17JSSOUMiZF48eP16ikEdc86xYAAAAAAAAYagZdYPXEiRNKSEhwZ5mOGTPGHVS9dOmS7Ha76uvrdfToUbW2tspkMikhIUEOh0MjRozQuXPndOjQIX3+859XcnJyr/p7enrU1tamc+fOqbOzU62trTp9+rTa29tlt9uVmJio6Oho9fT0aNiwYTKZTL0CjSNHjlRKSopOnjzpLtva2qqLFy9e83FWe3p6dKHtvE6fPqW4ji6NSkpQV1enTp5s1vkL7TIPi9PwpNGakpur0yf+W90OKS42Srb/PqLY2FiljL1BycmJartwXrEmk6JjggejAQAAAAAAABgGXWD10qVLiomJkSRFRUW5s04vXbqkxsZG1dbWyuFwaPLkybrjjjuUmJjoDn729PTIbrfLZrOpsrJSt912m9LS0tTV1aWmpiYdPXpUdvv/z969x8ZR53m/f1dV3+/tvrjdvt+dOM7VwARygWEmMDsJ7M4w8+zDzJE4K3ZHeqQjcVgdaXb3n/yzOysd7QhppZXYw+owewZmeB4WBpLlEhiWBEgCOE4CcezEid2OHbttd9vtdt8vVeePtjt24oQkJMSZ+b0kRFxdVV1u1y8df/r7+/6iZDKZclsBk8mE3W7H4XAwNTXF6OgoExMTWK1W6urqVmwjIMtyuaoVStPxs9ksqqp+Y6/TIkmS8AWC3Lt1K7LehNlkoL6xEZPFRkNdEIteY+u2bUiKQio1R74gYbWaSSbmkRQ9fn8lBr1MbU0tFb5KdCt8v6uJpmlkUknC4UlMNjuymmc+mUVVi1QFq5ibiTCfyqGTJVxuN/lclnQqjaTIyLJEeGoan9ePrGY41X+W8OgYnpo6qmtq2bJxA7rV/e0LgiAIgiAIgiAIgiAIq8SqC1YB8vl8OdAcHR2lvr6e2dlZPvvsMywWC+vWrcPn82E0Gq8IPoPBIF6vl9HRUebn57FarZw+fZrz589TUVFBU1MTNpsNi8WCXq/HYDBgMpnQNA2Hw8Ho6Cj5fJ5kMsnk5CQjIyM0NzdjMpmWVXKqqoqmaeWvl/75myQrOryVQZwVPpAkZElC1Rb6p+p0gEZzawuSLKFpKprGQpVtAZAXWh1oeL0+ZFlZ9YtWaWqR6fAYr/7mFTSLl7ZqN9G0RDExgb2qmcTkKIrJwqmTX9C5YTMWvURo5ALSDwD/AAAgAElEQVQzszOYrTamozN0rO2kwqqn9+QXjJwbwlfXxPoNm2hpasHj+mYrjgVBEARBEARBEARBEIS706oLVru7u/nwww9xu904nU6GhobI5XLMz8+TSqVob28nGAyW2wNczmKx0NDQQFVVFZIkoSgKra2tNDQ0YLPZMJlM5QrXpcdrmkZXVxcdHR2oqkomk2FoaIiTJ08SDofZsGEDHo8HWZaJRCJcuHChfGyhULhmP9fbSZIk9Hr9NXu7GozKFdu+6V6wt1KxUGQ+nmTsXIjJMTct6+6jrrKCX73yG+5/aBfNThtTE2Ey2cO4PH60Yp7J8EVm4kmy2RyZvMrW7k5SmRyNra2omko6l8dkMt7pb00QBEEQBEEQBEEQBEG4S6y6YPXRRx/l8OHDHD16lEAggNFopK+vj40bN/LEE0/gdrvLFa2LLQIW2wAA5TDVYrEApcDU4/FcEaReTpIkDAZDeYq/1WrFarXicDg4deoUJ0+eZPPmzeh0Oo4ePUoqlaK6uhooLYRVWVmJ0SiCuW+CrCh4/QG8AR8ff3KUjnseom1tKy21J1jbuQ5zbpbG5haQslycnKS6yoesyDgdFaDlMRj0KJKG3mShvb2V2eg0+Xyu3IJCEARBEARBEARBEARBEL7KqgtW/X4/jz/+OJ999hlDQ0PIskxLSws/+tGP2Lp1K5lMhnA4jNVqxW63E4/HMZvNjIyMoGkaqqoSi8XK/U6/KlC9GlmWsVgsNDc3o6oqAwMDhEIhIpEIIyMj+P1+jEYjkUiEdevW0dbWJoLVb4CEhNXmYO36DXh8bnw+L4GGWiq8Pu771lbqaqqQ0ma+9cADOO1GhoZHkPQGNm7YhNNZavUQrGsgE5+kOpihvbOL81/2ksBIMpXG5LTc6W9REARBEARBEARBEARBuAusumB1ZmaGo0eP4vf78fv9xGIxHnroITZt2kRNTQ2qquLz+YhEImQyGXQ6HUajkfb2dgAuXLjA3NzcLbseg8FAbW0tIyMj9PT0kEqlqKiowGKxMDk5SS6XY9u2bdTX14uKx2+AJMu4PD623u9Ep9fR0tyMrDNgMuh46JFHMZosoPmorm9EURS6NmxGQ0KnU1AUhWw2i8FgJJ/PsnVbHqvNRteadoqahMMqgnFBEARBEARBEARBEATh+qyaYFVVVSKRCL/73e84ceIEnZ2dDA0NUVFRwbp163C5XMTjcdLpNHNzc4yMjBCPx9E0DaPRiNPpJJvNMjMzQ7FYRNO0r6xU1TStvN+19rVYLLjdbs6ePYvBYECWZaanp4lGo8iyTCqVKrckEG4dTdPI57LMJxIoOgMOhx1ZktDp9egWesQurRJ2OJwLf9KzuNlsNi8756WvL223mE0U8jnm43NY7Q7UQpZkIklRBZ1ej8PhQK8TobkgCIIgCIIgCIIgCIJwyaoIVtPpNGfPnuW9997j448/pqmpCZ/Px+DgILW1tfj9fuLxOOPj4+VwNZvNlvuqZjIZEokEmUyG0dFRnE4nTqfzqhWkmqaRzWaJRCJks1mCwSAmk+mqwaiiKOWp/7lcjmQyidPppKamhsHBQU6dOsWjjz5KRUXFbXuN/hipxQJT4Yv0Dwxic/upqfJRyBcwmkzIsozVaiGVSqJTFOJzcQxmK1azgdnZGDqdAafbjdViIjE/R2wujk5vQq9AOp1F1cDjqSA5HyOdzaOpKn2n+2hft5FsPMJ0JEJBlUBS2LBxM5VeNyI3FwRBEARBEARBEARBEBbd0WA1m83S39/PsWPHOHr0KLFYjObmZiorKwmFQszMzCBJEqlUinQ6zcWLF8nn82iatuw8qVSK4eFhpqenGRwc5J577sFms101WE2lUvT393Px4kWcTicejweTyXTV65QkqRzW2mw2Ghsb8fv9GAwGcrkc8/PzJJPJ66qSFa6TplHI55kMTxCZmUExmjlyZJDEfBKzxYqmFqkMBpgYD+MwGUjmNSRNxWKzMnphhEBlFdUNzWzobGU0dI7PPj9GWtXjsRvJqTpyyTjVDY2cO/0lmqLDYLYTOtfP2NQsXqcNk1HB6fYyemGU8NQ0fq8LCfGzFQRBEARBEARBEARBEEruaLA6NTXFr3/9az788EMMBgMNDQ0kk0mOHz9e7pWaz+cJh8PIsrxiqApQKBSIRqOMjY0xMTHB6OgoVVVVeDyeFcPVYrFIoVCgurqa2tparFbrVwaiBoMBk8mEzWajuroal8uFqqp4vV6SyWS5HYDos3rrqGqRbDaHqmqgFYnF50ErMjsXI5uY5czgWZxuP7FcHFt1C7Gxc2T1DrLpBIFAJRPhCdqaapgYH2d6eorJ2SQzDjPe2jYKySh9fUn6vuhnc/d6ZqNRpqcmSRVkWlqaqbAbcfuq0NQi2WwGTQORqwqCIAiCIAiCIAiCIAiL7miwqtfrqaqqYu3atRiNRiwWC5IkYTabSSaTFAoFHA4H6XQaWZZXDFWh1DdzzZo1GI1GZmZmsNvtyLJ81ee1WCysWbMGvV6PLMtEIhFcLtc12wEYjUZqamoYGRlhZGQEs9mMwWDAbDaTSCQoFApXvT7h5siKgslkRFNVCqpETW0NOlmmWFRJxSxcPNbH1u3rUFJRppNFfMEGbG43yWSS6ppq8qqMLEkYDGYqq6qxe4rYLUY81TVoFQayGDHpdPgDQRpMZhw2AyabG0VWqPC4UHNZNGRMZotoAyAIN2rqbQ68Xseun3Ve9kCEngNHGM9ettnVwWOBMG8OW7h/1xa81/MckWO8eyRF057ttC7dPvgRbw7EcHfsYXvrkm03cm5BWO0W7nNcHTy2/dIIiBw7wOHx7ML9P8hH+4Yxb91Ft/eyY1ccD5f2bxg5wOFU47JzX/ty9tEfc7FmyXgc/GgfQ5atPLJFjDrhLvYV72dRz9e9x68yThffLwkuGaulbenGJe9vgiAIgiDcUXc0WPV4PPzwhz/kgQceKIeSkiQxOzvLv/3bv9HW1obH4wG4ZmipKAoulwudTofZbKaurg6Hw3HVcFVRFBwOBwDxeJyTJ0+ybt06qqqqrlpxqtfraW1tJZ/PMzg4iNFopKmpCYvFgsFgEC0AbjVJQqfTU1VVzXwqh8VRQVXAh06RKRaKxCJhNKOTDV1rMVJgKjqLwWTFZjWTyWawWiyoGlitNtas6yJY14CKjNGow2iyQrEZFAPZdWtJZ/PYHA7WdXag0xvJpNMYDHpmoxHq6uup8ntFGwBBuAGRd/8vjvwXuBrrOPDDD2j8j/+Dy3//MwZX+kW0lcdu5BfF2RSX57PLHh4+RqRVBKnCHzCjEWMszCCtC2MsQii6dFS0sn3PN5m+xBg6FqFVBKnCH4jreT/7+k8SJ8XSZVUvkx2nf3CLCFIFQRAEYZW6o8GqTqejrq6O6urq8rZ4PM6//Mu/oKoqHR0dmM3mrwwtJUmiWCwyMjJCJBIhkUggSdJVj1u6XZIkpqenmZmZwe/3XzVYzWazqKpKW1sb6XSavr6+cs9VRVHI5XKoqnoTr4JwNbKiw1tZhcnqQFJ02KxWZFlCVVWcDjv+6kbcLieyLOGo8JZ/5kt73UqShNdfSYXXX/669Fhpbr/m9aCqajmEl6TS+TVNw+V0omoSdoddVKwKwg3wPvJ/s6f6n9n36xa2/sf3rj/YLFfR1RM6cIS02cVsLE1w6y6c/fvojy3s5+rgse3w0UBpQ/9Hg7Re8Runi6AnyrFjkRUC3MuqZo2laiCOHeBwykMwPV56zNXB/ZZhDpe+KFfiLVYEXroW8duucKd48LiizEUALxAZIYoLt3FxsCyphOMY7x4ZJwu4Xa4l51gyHlwu3Cs9TeTSsUvHwhVcQTzRXnoil1feXX6OxQ9XKFXfeYKkxheurWMr5uEj5TG4OL5KFbFLjxXhrXD73fT72Yr3u3f5+4cxWHq/6y3tN957jMgKsyqMwSAMfMRg6wrjbrFyfcGySvWgmfHxGGAkuLWR9JEBZlk6fgb5aF9pW2mfFcatIAiCIAhf6erz5b8BkiQhyzJ6vR69Xo+qqrzxxhscOXKE1tZW3G73VcPRQqHA9PQ0Q0NDnDt3jsHBQS5evIgkSUQiEfL5/FWfN5/PMzIywnvvvcfbb7/N8PAwfX19TE1Nkc1myWQy5SB16TGnTp0iHA5TW1tLJpMhmUxiMBhIp9MMDQ2RTCZv+Wv0x0wCdHoDTpcLh92GosjIsoyiKFhtNjwVrvI2nU6Hoijlx2W5tL10jynodLpl+8jypX31ej2KopQfW9zX7nDidDpQrtFWQhCEFUy9zYFft7D1p+c48nzfirtkx4/w5r59C/99xOAK+8wS4LE9pUBoKOZizZ49PLanA3dsmJ5IK9s7XICLNVcJNp1bGrGM91957sgszs17eGzxfNkoocjCY7EobN7DY1uDGGMDHGNzaR9ihAeBwY84HPVw/549PLZnK8H0AB+tdPGC8A1xWiA6UrqBIyNR8ARWqHyL0NM7DsGtPLZnDwEuBTGRY72lqcZ79vBYgIWQZalBPjoSxbO1NGbuD6bpv+pN76C70cx4/5WPR2YdbNmzMO46XGSjIywOu9kobNmzh/uDRmYHektjsMMFsTCDlD7M6KejPGYt4730RK54CkG49a7j/WwlK9/vg/SPQ3DrwvsH4/QPeuneHMSIkeDmq82wqGdNMM3QsStv+kECC+NiYfyEF8delvFU6bE1rizjR8IEFvYpXUuEngMD0LF4jeZSsHszr5EgCIIg/JG7oxWrS6XTaX7729/yyiuv0NLSQnV1NblcjkQigdPpLE+31zSNmZkZvvzyS8LhMB6Ph4mJCSKRCJFIhEKhwPDwMOvWrcNoNDI1NUU8Hqe6uhqr1UoikeDYsWNEo1ECgUB5gawvvviCmZkZmpqaMBqNOJ1O2tvbywtbqarKhQsXGB8fp6urq3wtFouFiooKDh48SF1dHVu3bsVisdzpl/MPg1SagH95uF76WrqtVaTXqngWBOEr+L/Hrn8s/XHPupV3uZ6KM6NloXbOW4/HeIT+ffvod3Xw2J5dpe1XJkCXaWV7R5h3j0VodSzZ7G2ldVnVqvFSEGX00OAFcGAhirm+dI1mI6SBSDwN2RiH941fOl94EFpF1apwZ7jrPdBbCilDUfBsdkP0sp3mRohmjXgW7ufWgIv+YVhsHWD01JcCndYA7oHh5cdG4qTIMntkH2+WNy5tP3CZ1u2sCR+gJ9KKc8lmb2vr8io+46V/K5Wf32GGqGVhDFowkgJgNpWF2ABv7hsoH5MaiYBXlNcJt9l1vJ+tZOX7vZWAa4D+I/t40xjk/l17Svf9daSZ3i2b8RzoZ5A1y7a3trYur1pdUozuDpRGqNtiBAKl8eowL/z9MEs6C7MD+3izPKzShMSwEgRBEIQbdseD1Uwmw8cff8wbb7xBb28vnZ2d1NXVMTY2xrFjxwB46KGH8Hq9FAoFRkZGuHjxIuvWrePP//zPsdvt/OIXv2DHjh2EQiE++eQThoeHOXv2LOvXr2dqaore3l46Ojro7OxkZmYGvV7Pk08+SSqVwmQykclk+Oyzz+jr6yMUCqHX66msrESv19PW1oZer2dycpJEIsH8/Dwejwe73Y7ZbMZkMtHS0sLp06d58803MZlMbNq06bpaGAgrW+ynuzglf7Hy9Jt6PTVNQ9M0CoUChUIBuFRdvVjlKoJXQfgmeenetYfFaYtv7hsoTXe8nkNb1+A50EvP0hq+JYtbPbYwZfKGiOn/wmrircdDL6FBiOJhixdCt/xJrjH9fwWtazy823uM5cNucXGrPbQOfsSbNzjsxPR/4W5ytfu9dfue8gd7h/eNl+7r+us5o5fuRnjzoxGC5W1LFrfas32hnc2NXKWY/i8IgiAIt8IdD1bPnTvHSy+9xCeffALAiRMnOH36NMVikUKhgCzL5T+fP3+eqakpduzYwXe/+12qq6s5ffo0qqqydetWotEomqYxOzvLsWPHcDgcZLNZUIuMXQhhNpuYnY1RU1NDW1sbv/3tb7FYLMTjcVRVpVgsEo/H0el0yLJMKBTC5XIxPz/PmTNncLlcJJNJ+vv7uffee6moqCgvhNXS0sLAwACvv/46ABs3bsRisYjw7QYtBpqxWIyRkRFisRg+n49gMIjdbsdgMFx1UbJb9fz5fJ6xsTF+//vf89lnn5PP5bDabNTV1dLU1Exraws1NTXlYP1qfXkFQbhFIsd4txe27NrC9j3uUk/G6z7YS/dmD+8eGV9WIYcxyJpWYDDMLNdYNOTysznMMF5qRdDtvVUrQgvC1+GlwQPHhqNkzY14WSFYddbjMY6XWgZ4vQyGY4Bl4Vgj49ERInjxrjQevA4sjJcXpYocO1Bqh7FCL8hLx2xhi+cAh68YdmsoDbvF578+bouR7Hg/g1u207rwAQsdYlV0YXW78n4f5KN9YQJ7ttO9aw+DH+1j6EZO2LqdNeF99GdZ1gvZ3bgFLxF6otnrfzPDjdk4UGrbsX2x6pUb+gBFEARBEISSOx6sBoNB/uIv/oLvf//7ZLNZ/vmf/xmXy0VNTQ3T09NMT0+jaRrT09OcOHGC6upqtmzZQm1tLTqdjkgkwtTUFPv376e3t5dcLkexWOTCyAjHe3txV7hpb2mkpaGG8xcucm5wEJPJxNzcHGfOnOH06dNEo9FyZaIsSRiNRiRJYnh4mPn5eXQ6HT6fD0VRiMViuFwuTCZTOTSVZZmKigqampoYGhpi3759KIrC+vXrReXqDdA0jUQiwcmTJ3nrrbfpPdZLOp3G4XDQ3tHO9u3b2Lx5c7ma+Fa/rpqmkcvlGBgY4De/+Q0HPzxEMpFGlmSQJT7X92A0GrDarDQ2NdLVtY4HH3yQhoYG8XMWhNtpMaTZt6/0tauDx1qBiAUj41dZvGr58U2ucfoX09jWAO6BgdJ0fleQoDFG+ivbCiweu5374wc4vDgt2tXBYyJUFe4wb70HxsdxN7ay8rziUh/Hd48c4c3x5YtXebdsJrhQPbfy4lWtbN8aLx9bql69RqhaPm8j7vEBFgvoWgMu+gcWnj8YxBhLfXU3j/K5drEmta/UDoSF6lWR/girRHZ8cWxAuQp0xft9C9s7wry5cB9jDHL/di8wi4Xxqy5etVTrmiBDRxafrPTByOGBfbw5YCQYdEE0TgTHNc6wyEv3ro7yLJDF6xbDShAEQRBunKQtzru+RYaHh2lsbLyhY4rFIvl8njNnzvDss8+yZcsWLBYLhw4dIplM0tLSQjKZZGBggIcffphnnnmGpqYmFEXhnXfe4f/8H/+D2elpZtJpCsUiJsBX6aNrQxepTJauNa38bz9+nPh8kg8/+RSd2c63HtjBL/7hF3z08ccUi0VkSp/+Ou12aru60JnNTE9PU1tbS2trKz6fj8nJSeLxOJIkMT09zT333ENlZWU5UCsUCoTDYYaHh+no6OCJJ56gubkZne6O59erXqFQIBKJ8OGHH/Kbl3/LSGgETS0tPAUaiqJQ4XXT3b2Z3Xt2s2HDhuuqCF7aVmBxOv/V9lusin7x/32Rd945gKTJmEylwFRTNYpqkWKx9J8sg8lsoqGpniee+CGPPPIIVqv1ur7Xmxkj1zpXVSBwS84lCIIgCIIgCIIgCIJwt5kIh29ZzrLUX//1X3/lPqsi8ZNlmYmJCV577TU8Hg9tbW0kEgl8Ph8Oh4NCoYDJZMLv9+Pz+a6oDgxoGr5EguOAAtTLMs3VVfy3xx8hmclhNhmpDgZYY7fR2lxPUbEwHc+iz+exahoJwAo8AFiMRuo3bcJZXc2JEyeora2lrq4Og8GAyWQCIBwOMzg4yPz8PD6fD1mWy71A/X4/sViMCxcuEAqFqKmpEcHqVygUCoyNjfHWf77Fm2/uZ2x0HJPRhNFsLC8SViwWiExF+eD3HzI/Pw9Ad3f3V1auqqpKLBZjYmICr9eL3++/argaj8c5dOgQH3zwIRQlLFbrpX1l0C0Ml9L1FCnkCpz+8jS/SqZwOp1s374dg8Fwa18cQRAEQRAEQRAEQRAEYVW644mfpmlMTEzw0ksv0dPTww9/+EPuueceJiYmAEin0+X9NE3DbDYvC8YMBgNORaGT0jcTA1oksJpMtDc3UddQiyxJuJxO9HodVosF9DZGe05hTyS4T1WZBRzARiBiMOCw2dDpdFitVlwuV7mvp81mA8Dr9aLT6ZicnCQYDGI2m4nH4yQSCZxOJy6Xi4sXLxKJRMjn89/ky3nXUVWViYkJ3njjTV77j9eJzcSxWUqv/2JgWlooSo8sK2SzGT49+jlmi4Wqqirq6+uvGawWi0XOnTvH66+/TltbG48//jgVFRXLjlnsq3r+/BAH3n2P+bl5XM6KqwawkiSh0+nKgfnQ+WFeeeV/EgwG6ejoEC0BBEEQBEEQBEEQBEEQ/gjc0WA1l8sxODjI/v376enpoaOjg/r6eorFIolEArvdjsVSWtwgkUgAGnpFRlEuBV5VVVXIfj9KKMQDxSJxQJNk0gY9JpMRb4X7yopRNQdqHmSJBkmiTdMwAgVg3majqChMXLiALMvk83kSiQQWi6W8GrzNZqOyspJoNEoqlcJkMhGPx+nr6yMQCJQXtSoWi9ziTgt/UFRVJRwO89Zbb/G7198gNhPHYragairxRJxioYCiKBiNJgz6UrhtNJpIZ1IcPXyUzs61PPHEE9dsCaCqKvF4nOPHj9Pb24vZbObb3/42Xq932aJTiUSCTz/9lP7T/dis9vJjmqahqiqFYqHUToBSqLp4L+j1BoqqyvHeE7zxxpv4/X48Hs838voJgiAIgiAIgiAIgiAId84dCVY1TSMUCvH5559z5MgRJiYmaGlpob6+nomJCaampkilUhSLxfIx6XQaSVPxOK2YFQ2pkAFJorrSwz3feZCR+RimdBoNyJpM1HWtxeV2rVx1WCxQ43Ox9dFvM+11QzqFVigSy+XxdHSgyhKx2Cxms4WRkRE8Hg/19fXlsE1RFLxeL7FYjEKhgCzL5QWxZmZmaG5u/oZeybuXpmnMzc1x6NBH7HtzPzPRGBazhUKxQDadwOuw4XV6SWSyjEdnyWYzWMxWdDodRoOJ+XiSgx8eYufOndTX11/1eWRZxul04nA4OHdumHfffZ/JqSnu6e6mq6sLh8OBpmnMzMxwrKeHQr6IwVFqQaCqKql0kmIhh81kRKdTKBQLzMXjGIwWrBYrkiRhNBhJZZJ8+OGHdHV18cgju0T7B0EQBEEQBEEQBEEQhD9wdyz9mZ+f5/jx43z66ad4PB5UVWVqaorjx4/jcDhoa2tbFk7l83lMRgMehxmDloasBkjYFJU/e2wXXwY95NMZAHRGA41tzXi9FVepZFSprnTz4//+A8a33Uc6laJYKDCfTBHP5unpGySdSpNIJCkUCni93mUBbalSUb/sjHq9HkVRmJmZIRQK4ff7yy0EhCsVi0UuXBjl9+//vtRT1WAqBZmpeZr8bn708IPUV1USic1x6MQXHO07Q3w+hsPuWqgWlTl/7hzDw8P4/X6i0SihUIjR0VGy2Sxw6eeUyWQwGIwYDEbSmTwnTpzm/Lkh+vr6uO+++7Db7UxNTTM8HMJkNJd75uZyWYq5NJtaG9jU1orFZCSbz3N6eIRDJ/uQJLBabKVKWr2RiYuTvP/++2zYsJ6ampo7/AoLgiAIgiAIgiAIgiAIt9MdC1Zra2t59NFH8Xg8TExMEI/HicVi9Pb2Ul1dTXNz87JgVZZlVFUll8uiFbKleftIyEBzfTVBf0V52n2pilCPwWC46hRxg15HTXWASr+3NNW7UODc8AX2vfsBAwNnSWVz6PV6WltbqaysXNbz83KL2202G5lMhkgkQjAYpLKy8q5czEgrFFBHxyieH0Kuq0VpakS6xRWY6XSac+cGGRwcREZGlmVSqQROs54fPbyDR7feS1FVyeZySJpKIjFPZC6Bouhx2B0oikIkOsOrr75Kb28v09MR4vMJksk0inL5z0pjLp5AkmXsdidVwRpmotMc+ugoAwNnAcjns0xMTOCwukqLU6lFkqkEFh3UV/q5t7OdxmAViixzcTqKTpF5++hxDHrjQr9VPVI2S9+pPk6fPk0wGBShuiAIgiAIgiAIgiAIwh+wOxKsSpKEy+Xi/vvvZ/369YyPjzMxMUE4HOb48eM4nU5SqRTxeBy3u9Qj1WKxkC9qDJwd4p6N66gOBpAWgiu9TkFvt93wdZR6dhrI5fJ88mkPr7z+Fkd7jlNUNfR6A8GaGmpra7HZbMuCOlVVmZmZQVVV0uk08/PzFAoFoLTCvdFopKuri+bm5rsvWFVViqOj5F75DwpHPkW/+3vIVVVIN/H6Xsv8/Dz9p/uZn5tHrzdQKOTRijm2dW3gu/fdQzaf4+3Dn3Lgs16GxieJp7PkC3nmE3NIEqQzGWZmI7z99jt0rd+MzxfA4XThr2zAbLYgARpQyOfIZDO43H6acnk8Xh8VFR68Xj8zMxFmZ6LEYrOMjYaYTyRx2isAyOfyxOfjpCWVQydPMTUb488e3MbWrk7a62v533c/ypmRCwxPRfB5/ciSjMFgIDYbY3BwkAcffPAu+dmf4dc/+yWHVnhkx7PP89P2ax0b4eA//h2Ht/49f9PZxy/+7gj3//3P2em9bK+D/8jfvgw/ufyxMy/xV6/X8A8/38llhwh/AGZnZ8vtUgRBWJlOp8PlcuF2u2/qeDHOBOGriXEmCLff1x1ngiAId7M7VrG6OE3b5XLhdDppamrit7/9LRaLhcrKSnp7e8lkMmzfvr28iFVlZYDjfQM0fVbNIw/vxOWwf+UK7KUp3XnSmQyqqqKqKolkigqXC5vNgizLSJKEyWhkTVszDXVBEokUJ/rOYLNaMZlM5X0W5XI5wuEwdrudCxcuMD4+jsvlAmDjxo2sXbuWhx56iMrKyruralFVKV4cJ/faG+T2vQWahmQwIC1Z5OnWPI1KLBZjZOQCGhKSLJHLZPE5rfzJA1pzsKEAACAASURBVFspFFX2HTrCKx8cYiaZxWCw4PEYkeUo8fk4qXSKigovnes24HRVsHHTvXi9/vLP6fJ7olTJrKFpLHu8sjKI319FJpMCYPDsAIqsoGka6WyKbDaDzmpnJlXgk75BpmJzGA0G7u1cQ2ttDU99/1H+4Ve/IZ1OlVoCKAqZbIaJiQlSqdRdEqyWfHWI+nUN89K7Z9j5k9v6JMIqMRuLMRuLYTAYMJpMd/pyBGHVUlWV2dlZgBv+ZXR2dpbZ2VkMRqMYZ4JwDWKcCcLt93XGmSAIwt3ujq+wI0kS+XyeDz74gH//93/HbDbT399POp0mnU4TjUaxWkuLFtU3NBCPz/Hq/vfQNI1HH96By+m8arhaLBa5OBHm7LkQM7MxYvF5stksNpuVhx64D6vVDIBOp3DP5vWsX7eGyalpXnn9P5mdi2O0OAiFQrhcLqqqqspB2fj4OPF4HJ/Px+DgIKqqEggEqKur48c//jHr1q3D6XTedQsYFWdmyb33X+R+tx+yWQx/ugf9jm1I5lv7D0lN08hms6TSKSRJRlM1JIq01daztqmBL86e5399cJDx6DxudwU6RSGRTKBqKi63m8amVtrb1xKsrsVgMGKz2a8ZYH9VCwedzoBeb0DTNDRNRdNkCoUCer2BClcFFouVXD5HX2iM3x38iDUNdbjsdh6+dwvvf97LoS/PYrPakSUZVYXEfKLc51VY0NhI46Ff8uvu2x3gCqtBbHYWo9H4lR98CcIfO1mWMRiNxGKxG/5FNBaLYTAa764PcAXhDhDjTBBuv68zzgRBEO52dzz5m5+f54033uBXv/oV4+PjbNq0ic7OTtrb23n//feZnJykurq63D+1pbWNI4cjvPDr/2A2Ns/3dz1IhduFXq/DoNcvq0iUJAmb1UptTZBKn4d0JkuhWMRus1JR4UKSpIV+mir5fIGh0Chvv3+Qd//rE8bGw8TiSc4PDdHZ2Ynb7UaSJMbHx+nt7cXtdhOPx5mfnyeVSuHxePj2t7/Nhg0bcF4j7F2VNA0tlaJ4rJfcu++iZTIYvrcL43//MUp9HdzG70UCVE1Dpyj4K9xYTSasFhNBn4fh8BTRmWl0Oj2FYoHG5la6NmympqYe+0Kf1VvxOut0CpWBIHX1jUxPTmIxW9BUDbPZgtFYCpU1VUPVJD452cfweJhN7XasZjMNVZX8/nhf6XuRpFK4qpUqo/8gRA5eNsW/1DqAG65w3coPnoR/+uVL3PP8T1jx0MhBfvF3LzO8+PWOZ/nXn7RzqeXAk9S+/HKpbUHjk/zD0/D/LO7f+OSSlgLL2xvc/mpc4XKFQkFU9gjCdZJl+aamGItxJgjXT4wzQbj9bnacCYIg3O3ueLBaKBQoFovs3LmTpqYmampqaGpqwmAwMDw8zBdffEGxWGRycpJQKERVVRV6g4F4MsPbH3zC0Mgold4KmhrqWN/ZQaXfi9FoQJEVZFnC7XJS4S5N09c0DVVV0TSNQqFIMpUmnc4wenGcz49/yae9XxCZnUdvshAIBDAYjKRSKQqFAvF4nFAoxNmzpcWOzGYz2WyW5uZmJicneeCBB7j33ntxOBx3V6gKaMUixQtj5A59jHphFN2GLgy7/6QUqn4Dn9BLSBRVjXSmVOVZ7fPRUVfLBz296JHwVQaorWukpbWdqqqaWz7FXpYVKisD3Ld1B8ePfcrohRCZdAazyVwO31OpBLOxGdJJmeHxcda3NiMtHFv+PhZC/WQiSSKRuKXXeLsd+uXPlvVZbXzy7/mby5ulfk2enU/zkyN/x2sHH1nh3BEOvvAytc8+z9+0sxCyvs7BRy71ZR1+eYwfPP88P10ITv/2hSf5h+efx7sQyL5zZic/bY9w8B9/yeiTf8+/7vQunOcfObhC71dBEARBEARBEARBEISv444Hq1arle9+97vIskxFRQUGQ2lKdjQapVAooKoq0WiUs2fPcv78eXK5HNFoFJ/Ph8Vu58PDnxObncXv87C2vYWt3ZtoqKvB4bBht1lx2G2lvplopNMZ5uIJcrks0ZkY4akIX/af4ezgMGMTkxSRqK9vYO3aThRFIR6Pc+bMGSYnJ4nFYiSTScxmMxaLhVwux7Zt2zCbzWQyGXbt2rVqeqpqmgbpDNr8PFo+/9X7JxLkDx+h0NOLpDeg61qH5LCjTk+DTndZxaoEBj2S2Yx0xWM3R5IlNCTmEinSmSyR2Bzh2RgeX4C2jnU0t7Tj81VisVhRbnG/VygFogaDkcbGZowGIyazhTMDfRTVIrl8Dr1Oj8FgRKfXEfC4qHA4kCWJ4kIV9VKlELbUxuJu8s1UdXrZ+fSTHP67FzjY+XN2Xv7Yz5+/9GV0jGHg/iV7ND75yEKlq4faRmjc2lmqUPUGqF3cKdLH4eEd/ODnCymqdyc/2PEyr/VF2CmSVUEQBEEQBEEQBEEQbqE7HqwaDAaCweCybYvB6sDAAHNzcwwODlJZWYnBYGB8fJxwOEwwGERRFBqbWvjyyy+Jzac5euwUp88M4fG4UWQJq8WM31uByWgEYDo6Q3hymmw2h6qqFAoFkukMY+MT1NTWU11ZSSqVYnp6GkVRiEQiRKNR5ubmyOVyBAIBnE4ngUCAbdu2sWPHDnQ6HbIs4/V6V89iRfk8hS+/JHfg92gTYVghAFxKy2Qpjo2hjoyCyUj+408o9A8g2WxILgeSvOQ20SnINdXot96HXFd70wtbSZKEROlnXarwlZiJx+k9M8inA4NMZTUe2P4wTc1t2O2O2x5YlxZTM1BTW4fZYqGiwsPw+UHic3PklTxmkxmP24vTZqLa70OSZbRikXQmu6xCebEqWriKhaDzn144SOefLX/ozEs/458Wy2YbG2m8mfNHxxjmEP/0s0PLt++IAiJYFQRBEARBEARBEATh1rnjwepKVFUlmUwiSRJms5na2lp27drFhQsXeOutt5ifn0eWZerq6vje977HwYMHOXz48MIU/wIFTSGTLTAyFuLjIz3YbRbaWhoxGAzodDr0ej3eChdul4uaYCW/e+s9nJ5KvF4f58+fZ3BwsLz4kE6nw+Fw4Ha7aW1tZe3atdx3331s3LgRl8t1WyoovzZVRY3MUDw9QDF0Aa4W9KlFSKfRMhkoqqVp/+kMhVOnkSQZ9HowGZE0Da1YBElCslpRujpRGhuQq4NwE99/KcTUYzKbUbXStWmSxODYOP/+9ntoFhctnZvw+wOYFqbjfxMkSUJRdHi9fsybLASraxg43Udo+ByZbAa93kihqKLIMhJQKBYZm5pCr9N/I9f3h6L9J8+y42e/5J2eHZc2Rg7y2qFGfrI4ZX+ht+sN89TQyA5+cLU+roIgCIIgCIIgCIIgCLfIqgxWZVmmurqan/70pyQSCRobG2lpaaGhoQGn08ns7CyyLLNmzRo6OzuprKxkbm6O/MK09/n5efL5PAajgWQyQbCygt2PfJu17a3o9TpkScJkMmEyGtHpFA5/1svQ6AXSqRR6vZ6GhgY8Hg/JZJJcLkdtbS333nsvLS0t+P1+/H4/JpNp9fZS1etRWpsxPLoLdXx8xWBVyxdQxyconjqFlkohuV0oLc1IblcpVF3cDw2yObRkEhQF2e9DWd+FXOm/6f6rkiThdrtpbm7mxPFSD12QiMQTnJ2Msm3nFqqr69DpLt2emqZRLBbI5XLo9Xp0Ov1Nvf7FYpFkMlEKdlcIbUvhqoLd7sBisWI2WykUC4wMn0MnK2jo0BauZz6V4kJ4EqPBVL5GTdPQ6ZRl135X8waoZZjDi1Ppz/RwCNjxlQdeSzs/fXYHf/XLQ9D45JLtw4wuFJaeefdlhmlc1grg+q63k/sbX17Sx7XUj3X0NvSMFW5WiP17X6Tn8s01u3nm6W5cX+vcMXpeeI4TG5/h6e7YbXweILSfvS/CU3t303DNS+rhhedOsPGZp+n+2k8qCDdj6bi4Azfh9Y4VQbjbhPaz98Ueup/ay+6Gy7eH2S3+3hcEQRCEPwqrMv2RJAmfz8eOHTsoFosYjUYURcFsNhMIBBaCuNICUnq9nq6uLv7yL/+ScDjMxYsXee211xg+149TmafamiRQYaGjtZHN6zsxGJZXFyYSSYyKhjt3ntTFUSyBTrq7d3LPPfegKAqqqhIMBqmpqcFms5UXKFrNJEVBaWhA9vkgm72iFYCmaahTU+TePkDhdD+S14t+2/0Yvv8ISm0tKEtvCw0tl0dLp0GWkGw2ZLcLyW7/Wm0A3G433d1b+OTjTzh/bhhVVanwVdK18V7q6puuCFXz+TxTUxPMzkQJBmup8Nx4SKZpGtlshrNnTmM0Gmlr78S40CZipWtUFAW/P0Bn53rCExeJx2ZxGu0AFFSVU+dDXIzM4nRXloJftYiGhs/vx+1239Rrs/q08+iTjfzty3/HX70M7HiSnzTC6Nc+7SP8pPEQLy1+vdgiYGERrR3PPsuOQ78sB63Xz8vOnz/L6M8Wrhdgx7OlhayEVWX5L6Kl4Oe5/V727r610cuKz/MCtyZcFQRBEP54Nezmmd1hnntxP+vKHxyE2L8QtopQVRAEQRD+OKzaYFVaqCpdSqfTYbPZyl+XFgpKEQqFOH/+PGcHB5mORJgMj+NQJ3moMc9c3oypyo/dal0xEI3MxNAX4+zpSHMxluZobJKh0DA6vZ6qqirq6+qw2+0YDIa7IlRdJBn0SIYV/kWnaWjJJMW+fopnziJpGroHtmL408fQbVyPZLct/x4XqjBR1dJCVZKEdAv6nRqNRtra2tjSvYXz54cwmk1s3nIfa9euvyLs1DSNRCJOaOgcuXyeqmDNTT+vpmnE5maZGB/FYrVRW1OPfuFnezlJktDpdFQGggSqgiTmorTWVmM2GpmJx9l36BOKyOj1pbA+n89jsZhYs2bNXRSstvPT55+/5h7enT/nX5etNLX4RWnBqZ0L2/7m+Z2XH3qV4y8/duFKfvI8//qTJRvK13X5vpd/ffn3UPr6p9f8roTVxUX3d7rZ/+IpQrsbbmNVm4vup58ivPdFPg5187Uy3Ibd7N17yy5MEARBuAu5up9g94nneHH/OvbubiC0/0V6up9iryjPFgRBEIQ/GqsyWP0qqqoSiUQ4e/Ysp0+f5vzwMJGZGRSDAYPJRGWVj4DtPPc35umfd2FvacHjqUBRlgeCs7Mx3j7we2y5ETbWFzDI8FE4TjKbZSIaZXJmhrPnzuG023G7XNjtdnw+H42NjQSDwdWzWNUN0FQVdSJM/pPDqIPnkZsa0D/6XXQbu5BsK4TPi2HyLV48SpZlbDYb1dVBPD4f9fUtdHZuwLJCAF4oFIhMTxGLzVBb14jd7rip51zsoWo2mblwIUSx+HuamloJVtdSXV2L2WxZ8ThF0VFf38Tc1EV2bFpPoVDgnSOf8l+9J3HY3ciyvLAYWo7G5ha2bNl81UpYQRCu08IUy0U1uxemMV8xtb7UWoDLp2JelYtADZyIxKDBtfBUe7n0VDWXpm8uTGHu7u6hp+ey67h8enOshxee28/Y5ecQhFUo1vMCz+0v3a3L22OUqroXH6L7qWVV5MvGypLHQvv38iK72R3ev3Bs9xVT/yM9L/DiwonL40gQ7nouup/YzYnnXuSFcA1jY908dXmqerX3M0EQBEEQ/iDcNcGqqqpks1kSiQRnzpzhk8OHGR4ZIZ3L4QsE2HT//QSqqwFw2M2MfXiWgjaBz5whPDnE0NAwdrsNi9lMMpFkcjrKgQ8+pPeDV3ikegJF0hicMeEM1LNu02baOjvJZ7NMXLzIxNgY50dHKRaLmAwGnDYb9bW1fOtb36KlpeWKytpVS9Mgk6Hw5SkKx0+A0YD+/q3o1nch2Wy3pBL1ehUKBcbHx+nvP0NNTQPrujZhs9mvCFU1TSOTSTE5NYGyUD1qMBhvunJYUWScDidOm5VUPMLJEzFmZ6NEo9OsX7+5HK6qqsr8fJxMJs3k5AS5XA6jxc7kbIz/7+0DvPtpL5pixGKxApAr5NAZdGzd+i3a29vvmspmQVgdYvS83wPdTy2ZShlm9zN7lwScHxPqvhU9Gl14AzAWjgGlgPTF8G6e2VsKlkL79/LixyG6y2FSD+HAM+zduximvkpPy9N0LztniP3P7Sfw1F6ebli43uf24xU9JYXVKLSf5/YHeGrv0zRc1oYj1vMq+wNPsffpBsoha6j0oUWs54UlY6X02As9SwKinv2En9rL3oaFcfRCYElg28MJVhhHIlsS/hC4unli9wme2w+7n7n87/3b+X4mCIIgCMJqcFcEq+l0mhMnTtBz7BjhcJjw5CSSXk99SwsNLS1UeDzo9XokWUZTVVo71xM+fx894Q9Y55mDi//Fa79NcPbcg1R4vZw/d47RkSESF4/xUNVFKkxF3j5rYtL+Le771vdoXbMGh9OJLMt4/H461q0jl82STqeZjUYJnT/PoaNH6Tt9mp07drBp0yaqqqpWfQWrpqoUxyfIH/kUNTyFbtMGdFs2IXs832gQmM/nOX/+PG+8+SaD586zZs1GjEYjmqatEKyqZDIZ0ukUDocTh8P5tZ5bkmRsdgcNdbV0tTTy+89O4PcHUIsqhUJx4Tk18vkco6MhUqkEqWSS8fEx0pkMr334Ecl0DklnosLtRZIkisUi2WyG1vZmHnzowWXtKgRBWFnPi3uXLyxVs5tnymFmA7v3Pl1+KBYJA4HbcyENu7n0VDGufKpuvrOY/rgC1BC+8hyhU/TU7OaZ8uVvY3fNc5wK7V4sihWEVSN0aumHGMvbcLgAet6nZ9vTdLtcdD+92O8ixrkTY3R/5+mFoHThuPfPEete+JihZjfbFsZAw7bd1Dx3gnOx7oUPIa5jHAnCXas0PgBOnIvRvewTg2/w/UwQBEEQhDti1QermUyGzz//nFdefZW5ZBKTxUKgsZG169fj8flQFGVZGCcpCoHqGrY8/DjHP4Bj05/Qbo+Qmf6Q//XSAEnVRrNlgmbHPNtrSos67TvnYtazjS0PP0ZLx1qMSypQFUVBURSMJhN2pxN/IEBLezsT4+P0HD7Mf777Lqf6+vjTP/1T2tvayv027yhNQ8vnly1cpWkaWiJF/pMjFHqOI5lM6NZ3Ift9kEmjZa7jvHo9GAw3vWgVlCpVQ6EQv/71r3nr7XfweAJEZ6LE5+N0dq7HYFg+hV5VNXK5LGqxiMVi+1rVqoskScJmsfDg1ns4MzxCoZBn85ZvYTKZl13nTDSCqhapr29mYvwiqXSayfAkVf5qnA5nOVSdT85jtZnYvfv7dHZ2impVQbgOV6yivMzy6cg1NTffV3mlc0fCULNx4Rffy6bw38xTxSJhGOvhub37l22vicQQK2QJq8tl9/9lXN1P8wwv8NxzeyndzYttLWKEx1b4QIRuYot/DHgv3e4ur4iOhD8asZ5X2c9unnkqzHNXVGPfzvczQRAEQRBWg1UdrKqqyoULF3jrnXcoyjK79uzBFwig0+muGV7p9Xqa2trRG37E0feMXIy+x9rKGT4PXWR0Gn66Czr8cHhEx6lENfaO77Bz5y6CtXXXFYzKioI/EKC+uZmxkRFO9PVhs9vxeb34/f47HqwVo1Hynxyl+MWXkMkBC+FqJk3x9ADq2EUkp4P8Zz2ooxdBvo7rlWSwmJHsNmS3C2VdJ7q2ViSL+auPXaCqKuFwmHffPcDBgx+RSmbweCUG+r+ktq5h8TKX0TSNfC5XyocliYsXR1FkGZ8/cEN9TLWFgLlYLJJOp9ArMvU11Tz23Qd54X/up2PNeqzWS5WmhUKBfD6P2WzG6/PT2NzK2MULoGkY9Ho0TSObzZJMJXC47Py3P/8Rf/Inf3L3tIUQhNUs9DH7x5b0aFzoZ3pLxM5xYgwC31nor/rxfsau6BV5Y1zeANRsXDLteenzfe0rFoQbFut5gefC31m4r0uh6OI9v6wVxgpc3U+zd6EINbR/Ly++2kPL0y0EaqD7Oyt/IBICCEeIsVD1Gosg6vKEPwqxHl7dD7uf6cblgqe6F8fMwvvB7Xw/EwRBEARhVVjVwWoqleKzzz7jiy+/pK2ri3w+f93H6vV6AsFqfNX15KN6YmnIqAqyolFUVd4b1HFW/y1aHnqEDd334HK7ka+jElPTNNKpFH0nT9J/8iSFQoF0KsWJEyd4+KGH8Hq9KF+jovNW0ObiFI4dJ//2AbT5OBQKUChCsXhpn0yGwuQUhWudSJZBUUr/l2UkgwFMRmSvF8Pju5EDlSjXGaxqmkYikeCLL77g2LHjmC0OLNYMU5MTyLJMfX0juoVQW1tSZVssFsjl86hqkbnYLBdGhjGbzazX63G53OUK1pXC7MXzFAr5hf6888zOzjAVHsekyKiqxtqWFlw2E+fPn8FisSDLCooiUyjkUbUiRqMJo9FEQ0MTJ4/3MD0ZJjwdRlEUNE3lvm/dy+OPP8b3vvc9PB7P9f2ABEG4DmFK60st9F9d7Grq8hJg7NJ0y9Apljz6FWL0vLqfsZrdPLE0HFoMhGI9vH/9J7ukYR3dYy/y/7N357Fx3ve979/POvtCDoc7TUqURC2WLFuybMu2FFuOnNqyU6dJ2iRtb3pbNPcUQVEk5x7kpLhAboG2KXAb5I+Dm5sg6OlpY6dFkkZJncVbYsmWbFmyNmuXuIj7Opx9e7b7x5C0ZC2WV9L29wUQssmZZ57nmRk94me+v+/3xYHNtdBprgq2+YvfYJdUrIpFEG9ohidry/u70tOM0858kWrXzZthbul/1xv6G9c+WHj9g4Z4czvQQJw4Kza28+Szh7jnzy7pRzxeG3wFwPDc0v/43AcW7bv4dBz5cEF8iNWuKez6q4UK1a5dX2TzN/6ZHx9accmAqmtcz4QQQgjxobBkg1XP8ygWi5w5e5aB/n6K5TK2bROORKi7wZ6glUqFQmaWsFNmIgdVJYjPZ1GoVriQDrLiEx/jjm3bCQavPg3+aqrVai1UPXqUDWvXEggEOHLkCLlcjpmZGarVKn6/f1GrVtVEAvOB+1AbErgXB3FHRnEu9OJNToFhoPh9tbD0qhTQVAgEUMMhlGgMJRIGnw8lEkYJ+FEiEbSelSiBGw9VLcticHCQQ4cOY9kejY3NDA9dJJWa4aabuohG45eds2q1QiaTJpvNMDI8yPDwEFa1Qj6Xwe8PUCmXWd69ihUrejCvU7lqWRbjYyNcvNjHxMQY09MTVEsl6nw6//NfnsD1PKbHx+kfGSeTTlNfnyAai6HrBla1iq7raJpGPF7PipWrKRTzVCplXMfBw2XbtnvZtWsXdXV1b+UpEkJcz1yP0ie//Q2epJ1dX9xF+z8fnfvFtIt7drXz7Se/zTeeBDbvYlc71+zYeMXS5TdMOa/1gnyytoy/fRdf3NXOPx+9pPLuxnaYXX+1i+9/+xvMd6Rs3/VXcyHrWzt0Id4VXbtqlXPfqL362y8JfujaxV/t+j7f/sbcq/WS/sZdu/6KXd//NvM/gtcnnMc3/xlfHP/GJS0vNvPFuaFvaYDNzYwvvAde/5kQH1aHvv/tWguAN/ZU/eJmvvHP3+bJhm+w67rXs0XbdSGEEEK8ixRvvqzvXdLf38+yZcve8XY8z6Ovr49vfvObDA0N0dTcTKla5c777mP1unUYpvmm4eXU5CQv/ucPiQ/+lEyuyMFUkmq5wmfWZDmSSnLnF/6adbdtQddvLF92HIeB3l5efPZZ1q9eze9/9rPE43FeffVVnnvuOTo6OnjooYdoa2tb3KpVz8OzbbxcHnd4BOvF/VT+Yzfu0DDa6h70tWsgcI0l66qKEgqhNiZR4jGUSAQlEEAxDAgGUXxmLZyNRWvfv2ZA+zrXdZmZmeHXTz3Nc889TzSaIF/Is+e3z1CtVujs6ubhXY8Rj9ejKAqu6zA1NcmpU8fJZTJMz0wxNjZCtVzCKRTQVJWbetZwx9btrFy5+pp9Vz2v1p91ZGSQ6alxcrlZXjt2hNmLgyRdCBu1YWN522LC1OlcfTPLlq3AdR00VSOXy7Ju/Ua6u1fheR5TUxNMT01gWRaWZTE0NED38pv4r//1KyxfvvyGw/R36z0yv62WZllsKZaW8+fPE5IhbkLcsEI+z8qVK9/SfZbS++yNla5CLEUf9PeZEB8Eb+d9JoQQ74ax8fF3LWe51Fe/+tU3vc2SrVh1HIexsTGq1Sp/9Ed/RGdnJz9/8kn6zp6lLpGgpbUV7U16rbqui67YuJ5Humqg6AF03cHzFBRFQ9Ouf/83bmtyfJyjBw/S1dbGo488shCg3nnnnbiuy4svvsj58+dJJBKEQqF361S8dYpSC0IjYfBcnL4BvGwOracH32c+hbH1TvBfq8pTQfH7UEKh2jZuIDh9M/PP5fHjr5HPF4nGGpiensT1HILBEIoCruMCc0O2PPD5/DQ3txIORcjls+C5JBsaaOnsxC2VcA2TeKwOXX+9J65lWZRKRfx+/8IQLF03uKmjizvvvJ1Y2M/ux3/AKxPTxHMFTKeKB4TwKJkqiUQDN6/fSCY9S3//BVRVJRaLL7QaaGpqoampZeGYWlrbeXn/8zzzzLN84QufJxKJvONzJYQQQgghhBBCCCE+GN55avYeKZfL9Pf3k0gkuOOOO9i4cSMP3H8/WBanjh1jNpXCdV2uV3BrWxZYZVTFw0FHN314qk7VBdtxcBznuvef53ke6VSKY4cOYQIP7NhBV1fXwhCtQCBAT08PkUiEgYEBcrncDW33PeW6uOPjVJ/5DdaL+1BiUcxdv4Nx/3bUrk601tZrfLWg1tej+K7XLuCtsW2bqakphoeHSM+mSM1MoOIQj0XxcKmUy+TztXNWKhWZnpokEAiyYkUPTc0tcxWiVdauW8sf/un/zs4HHkApFhgfHcK2a11iPc8jnZ7l2NFDDA4OYNvWXCAKjmujqdCYqKcjFKZZ1fGhoCkKuqJgKgp+x6FYKhAOR4jG4lTKZUyf77KBVpfSNI2mphZWrlrDiy/u46WXXiKfzy/+8y6EEEIIIYQQYPFMBgAAIABJREFUQggh3hdLsmK1FpKl6e3tZdWqVTQ2NhIKhdiyZQtTU1M8+/zzvHbkCGvWr6ehsXEh4HzjNoqFAlYhRcRw0DUDU9fJY5Auq9jVErl0Ctu2r9sKYH7o0ukTJyim0zy4YwcbNmy4bCK9oihEo1GSySSjo6Ok02mSyeSitgPwLAv7tVNYe14Ax8W4b3ut72pT0w0t33+36bpOS3MTTY2NrF27lkDAz969L9DfP4RtO4yPj9Lc0sb01CSnTh3jlltuJ9GQpFgoUC4XCYfDdK/oZnlXJ9Uz54jOzjJ08jhNLW20tnWgKCrZbJrTJ49RzKXxmSZNza2UyyWGBvso5Kao5maZvNBLY7mMrnh4eNhAxgPVspmZniKdnqVYzJPJplnRtBqf7xotE+aOqWvZCo4fS7N798/JZrN0dHSQSCRob2/H77/2fYUQQogPi65dr/cXFkIIIYQQ4qNkSQartm0zMDDA1NQUDz74IIFAAEVRiMVi3H///QwMDPDbvXsYGujnlk2bWblmDcFQ6LJw1bZtMqlpvMIkrmeTswKoQQPVF2CyqBNVC8yM9lEubb1mADYfzp4+fpyRvj62bd3KXXfdRSwWuyLI9fv9NDU10d/fz8zMDF1dXYvbZ9X1wHFQmhoxbrsVc9fvoHa0oyzCPpmmybp160gmk5imSSKRYGZmhr6+fixbwbJqwWpqZop8Ice5s6dRFY3Va24mX8jR2tJC08b1NNTVcfw3v8V66im2T45zKpfhgt9PZfNdtLbfhOc6xEJ+OpviXOw9TSo1g+faqE6ZrrabsSsVqiPD3FMp0gh4QBEY8iDlwpnMLMNDF7Fti3K5RDgcQb1OCK0oCuFwlNVrNnD+3Cm+//1/QtMUtm/fzh//8R/TLL1PhRBCCCGEEEIIIT60lmSwWq1WOXPmDMlkku7u7oWAUlEUGhsbaW9vp1LMc/LwASZGhkilZrj9rq2EI5GFwNOqVsnPThJwZrE9j4Lrx/D5iEZVZjImKyNlUmODlEsluMpEd8/zyGWznDlxgv6zZ7m5p4e7t26lvr7+qn1ZDcOgvr4eXdfJZrNYlrW4FYumgX7bRtTmRtS6etT2VpQbHNL1blNVlUQiQX19/cL/l0olQqEgngeJhiSzszOcOXOSSDSK4zqMjg1TKhUwDI2urk4efPDjGKrKKz/4Ad1DA2ypVrjVqvL0kYMcmU0xeevt+AyDxkQ9O++5k+Nnezl08gwN8Rj33XMnd2zZzPHjJwjbFjd7Dp1zz6ELDOFxQNU45TicO3cSQ9dQ8PA875o9eGt9Y4fJZDI4jo1l2ViWg66bxONxTNN8v06vEEuOruvXff8IIV7nuu4ND9G8lK7ruK573Q8AhRA18j4T4r33dt9nQgixlH0gh1d5nkehUOD06dPcdtttRC4JS+d/nsvl8Pk0/P4gxdwUz//6SXA9Nm/dSiQaRVEUqtUqxUwKwytTdcBVDHRdJxDQyE6bhHwKQzNjFPK5K/7B5DgOs6kUp44dY6S/n/Vr1/Lgzp0Lw6quFhYoikIwGMTv999w79brsSyLbDa70LezUqkAkEgkiMViGIZx3fsrqora3ITamARVrS3/X6SQY/58XXreIpEIq1b18Nprp8nns7S0tNPfd56xsWEikRjt7TeRTo3T3dnNlju2sHnzZkrFIq81NFDUdYJ43OJ5qLksxwcuMBwLYfpD6J5Fc7KBVcuXsbKrnUg4xK3r1xOqjxMMBXH8PlxFwe95qIqCDeQVhel4nNbWFmZnJtmwdg1KQwLXda95TOVyif37nicei5BoqCcW9bNm9T1s2rSJzZs3EYvF3uvTKsSSFY/HSafTGKYpv4wKcR2u61KtVN7WNSMWi5FOpzF9PnmfCXEd8j4T4r33Tt5nQgjxQbfkglWAXC7H0NAQmzZtAi4P5EqlEiMjIziORTTqJxIJMjub49lf7KZcKrHlnnuoSyTIZbNkJoaotyqMFTQsxayFjZ6Hg0JjGM6MTJGemcbuWoZpmnieh1WtMjI8zIEXXmC4r4+dO3bwyUceoaOj45qh6vw+apqG4zgUCoWFoUpvhed5FItFBgcHOX36NGfPnmVqaopyuUy5XMYwDDo6Orjppptoa2tjxYoVtLS0XL06UlFqy/4Xsx3BdYRCIW6/fTODg4M8+9zzLFvWw/LuVbz88l58pp9QKExjXTef+8ynuWXLHfgDQTKZDM1r13K6pYW+fJ61rktFUQg1Jvn0Yw8zPD7B+OQkmqaxvLODro42UBQ0TcdRoKW9DZYtY/DsWZaXy/iAaeC34TBt99/Pjg0bGLnYz9ZNGzl07BTFuX11XZdcNgsKhMMRNE3D81wKhTy/96lH+OQnP4lpmkQiEQzDuO7rRIiPgrq6OjzPI5PJvK2/C4X4qNB1nXg8vrCi462Yv4+8z4S4PnmfCfHeeyfvMyGE+KBbksGq67pYlrVQpXmpYrFINpsBPFRVRdM0Ghri2OMz/ObXT5LP57l3xw6K+Ty5TIpy2mG8HMSoj2IYOuBgeRouKgE3w/jFXlatW49hGFSrVXrPnWPP00/x2uFDLOtcxpo1a2hqarqhZQ3zYdrbqVitVqsMDg6yb98+9u/fz4kTJ8jlcniex8zMDKqqkkwmOXDgAIqikEwmue2227j77rvZuHEjzc3Nb1rFupSoqkpDQwMbN97CSy8dAAXWrF1PMBRiYmwMTdPQFJugrhLWVVAgGo2wads2zhw9ys/GxzmZyXCxvo4V99zFox/fga7rTM7M0JioR1XVSyoLPDTXormhns4tW3jhlVcojY4S8zxOmyYXt2zhT//Lf2FlVwf5iRGmJybYe+AwZjSO53mUyyVOnDxCNBJjVc9aNE3D5wvQ1dVNb28v9fX1BIPBRT2fQiw19fX18o9rId5j8j4T4r0n7zMhhBBCXM+SC1bnl737/X7WrFlzRaBp2zaOY6Hr6mVLzJua6tFnMrzywnNk0rPEYjFKuVkqVSh4QRLBAKqqYhgKqj/KkbE0PrXESN85CrkcruNw4thRDu17kdHBC4SDGuGwH1W98cpD13UxDIN4PH5DIed8+FoqlTh16hS7d+/m+eefp1qtEo/HaWpqQlVVBgcHyWazJJNJotEolmWRy+V49tlnOXToEHfffTc7d+5k3bp1ROdaISz1isn5lg7nzp2nUrGor0sQDIZYs2Y9XV0rGBw4j1pJE1RdyM2C6cfQTZa1NrHzdx9ln09nKDVDvLWFh3Y+QF28NlAsEg4tbN/zPKqWRaFYwjQMgqEwd9+9hZmx3+XwmTMYVQursZHP/sHvc9ct69CtCoX6OMeOvUYqnWdtZz2u6zI5McZAXy/rb7kVVa1VAGuaRldXN4df3cfQ0BA9PT2LeTqFEEIIIYQQQgghxPtsSQarqVSKYrGIz+e74YBQURTq66MAvLpvD+WKRdhLk4wY6LEo5lzQqWkqDY31nBrIEndtsuULvPTCXiqlEqePH8Gu5GlqjFGpVFFV9W31Sr3R+3ieRzqdZv/+/ezevZtXX32VcDhMW1sbuq6jKAqe5xEOh0mn0xQKBaLRKD6fD9M0MU2TwcFBfvKTnzAwMMAjjzzC3XffTWNjI6qqLvlwdXp6mlOnzxCN1xOJxhe+XyjkmJ2Z4PbVXTQlEmBVal+qSlDRuHfjOjav6sJ1bExdx+/3L5wrgGrVYjaTYXp2lgsDg1wYuEh7SzP33XUHN3e20/l//CkTU1NUqlVisTjt7W2o5RyebZNKpTl1vg9X1YlEYmQzaS5cOEssHqelpX2u3YONoig0JJsAheHhYQlWhRBCCCGEEEIIIT5illyw6rouU1NTOI6DYRhXDQc978rwUlEUVFWlri5CtWrRe2GIGUfHX5+kORZH01/vexkKBYk3NjNy0SY1NYHy22dQcAmHTJIt9RiGjmXZ2LZFtVq94aB0ful5tVq97uCj2jF4lEolDh8+zI9//GOOHDlCsVhE0zTK5TKBQKDW89WycBwH13Upl8vYtr0QugIL/33u3Dl+8pOfUCwWuf/++2lubl7SvT5d16VQKJDL5YjH6heOw7ZtpqfGqRTS3Lpu9UIF6tydUHDRgUgwcNXtOo7D8Ng4v3x+DyOT03iqTrZYZmhimq72Nhrq64hHI8SjkUu2W2vdUKlW6R0c4kz/INFYI/lCjv6+C2QyGdat20A8XofrOIyPj+DzBQiFwximD8uy3tuTJYQQQgghhBBCCCGWnCUXrM4PPGlpaaGuru6KYLBcLlOtVq963/kBUolEjEKhRC5XpL6hnlA4eNkkT1VVSCTipNN5CpUUQb9CPB7D5/OhabXbzQec6XQa27bxPO9NQ0q/349pmuTz+YVA9urBsIfjOPT19fH0008zODhIY2MjxWKRdDrN9PQ0kUgEz6v1kQ2FQrS0tFCtVkmn0wQCAQKBwEKY7PP5iEQijI6O8rOf/QzXddm5c+dCK4GlGq7OB9bK3HNTW77v4joueLW2D4VSiWAggPYWjiNXKHDqXB+OL8CnPvUImqax97lnyOZyuJ7HG8d5eZ6H63lMp2Z58ZVD9A4OsWJVjNOnjpPLZVm2fAUdN3Whqhoz01McOXIQ0zRZ1XMzllUhEolcdT+EEEIIIYQQQgghxIfXkgtWoRaQtra2EovFLgtEPc/j4sWLTE1NzoWWV7+vaRokEnEqlSrFYplwOIiiqHiei+fVglXHcbAsm7q6KHV1EQIB/2XbMQydQqHE+PgYhUKeSCRyQ8Gq3+8nl8tddfDWpWZnZ9mzZw/Hjx/HMAzC4TChUAjLskin0wB0d3ezYcMGuru7cV2XM2fO8PLLLzM+Pk44HMYwjIVwcv6xp6en+cUvfoHf72fHjh0kEoklGawqikIoFCIaiZDOpKlUyigoVKoV6uobSKcm+eWe/aQyWXqWL6M+HiMQ8OP3+TDmqlvfeFzzQXNzsoGNN69huuzQ2dnJ1NQkmqLWqmIvub3nediOQ6lcJpvLc/Docfa+cohcvshsOkUoGKJn9To6OrowDJPZ2RTnzp3EMGB8bJBSuUxDQz2dnZ3v78kTQgghhBBCCCGEEItuSQar12LbNufOnSOVmiYU0q45pElRFCKRILFYhGy2gGHohMMByhUH23bw+3Sy2TyVSpWOjiZM88pBU7quUa3mOXv2LENDwyQSDfh8vuvun9/vJxAIMDU1tVB1+8bhW/PHcezYMfbs2UOpVKK+vjbF3nVdTNOksbGRLVu28OCDD3LrrbdSX1+PoihMTEzQ1dXFT3/6U3p7e3EcB9u2CQaDaJqGrutEo1EGBgb44Q9/iKZp7Nix46qVv4tNVVUaGhpYs3Y1Tz/9GwYGeqlWKkxNjdPTs47O5T2Mjlzkp8++SCJ2lJZkgo6WJloak9TFovhM87Jj0nUNn2kCUCyVCfpMTh58mYmpSVzbwS0XqVRXMToxiUetXYPtOKQzWYbGJugdHOTIybPYio+Nt22hpaWVUChCNBrHcVxmpkcYGDiPpnl84fOf47nnnuPkydN8/g8+RXNz8yKdRSGEEEIIIYQQQgixWJZksDq/1P+NYaBlWczOzqIotYrSa4WFiqJgGDqJRIxq1WJmJsPMTIaK4seyPXS3hGdbJJNxYrHIZVWx81RVxXFs+vv7GBwcZN26dW8arPp8PqLRKBMTE5w7d4729nZisdgV+5nJZNi/fz8DAwNEIpGFULVQKOD3+7n33nt55JFH6OnpIRgMLty/paWFXbt20dDQwC9/+Uv27dtHsVhcWO4//1WtVjl58iS7d+/GNE3uuece6urqrnqciykajXLHli309/Vz6NVjVCsVqlaJWCxKXV0jHZ3dFAoFCvkc58fSnBucQFNcfKaOPtc/1nVdqtUKeC7xSBhg4Rw45RInjhzG0HW62ls529vH6fMXmJyeYXxqmopVpVKxMIMRPEXHMyPcfscmko1NVCplLg70MjIyiKEbFAsZmhrrePDBnWzevJm6ujo2bepn586dVw3PhRBCCCGEEEIIIcSH25JLhGzbZmxsjFAodEUg6boulmVhmjq6/sZOmZdTFIVAwEdjYz0TEzOMjc1g+zU81cDLF2lripJM1mOaVw9oa9/yKBaLFIvFNx1GBWAYBo2NjVQqFY4fP8769euJRCJo2uX7eu7cOV599VVSqdRlVbfVapWNGzeyc+dO1qxZszDt/tJjamho4L777qO1tZVEIsHTTz+9sI+hUIhisUi1WiUYDHLx4kX+7d/+jdnZWW655RbC4TDmXKWn67qoqko4HCYSiVw2EOv9YhgGy5cv58EHdzI8PMzJkydZs2Y1a1av4LXXTlEq1dHa1klrawe2XaVYKFAqlbCsCo5jU61UmUlNMjJykdnUKLhVXMdFVQ2WtXdy+8YNrFM1NE0lHAqSyeY5euoUZy6co1zNEg5r+P1h6htW09yyjIaGJImGJMVigbOnTzA41EcsGqW7u5tN997F7bdvpqenB7/fz1133cXmzZuJxWLv6zkTQgghhBBCCCGEEEvDkgtW8/k8AwMDPProo1cEkpqmYZrmDYeAteAwiKJAoVglhx8jlsTRXerqw/j9xrsaJqqqSkdHB11dXQwMDDA2NkZHR8dlx1Eulzlw4ACpVIq6ujoqlQrZbBaAnp4edu7cydq1a68IVefN9yZdv349oVCIcDjM008/zezsLLZtk81m0TSNpqYmfD4fIyMj/NM//RORSITGxkYaGhrQNI1qtYrP52PlypXceeeddHd3v2lF7nvB7/ezceNG/uiP/pAnnngCz/PYtu1eli9fxlNPPctrr71KR8cymptbSSab8IBKpUwul2V8bJTevvMU82OsXaMTi/pwHI9M1mZ25iIvHMpgVTV8Po2mxjDFUo50fppl3S6re5pZ0R0hk3H51dPneWFvL23tHTQ3t5HNZiiVsnz8gfu444476Orqorm5eaG6eP45EEIIIYQQQgghhBAfXUsuWE2n0xQKBbq6uq4IVueHE9WqPG90ix6WZYM/SsvqrcRu6mH4lWcoWWM4jnvFY7zx8UKhMOFw6IaW0SuKQl1dHStWrGB0dJRMJoNt25fdZmJigmPHjgHQ2tqK53lkMhnK5TK33HIL69evJxwOXzfwrbU6MOju7uZzn/scTU1N/OpXv6K3t5disUg0GiUYDGKaJoZhUCqVGBgYoK+vj6amJgzDwHXdhV6v831eF6NX6HxIefvtt+Pz+Th37hzNzc2sXbuWurp6fvrTn3Li+CFGRxpJJJIoqspsaoaRkUGymVmqVoHlyxvYvj1BJFQhEICAT2VyqsLLr0zz0svThMMGt93UTGurn1i0BX9AQ1UU8gUby7bo7k5gewrJxjCF4hQz01N0dnZy3333sXnz5oWQe6n1qRVCCCGEEEIIIYQQi2fJBavj4+OYpkkymbwizLRtm0qlgue5wI31C3Ucl3SujNnUTXL1bYSSLWTHLpI7OVLrr3mVwVXzdF2nvb2d1tZWDOPat7uUz+ejo6ODxsZGgCtaCAwODjI1NYWu65hzw5ZM0yQcDrN27VoSicQNh7i6rtPR0cEjjzxCMBjkX//1X+nv7ycUCi30/Zzfb9M0cV2XcDi8UJlaqVSoVqtMTk5SLpdv6PjeC4qiEA6H2bJlCxs3bsTn86FpGnfcsYVIJMwvfvFLnnrqKV458CLgUSgUqE/EuHnDOrZtu4tkQ5x8forBoVMo3iRNDQWWdYYIhTUy2QoBv8a9dyeIx036+vMcPjLL1IzH8IhLINjIrkcf4X/7s7W0d7QxM53ihb0v8eLel9m370U6Ozvp6OiQUFUIIYQQQgghhBBCXGbJBat9fX2Ew+HLhjbNy2azTE9PYlkWinJjQafneXiKRqChFX+sHk03CcTqma66VKsWnuddc8m9pqkUCnmy2RyO49zQ4ymKQiwWw+fzUSgULruf53mcOnWKfD5PIBBAVVUsy8K2bTo6Oli2bBmBQOCGQ7z5KspEIsHHP/5xAH70ox8xMTGBbdsLwa1t29i2jd/vxzAMNE277LiXwlCr+SrcSwPscDjMrbfeSjgcJh6PcfbsWS4ODqCq8NinHuKBnfdTn3h9KFc2m2PfC/t46pc/ZnxinJvXholGDFAUHNfj5OkMu/9zkkKpgZ41a/mdXau4487NrLt5zUIQnUw2kEw20NLSxAt7XubJJ5/kM5/5DMlkUsJVIYQQQgghhBBCCLFgSQWrnucxPDxMd3f3VQPGbDZLNptFUeZDwTcPuhRFQcOlPDtBOTsLQHrwHGGfh9/vu2ZYVgv6dHK5DDMz0ziOc80Q9o0Mw8Dv918RWKbTafr7+3EcB13X8TwPx3FQFGWhj+f1WhNc7xjr6+vZuXMnjuPwwx/+kEwmQyQSwefzkc/nsSyLeDy+8Li2bVMsFgkEArS2ti7ZnqG6rrN69Wqam5vZs2cP+17ay5Y7b2X7x+4mGAwAzIXXCpFImO0f24br2vzq5/8fLU0VfD4Nx/UYHinx/AsZguHVfOW//Tkbb7sFv79WuXvpc6qqKg3JBDs+/jEs2+a5p19g5cqVfOxjH8Mw3n5PXs/z3vG5EEIIIYQQQgghhBBLx+KXKl7CsiyGhoZYs+b1CsJ5nucxPj5ONptG11VU9cb6rOq6RjTipzp+gemzh5npPUVl6iKJqB+///pVr7qu4zi1APKNvVLfjsHBQY4dO0Y2m6VYLJLP5ymVSgBEIhFM03xHVZHxeJwHHniA3/u936O1tZVSqUQqlSKVSuG6LqZp4jgOlUqFTCaDqqps2bKFe+65h7q6und8fO+VfD7PwYMHeerpX9PQEOe2TRsIBgN4nkc2k+XAS4c4+drJWmBt6EQiMVCCVCoOdXUm4ZDO+HgF265jx86Ps/bmNfj9PizLolKpXNauwfM8XNcll80xm0ozPjHOyy+/zOjoKK7rSkAqhBBCCCGEEEIIIYAlVrFaLpepVqt0dnZeUblZrVbp7e0lm01jGPpbWi4fi4YplypMnz/EjOLHb80Sqo++6RJ4XVfJZotMTU1RLBaJxWI39LjzS+/nB21denyWZVEoFPA8D1VVcV0XwzCuCPjeDkVRaGxs5NOf/jQ9PT289NJLnD59Gs/zyOVyWJbF7GytajeRSHD33Xfz8MMPs3z58iuC7KXCtm0uXrzI7t0/5aWX9tPcugvHrlUPe57H0NAI3/p//geJZIK//r++SlNTE8FggGgshOmzMAyVctkhl7dBNejoaCMQ8JPN5njl5UOk0xl2fmIHsVh0IVRNpWZ5af9B+vsvctumDQwM9rJn7x4efeRR4vH4Yp8SIYQQQgghhBBCCLEELKk0zbZtGhsbaWhouCLATKVSXLhwjmq1tLAE/EZpmkpDQxxnMsXE5ASR+iim8eaHrusaiuJSKOSoVG58uFOxWKRarS4sHb+0hYDP56OxsZFgMEi5XCafz2OaJg0NDQQCb+24riUcDnPnnXdy6623MjQ0xGuvvUZ/fz+pVArHcYhGo9x8883cfvvtNDY2vq32A+8Xx3GYmZlhanqacDjEyNAohw8d457tQSKRCJZlMT4+ydmz5/nFfz7Fg594ANu28TyPatWhWHRwHA8Fl2Kh9ryUy2WOHn2N//d/fB/Xdbnr7juIRiO4rstsKs3BA69y/NgJNm5cz9Z7trDn+f0cOfIq629ez4YNG95WCL1U+7OOjY8v9i4IIYQQQgghhBDiI66luXmxd+FtWVLB6szMDIlEglAodFkQ5XkeIyMjDA8PoarzgedbC6pM06C5KUE4FMTnMzBuIFhVVRXP86hUKliWfcPLwD3Po1QqkclkKJfLRCKRywZFhUIh6uvr8bzahHtFUYjH45cNbnqnFEXB7/ezcuVKVq5ciWVZlMvlhQpZ0zSXbJXqvPkK0qpVpbm5kQ0be6hWqzz//AtE4xE2334bum7g9/s4fWqMf3v83yiXCrS0NlEuV5iarjA4mCceNwkGNfz+WquFgf6L/Ow/fs7Jk6d45JMPL1SrZjJZDhw4xMv7D7K8u4t7t91FsrGBO+7YxPGjJzh1+hSrVq0iHA4v9ql513xQ/+ISQgghhBBCCCGEWGxLJllzXZcXXniBWCx2xZAg13UZHh4mlZrGNN96qDrPMHTq6iLv1i5fU319PT6fjwsXLrBu3TpisRg+n++at9c0DcMw3rQ1wTthGMa7Gty+X4rFIhMT49TVR1m5cjkHDhzipZdfompV8Pl8mKZBe0crZ04fJ+if4cyJXzM4kKBSnmFyqkr/QIm1aww6OnxMpzzOnH6NQ69kOH/2APV1QXY+eD/BYJB0OsPLLx3k6V8/x4ZbbubhRz5BMpkAoLEpSdeym7h4cYBSqfShClaFEEIIIYQQQgghxNuzZILV2dlZ9uzZw6OPPnrF0nTHcUilUlSrZXy+G++vulgaGxvZsGEDzz33HC+++CKhUIju7m7g9SpMGYL05hzHITWbYnx8jFA4QCaT5dChgwyP9pPNz5JKpVi1aiWmaRAK+Vi3JsKddwTJZrNMp1R6+w1MfxLHVaivM1i9ymNmYj+uU2LVChW/v5mOjjYGLw7y8suH2P0f/0kgEODebVtJJhMLrzPTNOm4qY1DB16jVCpd1tpBCCGEEEIIIYQQQnw0LYlg1bIs9uzZQ7VaZc2aNVcsUa9Wq8zOzlKpVPD5zIVQcqmGW36/n/Xr13Pq1Cn27dtHOBymoaEBz/OwLItsNovf78c0TVzXxXXdhb6g4nWO4zA9NU2hmKehIUZfXz/DI4OgWWQLU+x7+bccP3EEXTUplCr0Xsxxyy11qKrK9IxOIrmeDbd1MzRwlMmpYW7q8FFfV8FxFV591cHxNPbvO8CJEyc5ePBVZqZTPPbYJ2ltbb7staVpKo1NSfKFPPl8XoJVIYQQQgghhBBCCLE0gtX+/n6efPJJPvGJT9DV1XXFkvhaX1AdTTPI58tUq9Zcn1QDVVWwbQdN09C0924p/VvV1NTEAw88wPj4OBdrFeQLAAAgAElEQVQuXGBkZATXdbEsi6GhIWZmZmhoaFjodZpOp6lWq4u920uG53nYtk06PYvj2Hh49Pb2ki9mUDVQFPC8WsDqueDpcOzEDMMjRXymj7b21fzJn+1k7drV7Hk+xC9+/u88v6cPX0ABxeP8+TzF8jQXh4bJ5FKUS0WSiRaWLe8kGApeti+KohAOhXAcm2KxKAG4EEIIIYQQQgghhFj8YLVUKrF7926ampp46KGHCAQCV1QDhkIhHnroYQzD4Cc/+RFnzpwhFPJTVxfFNA1SqQzRaIhoNLQQyiqKgqoqqKqKqiqXbbP23wrz33JdD/DwPA/PA1Wt/cCyHBzn7S3bNwyDtWvX8tBDD/Gb3/yGyclJ/H4/Pp+PYDCIbduMjIygKArJZJJKpYLrum/rHH5YWZZFJpOhWCwwPm7RP9CP41roeu05VBRgLkvXPA+ratM/mEPXi5TtYS6c72PNmh6Sjc1ksjpHjk3hC4FugG17QJHpdBpFBd1UCYfDdC3rvCLYVxSFaCyKpqlMTU3hOLUg3/M88vk8qVSKaDRKLBZ7T/vkCiGEEEIIIYQQQoilY1GDVdd1OXbsGAcPHuTLX/4y9fX1V11iraoqXV1d3Hff/Zw8eZKpqXFsu8rkZIpKpUqpVGF8fIZoNAQwV8GqEgj48PlM/H4TTdPmglQFw9AxDA1VVXFdj0qlgm272LaD53n4/bV2A6VShXS6gGU5wFsPV3VdJxqN4vf7F/qqappGZ2cn0WiUSqVCKpUiEAgsDO0Sr7Nsi3KlDChks1nSmRSqdvXbKoqCpoOue7iuw8zsKD/72c/IpLOMT0zS29+LZroomoLrsbAdRVFqgTpgGCbR6JXDzRRFIRDw4/ObjI6OYNs2pmlSLBbZvXs3v/zlL7n33nv57Gc/SyKRkDYBQgghhBBCCCGEEB8Bixqs5vN5fvazn7Fp0yY2bNhwzWo/RVEolUrs3buXM2dO0NwcJxQKAB6WZWPbLqVSmUrFIp3OkcnksSx7YVCU63qX9WXVdQ2/3yAUCmFZNvl8EcdxURTQdW1heJbfb6KqGm8nVIVacDw6OkqhUMDv96Oq6tzj63MT7U0URcEwavvyxt6yH2We51EpV8jlcriujeM42LaFolynt64CmgFOGWzH4sz51zh58gy25aEYVfwh5Rr3V1BVjVgsRjLZcNVN+3w+6uJxHNdZaFNw+PBh/uEf/oFyuUJ/fz8+n4/PfvazRCJXhrNCCCGEEEIIIYQQ4sNlUZO8wcFBxsbGeOyxx4hEItcMzFzX5fDhwzzzzK9w3RKxWHgh/JwPIyORWl/M9vZGLKsWxFUqNoVCiWKxhOM4XLqiX1UVgkH/ZWGmpmkEArXqVl2vbX9yMk0gEEDT9LdciWjbNmNjYziOQygUolKpLPxsflu1Je2KVDlehW3bqIpCMtmAp7gE/GHyxVkU9erDoxQFNL32Z7Xs4Qu5uFYZF/CbXNES4o131jQdw7jyLbHwHM21iPA8j2q1yr//+7+Tzxe46aZO8vkcP/jB47S3t7Njxw4JyYUQQgghhBBCCCE+5BY1/enr6yMcDpNMJheC0qspFoscOXKE6ekJwmH/dftYKoqCaRqAQSAA8Xj4be9fpVLFMEzq6+sJhUJvOfycr5LVdX2uFcHcsnPPu6xvq/RWvTrP83AcG93QWbbsJm7quInJ6WGuXUGsoOqgmR52BRzLw3NrVaya/ibhtQceHm/WTtd13IV9K5VKBINBNE0jGAyRTmd49tln2bRpEw0NV698FUIIIYQQQgghhBAfDos6aSefzxMMBueqSa+eaHmex8TEBGfPnsZ1rblKwPenutN1XRRFxefzXTf4vZZisUgulyMQCBAM1ipqbdumVCph2zau62Lb9kJ7ABl8dDnLssjmchSLJWKxKMlkI5pqXDP8rC3zB12vvT4qBXCd2rCqa/Vmnee5HrblYNnWNbat4PP7SGcyOI6Dqqq0trZSKpUuef4U+vv7GR0dfSeHLYQQQgghhBBCCCE+ABY1ybv11lsplUocOHCAUql01dt4nsfw8DCjo0P4/QaaNjcN/n1g2y6GYRIORzFN8y3d13Vd+vv7OXHiBOVyGV3XyWQyZDIZJiYmmJmZoVwu4zgO0WiUeDwuy8cv4bou6XSaXC5HIlFHXX0dsXgcXTffpKq0NsRKM8Cxa1WqunH9alXPAzwFQzeuGdmrqkpTY5KJifFaiwJVpaOjA8ex5wJ4BVVVmZ6eYWho6B0cuRBCCCGEEEIIIYT4IFjUYHXlypXcdddd7Nu3j4mJiasuia9UKoyOjpLPZ9F17X3tRaooCo7jYFlVHMd509vPDzUql8uMj4/zyiuvMD4+TiwWw3VdTp8+jeM4+Hw+pqenGRsbI5PJEAqFiMVib6sq9sOo1gLAYXp6Cs9z6F6xnFgsSqK+Dr/P/+azxBQFwzCJRKP4fAE8l2tWREOt/tk0TVpamkk2Xn0Jv6JAMBhYaOegqirNzc1ArQp5XqVSJp/Pv9VDFkIIIYQQQgghhBAfMIsarOq6ztatW8lkMuzZs4epqSkqlcplIVgul2NgoI9KpYRhvL/Bo65rlMslhoYGmZ1N4TjOFV+WZVGpVCiXy6TTafr7+9m3bx8/+tGP+NWvfkUkEuHmm29mbGyMo0ePYpomy5YtI5FILLQFME0T0zSlFcAlqtUq2WyWUCTI8u4uwuEQ7e2txGLxa1eszn3fc1XC8SbW3nUPHSvXoXh+XPtNwlVFQdM1NO3qVcOKohAMBigU8hQKBVRVZcWKFYTD4YVgVVU1dN14J4cthBBCCCGEEEIIIT4gFn3teVtbG/feey//8i//wtmzZ7nvvvu4/fbbicfjKIpCPp9nfHwcTQNNU9/XilXD0DFNlVOnXuPgwYM4jntZVanruqRSKYrFIoVCgYsXLzIzM4PneZimSXNzM83NzSiKwlNPPcXg4CDRaJRgMEgwGCQajZJKpfD7/VKt+gaVSoVsLotpGoTDIXTDoLGpkWg0hjdaqxp942vBAzwXUHzEulawbMd23NFxrFyWkbFzmBpvu42Eqqo0tzSRL+QYGxujra2NaDRKKBRaqGbWNBVN0xaGk72fr1UhhBBCCCGEEEII8f5a9GDVMAzuvPNOvvOd73D06FEuXLjAhQsX+NSnPkUkEmF0dJTh4UF8PvN9D6pUVSESCTI2Nsz/+l//k+ef30MgEFj4+XwFZCQSQdM0QqEQ69ato6uri0QiwfPPP8/g4CDPPPMMR44cQVVVgsHgwnJygGAwyPLly4nFYu/rsS11juPg2DY+nw/TNNE0lUg4TCgUQkHhWv0APE/B5wvT2nETeiRMXtXwPBXXueZdboiqqjQ01BOLRejv7+O2224jEAhQX1/P5OTU3K2UhSpk13UlLBdCCCGEEEIIIYT4EFv0YBUgk8nQ3t7OPffcw89//nOeeOIJ0uk0PT09DA4OMj09STj8/vZXhdryb7/fRNM8Mpk0a9as5pZbNl42ZMowDILBILquE41GqaurIxAIUCqVcByHY8eO0dfXh+M4tLW1oarqQg/RfD5PY2Mja9eulWD1KhRVQdfV2jlzPcqVCtVqlesnpB52pUR2eIS64REG+i4wOTOGpr+zClJFUQiGQixf3sXhw4d5+OFd+Hw+IpEI4+MTQC18tW2LTCaDbdsSrAohhBBCCCGEEEJ8iC2ZYLWpqYnf//3f5/777+fChQvMzMzw6quvcuzYUdLpWWKxpkXZN0VR0HUdTfOzalUPW7duxTSvXT3reR6WZTE1NcXg4CC9vb0LIevs7Cx+vx9d1ymVSmSzWTZu3EhrayuGIb05L+W4zlzv0tp5rlSrjI9NkJ6d5XrBqqp6VCsF+o8fo5jOkMvN4DhZDL8yv6m3zTQN1q1fzeFXf0w+n18YODZffawoCq7rUqlUrjqITYiPktnZWdLp9GXD3YQQl9N1nXg8Tl1d3WLvihDiKuRaJsSbk2uZEOKjbkkEq5qm4TgOpmmyefNmNm7ciGVZ9Pb2Mj4+Sjo9Nje4anF6VgYCPlKpHENDg2QyGerr6y+rWp3vqVmtVslkMhw7doynfv1rXn5pP3gubW1tFItFpqamUBSFhoYGJicnCYVCbN26ldbWVunHeQnP8yjkC2SyGRqb4miaSi6X48zZc0zNTKBqXPV8KYCngGa6lEoznD8xi2F6GEEPRbn6fd4KRVFIJhso5HNMTk4u/AOiVCrN7bdLtVqlUChgWdZlbSOWrrP84EvfYu/VfrTs8/zd17bT8K491OP8+bfgq9/9Aj3v1jbfk32ZZs83/5r9d/0t/337u3b0Hymzs7PMzs5i+nz4/P7F3h0hlizXdZmdnQWQX0jfFbW/vx/vn///ZXzhb7/GNf8qf8+uS292Halde/nKd/nDRb8gimuRa5kQN0auZUKIj7olEayuXLkSgO985zv85V/+JclkEsMwsG2b6ekpgkE/iqK87cFD75Tfb1KpTPPjH/+IfL7A9u3baWtrwzAMNE2bG2I1w5EjR9j34j7OnD5Bd2cbO+7dwokzvRSrNrFYDEVRGBkZIZ1Oo2kajz76KFu3biUUCi3OgS1hlmXheR6RaGRuib1DpVLGdZ1r5+tzyaqqeviCHrppg1LrlftuBNeqqhKLRQmGApTLZTRNo6OjY2F41XyP1Xw+P9ey4INjm/xyJ95F6XQa0+dDVdXF3hUhljRVVTF9PtLptPwy+o7Vwsqhz/8t3/vaXJg5vYe//+svsf/z8wGnBJrixsm1TIgbI9cyIcRH3ZIIVletWsW2bdv4m7/5vymVSnz5y18mHo9z8eIAqdQUdXX+Ra3oNAydYNDPwYOv8NxzvyEYDBGNRkkmk3R3L8exbcbHRqmLhdl6+638zX/7Mjev7eHlg0foGxyhVC0shHC6rtPX18d9993HY489Rltbm1SrvoHn1XralsslWlubsW2HsdFxhi4OUa6UUa7zqq2dytqyf91898+rOrf0f2xslNtuu+2yf2wrikIoFKKlpYVwOPyuP7YQHxS2bUt1jxA3qPbhoSwzfqfOPv4t9m77Ct+7tEK0YTv//SvD/Pm3nuLs9iWwWkJ8oMi1TIgbJ9cyIcRH2ZIIVh3H4ejRo/zB7z5MJj3B17/2f7J69VpOnzlDqVQgmQwtavioKAqNjXXk80WGBiEUDBKPhjAUl9ZEhO1bt7Bxw1puamu5vP/q3B8etVYBpVKJSqXCAw88wF/8xV+wZs0a+RT8mhQ0TUHTVUqlEidOnOL02TNYdhVTV/A8D4V33jf1UtcbiQW110EkHKK5tYlcLr/QW/VDb26p5Bc+P8TjT9TWV277yne5/dCX+Me5HgLzFa9nH/8S/8jn+cLQE3NLMbddc4nl9J5v8vW57b3edqC2fHLosderiab3fJOvDz/G977QM7c7rz8u276y8P1rb/MGTO/h7//6CfoBlm1j2w2fHCGEEIvvLAf3wravXOVq07OZbXyLg2cfZPync61vvvWlWtXq3E3G93yTf5y7diz7/KXL9y9vl/P66o65a1XHNvbu3XvFtejqu/g4f/6t+YumXGeEEEIIIT4slkSwms1mGRq8yJ989mHu33YXB48c5+e/eo7jxw6TaIgsienqPp9JW1sjhm7yucce5ZMPfZx4JEIkEsL3JsuEXNcln8+TTqfp7OzkT/7kT7j11ltlYNUN8DyPYrHI9PQM+VwRqwqK6qHrCqrmzaWhV09XbyiL9+b/8PAct9Zq4Dr7Ytk21Up14fm+dEjVfNCqquoHrgp577e+dEWf1cvbA+xlP3/L977bUAsv534p/d4X5oLOn+7hE1/bPnfTJxj6ynf53nzQ+s32KwPOs4/z9Sc6+Op3v0bP3C+oX3+8me99oYd1dy3j8UNn+cOeHmCaky/1s+2x2o5M7/km/zj0ef7uu6+HsH+/Z+6X4Mu2WXvs+W1e3zR7vv8EfP5va5VOc0Hysrve4UkVQgjx/pgeZ4hlbE1c7YcJOpbB/nH4w699haFLWwGchUuvb7W//7/PnnVfY3vDNHu+OddaYHvD3Adw32TPJT1b9w6183ff/e4NfIB3lh98a+/CdXV6zzf5Oki4KoQQQgjxIbAkyiXT6TSVSpnOjjaCgQB3bNrI2p4VhMIB4nURVHVphFSmaWAaOvXxOC1NjTQ2NhAIBK4fqjou2UyWVCrFLbfcwte+9jXuvvtufD7f+7jnHzyqqqDpOq7rMTQ4wskTJymU0mgqVItQKXpUyx62BY7l4TpX+XI9vDf5cl0Px/awqvbckILMVffH8zwcx2VsbIKx0Qnq6+vxPI9UanYh+HccB03TiMViS+LDgLdi21e+y/e+e/nX5f3ntvGpud8kG5o7gP+fvTsObvK683//kSzZBhswWBADdmNlnevdOP0tpfbuD7I/udm0oUmZzpLbbRabuUt3s/imnblDzf2DQDf1dhbCb+bisjObzTWlDZ2LTZNfb7PTS5uSDbe1bjberl0220BaN6RyagMmCKwEG7Bl6bl/PI9kyZZlyciWjN+vGU/Qc85znvMoto+fr875Ho/qrPLScnd8Y+4GfdYqq97SILevS+f98VV6e7ySp9aayepS/TaP5O1RryRXzSa5rX/Lf15v+iLXigRZI0Fa8zxf13n5rTbdDVuis2OrtzRMtJOM/7ze9Lm1ucYVOVGN7uSnAADuFhPjm0rLFf31b40/0TJXvZ7w+PRmzIDm3lST2qqI3h55Y8ZNV/02gqoAAAB3iZyYsTo6OqolBflatbJENptNlwc/0Kuv/0xLi/JVUJCfM7P/HA67bt2+rcCHHyoYDCataxjm8v/Rsduy59n1mT/9U23fvl0PPvggy/9TYLPZ5XQ4devmLb3zzq/V+5tfy+4YV/4Sm0Lj0thtQ6O3JJsM2ezm7NTY7xJD1ozVZN86hvkVDkt59pA+/PCGbtwYNotilvmHw2EFg0H97v0B/T///GPduHFTNTU1CoVC+t3v3teSJUskmbm4SkqWq7y8XA5HTvxoZUdF2cSDpqtMFVMq+DXYL7k3JZxaJLlqtNndoe7eRlVrQL5oAPaa+n2JZtd6dM1q0+fdr10dsWVuDfql6mRPvtcG5FOFnpjotMqmdhoAkKtcZaqQT/3XpKmRTnPsqNjmknQt9TavDcgnrw43TVrP4bkmaZrxaxp+c9CLOcucRdufVisAAADIRTkR/cnPz1cobOjaUECrXat07le/0e8uXlTZulU5M1tVMpd4Oxx56r90WVf917VsWbEceXlTAr+GYWh4ZERXPvDL5bpHf/roVj3++OP62Mc+RlA1ReFwWL99r0/vv+9TX1+f/NeuKM9hk81ukyNfynNIoZAUHjckmzR5Bb9hSEbI/G8ydmuTqyVLnLpnbalWrlyhYDCoUCis0dFR3bp5SxcvXtJvfn1Bve/8Rr/oeUv3/d7/pOXLl2tsbEw3b96U3Z6ncDis8fGgVq9eLbd7kU937B+UX9Xms61/UP3SpOCqGbj0DSR8ApbkiqYDqJNXntpG67j5IOrZNs1uzhWSe1NsbrwUlZbLra6YAKwZpFV5es0gHX061XJcPZKkWu1s2arK2NJTLTpuFqp2Z4u2ViY6T1L5Vu1+qlYlU9oPqOfYEb21Ybeeqi1JcG4mrmle49TA5GuXa+vup1Q7tVMA5ky16jzS4WgamRjWbNE96e5cVVoutzx6ImGecH+CE6bnMgc9TYx6ZrAXAAAAC19ORPlKSkq0bPkKHf3u9/R657/qTOebsuVJBQXOnJmtKpmB1ZKVy3T2l+f0T985oa5//4VGRm4qFAopFAopHA4rFAop8OFHeqPrFzr/mz7914f+m7b92Z/p3nvvXXDLw7MlMts3cG1Iv+jq0a/eOa/g+G3ZYr5bbXabHE6b8pfYlV9oV2FR/NeSYruWrrCraIavJcvtKiyySXlB/br3Hf2f//RtvfCPx/TCP35Lz/9Dm9qe/7b+x4nv68J/vqOKFSVyr1urT3ziEyosLNTly5d18eIlOZ1OjY+Py2az6f7779e6deuy9+blgpil/72nO+Rzb1LNpFhnde3E0n/Jr85XYlMDRNIBtOqw162K6BQfM+DqfaUz+kjb296kXYfM19W1Hvk6TkeX/vs7D2lXU/vMqQBcNdrs9qn9tFXTf15v8sA7p/pOHVdP7U61tLRoZ22Pjp/qiy3U8Z5a7WxpUcvOWvUcPyWzNKCeY8c1uHW3Wlpa1NKyW1t1Skdiz7UEer4/JeCZ+WuWqPapFut4i9WupNpPE1QFsqC6sVkeb6ue64wJevo79VxrfJqYlLlqtNnt1Q+i7fXqRFNTfPspd65WHsW01dszJa85AAAAFqacmLG6YsUK7Wr6X/X1Z5/Vz3v+QUOBgMrWrZLNlhNx3zglJcs0MHBFL/3zKQ1+cFVf+PxjstlsGh0dk/vecoXDhrq639KVax9pQ+0fyeOp15p77smpAHGuGxsbk//qB1q1rFhrN27Q//tvXt0Y1Zy9h4YhGUZQfb97T//8fw/rs56HtaHmD1RQvELLiopUsny57vvYx7RiebGOfPu7WrJkiW7cuKHvf//7unHjI61bV67bt29r6dKl2rhxo4qKiuakn3Mp0eZVkkd7Es7UmYGnQv37m7Qr2kb91Hmp1Y062HBI+5qazNfuBh2M3WTKVaPNbsmn+KCsq36v9gw0aV9TZL1/TPuT25RbjQdS6b9L9daGJru8ZpseD0s0506fzvVItTvNKaGVf7JV5UfOqW9rpSol9ZmF5mzSyj/R1vIjOte3VZWVZiCzNtpOiao2lEtv+RVQZcys1T69cUoqL5/PayomOBs7DxbA/KnWjrYD6jwUmxLGrcYDbZpYyGDNbG1tUn/DAT1Tlqy9yNgQ056n2dzIKs0Zq1K1dhxo0HP7rbbcHnkW+eIWAACAu0VOBFbz8vL00EMP6b95PPrHf/xHGUZQ91Wty8lgZF6eXWVlpcrPd+o3v/2t/unF/0t2m02hcFh5tjzdvDWqD2+M6DOPflYbP1mrdevXKy9BugBMLxAI6Ne/+pWGrvklW1jXP7ou+xxO9rXZJMOwKc9hyJ4X0trVLv35459V0dIlcjrNWdNhw9CwNTu5r8+n48eP66WXXtKqVaWy2WwaG7utsrI1uu+++xZYuodq7Whr046kVRp1tG361676vTpab/7bzF5Xqx1tjVPbTHLeVGa6AHf51I1BqhvbdLQx4UkztDl9X6a+D9NcAHcu4NegyrUhLio5KH9AqiwJyD8olccXatAsTKn5vlPHpZ27teH1I3prnq4pBdTzeo/Kt+4WYVUgm1yq39umZMNA/BgyaSxw1euZttizpxsjZ7pOgvIpbTPOAAAA3A1yIrAqmcHVnTt36t///d80OPi+li1bqlyNRRYU5Ouee1ZpxYoxhUIhK2iap5GR2/po5ENd+eCa3n77bb333nu69957F+QMxmzy+/3q+vnP9a//9nMZtnGNaVjOwrm/rs0mDd+6oV+/954GLl/WPatXa9myYuXZ7frFL8/p//t5j879+jf61W/fV35BgfLzC1VUVKzbt2/LbrfroYceIr9qxvSq2+vW5gNp5kvFAlEmVyRmWeLS5EljZROFck07o6xPb5waUPnWL0zMHA306PXBrfrCVunCfF1Tkvre0KmBWu18ihwAAAAAALCY5ExgVZLee+89Xb58UevWueRwOHJ6lqfdbtfSpRPRPsMwtHTpEpWUFGvJknzduBHQ5cuXNDY2RmA1TcFgUKOjYxobD2ksPKzC4rm/pk2SYTM0Gryln3T+VF09/6GlSwr1ha2P6/GH6/Xiy9/XD//lX3Tz1pjWri3XihUlcjrzFQwGNTIyrD/6ozo1Njby/zoTetu1q9Urd8MB7SCuioTM3Kc95Vu1O5rQNKCe77+lDV94SiUKzNM1TXGpBAAAAAAAi0ZOrVn+0Y9+pIICu5YsKcjZ2arTsdlsstttys93asWKYhUWOqMbWhkzbU2PODU1Ndq3b5/+9NMPW8vz5y6/apTVvCNfUuFNBcYv6dJHPr34/e9p338/rNff8Opm8EPJZmjZsuVyOvNlGIauXr2q0tJV+vKXv6z169fn9IcB88FcYpl2VtbJjehoW5ueqSeqevcyl+FLspbpTyqdKJR/cqEC6jl2RKe0Vbufqp2YOdr3hk6VJds4ag6uGVO/9kHCqgAAAACw2OTUjNUjR45kuwvIAYWFhXrooYf00EMPZbsrADItwTL8iWX6iZfhTyzTtwKcZTvVsjU+kNl3rkfq6VFLT8zBgSNqGdyplq1zc02z+ILeGpicvxUAAAAAsBjk1IxVAMDdrlIP1g7o1Bt9kqS+N05poPbB6DL6ygdrNXDqDfWZhTo1UKvIZNC+U9as0QQBzsqtLWppiXzt1tZyqXzrbisYOjfXlCQFBjVQvkFVBFYBAAAAYNHJqRmrAIC7X+XWnaptOW7NLq3VzpbK2ELtrG3RcWvqae3OFisA2qdzPZJ0SkdaTsW0VqudLVtnzG86V9cM+AelBPNhAQAAAAB3P5uR4QSgPp+PndGBJDL5M+Lz+bS2jKAOcsu7776rouJ52HUOuEuMDA/r/vvvz3Y3AMRgLAPSw1gGIJsuDw7OSSzy0qVLM9YhFQAAAAAAAAAApInAKgAAAAAAAACkicAqAAAAAAAAAKSJwCoAAAAAAAAApInAKgAgoxwOh8LhcLa7ASwI4XBYDocj290AMAljGZA6xjIAixmBVQBARq1YsUJjo6M8kAIzCIfDGhsd1fLly7PdFQCTMJYBqWEsA7DY8bESACCjVq1aJUn68MMPNT4+nuXeALnL4XCopKQk+jMDIHcwlgGpYSwDsNgRWAUAZNyqVav4AxsAsKAxlgEAgJmQCgAAAAAAAAAA0kRgFQAAAAAAAADSRGAVAAAAAAAAANJEYBUAAAAAAAAA0kRgFQAAAAAAAADSRGAVAAAAAAAAANJEYBUAALI6/0oAACAASURBVAAAAAAA0kRgFQAAAAAAAADSRGAVAAAAAAAAANJEYBUAAAAAAAAA0kRgFQAAAAAAAADSRGAVAAAAAAAAANJEYBUAAAAAAAAA0kRgFQAAAAAAAADS5Mh2BwAAd5+hoSEFAgGNj49nuytAznI4HCopKdHKlSuz3RUACTCWYaFKdXx5+5dvy2aTDMN8/fH/8vFoWe+vexUMjiUse/uXb8e1E1sGAIsNgVVgUevViaZWeScfdjfo4N56uaY9rV27WqU9bY2qzlRP2pt0WM062ph6i8nOmU17887fqef2d0gNB/RMfey73asTTa+o4sBe1U/7PyHti6nz0H69uWnytTJvaGhIQ0NDyi8oUEFh4ZxeC1jIwuGwhoaGJIng6h0xxzI1t2nHlF/58/e77074Ow9pX4cvYZkn4X2lKEPjdW97kw5P/WNBjRkdp3ILYxkWslTHF8MIa8PGT8om6ewvfjGljQdqapSfnz+lzDDC2vjJT0oJzgOAxYbAKoBJD23mQ+i+Q0oeXJ0D7vLSebxa7vB1nFZvfeaC1NkWCASUX1Agu51sM0Aydrtd+QUFCgQCBFYx84ea2eaJ/7DS33lI+/YfklIJrvo79dz+Lm1eQIFYxjIsZDONL/9y7juSJFfoEwqOjUmSQqFw9LgkrQw+oGAwKJvNNqXMFfqExhKc95kH/2rO7gkAchV/KQCYxKX6vc3y+Dr0k95pqlQ36mgGZ6tKUmm5WxVlmXvaqm5sy+3ZqlFuud1eHW6f7s1eeMbHx3kQBVJkt9tZZjynXKrf25bTs1Xn1ByM1xGu+r3a4/Gp/fTdM37FYizDQpdsfAmPGypfv17hcHjiWDisdevKol+2kFNOp1OGYUwpm3xe+fr1Co8bc35PAJCLmLEKIIFSVbilNwf9UrVLve1N+oE8ktcrn7tBB7cNaF+rtOdAuX4waQZK/BL8+FQDEzNjzVmx/RUeeb1eaxbMXu2IXL63XbtaI2fNbqnh5FQAccss42YFTdNHa3ZNhUfyen2RwolgbbI+Wkv8fSn2f/O2Bqm1VSdqEyz3nDLLJ3bJa2SJa4MqOjrMe3A36OBT0rci158yA+q8TjTF1I0pi1vqGXOvU/7/5/KMKgCIMzkVwHTjUpJxwlpO7/F45fVGiidSC8T97pz0O3L6sSc95jU8E0v6e9u1q7VfjQf2qux0kw6rQY39HWr3SdLkelYqgN527XpF8sgrr8+tT/+RT+9VxaRI6G3XrlfK0+pjablb6hqUX9VyTX4vouNfr05YY5IvZoZrpt4bAOkbHzc0bgQVDof0i56e6PHR0WD032GNTVsWCo3HlY0bQY0TWAWwSBFYBZCAS2UVkm/gmmQ95vi80p62tuiDmlmtRpvdHXrzvF/11gNrt1fyNFfLfJhtVX/DAR01n6D03P5D6owJMnr7y3WwrW3Sg1SvTrT2q/FAm1mvt127jnWq5k4euHrbta+jQnva9qpa5oPfvvYyHW0snb6P5l3Lq2Ydbau2yiLBz2R9NB8gK5rb9Ey1Vba/XWXJZgyV1utvGrq075VOfXYW9+nrGNATbW3aYQUM9h1rMN9XK8D7k976aODA19GlzQfadNRlpXxoL9PRxmr5Ow/pcH+DDrbVy2UFIp7rnHjgjvv/DwALUpJx6dp040Tkt55X/eUHdLTNZQUrj6mzxjxv4nened63OmvM353Tjj3T/Cb1dWhfU0f8MSvgWN3Ypj1q0uH2Wh1tlE60euVpNsegXknydqi/uU1Hq63g5qFpAqQ+r2TVMwOp5+Wvt/re45V704G0xiCX+ceCrkly9U59Lw6f7lV9Y7V2HGhQf+yHhOm+NwAyKhQMS4ahgt8bnFRii/7L4b46fVnVlfgiw2a2CQCLEIFVAKnx1CYIqrlUs8mt9i7rwcw/qH53g/6mWpL/vN70efTEXusRzVWvJzwd+sF5v+rNqKXcm2qmeYAzlxbWN1abyxj33lnXe3vMWbGR/lc3tumoJPk7p+9jjSS51bjFOstVpopU+tjbI6+7QQejF9uiRvd+dfc2qjrJ86Kr/ik1du23HsjTuz93wxbr3syZxtH3dUqfJXm2WYFtl+q3edTe2qPexlINdvnk2bbX+v9hlVkP3OZ5if7/A8AC4j+vN31ubX5q4nf+M23m77je0165Gw5MjBNbGuTe36PexmrrmEdPRD4VLC2XW/0T7fomPsCqbmzTM9bh3p6Z2pxkhlmb1Y3N8jS1apdX5qqC6vhzP1sde50unffXa+pw4lFdtEO18vheMeu5etXtdWvzgTuYMxo3Xvs12C9NHYRMab83ADIqFDR04fylbHcDAO4KBFYBJGA+ELk3zbyZlKt+mzwd5oNZzfkuadNT5kPhtQH55NXhpknbCHuuSUrWbrV2tDVLkYdHacqGGelJci/J+liTrM3p++gf7Jd83imzjtxWWoXpRQKdx9RZsy2F+5qduA3CSsvl1oCka+r3Sd7WJsW/Ex5dm7OeAMA8uzYgnyr0xJRfxeY44fPu1664X91uDfqVPNBX3aijzdKumN+fHitVS9I2ZxW/rNZnG9zydlRoz+QxsaJsIiCb6EO1adqr8/isDxMH1e/epM+m2S+/OcCao/qkNDhu97RnzcF7AyAdVSWbteaeNQqFQhlpLy8vTx9c+SAjbQHAQkNgFcBU/vN60ydVbEvl6SbyYNYrdWliJlBpudzy6ImES+D9M7a5o63NzLkatwQ/zfuQlCitQVSyPvonL41KsY9lFZJ70+xyxVU3ao+nSYdP98iT7rmzcW3AegA2Z7p6tiV+j+/ObUkALDql5XKrK0Hwzhwn3JsOJN7kaqZPmKwNoiQrb2hru+raGpO3ORv+Tn2rQ9aGh7XxHzj2T+Q5lX9QSSaLxne91iPfK+fVq5gPRlPvkM53+aSKbebS/9Md8k3Kz3044XkzvN8LRKDnmI6cGoi+rt3Zoq2VE+V9p1p0vCdRWZ9OtRxXNDtl+VbtfqpWJZMv0HdKLa+XJS6b2hv1HDuiwU/H9yG2j+Vbd+up2plbUqBHx44M6tMtWxXTVJL7wcJkqKTE/H4wDEOGYchut8uQZITDstlsks0mwzDzptqtfxuGIZu1qZthGLJJZl1JH1y5kuhCAHDXY6tLAJP41XmsQ76YZYUzqa71yNfRqvaKbRObNLlqtNnt1Q86I0HUXp1oatJznTMEVf2deq7pkKLVXGWqkFsVM0+eTdo/eXuiAUJ/5yHtOtQp/1z0sbpWHl+HftIbW7dJJ1KMTlY3Nsvj9U7MHHWVqUI+vXneulhvz6RZpenxdZy23ge/Ol/xWkv8zZQO3lc6oyHv3vYm8z26g2sBQE5x1WizO+b3qfU7/0RvZBw7HT9ONLXP+MFSdDyJXKKsQnKXyxwOZtfmNFdS57EOqeEpPbO3WR5va/y44utSdJg43SGfe5NqUvps1ByzDnf4VFGWZli185jafTEpcyQrwCvJ36kfJBmsMvveZEHfKR05VaadLS1qaWlRy85a9Rw/pp7ARPnxnlqzfGeteo6fUp8kMwB6XINbd5vntezWVp3SkVN9U9pvOd6j1JhB1ZgYr3W4R98/JW3d3aKW3VulU9+f6N+0TfXo2JFTmtzU9PeDhcowpKVLl2rp0qXKLyiQ0+nUkqVLVVhYKKfTqYLCQrMsP1/5TqeWLl2qAqtsyZIlWrJkiZxOp/ILCqLtGOxdBWCRYsYqgKlLwNNdel9dK4+8Um3sOS7V721Wf1PMUj9Ps7lhSLJwnatezzQPaNf+JllbZMndcEA7pnve88Ysxzdrm7skx/WvUQcbDmlfU1OkI9pjba4xbR+TRRST9tHcpOO5/U3aFVuW8tsZWeoZ/3pfh9VHT4Ma3YrN7pcWd0O5upusWUTuBh20/j+76vdqz0BTTAqDifeIdAAAFoIpY5m7QQf3xuZ1mTouuRsOmBsNavI44VbjgSSbDkZanPK70zzPHA7SbDPR5lWS3A3/uzZ3/R9qV4MO1rskubSj2aNdrYdUERnvPBXqj447E7+/Z1atOo/k9cbkXp3OlPHWoz0xKz7MPKnWPbgbtKfBrcNd1kxaa7PL9v1N6m9u045035tcU7lVLS2xrx9UrXo0GJBUIvWd65Fqd5ozPiv/RFvLj+hc31ZVVpao9qkW1UZPLFHVhnLpLb8CqlSJIjNDy1VbW66emRbPRAKhtbWqHYgPxAYuvKWB8g36Qokk1erTtaf0+oWAaqeZtRqZ3VpbW6tJTSW5nxTeK+QoQ5E4aCgUUjAYVH5+vsLhsILBoGx2u/Lsdo2Pj8swDDnz8xUKhTQWDMrhdEqGofFgUHl5eXI4HNE2AWAxshlGZj9b8vl8ck+fVAlY9DL5M+Lz+bS2rGzmisA8evfdd1VUXJztbgALxsjwsO6///5sdwMLlLnkfva5yP2dh7RvYNsd5DK/O6U3lpnL+7WzRVsrzRmkb22ILL2f/DpeoOeYjry1Ibrkv6+vT5WVlVOOJxToU58qVVkSe32rR6dadFw71WIdmPx6alN9UmWlSvpOyWwqkgogvftBbplufPnPt97Shk98QpJ0e3RU4+PjWrJkicKhkEbHxpTvzFeeI09jo6MyDEOFS5YoGAwqGAyqsLBQMgyNjo0pLy9PBQUFZpv/8R/6ww0b5vX+ACDi8uDgnMQiL12aeaM/UgEAAAAAi5KZJ9VTS1D1TgR6XlePavVgTMyyzBUJOpbINe1n4H1649SAyjdURYOnlelMAy2pVGWS2GZ52URhSVn5DE1VJs3lmtr9YKEwDCkcDiscDms8GFRoPKSx0VEFg0GFQyEFg2MaswKuoZBZFqkXHBvT2FhQofFxjY+PKxwKyQiHleH5WgCwYBBYBQAAABYbf6eea9qv9ormWW4OCUlWvtUB1e6M3+xpZma+1Z7yrfoCMz8xzwzDiAZWw4YhwwjHHTc3qpr82qxnGIYMWa8jbRBYBbCIkWMVAAAAWKCqG9t0dDYnuur1TFt9pruzuFibTNXGLMGPGPQHZE4nDcg/KMUnf7c2nNLW5Ev9Y8+wcqCaamOW6k9vIJL0VVJgcGJLKjOPq/WiPLU+JL8fLDxGNBBqt9ll2MLKy8uTJNlsNtntdjkceQqFxiVJDofDrG+zKS8vT4ZhKGSzyWazma0RVAWwiBFYBQAAAIB09J1Sy/FBbd3dovgJp4mXyk8spbeCqmXT5ztNpKT2KbXUzlwvWr+sXJq0+VUkNUDl1ha1bE25pRnuBwtRZCaqJI2PBxUKhTU2NqZwOKxQKCTJTBUwPj4uQ9Lo6KhCoZCZMmBszDpv3ArAOqz6BFcBLE6kAgAAAACAVAV6dOx4j2p3PqVEq/grH6zVwKk31CdJfW/o1MBE/tW+U9ZM1TSCqrNRUrVB5T2vqydg9vf1nnJtqJpdMDTZ/WBhis2xGgqFFA6HNB4KmcHTUFihcNh8HQ4rHD1u1gvF1Js4P5ztWwKArGHGKgAAAACkKHDhLQ1IGjjeop6Y4+Vbd+up2hKpcqt21rboeItZWruzxVq236dzPZJ0SkdaTsWcmdrS/rSU1OoLW9/SkSMtOmX1bdapXKe9HyxUsTNW7Xa7woahPLtdYUk2W0h2m015drtC1lL/6PL/UEh2e54kQzab4lIBkA4AwGJlMzL8G9Dn88ntdmeySeCuksmfEZ/Pp7VlJLlCbnn33XdVVFyc7W4AC8bI8LDuv//+bHcDQAzGMtwNphtferp79Ad/8PuSrGX+4bAKCgoUDocVDAblcDiUl5en4NiYDEkF+fkaHx/XeCik/Px8yZDGgmPKy8szX0v69a9+rdq6NPJVAEAGXR4cnJNY5KVLl2asw4xVAAAAAAAWCcMIK2zNrxq3lvIHg0EZ1tL/cSm6zN+QFAwGFbJejweDMiSFI7lYQyHZbDbSAQBYtAisAgAAAACwSBiGZMQGQg1DNkmGzRZd0m+TZEQq22xSZLm/zSabYZhtWMdIAgBgMSOwCgAAAADAIhKZsWq32WXYDDN3ajgsm90uu90uuz1PdltIhs0mu90uw26XPRyW3W6XDMluN2eqRoOvALBIEVgFAAAAAGCRMAxD+U6nJMnpcMgwDDN4Kik/7DQ3pbLZ5HCa4QK7zSbDqmez283z8p2yKX4DKwBYjAisAgAyyuFwKByZ0QAgqXA4LIeDP8eAXMNYhoVupvHl7bfPzWNvAODuxV/yAICMWrFihQKBgPILCnggBZIIh8MaGx3VihUrst0VAJMwlmEhm2l8+eP/+sfz3CMAuHsRWAUAZNSqVaskSR9++KHGx8ez3BsgdzkcDpWUlER/ZgDkDsYyLGSMLwAwfwisAgAybtWqVfwxDwBY0BjLAADATFjXAgAAAAAAAABpIrAKAAAAAAAAAGkisAoAAAAAAAAAaSKwCgAAAAAAAABpIrAKAAAAAAAAAGkisAoAAAAAAAAAaSKwCgAAAAAAAABpIrAKAAAAAAAAAGkisAoAAAAAAAAAaSKwCgAAAAAAAABpIrAKAAAAAAAAAGkisAoAAAAAAAAAaSKwCgAAAAAAAABpIrAKAAAAAAAAAGlyZLsDAIC7z9DQkAKBgMbHx7PdFSBnORwOlZSUaOXKldnuCoAEGMuAmTGWAVjsCKwCi55fnYf2q903ccTT3KYd1bF1enWiqVXe6Gu3Gg/sVb3LKm1v0mGvR3vaGhV7mr/zkPYNbNPRxrjGZn3OrPW2a1erplwLc2NoaEhDQ0PKLyhQQWFhtrsD5KxwOKyhoSFJ4oH0js00lpnjmKxjjFuYCWMZkBrGMgCLHakAgEXNehCtaNbRtjbrq1lqbdKJ3kgd82G0v+HARJ0Dm/Tm/kPq9Me25dUP4g+kYDbnINcFAgHlFxTIbmeIAZKx2+3KLyhQIBDIdlcWuFTGskQYtzA9xjIgNYxlABY7/lIAFrVr6vdJntrY+TDV+myDW94e62nUP6h+ubW5xjVRxVWvJzw+vXk+5uHS7ZY6jimt583ZnIOcNz4+zoMokCK73c4y4zuWwliWCOMWkmAsA1LHWAZgMeOvBWBRK1WFW1MePF31eyeWNLrKVKFJQVRJ1Y1teqY+JthasU1PeHxqP9aplJ83Zzqnt127mtoV7Z2/U881WTNlI//ubNeupibtamrSc51++TsPxb2ONRhTFj+LqVcnrOPxZX51HmrSiXbrGu1Jpz4BALIihbEsEcYtAAAA3CECq8Ci5lL9Uw1ye1unfaiTqrWj2SNfx/5pHu5iajY2y+Pr0E/SeI6bzTkTfGofqDWXfVp9/Jae0tG2Nh1scMvXcXri4VZetQ9si9b1tkZSGfjVeSgm1cGBBvW3xqc58PaX62BbW2bz5wEAMiSVsSwxxi0AAADcCQKrwGLnqtczVk4686Fu/9TgaXVjNG/dHo/kbW3SrqbJOValSBDW2xozW2dGszknwq3GLdZDY2m53DEpC1xlFdPXrd6iRrc1C9d/Xm/6PHoiMvs2QZoD96YauQQAyFmpjGUJMW4BAABg9hzZ7gCA3OGq36uj9dYOx63tqkuwG3F1Y5uONlq7Ix/rVM3e+kkVtqjRvV+H22t1sDzFC8/mnLRVqCz6lOlS9Pn12oB88upwkze+uueapNK56gwAYI6kMpbFYdwCAADALBFYBRaz3nbteqVcB/fWx81siZ014+88pH0D26YsJywtd0v9iRo1l2S+uf8V/cSTakdmc86d8GuwX1K5rBlDHj2R8MGb3UkAIOelMJYlx7gFAACA2cl4KgCbzaZgMJjpZoG7QjAYlM1my3Y3JlTXyuPr0L64zS386nzFK3lqVS3JVbNJbm/rpHx1vfpJh2/6pYauev1Ng+T1+lLvS6JzSsvlllfdVvf857uURouTePWDyD30nla7z1p+6arRZndMmbUhSKr5+QAAWZbCWDYjxi0AAADMQsZnrC5dulRDQ0NauXKlnE5nppsHFqxgMKjLly9r6dKl2e5KjGrtaDugikP7tatp4qi74YCOxuRue6atTCea9mtXx0QdT3ObnknytOqq3yZPR6u801eZ+RxXvZ7wdOhwa5O8ktwNDfKoK40WY3m0Wce0q8kX7b95iy7V721Wf+z9eZqt++chFQByXwpjWQoYtwAAAJAum2EYRiYbDIVCun79um7duqVQKJTJpoEFLS8vT0uWLNGKFSuUn5+fkTZ9Pp/WlpVlpC0gU959910VFRdnuxvAgjEyPKz7778/290AEIOxDEgPYxmAbLo8OCi3253xdi9dujRjnYzPWM3Ly9Pq1asz3SwAAAAAAAAA5IyM51gFAAAAAAAAgLsdgVUAAAAAAAAASBOBVQAAAAAAAABIE4FVAAAAAAAAAEgTgVUAAAAAAAAASBOBVQAAAAAAAABIE4FVAAAAAAAAAEgTgVUAAAAAAAAASBOBVQAAAAAAAABIE4FVAAAAAAAAAEgTgVUAQEY5HA6Fw+FsdwNYEMLhsBwOR7a7AWASxjIgdYxlABYzAqsAgIxasWKFxkZHeSAFZhAOhzU2Oqrly5dnuysAJmEsA1LDWAZgseNjJQBARq1atUqS9OGHH2p8fDzLvQFyl8PhUElJSfRnBkDuYCwDUsNYBmCxI7AKAMi4VatW8Qc2AGBBYywDAAAzIRUAAAAAAAAAAKSJwCoAAAAAAAAApInAKgAAAAAAAACkicAqAAAAAAAAAKQp45tXhYf9GvU+r9D7P5dxcyjTzeMuZRgJjk2pY8xQntq5RtzxmfuTyrnxxxPXtxetUoH7j7Xykf9NectciS8MAAAAAACABSHjgdXRn/2Dxntfz3SzwIIXHrmum2+/KoXG5fqfD2a7OwAAAAAAALgDGU8FMO7rynSTwF3l1ntvZrsLAAAAAAAAuEOZz7E6NpLxJoG7iTHKzwgAAAAAAMBCx+ZVAAAAAAAAAJAmAqsAAAAAAAAAkCYCqwAAAAAAAACQJsd8XuzDYJ7+x+9KdP6jJfoomDeflwbmRbEjpOrim/r82mta5ghluzsAAAAAAACYI/MaWD35/kp1Xy+az0sC82p4PE+/CCxTyLDpf/nYlWx3BwAAAAAAAHNkXlMBnA8UzuflgKzpvbEk210AAAAAAADAHJrXwOrNMMv/sTjc4nsdAAAAAADgrsbmVQAAAAAAAACQpnnNsQogt1weHMx2FwAAAAAAwCK3tqws212YFQKrwCK2UH9xAQAAAAAAZBupAAAAAAAAAAAgTTk0Y/VpffOleq2ffHjkHR3/q2/ox9noUpq+3Po9fUqd+mLzC5NK5vfeJvrRp69/5y9V2fddfekbr2b4KgAAAAAAAMDilXMzVi/+7C/0xScjX9/VeT2gna1PZ7tbGZHw3r7zrB5P4dzHn/22Xk6xLgAAAAAAAIC5lXOB1Xiv6u+6L0rrq/TlbHcl417V3/1Vpy4WPaDPZDhu/E/Nf5Fg1iwAAAAAAACATMmhVAApeuxZvbjzARVJkkZ0/vhf6+9ejRxfocDF9Vq/3pwd+lUd1sufiizAj6k7Yzv3KnBRWr/eLNXF2OX9j+nr3/lL1RRFOnRRP3tyj/5pVjfTp8BIvSpXPybJ7NiXW7+naJcj1336sHbWFEnWDFf91Tf04yT9iE0FEOfpJO8HAAAAAAAAgJTl+IzVx/T1uvXSxQtW4PJpfXPnAwpEltT/LKCanYdjZrOuV0ngu/rik3+hr77wtL75qRKdPx5T988jS+nj2zl+XpPaKdJ69ZjnHX9HI+vr9U1rVunjz35BNYHOieX8I+tV9+xjs7y/V3U1IBWVVFptf1ufKnlHxyNtl9TrxWcfk17Yo+PnR+Jysqbfj2TvBwAAAAAAAIB05NyM1fWf+p5e/lTMgZF3dDwyW/TpKq0feUfHI5NHX3hd5+v+Uvc/LalPkkbU1x07BbNINZ95Wnr1BemFPfpi5Lynq7ReF/Uz6/WPv9Gjz7xUH9fO+X+xCl+9qsDOiRZ//I2/jtlsqlIlRcqQx1RXWaSL3ZHNrF7V33V/Wi/X1elxTZ1WOrt+TPN+AAAAAAAAAEhLzgVWL/7sL/TVaQJ+j68ukYrWa+dL31NMrFMjqx+zAqKxXtBXn5S++VK9Xn6p3mrcXFr/+OoSaeT9qaekYtJy+pGR2TQS8ZhWl0gjfX2KBEenBJYlVSrB7aXdj+nfDwAAAAAAAADpybnAajI/vhrQzpH3o8vh4zxWl+CMF/TVJ63A4WPP6sWd9frm0y/oq1cD2lmzQpVp98BMTTBy/rv60jdeVSTfavrtTPS5skgKXDXbCozUS92JA8vxS/Zn249p3g9iqwAAAAAAAEBacjzH6iQvXNDFogf0GSvfqR57Vi++9L1o/tM4jz2rF1/6tr4eSTv66lUFNKJAn9WO1ptL/yU9/myt1uui3k0xwBjJiaqnPx2zeVS6HtPX//wBFY28IzPrwKvq7hvR+rqJvKdfbv2eXv7O9HlQ0+pHsvcDAAAAAAAAQFoW1IxV6QV99fhqvbhzYrn8yPnvmjMuJ+/b9Oo39KXKw3p55/f08s6Yuq8mamdE54/vsTbISsbKe/opazn9xU797OJ6faoktTmrU5b5T1qK/+Nv/LUqW78Xk+rgon72pDU7t/t9/XnNA9r50mFVPrkn/X4kfT8AAAAAAAAApMNmGIaRyQZvHN40bdlf//u9mbwUkNNaP/6eJv9wRX7aPva33Rm5hs/n09qysoy0BQAAAAAAsNBcHhyU2+3OeLuXLl2asc7CSgUAAAAAAAAAADmAwCoAAAAAAAAApInAKgAAAAAAAACkicAqAAAAAAAAAKSJwCoAAAAAAAAApMkxnxdbag/pZjhvPi8JZMUSeyjbXQAAYJHo1YmmVnnl0Z62RlXHFbVrV6tXcjfo4N56udJtub1Jh9Wso43VM1eO8Hfquf1d2nxgr+oTXTDSp4hZ9g1zb3h4WMPDwwqHw9nuCpCz7Ha7iouLVVxcnO2uAEBWzGtgtabktrqvF83nJYGsqF52K9tdAABgEXHLp9eojgAAIABJREFU7faqu7dR1TEx0N4e7/SnpGlWQdapjWhXa78aD7RFg67+zkPad0jR4Go618lIn5DQ8PCwhkdG5HQ6JZst290BcpdhaHhkRJIIrgJYlOY1FcD2e4e0qXRYy53M5sPdqdgR0idLbmjbOn+2uwIAwKJSUeGWt6c35ohfg/1ueTzuWbdZ3diW0aClf7Bfcm9STcz0VFf9Nnl8XTrPnw45ZXh4WE6Hg6AqMBObTU6HQ8PDw9nuCQBkxbzOWF3hDOmp37s2n5fEAmEYCY5NqWPMUJ7auUbc8Zn7k8q58cenaTSn+dV5aL/afRNH3A0H9EzCNYx3qLddu1o1dbkmAAB3oKJ2k9ytPeptrDbHF/95valNeqK8S97+mIqTluJHxzt/p57bP6AKj1der+RpblNdjzkj9GD5KzrslaRW7YrMEPV36rn9HYoOnZ6ZZ466yiokX5fO++tj0gRUa0fbXknm7NVUrzOlbm1P/Pg6KSVBb3uTVV+kH0hBOBwmqAqkymYjZQaARYvNq4BFr1cnmvarvaJZR9varK9mVXTs16723plPBwAgF5TWaLPbq25r6PKf75I21ag0rlKvTlhL8Y+2telos0e+jtOaGO286i8/oKNtbdoREyN11e/VHo9igqd+dR7rUEWz1c6BBrm9r6hzplmn1Y3a4/GpfX+TdjU1aVdTu2JH2nSuM7VuEr3tOtzfoIPWOL+nokPfmrGzAAAAmMm8zlgFkHt621vldTfoYNxDWbV2NHvkjZ35A8xCMBjUlStXNBYMajwYlMPpVH5+vsruuUcOx90zBC2W+wRym0s1m9x6c9AvVUvnu3yq2OaSBmPrTMwOlayl+aqIKXdrc00q8zhdqt/bNvHy2oB8kjancKaZXkCKbLp1uCnZ5lqzv84Uvg79pLdeO6rNPjwzmzYAAAAQh6c9YFHrVbdX8jQneJirbtTRtvi65q7LJk9zZDaPmUbgzQqP5PVaSxXjd2aOXX7o8XjirxO3xNGtxsguygmWZO4gwrugfPjRR7py5YrWrFmjgoICFRQUaHR0VKOjo3rvt79VWVmZVixfnuDMDO3wPdPO3Bky6/ucvLw3KubnYK7N03sEzBdXWYV8r5yXv0Z60+fRE9WaFFiNT33jds8+/2r80nq30m+pWjva2rTD+p33rc6ahCl47vw6Msf0ZmlXa1OCcRwAAACzRWAVWMz8g+qXW5tLZ6yozkOt6m84oKPRPHSH1BkTjPF5pT1tbaq2HloPt9eaSxN723XYGwmQmWVSJLjaqxP7zSWOz1TLDJrtb1dZNJgWWZJJxGeh+fCjj3T9+nVVVVUpFAppdHRUH330kRwOh4qKinT//ferr69PkqYJrs79Dt+ZEHufsSIB1uXLl894n/MWRAUWg+paeXyv6CenJZ9nm8zF9DF6T6vdF/OhjZX3O23+Tv3AO/nDwK6ZTlLnof3q3zY5oFmqCrfUn/CU2VxnGtWNOtrWaDV7SPta21VHvvMMGtGF136o7pjtJKoe2a66NdaLD7p18oz0yPY6rUl4fiqXuKDXfvhb3ff5R1VVdIfdBQAAGUGOVQBxetsjed/MrxO9MjcA8Xn0RCT646rXEx6f3ozZwtjdsMV6OHOpLGZVZW+PV/LURsvqt3liC+V1N+izkae66i1qjMmPl/qSTOSSyLL4e++9Vzdv3pTP59PAwIAGBwc1MDAgn8+nmzdvqrKyUleuXFEwGEzYzlzs8J1JsfeZzEz3CSCTqlXn8cnr9clTO13IsF+Dfknyq/OVO/mwxqd+K4jWezrR7PPJzFQF3tZD8blYe0+r3ZdsvEvxOqXlcis+x2ykrr/zkHYd6owGmV1lFZK7XDN+rooUWUHVlY9o+/bt1tcj0pmT6v4g230DAABziRmrwGLmKlNF5IHNep6bnPtNkpXTzWvmgYvluSYlfSzza7Bfcm+KqVNaLrcGzNLBfsnn1b6mjriz3IP+5M0ip0WWxYdCIV26dGnKLrHhcFiXLl2S2+3WmjVrdNXv17q1a6e0c8c7fE8xXTqLO7vPVCS7z6SSpsro0uaGCrV3mHfkbjigv9Ex7evwRV9H34csvUdANlTXeiSvVJfoe7d6ixrd+9W+v0ntcquxuUHu1i5ZaVlnbre1Vbv6zVQkT3g6dNhaWu9pbpbH22qOp0nGL1f9Xh0ta9eu/U1qjx71aE/b3uj1U76OK3ldd0ODPOqKXnfPQFPMeOtW44HG5OlUkIYRDV2TqjbEjglr9EBdqX74/geqW7NGWlOn7duz1kEgLW+//bZ+v7pazvz8uOPBsTH19vbqwY9/PEs9A4DcQ2AVWNSqVeeRDr/Sqc8my1dZWi63PHoi4ZLBZLsKm7NXfQMxkVtr4w0pMmNmU+JcmWxWvGCNjY1F84xODqpGhMNhjY6OKj8/X0PXryduqLRGm90d0XQA5g7fT6lUsctgJ3b4rnfJCiCeVm/95O/VmdNZzPY+UzH9ffqsAM+EiWDmTKkyfGof2GYu7e1t167W/fpWg5k6w995SPs6Iu9D9t4jYH7Eb0g1OUe4q36vjtZHX6l+b5vqY86ub4u8qtczbbEl1oeNce02TrQb/SDS0ha56NR2JjUa185M5dNfJ4W69fUxVSeVIYOKtLJU6o4EUSNHqx5VNJYakwpA3Sd1RlWqunBBFyRJpaqLXd7/QbdOnjFLVGXW0yPbVTdl+f8H6j55xmpjUuoBYJbefvttnTt3ThcHBvTII49Eg6vBsTGdOXNGQ4GADEkfJ7gKAJJIBQAsetWNzfL4OrSvPX7JdeehiVlrctVos9urH0TXLvbqRFOTnuucOfppzhx6JbrsMS5HZnWtPL4O/SRyaX+nnoukH8CCNT4+roKCghmXvgeDQRUWFiapZy6b7R/0S/KbO3yXTY7wmQGVSODP3OE7gRTSWaQrcp+pmP4+3Wo80KajbRNf0RmiKaTKaNxiFZaWyx2TOsMVm48ji+8RACwORap6qE6lF87o5MmTOnnypF67MJL8lAtDWvl5M23AI1XX1P2vF2Se8YG6z1xQ1SNm2edXDkUDp/FGdOG1Mxqq+7yZeuDzdRo685pmuiwwk9+vrlZJSYmGAgGdOXNGwbGxuKBqSUmJfr+a5SwAEMGMVWDRM3clrmtv0q6mmMPuBh1si8wkdal+b7P6m/ZrV2QVoafZnNU209TS6kYdbDikfdasPLfHE7OjcbV2HGjQc/ubtCt62QNmYIlYzoLlcDg0Ojoqp9OZtJ7T6dTt27eT1svYDt9J01nMbjpm5D5TCa7OdJ+JZC5VRvbeIwBYNIqq9Oh2cyPDkQuv6YfdP9TJ7iSzSKs2RGeoFq0slYas4x+8rwuq0iNrIs1uUFX3mannj1zWb69VacOjkUaqtKGqW29dHlEVO1vhDjjz8/XpRx7R61Yg9cwZ8/svElT9dMwsVgAAgVUAlpmXCJoB2B1Tjk9dVhm3dFKTl2FKaowrTLxkcrrjyHmFhYUaHR1VUVGR7HZ7wnQAdrtdBQUFunHjhvKT/XGeqR2+k6azmJ3IfaYaWE16nwlkLFVGFt8jAFiMiqoe1fYqK8B6plv3bq9Tqiv0Rz4akkrv04yh0ZEhXdMFnTk5aT5r1Yg089lAUpODq5IIqgLANEgFAADIqDVr1uiDK1eUl5endevWyW6PH2rsdrvWrVunvLw8+a9e1T333JOktQzt8H0H6SymE7nPVMx8nwlkNFVGdt4jAFgUPujWydciS/knFC1fmXZTRctXSteGprQ1teJKlapKj2w3UwZEv0iyigyJBFdLSkoIqgJAEsxYBQBklMPh0D1lZerr61NlZaXcbrdGR0cVDAbldDpVUFCgvLw8+Xw+la1dK4cj+VCUmR2+k6WzyMx9TifV+5wqQ6kysvgeAcCisOZeVV07ox92L48JbI7owlsXpKpHUp6tGm1LZ/T+B3Vas0YaufCWLkiqmlyvaK3uK+3WWxce0KNVRYpsZDVU93nrNXDnIsHVyL8BAFPZDMMwMtngjcOb7rCFr2npns8pL/q6T8HD23X7DludD84vvqbCimVTjofObdLN0xm+2JaTWvagzPcm9t8Zvsx8SfRdOPnQ5G/VqeWpnWvEHZ+5P6mcG388cf3Ycz72t92JL5wmn8+ntWVlGWkLyLQPP/pIH1y5otVr1ig/P1+FhYW6ffu2bt++Lf/Vqypbu1bLl039nbnQLJb7BIDF5NKlSyooLEzjjBFdeO2H6r42caQ0Nsj5QbdOnpEe2V4ndZ/UGT0SDcKOXHhNP/ztffr8o1XmIv4PunXyzAWrjTqt7O6WHtmuuqILeu2Hv9V9n3/Uys9qBlOjyQCqHmHGKrJm9PZtrVu3LtvdALBIXR4cnH4viTtw6dKlGevk1ozVjc+r+OGNUv8R3Xj5JUlWsHLPSelOg4Ybn1fxw/cr9NNHdevs7Jsp/FKXnPqRbrz494kr3D6r289/RdG9n7ec1LIHu7RUqQRXzaCy5iIQCwDzbMXy5Vq6ZImuXr2qoevXozNW8wsKdN99981iBmduWiz3CQBIpkhVj26fOrM0Yk2dtm+3/l23XdtjiiI5WePr1lkvPlB3d6lWFilugyyrouq2b1edAABAtuTU017hH26U7fqPokFVSQq+/G05vrJbji8+KcUcXzBOb9ftFa+psOp5OU/HBFwz0O4Ngq8AcpzT6VwUsxcWy30CAObYyAW99sMhbbA2vDJTAazUI6zuBwAgJ+VQYPVrsq+SQucmzwR9Sbeejw+oxi25j5khas4m7VNoVaWVSuCGxn/6qG6d/ZqWPrxRNkmOh1/TEpmzVgu/1CXnqkirkbrWS2v2rC2mbLzqNav+57TsS5p+1uokwQ+vqbBilfIkM7CaoO1bZ5/Ukq9YKRBiZ7huOallD07k7jP6j2j45ZfiUwHEXe1JLfnKbjkiK5euJ5ldCwAAACB3FFVpQ9VJnTkZWeBfqrrP16WXpxUAAMwb+8xV5snGtbLrhoyrM9TbclKFFdcUPLxJNw4f0bg2qvBLX5soX1Uq46ebdOPwJgWvL5Nj0/Ny6u9186dnZcQGT7eclHPpWd0+HFP3DyPtmIHY8Dmz7Ma5a3I8fFJ5Lz+q4HWlH6y8el2GSmXbOH3bhXpJt57/kUKKzcn6NS19sFTjP43U7ZOt4s+ULNuT84t/LcfNH5n1Dx/R+NLPaemW1LsKAAAAIHvW1G3X9u2Rr0g+VQAAkItyaMZqagrXVUrXf2TN0nxJty78mZY9WDMRbLzujc46DY3ckHPpNA3FLaV/Uralkm5aL7fUKE99Cp6eWjedFPYJbalR3u2zuh1t+581XrVb9i2Spizt/3vdPDzxyrmiVNK1yZWmWuXRko3SrbNTZ/sCAAAAAAAAuHO5E1g9e1nhhzfKtjpZJTMAalx9986vN2k5vhGznt65olS6/a5Cd34V0+pVsumajLOS84ulUmGlCvd0xQVpjRVPJjgxflm/cfvGjJcKvvyo9MXXVPhwl5Y9LE1JcQAAAAAgKbvdLhmGZLNluytA7jMM82cGABah3Ams6u8Vvv45Odd9TVL8Mnszd6q5/N64uVu2ovvv+GrRjbKsJf3mNUxTcqLe6bXWVUq3zyoUaXv1u9G8sPG+Fv9yy5/JUdg3kUfVyqs6k+DLj0bbLvxSl5ybnpfzbAY3zgIAAADuYsXFxRoeGZHT4SC4CiRjGAoGgyoqImcFgMUphwKr0u3/PCvHw59T8RffNTdoksxcqKtuaPynZgD09qU+Oa2l/7f1pJZUTaQGSHuZ/tK1ckoKbnxejlWSrlvHT59X6MHPTSzP3/i8ih++X6GfPioj3WtsOSnnKil0zgpsWm07t8hMNWDNnA1H86pOZuVmPWvdq/qSXi42CC1Z6RB0maAqAAAAkKLi4mIZkkaGhxUOh7PdHSBn2e12FRUXa1lxcba7AgBZkVOBVZ39iobPfk1L9+zWsj27rYN9Ch5+VNGV+qe36/aK11S4x5phevusbqeykdRZr0KbNsrxcJeWrt6km/95Vo6HN5pL8m+fVbD/hpyrrUCr/l43f7pWxQ93RWeIhs5tMpfTr+6T88HPadlX1iaedVq4cdIy/xsa/+mmmKX4U9s2+o9YQVVr1u6DXSpecUTDL5v5Vx0Pd2nZwzc0fu6sjAfvtzbBSuz2i0dk+8puLdvzuZj3L42NtgAAAABoGcEiAAAwA5thGGlPwkzmxuFNmWwOi0Si78LJhyZ/q04tT+1cI+74zP1J5dz444nrx57zsb/tTnzhNPl8Pq0tK8tIWwAAAAAAAAvN5cFBud3ujLd76dKlGeuQYRoAAAAAAAAA0kRgFQAAAAAAAADSRGAVAAAAAAAAANJEYBUAAAAAAAAA0kRgFQAAAAAAAADSRGAVAAAAAAAAANI0v4FVG3FcLA42e162uwAAAAAAAIA5NL+RTudSAk646+XlOZS/pCjb3QAAAAAAAMAccszr1cZvKVywTHIUSDYCrEjONsPrXBQOhzQ+dltjw4FsdwUAAAAAAABzaH4Dq+GQbLcIOGEqw0hwbEodY4by1M414o7P3J9Uzo0/Pk2jAAAAAAAAuGuQ9BQAAAAAAAAA0kRgFQAAAAAAAADSRGAVAAAAAAAAANI0vzlWAQAAAGABGBoaUiAQ0Pj4eLa7AqTF4XCopKREK1euTFrv7V++LZttYu+Ij/+Xj0fLen/dq2BwLGHZ2798O66d2DIAWGwIrAKLWq9ONLXK62nW0cbqmON+dR7ar/5tbdpRPe3JCZjnvbnpgJ6pd2W4r5bedu1qlfa0Nao69t9zczXM0vDwsIaHhxUOh7PdFSBn2e12FRcXq7i4ONtdWeCssWzyYXeDDu6t1xyNRima6Ju7IX5s9Hce0r4O36T6bjUe2CuzWhpjqr9Tz+3v0uboubhTQ0NDGhoaUn5BgQoKC7PdHSAt4XBYQ0NDkpQ0uGoYYW3Y+EnZJJ39xS+mtPFATY3y8/OnlBlGWBs/+UkpwXkAsNgQWAUgeV9R55bZPYz5Ow9pX9emrD+85ko/YAVVR0bkdDolmy3b3QFyl2FoeGREkgiuZoCnOfbDQDMoue+QUhoX5moM8Xe+Im+yAO+kMn/nIe3b366yFD4wZNybW4FAQPkFBbLbyZyGhcdutyu/oECBQCBhYPVfzn1HkuQKfULBsTFJUigUjh6XpJXBBxQMBmWz2aaUuUKf0FiC8z7z4F/N2T3h/2/v/mKiStN9j39X/YESZItA90EbZqg+GGZadsZNYO/DZKeIsSOTaDrtZI5GnQvNOHLhjZEbd7eTcGH39A2GGy9wu9NeDBL7TKY7HTrZmjYdydlNsuGwu9PaM0TSMIEWRgHpDShSf9a5WKuqVhUFFIpQwO+TmFhrvet9n6phfLse3vd5RSRT6b8URAS/H9qu3mHshXsqou5868tbrZqs4jhXtFo140xPT+P1eJRUFVmKYeD1eJienl7rSDagIurOnyMwcJ1/71vjUEqL0058Fu2uxc8Qo2Ow6nOqJAiFQkqqyrrmcrkWLGMRCZmUvPZaws6iSCTCzp3FsT9G2IvX68U0zXn3kp8ree01IiHzpb8nEZFMpBWrIkLpoUOUXrrEv97ZveAXuL62Bppj+yztrYrjbfY2xgF7VdBu7iVsW0zcnhlfTWRvbywNQGcn1kbIQMKW/pTjJYcWLQVwDpqdcRwa5p2PSxyrePr4Q8PHlGqL5KqIRCJKqoqkyzBUMuOlKaTUD1+OjkGFPRukNZdZc0dC23klc5xSz3Xxrf6XON0ZSKtszdi9Lgb8tfw2uRTA7nv8/t1hSgOddHZC4H8H6Pw/jphP2R3ca+P09c40YhaRzSwUMgmZQSKRMP+vpyd2/dmzYOzvEeYWvBcOhxLuhcwgISVWRWSTUmJVRIAKfn0uwOlLN+mrS/HFr6+N5qFjvN/q+LJ5s4+648d5/9iQYyuic83rGHc+uMTQsfe4UldkJ0E/SEhuDnRCY2srFfaXx+a2autL4ILjLfAFsSI5jj4CAx9zb6zOGquvh05/Le8rqSoisokUUVwKA8PjQNEy5jIrKRpva81Rv7+TqtbpInNd3XneZ4nt+gPXeafhuuNCgMbWhbb2dzJU8h5XWq27v/A6Yh67AwzQNnyIK63H7Zqrl/hD9XJrpYvIZhAORsA0yf6fo0l34r8Y9/gfLXyv/G+Jt0zD6lNEZBNSYlVELBXHaQw02MnNwnn3rpyPvhhjdAgoXaK/sXt8OeDn56fsr4cV9Rz3v8uX98aoq7Mu+Y/V20lc68vvC42XGDA1gQH+dG+Muroi+no68de+pxp0IiKbWdpzyxj3ugYIHDpvzxtF1B0K0PbxPcbqkpKei851acw6yfVX+9o43fBB6l0a+Pn57sX69HO83s6iFhUvb9oUkU0lHDTpv/dgrcMQEdkQlFgVkZiK+mP4373EH6rfS/xCNnaH37973d6y78fvT6Oz8WEGKOWXz5PNfJ7xklRUBxj4+B5jdbsZHfLz83qlVUVENhcreeqvtX9ZmPbcMs7QAHReaoht77cEsNe+Opq+wFyXSopfQoqIrLTy/J/z6v94lXA4vCL9ud1uHv7t4Yr0JSKy3iixKiJxRXX89lgX73x8k4Djct/N6ww4arX1tTXQvFRfhSX46cJR2i5tzzVesopqqxxAH3xJtF6dZLKZ/lt82g01b+2nPHdVBuTWp9/x+mqNJyKra+weXw5A6SG7vmrac4tVmzVwKI1t9C8w18kGMdnD1ZZR3mw6SFn8Ij1XW+gYtl6VHDzLqer8edfjSjh49hTV+TDZc5WWhAbVnEjoO2UQ9FxtYfTNJg46Gjr7isfwPO9nkI6ma/Q4mqXdn2Qok/x8638/0zQxTROXy4UJmJEIhmGAYWCaVt1Ul/130zQx7EPdTNPEAKst8PBvf0s1kIjIhpdBidUL5DQewJ3q1mwvs5fPEEx1b5PwnezCWxB/Hb5by5ObaxePbFxFdac43vUubQMkJFcZGmWMCorG7vCnTpJupupoNz/3X49vh+y7SduAn+OniiChFusCljvePFY5gOZLAxA4pzIAGW+Gke+gvBy+G5mhXJlOEXkhY9y5ep0B/zF+60yOpjW3FLG71k/bx3f4hfMgq6Fj82ulLjrXPYflzpWytiZ7uNrSwTDVCZcHO1ro4CBnm6rJjyZTi5o4WJZP9ammhNaDHU1c402iOcrJ0eFlJi3jydqEKCZ7+GMHHDzbRDU9XG35Iz3lp1i02wXeD5NjjKaV4JX1wjQhJycHgGAoRCQcJis7m0gkQigYxO3x4Ha7CQaDYJpkZWURCocJh0J4s7Ks54JBXC4XXo8n1qeIyGaUQYlVixKGyY6w5cxZPPQy22wnl6sus3VvFzm8+GflO9mFl8+Y+vDic/fhPXwL3yv3N33ye+Owa8ldim+AtEoE2Ads+I/ReMxPc5f95XR3Lf7r13mnYZjG1vrEfs6fY6jhXU7b53IEzrWmqBk336LjLRR1QhzWAVwV1QHo7CRQrZM7Mt7Db+nmdd768WM+vf0tD8trePVlj5lbzv6j5S97FNlkvvnmG35SURH74hkVnJujr6+Pyr//+zWKbOObt3XfsToVljOXHaei7jyNww2Og6UWOlTq+ec6IMXhVek/nxDzeyVpDigrJboatLq6mmHnUk4GudsD1SeqsXKY+VS/WU3T3UEOliWlJQc7uNZTzYmm6PVJxkahuDLNpGo0EVpdTXViEEz2f8VwyR5+lQ9QzZvVHXzeP0n1ApnVhd8PMDnKcEkxWp+6kZhE86DhcJhgMEhWVhaRSIRgMIjhcuF2uQiFQpimiTcri3A4zFwwiMfrBdO0ErBuNx6PJ9aniMhmZJjmyv5uaaq59jmftFasosRqovp28ioh2HyUWcfllUpmZkpiNdVPYfKl5B/V+ffTe9ZMuL50POk8m3g9dXvnMz/6XXfqgZdpYGCAHcXFK9LXhjR2h9+/O8wv7USrrI4HDx6Q7fMt65mH3e18tf0t9pfP0N1+G/YdpebV2E3ab0NNzWO6u8cBKN93lB//tZ3b/cReR9tbJQWsdhTW8Nb+cnKj/XwF5fTTP15IzZuv893nzlIAD+luv43dZUKfD7vjY0FhvFyBHVt5eT/9/dEh32K/VtxuSt988w13795le34++/bti6/qmZvj9u3bPJ6cpLKykr9PSq4+m51l586daxGyiCzg/v375G7duuD9ycFBKCsjf7CDpms4VnNa2+Y54diWP9hB0+fFnD1V7UhOWitNv9rjXJ06SEfT5xSfXWJlaTwIBimjLH/+mNZK2BM02ReSX6f/fuyk6+ibCz4rmWtmeppdu3bNu/71V1+x5x/+AYDZZ88IhUJs2bKFSDjMs7k5srxZuD1u5p49wzRNfFu2EAwGCQaD+Hw+ME2ezc3hdrvJzs62+vyv/+Jne/as6vsTEYkaGR3F/zyHsyzhwYOlD/rLuBWri7KTjKGhQjyleYC1wjWyM75N3rni1Xv4Fj67XUI5gfp28sohTBlu3xShL/bzlMts3VuFATA7SJgyXI9amP7oBpC0FX8inoi0EpODhAvK7DIGdn+9dtsqR7/Re6+0k1c+4UhEXiCnMYDpfM7m21kGE58lJFUBgh/tT0xiphqnN3p9F5EJcBfkJcTvPXzLfk8HyDuJ9Z7q28mrjP9HkzkU/wySyzWE79byhHb7M67Cd+YyXD5DMKGPpM9DZBWN3etiIHBISdWM95C/9hfy+lu5QC5v1BTy6V8fUvOqc81qP9/xFkeP5lqJ09vtsO8oR2vspOdX/byxv5zch9182r2dfUf38yrWvU+7/46j0QzpeL/13KvATD/fxfqfof/WbR7XvMXR8ly7/uot+t/aT/lMN7cf1/DWUStB+7C7ndvfPqQ8lvnt5/F2KzYr0fof9O9Q3dbN6CcVFQwPD/N4cpLbt2+zb98+gFhSNT8/n59U6F8kkY0gP3n1afwOxSXQ8XkP/3yd4015AAAasElEQVTKLgXweQ8MVzMJ8cTq4P+lY7iaE6ccGdTJMUYZpqeliQ77UvWJxLqpSUEsujW/pDjed35xCYw+z/uxyhPQc42m6ErWkoNJSWJZb0wTIpEIAKFgkHA4EkuiRsJhgswRDlsrVgHmnj0jHA4TDoUJzs1hmhCOrmb1eDAc9VhFRDYb11oHkMxd2UVeY+KfHOfuYspw829MNdcyOzSFu7IL14NappprCU6Au/wyXoD6dnyl4wSb7XtPqvCdvBDvxlcG/bVMNe/nae8RttRWwVALU821TPWD27HYynv4Ft6cXmaba5lqbiGUc4Cth4/EGxQUYn4RjSEPT60dAxfI2VtF5K51b+ruOJ697fhu3iPs24Wnyn6+fjfu2fuE5iUfj2DkgDlzf4lPLXGc2SGscWL383DTacXwRS9mwQFy6u3k7ASORPEFcioLCX0RjXcQo/Rtu58jbDlzAFf0M/qiF1flLbY8Osrs0JQjcZ3cx7jj8xBZLWPc+aCBd66X0nhcSYyM9/Cv9JfviSUic3e8TmH/X0k8W7acPXaD3L/bDpTzYzuvmbu90NFVP4U1b8TKCLz6Rk1SX/HnEsyM8N14Ia/viAZRzv6jdnL01RqORle9MsN/P05+OB4budspTL4tm4Y3K4s39+0jPz8/llx1JlXfdKxiFZGNKp/qUyeoHu6gpamJpqY/wp7qea0G7/ZAdWViYnRylGFKOHi2iaamJppOVNNz7So9k6sWfApWeQKqT1gxNZ3lIB20dAyuZVDygkzTJBKJWH9ME9OMJFy3DqpKfm21M00TE/t1tA+7jYjIZpRxK1aXrrE6SMheQRn8YRxf6TgRu314ZgqvVYMb384yzKGW2ErP2a978ezdjQ/sa4Ox56gK4PZNEe63V2be/IRQ+Vl7ZeYRPK/kEe6Pri69wdP+t8krD+DFbj/RGVuR6YyB+t24GSQYHefmUabsv/smuvCUH4HeG1asjz55/i39SeMEP+rE23gAVz3wCGCK0Nf2Vv/eESJ7F+roIk8cx+N6txUC9nba5M+o9wzT9nv2zitRmIfnZxeg92LCexZZPUXUnW+lbq3DkDTM0P9VP4z3096feOer/jeWuaXeSnqO939Ke0K1jUL+e4bFa7bOPGac7exJNdxMP7c+7bb/NSykUJlTWUQ0ufq5nVAFlFQV2XTKONjUxEH71WTPVSjZk1AGYGwUqt9MWiVadpCmJufrf+ZgSQtf9U9Szh9p6Ri2b6R3kNTwaHyN7OTocOz6YEcT19JefZp84JZVM7bj2l0GDy6+YlYymRlLhLoMF6YRwe22vv0ahoHL5cLjcRMOWytWPR6P1d4wcLvdmKZJ2DAwDGu/pJKqIrKZZVxidWVYKz2NgrPkNZ51XJ/CqErR/JUCDMYxU25X34Xhs1fSVibecadq7uDdVgiz9wmnuDf7YNBOzoKRM0X46xspWt3AfHIWI3d+XZx0x1ke+6Ase6mrOTsVv7XoZ+RkJWdzGg+Q13jAujTxYjVcRWQDmxnhu/Fy9h1NPKxqpv8Wn343wkx5dKVoOnL5u+1Q+PoCNU5nFnt0O4V8ZyVgkx59+G034+X7YuUEHna3czvtmGQzciZXASVVRTa5ydFhKH4znryc7Oer4RL2pLmXvrgon/yyUzTNX/i6oFRb/6OlAcoONtF0MMVDy6HDrNa16EpUgFDILgUwN0ckEiEctr5VRiIR6/Aq4JmjFMDc3Jz9XMhOwHrs9kquisjmlHGlAFbGDcwnVn3QKbsUgPVngVqfjyYwKUyddOU+5qy1kjaxr6Pz6p4mC/4wDr6C1AnYaDmA+gBuUpUBsMw+GISC3cw7Bqa+nbxGa7v/ouMsR/3beHyDsfIJ0/3j8XuLfkbJLvIk+jk5Sg+IiCSbGfmO8fIfz1tNmrvjdQrHv2NksWRoCq/+uJzx7m9jW/9n+m/R3t6dVFYghdwdvF44znexAR/S3d5Od/TBx/9t5WVn+vmqP3UXIk7R5KqSqiKbz2BHE1ej+/cHO7jWU8LBf3as7ZwcZbhkD+VJmcnJnqs0Xe1hMvb6j3QMV1P5HMtC88v3UNLzuVVGYLKHz3tK2JM8YHrvho6mJuI7/wfpuNZDyZ5yJVbXsWiN1WgiNRIJEwqHreRpOEI4ErFeRyJEYtetdmFHu/jzkbV+SyIia2aDJlathGS8PqhVJzWaiJynt5PwbB7ucrtuav3bsVWbcIPQo6l47VasA6vyzqRRN/TmPesQrGhSseoyWxtvsaUK4CKRiTw8lVUYT0YWLgNw8xNCs2V4E8a7QE5lGebQJ1ZyN2kc7+EAbmepg2WJJk+PsKXc8V9xyZ8RF8iZV/82+T1ilR5gCvPR88QiIhvdt93jlKcqemonOru/XTIlmujVGt6qeczt9nba29v5tBtq3qpZvAyANSDl+/exvftT2tvbaW+3DrKqedWu0zrezaft7bT/B+ypKYwnWkUW4c3KUlJVZBMqO3iC4o4WqybptR6qT5yiOuGMqtSnSOVXn+Lsnq/s2qxNtHTAwbNLb/lfoDN+dRA6WppoaumAg79KiGEZ74aDTSfgml33tekaPdUnOPV8nUmGcNZYdblc1hZ/lwuXy4VhgMt+bdjb/d1ut9UOcLncsXbOUgAqByAim5VhrvC/gFPNtc/5ZOKJ84kGCTYfZba+nbxKrL+DfYJ9/LX38C18r9y3D1GyX5fmRSOLn06f3A9YCcG9VRgAE72EcqpwP2ph2q7n6jvZhbcgKZ7odeJb3ZNjSOiXpBqy9e3kVZalUVc2efwUtWgTxnG816rLbN27i3D0tf05E33ejsE6fKoTT6wUwBShu/dxV85/Nvq/kTlkfz6xsZ3/O8X/EzDWbhGpfgqTLyX/qM6/n96zZsL1peNJ59nE66nbO5/50e+6WQkDAwPsKC5ekb5EVsqDBw/I9qX8NZaIpPBsdpadO3eudRgi4nD//n1yt25d6zBEXsjM9DS7ds0vK9fT3cNPf/oTwN7mH4mQnZ1NJBIhGAzi8Xhwu90E5+YwgeysLEKhEKFwmKysLDBhLjiH2+22XgN/+fNfqK5ZRr0KEZEVNDI6it/vX/F+Hzx4sGSbDEqsZhKr1qjRv3TC84VUXWbr3gJCaZQV2OiUWH0+SqxKJlJiVWR5lFgVyTxKrMpGsFBitfs//5Of/PSnADx9+pRIJILX68W0t/a77BWqYbvGqtfjIWzf83o8mEA4FMLldpOdlYVhGPz5z3/hH//pH1f3DYqI2NYysbphSwEszwVynNvX69/G43v529e95bswJu5t+qSqiIiIiIiIrA7TBDMSwYzWRjVNa+ejYcQWiRjYi0RMEwwDotv9DcO6Z8ZLAERUBkBENjHPWgeQGS4SHLqFb28XeXutK+G7takPuloR1opY66Coiy9rEBEREREREZF5oslQl+HCNExcLjdEIhh2rVWXy43LCGMaBi6XC9PlwhWtyWqCyxXGMIx48lVEZJNSYtUW/Gj/wgdIrbgbPL28eM1RERERERERkZVmmiZZXutoZK/Hg2maVvIUyIp4rUOpDAOP10oXuAwD025n2IdYebO8GCQeYCUishkpsSoiIivKWslgbxsTkcXZX2ZFJLN4PJ74ieki61AkEsHjWfjr/jff3F3FaERENi4lVkVEZEVt3bqV6ZkZvB6PkqsiizFNgsEgubm5ax2JiCTZtm0bk5OTZGVnK7kq604kEmHu2TO2bduW8v4//a9/WuWIREQ2LiVWRURkRW3duhUT6yTaSPRQBBGZx+Vykbt1K3k6eVwk4xQUFADwww8/EAqF1jgakeXxeDzk5+fHfo5FROTlWd3EquECU1+yZeMzXG7MSHitwxBZM3lKFomIyDpXUFCgxJSIiIgsanX3tXhzMFzuVR1SZLW53R6ytmhbp4iIiIiIiIjIRra6K1ZDT4lk54EnGwwlWGVxyZUZ10OlxkgkTGhulrnpybUORUREREREREREXqLVTaxGwhhPlXCS+UwzxbV5bcwl7qf3rJlwfel40nk28foCnYqIiIiIiIiIyIahIy5FRERERERERERElkmJVREREREREREREZFlUmJVREREREREREREZJmUWBURERERERERERFZJiVWRURERERERERERJZJiVURERERERERERGRZVJiVURERERERERERGSZlFgVERERERERERERWSYlVkVERERERERERESWSYlVERERERERERERkWVSYlVERERERERERERkmZRYFREREREREREREVkmz1oHEHeBnMYDuJMvz/Yye/kMwbUIaQHew7fwvXI/4+ISERERERERERGR1ZFBiVVL+G4tT25GXx1hy5mz+M5chg2XxLQSySS8X5HVNTI6utYhiIiIiIiIiMgmt6O4eK1DeC4Zl1hNdIOnl3eR03gAbz0ElYAUWVHr9R8uEREREREREZG1luGJVYD7mLPg3nYEuAHYW/FL86zbjlIBvpNdeOkllFOFxwcwSLD5KLPRrqous3VvFQYAU4S+2M/T3uj1XUQmwF1g9zvxGVMfXrQftFbOWn1OEZ5IjHCheKhvJ68SwhNluAus2+ZQC9MfwZYzdtmDyi5yqOXJI2dsySt3RUREREREREREJJOsg8OrbmA+ASN3l/Wyvh1f6TjB5lqmmmsJPqnCd/JCvHlBFUa/fW+iDO+Zy3gBuEDO3ioid617U3fH8extxxd7MA83nda9L3oxCw6QU2/d8R7+DR56mW2uZaq5E6LJ13TioQzXTIs95iBG6W/YUnWDp5c/I0w0gXqELbWO2L7oxVXpjE1EREREREREREQyyTpIrCby7SzDHPoktgp19utezILd8STkbG+sZMDs172Yvl14qoD63bgd97j5CaHZMlz10QenCH1tr1DtHSESG/EInlfyMB912jVeLxIcmko/HgYJfWSttOXRBOYi781dbieBe88w7VxpKyIiIiIiIiIiIhllHZQCOIKRA+aj+7G/GwVnyWs862gzhVGFlbR8MhI/5Kp3hMhea6Wrd1sh+MrwNXYlrAQ1tx2BR4uNvwvDB5EfbsSuBH8Yx/dKPLaF4knfDZ5exjqoKxqfs6SAiIiIiIiIiIiIZJTMT6xWBXA7Epvmk7OYj1qY/ujGvKa+nwE5O/CClZCs2oELCBNNht5PnaysCiwSQIoar9sKgQmsMgULx0P9/EsLu8HTy9E+LpDTeIDsw0cIpupXRERERERERERE1lSGlwKwao8azu39DwYxSt+OrTr1Hr5FXqOjHml06z/g+1kVxux9Qr3AzXuEfVV4o8nOqstsbeyK1VFd2A1Cj6YcY1qlAaKWjCctF8hJiMVK5jpXyYqIiIiIiIiIiEjmyLgVq+7KLvIqHRcmPmPqw4vx1zePMrvtFr7GLvtQqilCX1j1SH0AE+MYe7vI2wswSLD5TKw26pMvdrB1b7x/c6iFJzeBJbbtBz/aj/tkF157zPDEIOQsHc/iLhKZOIC3sout21qY/qI3ITYmPmPq5qIdiIiIiIiIiIiIyBoxTNNc7DylZZtqrl3J7pbFd7ILL0mJWFkXUv0UJl9K/lGdfz+9Z82E60vHk86ziddTt3c+86PfdaceeJkGBgbYUVy8In2JiIiIiIiIiKw3I6Oj+P3+Fe/3wYMHS7bJ8FIAIiIiIiIiIiIiIplHiVURERERERERERGRZcq4GqsvYvbD2jRqm4qIiIiIiIiIiIi8GK1YFREREREREREREVkmJVZFRERERERERERElkmJVREREREREREREZFlWt3EqqE8rmwOhsu91iGIiIiIiIiIiMhLtLqZTm+OEk6y4bndHrK25K51GCIiIiIiIiIi8hJ5VnW00FMi2XngyQZDCVZZnLHE60wUiYQJzc0yNz251qGIrKnHjx8zOTlJKBRa61BEMpbH4yE/P5/t27evdSgiIiIiIvIcVjexGgljPFXCSeYzzRTX5rUxl7if3rNmwvWl40nn2cTrC3Sakfr4Q8MlOgPnuHK8wnF9jDsfvMvQoVZ+XQF9bQ00k9wmuas2Tl+CxtbjLNIq7TFl/Xr8+DGPHz8mKzubbJ9vrcMRyViRSITHjx8DKLn6wqw5pG0gfiVw7iXMJ2nPdSIiIiKyGajoqYhA58fcGdsEY8qqmJycJCs7G5dLU4zIYlwuF1nZ2UxO6pfOL8ZOqpae40prq/3nHFxq4A99ax2biIiIiGxkq7tiVUQykt8PbVfvsPt8HUUp7lccb+XKKo8p61coFNJKVZE0uVwulcx4YeMMDUDgkHMNaQW/OObnnZ4+fl2htaWyfKZpMvz99zx98oRwOLxgO7fbzZacHEpeew3DWA+Fq0RERGQlKbEqIpQeOkTppUv8653d/Evd/DRncimAvrYGmjvtm/O29ENs9RDHeH+BxOlSY87f1hmIbb204jnG8aHr9v0Aja3VdDdcojOpbXrxiojI+lVIqR/akpKoRXXn478UtLfwHz82RNt1a2IJnGulpic+PzhLB4zd+YB37Hb4F5rL5s91C803fW0N/IkAdHYysGB/kkmGv/8el8tF+a5dS7YdGRlh+PvvKS0pWYXIREREJJNon6aIABX8+lyAges3WWrX5NidD2geOsb7ra1caX2P40OX+H3Cnn7ri+aXte9xZdEvjouPOXbnqmNb53sc93fyJ+c4nV1wKn6vuaGHGnv7Z4B426XjFRGR9a2IulPH8Hde4nRDA6cbGhb4d76TLznFldZW3j/mp/NSA93VVumAxgB0fnyHMYC+Nt65XkpjdN7gOu+0Jc9U8+e6peabgU74ZWvrEnOjZIonMzPs2LEjrbY7duzgyczMS45IREREMpESqyJiqThOY6CT5nlfHp3GuNc1gL92t/2lsIi6862OFadD/Mn+opl6FWr6YxbVnXesLLW2eSYIHMIaoojiUiBQba9QtVYuOeMNHKqLx3sowEDXPZRaFRHZQIrq+Be7vur7x/wMXH+X0w3JNVYD/NKem4qsiYMae5opLIlNHPT1dDrmFGveoLPH8UvAVHNdGvNNrE9ZDxbb/r8S7UVERGRjUCkAEYmpqD+G/91L/KH6PUpTtrASnKWHFkqaDgB+axVqXXonJi84Zl8bpy9F91P68ftTPLwkK97OSw10JlwPMA5aMSQisgEV1Z3nSp29nf9SGzWt6c1HljFGh8BfW7hIm1Rz3eLzjYiIiIhsTEqsikhcUR2/PdbFOx/fJJCygbUa9MvRMahIlZYM8Mvzx6Gtgea26vRqmaYcc4w7H3fiPxZdDWRvuVz2G7LiDRyK180TEZENpq+N0x+XzKtbaq1KXS5rF8TA8GK/fks11y0+3yxVZkdERERE1ieVAhCRBEV1pzhOJ53JW++tu+yu9Sdsbexra+B00lb+iuPnCHReStqCufwxrS+2QN9NxyFWy2HFG6ubF433gzsqBSAislFUVBMYSK6Dav2C7nm231dUO7f+L9xP4lyn+UZERERkM9KKVRFJYtWFa7vUmfpu3Xkahxt4p+G6dcF/jPfPV0Bfj6NVBb845l/GFszkMaOvL3G6Ewics2qxLrqCaIGek+MlQGOrDg4REdk4Kvh163uUfvAupxviV/3H3uNKOvW+53V3nPePfcA7DQ3Rjng/5Q6MpLlukflG5QBERERENibDNE1zJTucaq5dye5kk0j1U5h8KflHdf799J41E64vHU86zyZeT93e+cyPftedeuBlGhgYYEdx8Yr0JbJS7t+/T+7WrWsdhsi6MTM9za5du9Y6DBFx+Pbbb/nJT3+advu//PnPvPHGGy8xIhEREVnIyOgo/uc7mGVRDx48WLKNSgGIiIiIiIiIiIiILJMSqyIiIiIiIg5ut/ulthcREZGNIYMSq0fYcqaLrYePrPMxwHeyi7yTF17qGCIiIiIi8nLk5OYyMjKSVtuRkRFycnNfckQiIiKSiXR41Yq4QE7jAbhby5Obax2LiIiIiIi8iJLXXmP4++/pv3+fcDi8YDu3282WnBxKXnttFaMTERGRTLHJEqs3eHr5xksfZfbDWmZf+igiIiIiIvIyGIZBaUnJWochIiIiGS5jE6u+k1146SWUU4XHBzBIsPkersYDWBWMBgk2H2V2WW2PsOXMWdyPWpj+6AbYr61npghPgDvnPrOXz+A+2YWHQSgow5jtZfbyGYL17eRVlsViNIdamP4Itpyxx6nsIodaIju78PIZUx9eBMB7+Ba+0jzroWhfAPXt5FVCeKIMd4Gzz5ef/BUREREREREREZHnl0E1VlMo2AVdtUw1txCaLcPbuJtIcy1TzZ8RpgyPs1bqctravId/g4deZptrmWruhIK8hPtGAYSaa5m6fIYgF8ipLCT0RS1TzbVM3R3EKH0bHzd4evkzwkA4VSmA+nZ8peMEm+3YqMKXUH+1DNdMi6PP37ClasU+QREREREREREREXkJMjuxOtHJ016AG5hPgIl79hb7+5jJe+2X0xaAI3heycN81GmtHuUiwaGppD7vObb0X+RJ8357DPBuK0zrLfh2ljn6ucHT/kEo2I0v1mKQUHSF6qMJzLR6FRERERERERERkbWUsaUAXr5dGD6I/JDutntn2QAwZ6cWb24/Y+SA+ej+8wYpIiIiIiIiIiIiGSizV6y+VNZKVte2+SUCUqp/G49v0N7SX8t0/3gaD1mrZ43cXS8UqYiIiIiIiIiIiGSWTZxYvUHo0RTGKwG8AFzAW5q3xDOFGFUAR9hSXrZEW8vsA+fWf/u5hBIDIiIiIiIiIiIist5s4sQqBD/6N+swqcYu8hp3YybXWHW6+Qmh2Tw8e7vIa/wN9PdixhKtF4lMgLuyi63Jh2TdPMrsUCHexi7yGs9ah2V9ePFlvi0RkTXl8XiIRCJrHYbIuhCJRPB4NnFlJhERERGRdcwwTXNFz0uaaq5dye5WlffwLXy5nUwp8bnqUv0UJl9K/lGdfz+9Z82E60vHk86ziddTt3c+86PfdaceeJkGBgbYUVy8In2JrJSJiQkmJyfJys7G5drUv78TWVQkEmHu2TO2bdtGYWF6h2KKiIiIiEiikdFR/H7/ivf74MGDJdts6iUSvpNdeGZamP7oBtFSAOaQDpoSEXkRBQUFAPzwww+EQqE1jkYkc3k8HvLz82P/nxERERERkfXl/wO2rUElhViYBwAAAABJRU5ErkJggg==" height="600" width="800" />
Exp:[Personal Details, Contact Details, Emergency Contacts, Dependents, Immigration, Job, Salary, Tax Exemptions, Report-to, Qualifications, Memberships]
Act:[Personal Details, Contact Details, Emergency Contacts, Dependents, Immigration, Job, Salary, Tax Exemptions, Report-to, Qualifications, Memberships]]]>
  </system-out>
  <testcase name="myInfoSideNavItemsCount007" time="0.150" classname="testcases.MyInfoTest"/>
  <system-out>
    <![CDATA[<img src="data:image/png;base64, iVBORw0KGgoAAAANSUhEUgAABVYAAAJcCAYAAAASBf/6AAAAAXNSR0IArs4c6QAAIABJREFUeJzs3XecVdW5//HP2nufMmd6Y2aYAQaGDtJVLFR7jLFg7GJPctN/IcmNJhG5uVFTLIk3N8XcYFBjF0U0YBRQUFG6CEMXhjYzZ3o5de+9fn+cMwMDAwMJUszz9qVyzl577bXPHHm9/PLsZymttUYIIYQQQgghhBBCCCEEANOmTetyjHEc1iGEEEIIIYQQQgghhBCfKxKsCiGEEEIIIYQQQgghxFGSYFUIIYQQQgghhBBCCCGOkgSrQgghhBBCCCGEEEIIcZQkWBVCCCGEEEIIIYQQQoijJMGqEEIIIYQQQgghhBBCHCUJVoUQQgghhBBCCCGEEOIoSbAqhBBCCCGEEEIIIYQQR0mCVSGEEEIIIYQQQgghhDhKEqwKIYQQQgghhBBCCCHEUZJgVQghhBBCCCGEEEIIIY6SBKtCCCGEEEIIIYQQQghxlCRYFUIIIYQQQgghhBBCiKNknegFHCv1kQYqmnezvXEHu1r2sKd1L3WReiJOBFe7oJMDFbhac07RGXxl2G0YSrJlIYQQQgghhBBCCCHE0Tmlg9WYE2NtTTmLd7/H2pr11EfrcUiEqAqFUgoApUBplchWFcTdOKO7jZRQVQghhBBCCCGEEEII8U85ZYPV8rrNPLvhBVbXrgUNBgplGFiYQKIq1XEdsn1ZuGha4y0opbBdmxF5wxhZMOwE34EQQgghhBBCCCGEEOJUdUoGqxvrtvDT9/+buBvDNCyU0uhklaqrXWzXJtefy8Tic4m5Md7buzRRrao1LnDTwGuxjFPy1oUQQgghhBBCCCGEECeBUy5dbIo28YvlD2O7MSzDRCcSVbTSxF2bDE8a1/S7ioE5/Vmy5wPm73gLF42hFDEnxqTiCfTPLjvRtyGEEEIIIYQQQgghhDiFnXLB6mvb5rE3VE3A9Le/F3dtLGVxVZ/L+FLZF6iP1PPoqt9T0bwTy7CSlawaj+ll6uBr23uvCiGEEEIIIYQQQgghxD/jlApWGyKNvL79TXyGFw1orXG0w9jCM7h+wNX0zChh3qdv8fi6JwDwGBYaUEoRs6NMHXgDeYG8E3oPQgghhBBCCCGEEEKIU98pFaxuadhGY6wJv+Elrm1yfNncOeQWzik+k6gT5Xer/sRbuxZiKgsDA41GKbBdm14ZPfli2cUn+haEEEIIIYQQQgghhBCfA6dUsLqpfjNau9jaYWLxOG4edB35gVxqwnX8cvlv2FC/AUt5UIp9vVe1RqP51vCvEfCknOhbEEIIIYQQQgghhBBCfA6cMsGqq10+rl2PqUy+MewrnN9rAoYyqGqt5hfLH2Vzw1a8pgetAZ04RwEhO8LXT7uTgbn9TuTyhRBCCCGEEEIIIYQQnyOnTLAatsN4DQ/3jb2H0QXDAQiGarlv6YPsbtmD1/AAiX6qbelq2I5yVdmX+ELZhSdw5UIIIYQQQgghhBBCiM+bUyZYNZTBt0Z8lfzk5lNxJ85vVv2enS27E5tZKQ1at29oZSiD6/pN4YZBX8ZU5glevRBCCCGEEEIIIYQQ4vPklAlWU6wUUqxEj1StNX/b8CLLqlfgs1KIYKO0wmt6KU4t4oxuIzmr6Az6ZZWe4FULIYQQQgghhBBCCCE+j06ZYHV/2xorWFj1EWeVjKc0JY/S1CK6pRaQn1pAXiAPpYwTvUQhhBBCCCGEEEIIIcTn2CkZrPZIK+TPEx5EOTZuaw1WuBEdi6OdanBstD8L5Q2c6GUKIYQQQgghhBBCCCE+p06eYFW76GgLxMPgS0N5UuAQlaeexl24617H3bgAu34XEa0Tm1YZJtr0YuaUYJSMwCobh1l0GsqXfpxvRgghhBBCCCGEEEII8XmmtNb6RC5AtwaJb12Ms3UxTs02iIXBn4GZ3QOzaBBm6VmY+f3B8u07J9KI27gb3VyNW1+Bs3sNTmU5bnMQ2kJWABRGfl+8I67AGnwpypt6Ym5SCCGEEEIIIYQQQghxypg2bVqXY05csOraxD6ZQ+yDJ3AbdoNhJHqjKgPtuihctAZlmJjdh+IZeSVWv/NQlr/T6XRrLU5wM/bmRcQ3vAnhZjAMNKC0xuw+BN+4/8DsecbxvU8hhBBCCCGEEEIIIcQp5aQNVnW0ieiiR4mvfhUMM/E3gOuCdvaNUwYK0FqjALPXaHzjv45ZNOyw87sNu4itfZX4R0+jnTjKtNCODUrhn/wdvCOvBePk6YIghBBCCCGEEEIIIYQ4eZyUwaqOhwi/8n3sbR+iLC+gEmGqBqN4CGaP0RipOWjHRjfuxg1uwanalGgRoF0wPfiv+jWePud2eS0nuJHI/J/j7lkPpge0RjtxfGfehG/Ct0GZn/0NCyGEEEIIIYQQQgghTiknX7CqXcL/eID4ypdQnmTPVNfGSM3Fd973MMvGH/yovxPHbdyFvXkhsdWz0fW7wbRI+fJvsErP6vqSkUYi/3gQu/wtMC00gB3Df9F/4h1xzTG/RSGEEEIIIYQQQgghxKntSIJV4ziso138k1exV7y4X6jqoFJzEyHpgAs7759qejByeuM983ZSb/oL3jNvRrsO4Vd/hA43dHlN5c/Ef/G9WAMngx1HAcr0EJ3/IE7ttmN7g0IIIYQQQgghhBBCiH8Lxy1YdZv2Eln4W7C8iTc0oF1SLn8QI3/AEc2hUvPxTfp/BKb8Gh2qJ/bxK0d2nicF/4U/RhX0A8cBZYBSRBc8DK591PcSjUYJhcO4rnvYcVprIpEIraEQ0Wj0qK/TlVgsRmsoRCTyr88dj8cJhUKEQmFisRi2bR/y/o60yNl2HMLhMKFQiFgs9i+v8URwtUtVKEjYjvzTc8ScONWhGtwTtE+cEEIIIYQQQgghhDj2jtsOTvGVz0K4EaxktaodwXP27ZjFI456LqvvJALXPEZk0WN4R12L8qR0eY7yZ+C/8B7CT90GuGB6sbe9j125Dqv78A5jq6qqWfrhh2RnZ+G4LuPOOQfLsmhqauKl2bOZP38+Tc0tPPboo5SV9TnoWrv37GHx4iW88867fLp9O5FImNycHIaedhrjx4/j3LPPxufzHXa99Q0NfPDBUtLS0mhoaODcc84mJycHrTWr13zMvHnzWPvJJzQ0NBAIpFDWp4wJEyYwaeIEUlK6/jwAWkMhVq5azcIFC1i1ejWtra2gFKZhkJ2dRX5+N1IDAfx+P4FAgMbmJmqqg3zrW99i8KCBnc4Zj9usXrOaRe+8w9KlH1JXV4fWmvT0dAYPGsR5553H6aePITsrq9PzN9Vv5aPK5aRZqdRG6hnZbTijCg6/WRnAR5Ur2Vq/DZ/poyZaxyW9zqNHRgkrKlexKrgWR9tke7MIOxFa4yGaYi042ASsAAWBbgzI7sfg3AGkHFA13RJr4VsLf8DpBaOYNvqbGOro/ixCo/m/T55k8e73eWTC/RSkdjuq84UQQgghhBBCCCHEyem4BKu6tYbY2rmJDaQAtAZfKt6R/3yPU6tsAimBnMRcR3pO4SDMXqNxdqwE00IpRfzjOQcFq5+sX8f3v/99NDB27JlMmjCBvZWVfO3r32DdJ2sxDRNlGHgPCEdbWlp44q9P8j+/+x88Hg9Dhw6lZ88exKJRVq5cyYoVK3j22WcZP348M+67j+5FhYdcazgc5p4f/5hQKIRpmrw251X8fj8P/vKXPPPMMygUlsdCu5poLMaaNWt4+eWXOXPsWB584H5KiosP+1msW1/O9OnTWb58OaW9e3PnHXcwatRITMPk47VrmTlzJu+//z7p6Rl8+ctfxrYdaoI1NDQ2Eo12Xr25cdMmHn70Ud5+6y1M0+L6669n7NixpAUCbNm2ldmzZ/PMs88ycNBA7rv3Xs4+6+AeudF4hKc3voDHsNBa0yer12Hvo011a5BZG57Bk/yOnVV4Oj2A1cFPeGnrq6SYKbi43Nj/Gnqk9yDmRtna8CkLdr1L1IlgKQ+l6T2ZNvpb9MjY99lVh2qIulHe3f0+l/e5hP45/Y5oPW12N+1h7va/YymTqH1qVu0KIYQQQgghhBBCiIMdl2DVripHt9ahPMlqQCeONeQSjPR/rXrPLDrt6E4wLKz+k3F2LG9/7Wx7Dx1pRPkz24elBlLxeDzE43H69u1LKBTmm9/4JmtWrSI7Nwc7Ficai5IaCLSfEwqH+crX/oMVK1bw4AMPMO7cc8nKzsIyTWzHoaqqmkcefZQ5c+awcOECmhobeXLWX/F6vZ0uNTWQSn5+PhUVFWRkZOD1ePnu977Ppo0beOD++xk6dCg52TnU1tWycOEifve//4vWLks/+IBvffs7PPP0U/j9nfSsBdaXb+Da666luamZa6+9lun3/pTU1NT24wMG9OeiCy/gh/95N/94+x+0trTynzO+j8/nO2R7gBUrV3Hr7bfT0tzEgAEDeey3v6Vf37L24+eeew43XHcdL7z4Ej/5yU+45dbb+OMffs/kSZM6zOMojc/wYhoGWmtM5Tn8zzTJa3nxml5MZaJQeM3E52oZFl7Di8Ylw5PGZWUX49+vKvXyskv51YrfsqO5gm3Nn/LzZb/mkfH3k5Ksgq6PNiZaHyiYveV1fnD6t4+4atXVLk9ueA6FQgNNseYjOk8IIYQQQgghhBBCnPyOS49VZ8cy1H5hlEZj9TkHUMfj8h0Yub3RbddVBm5LDW5zZYcxebm52K4DQGpKKn/68+NUVlfzl5kzeeXll3nxxRe4774ZxOP7KhCbm5ppamzi9dde48orLicvLxfLNAGwTJPi7kX8/Gf/xcSJEzFNk+XLlzNn7uuHXKdlmaT4fSilsEyTH//0p/i8Hl6b8ypXT5nCwAED6NYtn0EDB/L1//gaDz/0EFqDPyWFVatW8faCRZ3OGw6H+f4PfkA0GiUvP58f/ecPO4SqbTIyMvj5f/+MzMxM/vbM0zz+5z8nPj/DwDA6fm3q6ur4+je+QTQcJicnlz/+4Q8dQtU2Xq+XG66/ji9ceimu4/C1r3+d7Tt2dBiTbqWilEJrcNFkezMO+Rntz294k18njVKKNE8y9DYUShkoFMqwiDgdq0ZL0rvztdNuR2sXj/Kyu3UPa2vWtx+vbK1MBLWGxfuVH7Kt4dMjWg/A+poNvLf3Q7xGIuStDgeP+FwhhBBCCCGEEEIIcXI7PsHq3vVg7CuOVYaFkdX9eFz6YMpEmftVQWpwg1s7DGlsasQyTXw+H7Nfnc28efN48YXnmTxxAr169mRA//7ccN21FBQUtJ+TkuLn4Yd/Td9OAsU2Pp+Pr//H17AdF8tjMXv2bOLxeKdjLcvC9HhRSlFXX8+69et54P6fk56e3un4iy68gJtuuolwOIzP5+Wll17Atg/emOuTdevZUF4OKL70pS+Rk5NzyPXm5uZw3uTz8Hp9/P73f6CyquqgMVprfvvY7wgGq3Fcl+98+9v06tnjkHMqpbjrzjsxLRPHtvnd7/63w2ZYtrYBBQoMZRDVnX8+BwpYKYmuEEqBUsR1IhhPt1LR2sXRGp/hwWscXKTdPa2QVE8aLi4GBjuaK9qPNUWbcXFBKzSa5za+jKsPv2kZgO3aPLnhOQyl2vJe6iMNR3QvQgghhBBCCCGEEOLkd1yCVd1aA+0VqzpRMervfPOiz34xbiJ8IxHmKcPAretYNalJhHooRXUwyA++/wOKCg/dDxUSFZ79+3Xdf7O4uJjsrCyUMti5cyeRaLTTcaZpkhoI4Lou0WiUb3/zm6SlpR127muuvrr93PXlG2gNhQ4as2zZsmTFqWb48OEHHT/QgP79MQyDSDTCylWrDjq+t7KSZ597Fr8/hdRAgAsvvKDLOUtLe1FYWIjH42XevPnU1dW3HzMNa9+XUoPfPPwmX21CbgyPMpPtAwwCZuJx/2xvJrZ2MJTCUgadVUk7rpP4SpCoks3xZbcfqw7XgE5WWSuLj6pXsq1he5frWV65ik/q1mMpE1Ti/IZY0xHdixBCCCGEEEIIIYQ4+R2XYDVRSthWlZhMsML1hxr92VIG2HH2D9h0tGMA6fF40Wgc26a4uJgzTj/9mF3e5/WSm5uL1i62bRM9TLCa4vPhOA6WaTJ82LAu587JzSE7OxvtQijUSktLy0FjPt2+HctjAYr0tINbABwoLT29fYOw3bv2HHR88eIlxONxHMdhzJjR5OfldT1naiplfcrQWhOJRli/ft+j9ymmP/FN0RqNbg9Iu5Ji+nFx0VqjUPiSPVZbnRCWMjGUwtVtFbEdVYeCNMcSn5XP8DCq2wgAok6Mva2VmIZJIhpN/PXUhudxkhWxnQnHw/y1/BksZWGqRIWsUopgKIjmyDdbE0IIIYQQQgghhBAnr+MTrCqz42s3jtt8YvpN6nADev9HuV0XzI4bJLX1RrUdhyGDBxPYb5Oqf5WrNeFwqP06ltX5/mFaJ3qFKqXw+f3k5h76kf39152bk5OM/yASOTi0zc3NxXESAaTrdP1Ie0NDPcpQiT6j3o6fk+u6fLRsGaZpYts2Z545FtM0DzHTfuu0rEQArDW2Had5vwDYk/yuaOiwCVVX0jwp7ZtMKRKVrwBNsRYsw0oeM7AOaAXQHGvhqQ3PodHYrs0dg6eSnZKopnZcm5pwLQCXll6M3/RhKZNlVSvYXNexfcT+PtizjK1Nn9Ivq4wryr6I7TooFDXhWmLOkbU2EEIIIYQQQgghhBAnt85TvWNMpeXiNuxCtQesCmfHR3j6TTwel+/ADW5J7tGerKE1DA7c5N00TdCJjgGpqamY5r+WP2utaWhsZMuWrTz9t6eprg5iKAPDNPB6Ot/1XilFY3MzXq8Xw1AYRxBYuq5L3I5jGInNmny+gx+jHzN6FH/8wx8wLZMdO3d2OeeWzVvbe5f279+/w7FYLMa2bdswDAPTNHl7wQKampqpq6slPSMTn8+D3+fH1S6RcJRINEI4HKZbfj7LV6zANE1aW2O0NO9XWZt8Jl8l//HC5lfolpKHaVg02y0YysRv+jEwCLsRHDdOwExhb6gKpYwO4SqAkZyv7Scec2L4TR9N0WY21G3myfJn+LR5B9m+TKYOvIELSie1LyUUD9MYa8Jxbb5QegFew8OzW17CMiz+vG4Wvzh3RrKadZ9wPMysDc9gKZMv97uCgBXguc0vYSqTplgT4Xi4vZpWCCGEEEIIIYQQQpy6jkuwanbrh7tzJZAIoZRpYW94E33uV1H+zOOxhAQnjrPjI0iGYYlNhVxUVsfNlpRKRK9ag2F0HWgeqL6+ge07trN12zY2bdzEpi2bqautJxaL0Lu0Nzk5OdTV1mJ2UbHaVrVqGAatnTzWfyA3eU7bPaR30pN11KhR5OTk0NjUyNtvvc0tU2/Gc4g1NDU38867i1BKUVRUyNChQzocbw2FCAaDiSBXKWpqgry7+F0CqamkBgL4fD6i0SiWaeD1erFtB9ux2bptG7169aJnzx5orSkqOqB/bbIFroHi0+YdVEWCGJh4TS8ew8JxXWI6DtpFa5cUK4WGaOO+cw+aSycrRoP85P3/JtOTRlW4hrpIHcPzhnFez0mcWTSa4rSiDqcGwzXYOHhNH2neVC7pfQHPb5mNaZhsqN/Ex8FPGFnQsU/t3G3z2BuqYkTeaYwpGMm2xu0YyUU1xJuPaOMrIYQQQgghhBBCCHHyOz7BatFQ4vq5fW8oA7c5SHzTQrzDrjgeSwDAadyNs2cd7P84uHYwCgd1GJfo05n8tXvkQdjuPXt4/oUXeP7556mvb6Bv375ccMEFTL3pZnr0KKG4uJhIOMwNN91MXV0tluUhFArh9XZdwajUwZsuHTQGkpW2Cq/XSyQaIZOMDmNysrOZMWMG3/nud1i+Yjlz577OlVdcftBcrtb86U+PU1Nbi2mY3HvvvQcFtR7LIpbsERsKhZj+03s599xzOqzVMIwOIXFb8Au0/zqxmdZ+kptFgeK7I75On6zSLu99XbCcez74Lw5KVjXoZLia5c8BFGtq12EpC8u0uK7/VQzI7XzTsfpIA7YTJzeQg2EY5PlyOb/HBN7e9S6mMvnL+qd4OG8wnmQrifpwPc9veQWl4JZB12MaJumedFAKBcSdGE2xZnJSsju9nhBCCCGEEEIIIYQ4dRyfYLX7aeDxg+vse9Tb8hNd9ChW2TkYqfnHYxnEP3kNnBhYfhKJmwZ/JsYBQZfruonHyVUiYDwS69av57bbb6eqqpqevXrxf//3Z8aMGnXQ4/hNTU20trYC4PP5UAeGiklKqfZNo46UaZp4kxteeTyeQ4axX7jkYurr7+PRRx/hnh/fQ1NzExdecAHZWVlorakOBvnLX2byxBNPkJOTw49/8mPOmzTpoHk0YCVbGVimSSgU7rTHaluv2Pb7OiIKRzt4jc5bJRwsUZV60Lsq0avVRZNiBfjR6O/w2Jo/sr5uA7Zj8+tVj/GLc2Z0Gnbuba3ERZPtz8RnJn6OV/e7gnd2v49G82nTDt7bvZSJPccB8PKWuTTGGjm74EwG5CTCWq/pIWD6iThRtHapi9RTmtnzCO9JCCGEEEIIIYQQQpysjsvmVUZmd4zSM9HufjuyGyaEm4nMvx99HDb0cRp2El/+LJhe2jpu4jqYxUMxUjvuZO/uX6V6BOFmU1Mzt912O3V19XQv7s7TTz7JOWed1WmPUztuY9s2rqvxeT3tG2UdSGtNaloqtm0fvKZDMAwTBTiOg2WZBFI633TLMAxuvulGfvOb36KUwf33389NN0/ljrvu4rY77uTmqbfwwQcf8L1p03htzhyuvuqqTgPRFL+fkpJiHCcRmO/es6vLNXZFH/CovK3tQ4zsyNZO4heqbZ5kNaxOVMkaQMQOUZjWje+O/A8yvIlK3qpQFQ+v+h3xTr6Du1r2YqDI9GZgJBvxFqd359LSi4i7cSxl8eTG54k6Mapbg8z59A08hpebBl7T3ntVKYN0b0biG6egKlR9dB+IEEIIIYQQQgghhDgpHZeKVZSJb8y1hDYv2u9NDZYXZ/Niom//Av95P0yGnseejrUQffN+tB1FmftVQGoHz6CL2nuutkmEmApQR1Sx+vaCt6kOVuOxPFw95Wp69ig57HjXdXBdF9O0Dn4MPkkphWV5sONxHK+XtE76pR4oGosSt+MoBaZhYlmH7g/74UfLmPGzn3Hbbbdz3TVfxuv1EKytRWtNXk4u2dlZ+P3+w17P6/UycuQoVq1cBUqxvnxj+yP//6y46ySqhZMfu+0cWbAachL3rUkEqfFkiJ/nzyXuxvGYHhQQtiMUphbw09N/wA/e+ymWslgTXMsT6//GnadNba96dVyHylAVGk2uP7c9WAW4pPR8Xt8xH7SmOlTN37f9g92te4g4ES7qeR5l2X3axwY8ftI96VSFqnHQNMe67pUrhBBCCCGEEEIIIU5+x6ViFcAsHolVMgIODMosD/FVs4m89Qt0LHTMr6vjYSJv/hxn+7IDQlUXAtlYfc496Jy26lClwHUPH6xqrVm85D18Pj8oRUlx8WHHx+IxbNvB6/USjoQ79Bw9cA2xWCzZOkETCHRefbo/x7aJx+NYpoVGE032Pz1QMFjDzVNvxonH+dY3vk6PHiUUFBQwdPBgThsyhKKiwi5D1TZfuuyLaJUIWRcseJvq6uARnXcorU448QulUCia7SP7TthuDIWBAbjaJexEgEQFrCbxeZrKxKMSf5YwILcfdw25hagbw2t4eGXb6yzZtbR9vrAdoToURGGQ6U3vcK3u6UVc1OM84trBa3qYteFZ3t75DpayuKzPJR2CZY/hIc0bSPSM1Zr6aMM//+EIIYQQQgghhBBCiJPGcQtWlenFN/HbnQeJlpf4mjmEX/kebs2WY3ZNt2kvkdfuJr7+LTA79urUdhzv2FtQnfTWtB07WbeY3J6+C7FYLDle09TcdNixHstDa2srSqlDVqsC2LZNa2srlmWiNdTVdx3Iaa2Tj+UnOhjEYp23WJj9yivE4zZ5+Xl4PP9a0fKggQM5f/J5RKNRWlpaePKpp47q/Jqamg7fCa9h4moXBSQi0SPrMxuw/Mm2AYl+qjE3ce81kQY8holSiXYBbe8DXNrnIiaXTGgPVx9Z9Tu21n8KQF2knsZYE8qALH/WQdf7Utkl+A1fslOEJubGmFQ8jrKs3h3GGcogw5uBRmMoRVVrEKetbYEQQgghhBBCCCGEOGUdt2AVwCwejvesWyAe6eSgB2f7ClqfuoPY8qfRLf98L0odbSH+yauE/nYn9pYlHStVUeDaGLk98Q6fcogJNK5OBGHRWOyQVaWQeGR/1MgRxGIxTMPgnYWL2vuiHigai/HII49g2zaO4xy2FYBt20SiEZRKPNoeDndduRmJRIlEoriuxjAU6emdtw+IRqNYlkV5+QbmzJ1LsKaGUCiEbduEQiHC4TDRaPSQ97E/wzCYPv1eMjIyME2TP//f//HcCy90eZ7WmhdefInf//FPHSo8o3YMlXycX3Nwz9VDqY80YmIAGq3BoxJtEGwdS0azipgTw9jvWoYyuHPIVApSuqG1i6Mdfr7s17TEWok5MWJuDKUVWcl+rPsrSitkco8JxN14+yZnX+5/RYeWAW2y/ZloNAqDqnD1Ebc3EEIIIYQQQgghhBAnr+PTY7Wdwjf2dpwdy3D2rENZPvZVJGowLbCjRN9+mNiKZ/EMuwyr7ySMrBKUJ+XwU7sObuNu7B1LsT+eg1O1EVDJStX9glHtgNakfPFnKG9qp1NlZmZhOzamYWLHu95Y65KLL+HhRx7FcRyWrVjB7//4J+664/YOj9Nv2LCRGf/1XwwZMoQ+ffqwY8d2KioqqKuvp3tR0UFz2o5DPBaHZMh4qOrT/QVSA8SiUbTWuK4+ZCA8efIkfvvYY8RiMe65+x5ycnPJzMzE5/WiAa/Hg8/vx+fzUVBQwOBBgzj77LPoXVra6XxFhYX8+fHH+drXvkpdXT3Tp09n167d3HDdtRQdcG+xeJz168v5y8y/8Morr/DHP/yxw/GoE8XVLpZhorRLSzzc5X0DWIZJXNt4VeKVZoG+AAAgAElEQVTn3RBropjuRJ1kMK4SwapzwCZgmf4M/nPMd5m2+Md4DA/BcJA/fPwXBmb3Q2uNqcxD9oyd0vcy/lGxgKgTZ0y3kfTI6Ly3rs/0YWCglKIuUkfIDuOzDt7YTAghhBBCCCGEEEKcOo5zsArKm0rKFb8i9PTt6KbqRJjaYYACy4turia6+E/E3puJ0a0vZuFgjPwyjMwisPyJXq2miW6uwqmrwNm7DreyHKKtgAKjk1vTGu26+C++G7PotEOuce/evTi2TTQeIR6LJTeaOvRGUEVFhfzql7/kO9/9LlprfvObR3lvyRLOHHsmHsvDx2s/ZuWq1Uz7f/+P6669hv4v9uc/f/Qj6mprufOurzB+3DimTJlCv75l7XNGwhGqqirb+6S2tDR3+dnW19cTi8eIx+I01NcTCoVJSTk4kB48aBCPPPwwv33sMXbu3EkwGKSqqirRRgAwTYNEFqkwlEIZBj6fj+uvv47vfPvbBDqZc9TIETz/3PP88te/4q233uax3/6WWX/9K+PGj6dP794EUlNpbGhg2fJlrF37CaWlpfz1ib8yflzHHreudnG1i8ZEA3Gn8z6xB917pDFZLaoSrQSSmbKBga0dfMok6sapjzaQ4evYM7V/Tl9uG3QjM8ufxmt6WbJnKR9WLsdreHFxsTr7LgHdUvO5oOckXtn2Otf3m9JptSpAqpVKYlstRdSJUROuI7uT9gJCCCGEEEIIIYQQ4tSh9OGec/8MOY27iTz3dZyG3Qc8qt8J14XE9j9AIvBDKXRb9WGyIlEpI7nZUye0Rrs2vglfx3fmbcChd67fvHkLL708m9y8XBzH5rZbbsHn67rCcM3HH/PkU0+xdOmH1NXWYpgmmZkZTJ50Hrfdegt9+iT6bzqOw9zX3+Cjjz7CMAzGjBnN+HHjyM7e1++1sqqKWbOeJC8vn+rqai677FKGDB582Otv3rKF2a+8Sl5uHsGaGu684zZyc3I6Hdvc0sLDjzzCM888w/DhI+g/oD9FhUXk5uTQ0NBAVXUVmzduZtWa1di2jWmahMMhbrjhRmZMv/eQQbNt23z88VrmvvEG7y1Zwp69e7FtG8s0SQkEOOecs7n0C5dy9lljO92Qa3dLJVWtVXhMD7ZrUxDoRve0wi4/+60Nn9ISa0EZBo5j0zuzlCx/Jp827KAx1oRhGDiuw6Cc/vitgzfmijoxVlatJmCl4DG9pFp+Yq5Dq91K74xeZPoObgcA0BRtZmvTdobnDTlksFodCrKzeTce04PjOvTJLD3kfEIIIYQQQgghhBDixJs2bVqXY05YsArgNlQQef0+nF1rwPJAskfm4Wg6RqIHvu78QolKTN+kb+MdfQMcIgA75DW1PuTj4J2NrampJRisJiUQoFt+PqmpnbccOFGWfvghd9/zY3Jzcrnvvun079cXr9d70Lh4PM6mLVt48MFf8NFHH+LxeIlEIsx59VUGDxrY5XVaW0PUN9TT2NhISkoKebm5ZGRIoCiEEEIIIYQQQgghTm4nfbAKoCONRJf+hfiyZxKVpwe2BjjSeTgwYE3uK+/YGOnd8H9hOlavM//1BZ/iyjds5IuXXUb//v159m9Pk5mZ2eU5TU3N3Hr77axfv554PMb06dOZetNNx2G1QgghhBBCCHFyqYnU8du1f2Bp1TLqovUnejliPzm+bMYWnM63T/saef7On94UQogjdSTB6tGVbn4GlD8T/8T/R8p1v8PsMQJcu73C9Kjm2f+FBpw4uC7ekVcRuPHPEqoC0ViMe6ffSzweY9r3vndEoSpARkY6N9xwPfF4HNMwqamp/YxXKoQQQgghhBAnp4fX/A9vVLwpoepJqC5azxsVb/Lwmv850UsRQvybOO6bVx2K1eN0zKuH4mxdRGzNbJydaxIBqzLRSnX9KL7WoJM9Vw0Da/CFeEdejVk88rNf/Cli69ZtrP14LRkZGfTuXXpU5/bs0RPTNLFtm149e35GKxRCCCGEEEKIk9v7lR+e6CWILsjPSAhxvJw0wSqA8qRgDbwEq+9knMp12Ds+wt72Hm5wW6KSVSc2sFKuA0ZiB/jEZlUKLC9mt/6YpWdg9Z+MmVt26I2s/k3V1dURi8fx+nxHtBlXBwrQGsuy6Ne//2GHuq7L7j17iMdipKamUlBQAEA0GiNYE8RxEhXJmRkZZGVlobWmqqqaWCyG1hqNxjRNuhcV0dzSgh2Pk5eXB0B9QwOObbe/bhOLxdi7dy+O45CdnUN2dlb7sdbWEMFgENDk5OS093mtq6vDtm26desGQENDA3Zy7praWkKtIVztolBkZWeRuV9/2NbWENXV1RiGoqCgAL/fj23bVFVVYzs26ES/Xa/PS1FhYfsfDESjUYI1NXTr1g2vx0M8HqequprCggLicZtgTTDxGWhNSkoK3fLzO/yhguM4VFVXo7WmqLAQwzBobW0lWFNDTnZ2+73Zts3uPXsoKixs758biUSoqamle/ciDMNIrreKwsLC9s3ImpubaW5poXtRUYfP13FcqqqqiEYj+P1+CpP3FIvFqKyqQmsNGlztkp6WRnZ2NpVVVRhKtY9tbm6mrq6e3NwcfD4fVdXVuI6D1onvTFpaKnl5eVRVVZGWlkZaWhoAwWCQlJQUHMehrr4ey7JQSmHH4/j9KRQWFhz2+yiEEEIIIcSx1GK3nugliC7Iz0gIcbycVMFqO8uHWTIKs2QU3jNuQbdU49ZX4DbuQYcbEqFVPILhDaBSMlHZPTFyemEEcsA6ysDw34jH68EyTWKxGA0NjZQUFx/xuRXbK4hEIowYNZIB/foeclw8Hufv899k+/ZPyc7Opq6+nmFDT2PihPHU19fxwksvkZ2dDa6mobGRL1x8MWVlfZg951Us0yQtLR3XdUnx+7nk4ov4eM3HLF+1iq/ccTtpaWksW7ac5uYmplx1Vfs1Y9Eoc+bOpamlBdMwqauv46rLL6dXr15UVlYy+9U5WKaJ5fHQ3NzMlZdfTo8eJXzw4YfU1ddz8w03ALB69Wpqauu4espVLFr0Drv37iU7KxM7bhOORvjSFy6lR88e1NTU8MLLs/F6LGLRGJbHw/XXXgPA8y+9RFZmJn6/D9d1ycnKpuDCbu3BZXV1NS++PJsbb7iebvn5NDY28eJLL3PLzTdRU1PDnNdfpyAZ9NbV1TF82DDGnXsuhpHo2hGJRHh1zmu0tLZw5223kZ2dzXvvf8Dqj9dwzllncc7ZZwOwefMWXn71VS69+GJGjBgOQFVVFc+/+BJfuPgihgwZQnNzMy+8/DJ33noraenpaK35+/z5bN9RwVfvvKO9VUQsFuONv89j5+5dZGVkEqytZejgQZx/3nnU1tXx3Asv0j0Z8rquS58+fTht6BBefOllHMfhzttvIyMjg0XvvEP5xk1ceP55lBSX8PwLL5KTk4PP5yUet+nTuzdZWVn8fd58PF4v1197DaZp8taCBQwaMACv18vylStpbW0lFouTnZVFYWEBhYUXHPH3WAghhBBCCCGEEOJYOTmD1f0oTwoquxdGdq8TvZRT3uCBA8nKzqKqqppVq1YxdMjgIzovEo3y5NNPogzFj+++57DVrqtXr6aiooKpN91Eeno6VVVVPPP8C/TrW4bfn4J2NVOuuIK0tDTeeXcx7y5ZQlFRIbZtM3HcOAYOHJiYSIMyFKCJRCIsXvIel1x8EcpQqAO2KauprWXHzl1MvfEG8vPz+WjZMhqbmnAch3lv/oM+vXszaeIEDMNg5cqVvPraa9x5+214LE/HuZRKXhNi8Rgjhp3GhPHj0Vrz6muv8cFHH1JcUszf581jYP9+jDv3XGKxGPPmv0lNbS35eXlo1+XSSy4mPz8/cRtat4ei+y6j8Ho8bZdsr0h1XU0gJYVrrr4aj8fD5s2bee31Nxg+bBhZWfsqcD0eDx7Lw549e8nIyGDPnj34vD5cVyfncVm7bh1FBQWs+ngNQ4cOSVR5kmip8daChZSVlbWHvW0diuvr66muDpKZmcHGTZs54/QxAKxavZq9e/dyS/JnunfPXj5atoxoNIoCTMNgylVXdvhehEIhTDNRFVtbW0tKSgpVVUF8Pm+ia0dyz7wvffHSRNCe5LouXq+H7Tsr2LhxI4MHD8bVGtfVDBo0iAEDBvDee++za89urpkyBaP9HoQQQgghhBBCCCGOr5M+WBXHTnp6Oj/4/g+Z9v3v8dDDD3P66WMYOGDAYc8JRyLce999rFixgh/96O72sK0zWms2bd3KyOH7gsDu3bvTo6SYjZs2c9rQISjDoL6+nkgkQjAYJCM9Hcuy8Hk8rFi9hopduxKP5+fnc/qYMTiuplfPnmzdto2KigrS09NpamjqcN2cnBy65efxwksv06tnDwb070+fPn1obm6mtraWiy+8oP1x+CFDhvD+hx9SXR3EMDoJ5RJ5H5ZlUVVdzfr15TiOQ7A6yJlnnE5zczOV1dVccvHFWJaFZVlcdeUVADQ3NWOaJouXvEdaehq2bVPaq5Qhgwe1T68MA43mncWL8Xl9hMIhXK1RSmEYing8Tnl5OT6fj23bPqVbt3wCgcB+nzF4LIt+ffuyt7KSbt3yMS2LwsJCHMcGEpWutbU1XH/ttTzz/AtUVlZSUlKCq10ys7LweiyWvPceY0aPxjLN9p3fPl67lsEDB1JW1ofX581j5IjhWJbF2k/WMWrkSDIyMohEIgRSA0yYMB7LstBa42qXt95egMfjIRKNMnH8OPx+P6ZpUdanhJ07d+L3+/H5vaQE/Liuk7xfg3feXUwgECAejzN40CBKS3thGCYD+vZl0buLKS4uJsWfgm3HUUolwuDkv61kOC2EEEIIIYQQQghxIkiw+m/mqisvp66ull/+6ldcedUUHnzgAcaPH0dWZmaHXp7NLS18svYTHn7kEVatXs19993Hbbfc0uUmYo5tY1kdv1amYRKPx5KvNHP/Pg/LMMjIzGwPPW1Xk5YaoFtePradeMwbEq0FevXswbChQ3jr7QWUlBRjmh0rQP1+P1dfdRWbN29h0+bNvPLaa4w/5xzKysoAOlSMKpWoeHVdB8MAn3e/cE6DkZzbMAwaG5v4ZP16tm/fzoRx4xg2bBjV1dXt8xyoLWTMzMggNzcX27FJT0vtdFzAn0Jq8phObrqmlMK2HbZt38HWbdsoKizky1OmtIfCiTEQt2169ujBhk0bWfvJOroXFRGNRmlLSMs3bCAtNRWtNbk52axYtYqSkhIUCp/HwwXnnceLs2eTlpqK1+vFMAzi8TifrFvH2DPOwOv1EmoNU1lZSY8ePYhFo3iSIeamTZtY8v77xOM2l1/2RQKBVBSK3JxsfD4f8XgcyzTRWuM4Dr1LS9m8ZQuxeJyeJT2oq69LVqtqXK3JzMwgOyubeDxOSoofSPShPWPMGDZv3cKidxfjum6HELzto0+83/G7IIQQQgghhBBCCHG8SLD6b8Y0Tb76lbs4/fTTmfnEE/zkJz8lkBpg4MCB5Obk4KJpamzk00+309zUxPiJE/jv//4ZA7rYsAoSwWBx9+6sL9/IqFGj8Hg8tLS0ULFrFxedfz6GYWAog8sv+yK5OTntoV40GsWxbYYOGULfZBjaRmtNOBTmrLFjWVdezpq1axk8YGCHMRs2bqRi504uPP98hg07jQ8++IC169YzdOhQvD4fW7Zsbd+gamfFTmzbJj8/n+pgDXv27m2fJxyNoN1EyBmLxRg4oD9nn3UWby9YQPnGDYwYMZzs7ESAuGfPHnJzc9FaM2/efPr370dBQQHa1Zxxxuntm0gdSLsuShmceeYZZGRkUF9fz4ZNGxOhrOuSkpLCl754KTt37uSVOa9RVVVFr1772mBowHZsMrMysUyL5StXcsWXLmPL5i1YHot4PM768g0opXjt9Tew7Ti7du0mFArh8XgIR8Lkd8tn/LnnMv8f/yA1EMCyLCorKwmHI6zfsJHyjZvw+bysWr2aHj160K9fPzZu3sTw4cMYNmwYhYVF/O25Z4nF4gQCGpTizDPP7BByNjc3YzsO2dmJ0HTN2rVccdllVNcEk60AEj/bsWecQSB1X/jsOA6O64JSjD/3XP488wnitk3fPr07fAZCCCGEEEIIIYQQJ5oEq/+mRo0cwaiRj7K3spLt23ewc+dOGhoaSEnx4/en0LNnD/r07t3eK/RIjRk1ii1bt/H8Cy/Su7SU8o0byc/NpX+/vtTU1qJJVJj6/f72c7ROhHPLV6ygsrIq8Ui7hjFjRmMYimgkimmanD95MjNnzSIai3W4ZlFBIXNff4NQKEz3okJWrl7D8OHDCAQCnD9pInPf+DvNLc14LA8rV69m3DnnkJqaSu/SXry7ZAlz5s4lMyODdevW88VLvwAkgtVYNIpSinPPOYfHZ85kwYKFXHzxRVx0wQXMmfs6wZoaGhoa2bptG2PHnolOPtL/zruLycrKwnFsUvwpjBo1sr3i09Ua7bqEwxEyMjKwbbs9ZHRdF8excRyH0tJShp12GrNfncMdt91Kenp624dFJBzB7/NR3L07W7ZtJTcnhzWhEHn5+ezYsYNwOMxX7rgDr8+Lbdv89cmnWPPxWoq7d8e2HVzHYciQwaxas4ba2lqi0ShLP/qIESOGM3H8eJRS1NTUMOvppxnf0MDZZ41l1lNP88xzz1PWuw8VuypQSpGdnYXrumjtsmDBQnw+L7bjUFhQQPfu3YlGo/j9Pgq6daOyqoqc3FxaW1pxXZfEDnSahe+8Q0ZGJo5jk56WxpAhQ9Cuk2w5kMrECeN5Y9785DkJju1gx+NH/6UXQgghhBBCCCGEOIbM++67774TvQhx4qSnpdGjpIQhQwYzevQohg8bxpDBgykpLiY19eDH2Lvi9/vp17eMcCRCsLaWPr1LmThhAj6/H8dxsSyTniUl7UFjG9MwsSyLWCyK47jE7Tg9e/TA5/WSmZVFXl4egUCA1ECAvLw8CpIVqG3X7FtWRm1NLbX1dQwZPJjRI0dimib5+fmUFHenKlhDNBblnLPGctppQ1FKkZqaSs+SEqqDQcKRCGecfjoDBwxAKYXruhQWFJCdnY1lWZR0705dQwMlxcUUFBRQVFDI7j17CAQCXHzhBeTl5bUHqyiIx2PE4zaGoSgpLt63UZTWWB4PPXv0aH/EXylFr549sSwLvz+FHiUlGIZB9+5F2LZNIBAgc78KWMMw6F5URHp6BmlpaZSV9UGjyc3JIRqL0qd3b4qLu2MYBpZlkZWVCC7z8/NISUmhqKgIj8dD96Ii/H4/hYUFNDU3M3rkSAKBAIZhEAgEUEqRnpZGTk4O/fqWEY/HqQ4G6datG5MnTCA/P799EypHu9jxOLG4TSAlhYKCbpimQe/SUjIy0snKyqS0Vy+01hQVFpKRkdle4RqPx4jbNqZpUVJcjGGaFBYVkpaaSm5OLqZpUFJc3F4FrLUmMzOTwsLCLltTCCGEEEIIcaz9qfyJE70EcQS+MvjWz2zuUCjE0qVLWbJkCXPnzmXx4sVUVFTQ2NhIfn7+Qf+/+1lL7InyI3r27En37t2P67WFuOeee3j00Ud55pln+OSTTzjvvPNO9JKOmTfffLPLMUq3JSNCCCGEEEIIIYQ4rDEvTfwMZr2aP172TUZ793srtpqHXvsuzxzxHD/ixSkXw/aJXL3i2K+wM9MvXMRlzGPMmw9y/fi5TMvccpRr/uwsn7LomM8ZCoWYP38+8+fPJxQKAZCSkgJAOBwGIBAIcNFFF3HRRRd12Ij4s/SnP/2JJUuWMG7cOO66667jck0hAL7zne+watWqDu+NHDmS3/zmNydoRcfWtGnTuhwjrQCEEEIIIYQQ4hRQPnMqD1TcykPTJ9NZw66ujh9WcAEzpi1m3EPTmXxUJwdZMGMaO66ZxW2DjuQyM5i2eNw/t8bPrUQgmhv8H8a8+2L7u9MvXMS0KbPo/9JUZpzA1R3OjDcnnrRrO9ZCoRD3338/FRUVDBw4kIsuuojRo0d3OF5eXs78+fOZPXs2K1as4J577vlMw9XFixcze/Zsampq2l+Xl5dz5ZVXMm7cuM/sukK02b+i85e//CU//OEPj6jK8/NEttQWQgghhBBCiFPGYv53ZvlB7wYXzOCBhSdgOeJfN3owpVSwaL9QFWDGm/PYTk9OG32I88Rxs3+oeuONN3LPPfe0h6rl5eVs2LCBQCDA6NGjueeee7jxxhupqKjg/vvvb69sPdaeeuopHn/88fZQtU1NTQ2PP/44L7/88mdy3XbBBcyYOpPyg96byowFwQ5Dy2dOZWonv28dMIipB853Uihn5tSpTD3w7xkLCHZ9cheCLJix7/Mqn9nJdabOYMG/fqHkz+YI5jrSccD7779PY2MjjY2NjB8/nvPPP5/x48fT2NjI+++/fwwWfWqQilUhhBBCCCGEOFX0HMe4iqWUM4h9BaJB1i6GSZPKWFixb2j5zKkdw9ZJdzMrWVZaPnMqS3vdSsUTT7CVMm798QHVbeUzmfrAQspufYjpk/PbX++baha3DUpUqz6xFXhgKhW3PsT0yTXMnPo8ve4ex+IHnmArQFkXVbaHWGMi0HiAhZ0e2+/aXVzj1JBD977Alv3fe5CrX3qw/VVnj9p3+vh96qMsnDKC5Pa3bO/QGiBRHVvaPmsFr3WoiD308ekXLmJiZDW1+SMoTc67NndfK4A2Ey9cxLS2i3fSzmD6hYu4rO04LaxY80W+2uG+Tz4vv/wyFRUV3HXXXe2VoIsXL+bpp59uD07bWgBceeWV7W0A2gLOm2666ZiuZ8eOHV1WBb7yyiuMHj2aXr16HdNrt8svoidPsLT8Nga1/WdZs4OtZWWULV5LcHLbf4/lLF0Ik+4+gpL2k1ji97y2V4nff6bNLNrv96RjdqEOcwYXzGDatBlw1E8TfPbefPNNLrvsMh566CEAHMfhoYceYs+ePbz55pucffbZJ3iFx4dUrAohhBBCCCHEKaOI08ZVsHT/sq7gWhYzjrH75SftbQFmzWLWrFnMunsSLHyA/YvGFj6xg2tmzWLWrOlMzmH/k5n6QAW3PjRrv1AV7m6b66FbqXhgBguC+Uye/hC3liVCh+nt/9e/lSceaJt7Fnf3fIJpnVR3HX6NQRbMeICKWx9KHJv1ELdWPJCs7EqEGovHtR1LXqOririT1Yo5rIilMXr4IpZPWcTyC3/0L01Xmp/DopcmMualiYzZXkFp6Vz+2BcSfVyTLQeSx1/7/+zde1hU5733/w8wIKCgDiIaESYBrJht0mAaDwxtSHPq3slOmjSi6b6sts+z28cQtaXNrz6t8ZD2ya6NjQdid9vdS+vViNA05/1rTLJjDKDiT+nBJ2JAt4NiUHGwigEi4Pz+WHNmBmZ0FDDv13XRxln3ute97nWc73zXvdoy9KB7ec6gattbvtMfXKu5zhJJqdmy/9WYFnAc17jPa1Knq/5S7dfnVeKu/2v61YPOQKy7fa2adqurfYNTS0uL3n77bU2ePNkdVG1sbNRvfvMbtbe3a+LEiZo4caLa29v1yiuvqLKyUpJUUFCgyZMn6+2331ZLSyRSDj22b98eUjlXW66OXM0olI41e9atbs8OFc6erYwjjXLn0bY065gKNWNox1X9pOqu2YXSjj1XPcM29a7lWlp4RJvfvMIlpd6l5VsiH5x94IEH1NXV5fP3r//6r5FdyCBHxioAAAAADCGpUwt07M06udLEWg5USgULNUaeIErugi3a4j1T7gwVym+sgMIZ6hXrOPOeVj67Q4VLtzi/gLfovQrj3+6yqXdp4fxKlbxZp7sWjAnYxsKlC9zlcx+Yr6ySSh1ouUtTvZvUVxvr3tTmI4VautwVBUjVXcu36C5JqtukzZqvNV4RgtwFS1U4r0LvPTD4srr695K+/cZL0rQt2mfJkJLu175H75cktbWUqtBviID+2GxeGaj75+mNlPf14E0/lA5LKXG+ZX3GSHUOSfCGV/ap9/TlknTxsN7vK7v04l/0a3d7X9K366zacatVv8qWvi2rJsUd0xtveOr3bd+/BaxyoNXW1kqS7rvvPvdnqampuvfeeyXJnY26du1a1dbWav/+/e4A7H333adDhw6ptrbWZ/4r5f/4fzDHjh3rv9AVGJOZpSONZySlSmpR87EsZT6Qq/GFz3oyWc806khWplxnipb3VqrElWreV6Z5y3taWeLMeleW5ntlbPpkuvtl4j+r+Zp/bLMzm71QS7fM0B535nuhlm7xnJuC1XNZ/LL63dn+vcavNjLxtTS0caklo59V2awW5SrVv93efeP8EaywcId27OinHX30b6gefPBB1dXV6dSpUzKbjV/nWltbde7cOT344IN9ztvd3a2u7u6g02NNJplMQyNkOTRaCQAAAAAwpE5VwbE3ncMBGMMAFCxMlQ70LuoTxJBU2GfFR7T52SOSCjXb/YX/jBqPSDuenecflu2jsixlesdbU8crQ0fUeEY+gdW+2tjSfEzKKlCgsG1L8zHpyA6VzNvca7nzgzVpKNg/T7e7s0C/pl89WKxpqcV6adpLgbNDA7og+znfT+o7L0gjx2muluiPLVaVpBZr36PF8h8GYO5ws3TxsOr7qv7Tkz6P9fc7/fBJ2W/9vFJGSpJZScrQg4++r14hl7b+12ygNDY2SpLPi6oSExN9Hu/fvn27Dh065J7m4pon0hmrrmX152oHVlOnFihr8x7VLchVrjNzfmGqpMws7dhTpwW5uWppPqasggeM4GndJpVsztDSLcuVKyNAGPhx+jptKtmsjKVbtNwoqHklmzR+ywKNeW+lM9P9LqU6g5QrM9d4MuZ3VEprtmhLqpHZ/uw8I9t+gbNsxXsPaPldqca41O56jLIr3/Oqp0/GD04qXOoM0tZpkzPL3xPgfFN1dy3o/ePV5fTz+AzJmQWcWrfJq93OIOubdbrL3Yc7dCxzjbZscT1tsFHvTV1u/CgVQv+G2t5f//rXmjlzpiorK9XS0l3xlAoAACAASURBVKKioiJJ0p/+9CcdOnRIt956q37961/3mb166uTJoNPS09NDbMnAI7AKAAAAAENKqqYWHNPG91q0fKpXMMOLJ1hZ6AxiOLOk+lG4dItm7JmnZzfN8Al2FAbNrrr8gNHltlHSdTCman9e0rffkBFcTfmhpMhkc5Z98IAz8Gk89m8EOY0Aa58B1QiYO9ys3mO6Dn79ZYe6MlUlafLkyQHHU73aAc5grtaLs9xSxytDlWpukXLPNOpIxgzjmJxaoKzKZrVojOeHHxlDBWTNX+OXze4MzHrXW7dHO1Qo97CsuQu0ZYsktei9yiPKKljoPPZz9cD8LJU4x3SVJBXOdmZepmp8hqQMV2b+GGVmScaWaNGByiMqnL3cWY/xaP/mCu+xYX31+nEpa77WuE+KuVqwZbl7UkvzMUkZ4fRk6HIXyLOoFvVeVKFmu4LDYzKVpQD7Xt0e7ciarzWeDaH5WSVGlnHghxDcTpw4oddee02TJ09WSkqKbr75ZrW2turXv/61u8zNN9+slJQUZWdna+PGjXrooYc0YcIEn3pMJpOSk5N1/vz5XstITk4eMtmqEoFVAAAAABhyUqcWSBsPqE7GMADGg7guzqBBGI+aGoxMUyPY8aw2zdiiBblGMKKyuUXKDTWMaWSnuqMTLc06piwVjJHUHFobfTK0wpg29DgzUz/1fQGU4SV9/GmxpgWczzApfoTfJyOc2aF+ZXplmrpejGUEWKdOk1Z+0qqSVLMmXeaaSJKGjdNcybOs7HFK0QXVn5PKZNTf+yVdg9uYMcEjTY2Nje6g6te//vVej/u7ApsZGZELsrkyaMMpf9VeYKVczSg8oj1nnOOrzlhgfJw6VQXaqAMt49V4JEMznMOKGMnmJfJNNs8yArNenwTPWDcy6DNmX+mRHywTvzDoeaXv86nvy/SysrKusH1+tXv3h98j/JezqGBZ/1nNLQr4mICX3bt3a8aMGUpNTVVPT4++/OUv68iRIzrpzD4dN26csrKy1NPTo5ycHI0aNUq7d+/W1772tV51jRo1Sm0XLshx6ZL7s6joaI0aNSr8lRpAvLwKAAAAAIaa1Kkq0GY9u1kqmBo4yOB5qYzxIqhej/IHrfsuLZyfpR3PblKdM5PryOaNes8duW3ReyvnOV8kFdiOCs/Lqure3Kwj7iyyENuY+4DmZ+1Qhdcy6jbN07xNde5pz3q/rKpuk+bN23TVXyQTeS/p2x8fk5Lu144v+gUestfqzqQL2v/fRsC17JNWKe7zenSa9/TeNVosW+ROaJu2RQ+66/ihXnr0fd/lOMdVPbBf0v6DsilDd/pM36J9j3rV15+4z+tf3fN/Tb/K/byS2qr07cPyvKQr1/MyrIBtGmRcQcn9+3uPx5CamqrFixdr8eLF7nFVvbnmSU2N3E8Aob646nLLh2tMZpaONdcZ46u6g3KpGp9xRI0HmnXMPZazkUGaNd/z0rktrpfn+XWP948nfkszsk6br3RoBaOewqVb/NpymY/uu8aEdtazfHYks1WNH6GUMd549P/NzTpSuNTdd5ezqFRjQ3heHOhqdwjDIBw+fFijR49Wd3e3uru7lZiYqKlTp+qee+7RPffco6lTpyoxMdE9ffTo0Tp8OPAvKdHR0RqZnOzz2cjkZEVHD61Q5dBqLQAAAABAxnAAWVJWgXrHVVN118L50uYSzZs3T/Pmlahx9hrNz5J27Akt9Jh610JP8DJ3gdbMlzaXzHPXV1ngGovQaMeOZ51BT6fCjEaVzDPKP3vM+5HZUNuYqruWL1WGe7p3Pca0wh3PuqcZ74KJzHiG19z+ebr9j2/JnlqsfY++7/m71az3//iAEZR0llvTckEWi3N6rvR+y4Ve1dlaWnWnqw6LWfv/6qrj3/S1v/5F8l6Oxaz9f3U9mv9v+pp/OywK79H9i39Rfbxrfv9M3Jf07TdKtV+fV4l7Pe9XymW8oOtaysvLkxQ4QNnY2Kh169Zp3bp1ATNJKysrfeq4UnV1daqqqgprnqqqqrCzXMOROrVAatyjRvmei3JnFOpYZaW8B1zOnVGoI5vfdP8A0vLeysA/iDhfZLfHU1Ar563Uey3G+eZI5QHnDzd1enPzEWUVTA0ze9153vL+AWjTPM1b+d4VDG5yTEa81zn+qntRxhjTlQecNdftCf1HLkkt723U5iNZmv+A19ntWLPRzpb3VBFOZS65M1R4ZLPe9OnfedrUz+Xh7Nmzio6O1sWLF8P6i46O1tmzZwPWmZycrChnIDUqOlrJfoHWoYChAAAAAABgCMhdsEVbvP6detdybbkryL9T79LyLb6vK9HyLe4XmPjX1bt8qu7yKu+/LN9Zvac5v5nPWKAtCxb0XbafNhrjFm5R71r6mzYUuR7N75tnjFQPT9AzhDoOL1Fhn4/hB69j5dt39gqwen8WqG29vaRvvzF4g6iBpKam6t5779Xbb7+tyspKn8xU77FTjx07ptxcT/DL9UKre++9N2IZq2vXrr2s+Z599ln9+7//e0Ta0EvqeGXs2KwdhUt9j8cxmdKRY+7xVSU5f6RZqZJ585wfZGn+mkA/iORqwZr5WlkyT66ShUudL4a6a7mWNs7zPMZeuFRbwn2dvYxzkU89KtTSLZc5brNzjNLNJfO0WVmav3S+sp51jj2b6hwHdrNzCITC+ZqfJQUNde94VvN8gqWFPj8aGUO1bDbanTVfS+dn6dnKZrUoN4y29+7frPlrjKEO+ogsnz17ViaTSV1dXSEvSTLGUz179qxGjx7da1q089H/s62tGjVq1JDLVpWkKIfD4RjoRgAAAAAArgfOF1CFPb7r0HH7H+8c6CYgBPsefT9idbW3t+unP/2pjh8/3mssVVcmq/9nL774oiZOnKgf/ehHSkxMjEg7fv/731/Wi7AyMjICvlQLCMf777+vjz76SNOnTw9rvpqaGn3uc5/TnXcGP3eePHlS48aNu9ImRlxJSUm/ZchYBQAAAAAACCIxMVE/+tGP9NOf/lQvvvii9u/fr/vvv1+TJ092B1Tb29t16NAhvfXWWzp06FDEg6qSAgZHGxsb1dHR4f53QkLCVXxZFT7LPvnkE8XExKinpyes+WJiYvTJJ5/0WWYwBlVDRcYqAAAAAAAhImN1aIhkxqpLe3u73nrrLW3fvt0dzHQFTtvb2yUZgc377rtPjzzySMSXH4grO9bFP6MWiJT6+nqtWbNGkhQfH6/hw4crKSlJw4cPV3x8vCSps7NTn3zyidra2vTJJ5+os7NTkpH5OWnSpAFr++UiYxUAAAAAACACEhMT9cgjj+j+++/X/v371djY6H40PyMjQ5mZmZo2bVpEs1T7U1BQoLq6OtXW1iovL89nDFggkiZNmqRf/epXA92MQYeMVQAAAAAAQkTG6tBwNTJWAXy2hJKxOvRetwUAAAAAAAAAA4zAKgAAAAAAAACEicAqAAAAAAAhGmEaPtBNQD/YRgCuFQKrAAAAAACEaNa46QPdBPSDbQTgWjENdAMAAAAAABgqvndrsUzRJu059f+p9dOzA90ceDEPG60ZaV/QoqnfGeimAPiMILAKANcxxyd2ffpBqbptNXK093fj73D+f9TVbtY1EqXokeOV8NDPFJ2aPdCNAQAA14kx8Wat+sL/HuhmAAAGAYYCAIDrWOeOteo6+Fa/QVWHwyEjoHq9BFUlyaFL5z5W+yvfH+iGAAAAAACuQwRWAeA61n10d0jlrqdwqj9H26mBbgIAAAAA4Dpk+uSTTwa6DQCAq+ViiOf4qOs5tCpxrQMAAAAARJrJePwTAIDrF9c6AAAAAECkMRQAAAAAAAAAAISJwCoAAAAAAAAAhInAKgAAAAAAAACEicAqAAAAAAAAAISJwCoAAAAAAAAAhInAKgAAAAAAAACEicAqAAAAAAAAAISJwCoAAAAAAAAAhInAKgAAAAAAAACEicAqAAAAAAAAAITJNNANCKp+qxaurZJl7jN6qiCl77L2Sq1etlszn3lK/RWN6LzXgL1ytZaV2XpPsMzVM08VyGhyvbYuXCst2ajHJ7nmSdeSjY9rUtA6g0+/+uq1deGrmjhI+/yasVdq9bIyBdi6BusSbbzv1KDeP8Nj7KdVgSZZl2jj4wO0N25dqLUylm+vXK1lxx8emLbUb9XCVyd6HdfX2o+VWPJPij6+Vhcqyi9jeh/uK1PSP0hda+aqM4y2xEhSZ606X3hCXeEt8epyXp96s17hedXrGPE5x+NKBb2WRvDc430uCTDV5zo9EOyVq7Vs98wB269C3QZXr512Va5epuMPD9w2iCxjn2oKep/c33Rf4fT7gF4rh7Rg90EWzb0u7vMAAPhsGqSBVbsqX62S1WpVVdl21RdcxQBgSoGe2lhwtWqPjABf/Oq3LtSy1Qp+A2xp0qurK/Ut/+n1W51fbNKvXnsRGp99L9gXvkmDf/8MS6AvD8YXjdUTQ/vyF2mTHt+ojdd8qYNY6reUeF+52rd7f1ikhCeMQKfjWrThvpsVMxgDqt4CBD7tlau1bOHWyw+u1u9TFQHVq6fXtdQ47y7cOnA/7HzmhLANUgqe0nV12bvadv9WW9Oe8rt3sKtytRHAs4RYDf1+rfS+D7JXrtayZVuVNmAJDwAA4EoMzsCq/aB226x6+Knbpaq12lf/uCb53WnUb10oV8KQxWr1nmJkQy6Zqd1rndmAlrl65qk0bXf/Sux1U+OTseqcd266yspcvydfaQbS1THpvrmyLDsuuxTkC/hMzUzfrYP2Ap+bt/p9zoB1wLTBQcQvI8zql+Xjvf2dBYwvZfVbZSQFeW0ze6VWLzuuh52f+WbNDPIsAe/9U871WCKtda28O6vVlfnqt7/204+DwyTdN9eiZbsPyl7gCigZX7Y9m8kv2OSX7evObLdXavVvpZnpZSqrkmRdomcmvuqXheObOebKMntm4qvO/WKtFjYZy7NvXahXJy7RzN1rnW0x9pe07V7nH59sIL9sFK8ggpHhM1Nzm8rc6+We12s7LVt4fEDPOZdaGhR9w48l/cTzYd4XFSObejotxvgxeS9oRGGOenbcq45aZ5kwslLjF+yW6ZNaXZqYZ2SlSur5vzPVvl2Knf224icmSbIovmS3Yv/vTLVvL1LCE0tkincWbv1PtW36SZDaB05KwcOylr2qU3ZpUorU3/7wW81UelmZqiTdfpdF+94zdoxlC8vcx6rv+cr7+K7X1oX7NHFuk8rKbJJlrr43c7d+cfxhLdFaeU4RG3XfKa86fAJbfseZvPfnEK6HwY5Dd/sCr/vgkaKCp5bo+MK12nq769zYV5+on3WWpH0+693rnLvP65zcK4ju22f+dQe97jmn7Zs4V01lZbK5r2ve9Vnkc6s0aPTeBt6Zk/I7TgIfF/7X8UD7Xopnu65d6JXF6be9vfdT/+vJ1KnSgZE+x8BAZwFLUvrMmWraVy+fG2X7Qe2WVVZLlZq8C/fKtvcc0/79Hux65el7z7UyRX1tkxDOJf21K9i107W6fe0PQ+A+KGXKTFl03P3vXtnv3veC9sBPTFjmPqOn0rYHnzZob3QBABj6BmVg1X5wt2zWhzVJkySrtHZfvR73umGs37pQa5vm6pmNBUpx3RTLopnuEjaVvTpTz2zcqBTnDfayhRbNfWajNqY4599er4KAd1Y2le12zWvUvXbr7YPwC2H/ptyert8etKvA64vuviqrbl+iwR1YdQdHNxo33fZKrV62WpXOG2Xf7e8q7/pSdrus8g3Ge/Ynry8OG5/yzDuksgSqtHbfEm3c+LizX9ZqYZXV2VfG/vpq5X1ewbrg/Th4Geuxe+Yz2viUMxS6daGWbU1zHof12rqsTOlLNuqpSTL+vXCZtqZt1OMpkmxlxrwbnSHaytCWmlLwlJ6R7+ONdkm2slc10/vcsWyhLHOd9ddv1cK1rqx6T8B2o1eAZnWl1xeaqjIdd02v36qFa3+ryilPqWDS49q4RAM8FIDTuQ/Uk/qw4iV3gDQ2O0dq+UCOVGfuU+0H6pmZp5jsIqnWGBYg/gaLHMfXhviovxQ1MUeOHTPVVusMpv5DmeK3z1Vnxb3quq9MSdmtzoxVZ1C1/T/V9sJPJOe/kxZoUAZXPfrfH2xlu937liR98xbf4SA8w7Y85Tl/+WTEVqns+BJt3OgK1u42foxcslHGKWK1lq1dqCqrs4y9UquXvarK+55SQYrz2pm+RBuf8gr+lzn3yRSp7+thH8fhpBCOhUFjkm63Sq+eskuT1E+f9LXOzuqqmjTRuU2N/t+q272uL1VVnnOy75Mnnse2N7oD28u0Wkaf9X3dc9ZddtxzvvevzxkQlsVzpzR4eG+D3vuH/3HS93XcyNT09KPXvvfUM5LPkyH+x0CADGaf64nRp577C7sO7rbJ+vBTA3vOTpuimbu3q964a5Zk3Pdo5sOauNsrsFq/VQvXNmnuMxu9Ap5rg9/jBrteBbpW9ntv1ce5JJR2BWtLipxPYnnOkz7LHiL3QfaDu6W53wrtPnTS48Y9oGte53Xi4YIUSX1NAwAAV0u0w+HQ4Pr7SNvLbLJOy5HD4VDOvXNkqXpVH5zxTN9XJVkfssrscMjhMMv6zTmySO46JO/pOZpmlWR9SFazMT1nmlVqOqkzXuUDz2tW7gyLT9lr/ydJ/p+d0Qe/LZPNOk05Xu2W/zw505S++0NP2z/apyrrNOW4iw/cdg6+/DP64NUqWRfPda+bw2zVN+dIZds/Mrbf3Bf0wg9c28hYT6t7/Y3tXbXvI3d9H+527U8faXuZNOeb3vPO1WJrlV794MyA9ofD4TAese6nrySL5tyb4+yXXM2wSJY59zr7ythfbcfPhNSPg2e7G8e8ZUausV0+2q4yzdE3rWZ3mZy5i2V1ngfOfPCqqixzdG+Oa/4czX3hBc3N8fTRjFyzV/29jyGf40Xe0/3KKsC5Q1Y95GpbzjRZ1aSTrnZZF7vb4To3qWy7PnLV7d3unGmyyqbjZ4K3M1J9Hp5ydbekKPo+17+LZEqVeg43+JVpU1TqFxUrSfqxos1t6jkcxtirrR+4s127DjfIoRRF5QUod9/DMsXb1OUOoparY3etHOYvKiFQ+SAi269SoG310da1qrLMUK451P3BKBu4Xue10OsYNlu/qTkWz/lKkvta6Z7fax8z586Qpdc5w7XPmWX9wQt6Ya5nfqN8aNfDvo7D/td9IP4CbzOHwyFzuuu8GVqfuM8dfuce//OFMa9xfnD3p9f2zLl3jiy23frQ67zmOe/laO5iq2zOPuv7uudatueewPHRPlV5n6vMVn1zjiVoHwyebeBfzv846ec6/tF2ldm81tu5TX/g+rd3nznLLnZvb+f9pNc9p+/1xO/+4syH2m2zalpOuP0QuT9jfzQrd0aT9n3k+vyMPtwto93e65szVy+88AP3/um+Pw54/VMY16v+7636OpeE1K6gbTHudTz3Qa765ipn0N4H2VS2bKEWLvT8LSuzee3/Dr/7Es+27lXfmQ/02zJpziqvdQxlGn/88ccff/zxF/JfKAZfxmr9flVZ5miV62fblCmaYdmmPa7MS/spNcmiGd4/vqak9TtiqCV9CP9aW7VOT/hnmFrmaNXc/n7bnqRp6a+5hwOo318l67S5kvZfpYZGgl1NNqlq3RO9B/f3e4zRXvlzPb3N1mvypGlWad1+1c+dpEn2g9pjs+qhSXLuOzZVPf2EtvlVbZkT2bW4ltLTAu3boffjtWXTtoD9v0o/cGZU2E81SbYqPf1Er1KaI8neZJPSHxq4DCFLesBl240O732sDmyHX5auww0adqtzOIC8LypGDfq0VjLN9Csz0awYSV154xXdaZSJtNiRKVJng3q8P6xt1qXCnMgvLBy2bQH2UasWv2BkFNZf6f4Q6FqnFKWFPTx2ugKeIrzUlz2hde52WjQjlOb1cRxeD8dC4D6ZpHvnWPS067xqXawX+r0Oe7Movde9i01NdiktUH+mpMvi+yB30OueP/upJskyQ76Luw7GVu/nOh5ovYNXFaBsP/eTk6ZZpddOya5JSrE3yWadNiiedkmZMkNNbzuHA7Af1B7N0DdTpIOBCtsr9fOnt3lenHmlh2Wk7q0uq13GvU76Q0PpPsiiOat+4JsxW1+mJ9a9psp7fxBGJm29yp7eJs1ZFWCevqYBAIBIM4Uagb027Kp8rUqyqfcXVtvbqrfOUY7D+1db3yK+n/lN7xVt9o1AB5vX4f2r/JWu3mVwOCRZF6t0ToAgQq82Ge32bnPOtHSte7te1jnS/iqrps1xyNEQbP5rK9A2dLEuLlXgVXbIXvmclpfbJFm1uPT7ylGDthWvk3u75UyTVeu0v36OzCf3yGZ9yCuz16Kild8PeKM5sMeCwytDwftjr/1T/vtq73n8/7+vfhwYvv3fsK1Y66o82UVG2yRZirTy+4EeiXfIs/sGWIcAx3PwY9i3r33n8SsZ6NwRaHofx6o9pHZE/lwTdTkz1X6gnpnfUkKe1J2dI7X8Vl3y+yWu9gP1zFyi6Puk2JGeMoNVxPf5YPuo9/a77P0h2LXJaxmhXK+8JrjPFV7zGMefc11KC5Rir9Rzy2tCuh56mhL0JB7idevaCHZsS0Yg2DLBOAf11ydm6/dVapXUsE3F64zgsaVopb7vdVFx+HZYr3NL7yYE6U+ves70d93zm7/v897g3gY++1nAfTr4ddwY+iXYOvru/33d3wW+5sq4v7C9pg/PWDVuf5Ws0+YM8L2DJDnkMOdqetMmfXDm+5pycI80fYGRHSp57n/tlXpueblsMu4Nvp/jPAdI/fe797Icftuy33sru8+8ziZ56g+jXX1fOwP3zuC7DwpwHsi5R0WW5drz4RlZQzqX2FX53DpVWRer1Ov+ydDXNAAAcDVED3QDfNgPqsZmUdHKUpWWev2tLJJFVdrfICllnNJl04lW7/lO+uV0wC1nmqxV+9XQsN8YBmCg29MvsyZYpKaT9iDT7TpYY5N1calKS+cEWR/n43r7K42y05ylAu07163++nFwyJmzUkWWKq17rlKulqaMS5dsJxRsM5mNFdNgW7PB2q7LU67uFikm+8fOYQACPeJvDAcQc8MLfZS5cl3n7FK82f2SK0lS3vhBdvHq7Yr3h4DnK7tORuxi16D9Vc7rbcAfMfrW1/oNrWOhQfurpPRxKQqrT3LmqLS0VCuLLLLVHAxxXQPdu1g0wRykz1pPOLP3Qrnu+Qp0HrVHbueJMO9t0I9+ruP9XT/6Ldvv/WSOplltqjlYafxYPWhuqlI0ZbpUc7BBB2uk6VN696X9YI1s1sUqLQ0caLz8RV/ZvdWVtauve52hcR/kLaRjQJK9cpPKbVYtDtBhfU0DAABXx6D6bmo/WCObZbp63Q+mFOghq1S1v0FSju4psqjqNVcgxq7KTeWy9aoNhhxNs1Zp3boqT4BxUEtRwUNW2co3qdJ9L2xX5XPFes7zgdeNsvOXeb9acqZZpapylduML63OT419Z902eUaLbNC24mJta9B1JrR+HHgpKlhQJIutXMtdGyHnHiPY6r1RGrapuNjYbikFD8lqK9c77sl9r5fx5blGB52T7ZWv9X4sMBJr4mzXJq922CufU7FX0Hgo6TrcIE38J5nUoO4gj/h3HW6Qw5zXZ5krtv1VdXdaFLvgx84PipQwM09RXmO0DkZXvj/0Pl+5vjA/FLFnO72DIQ3atjz0a2lfx+HQORY8mV2eGERffeJ/vTACnpbpU0IOTPe6d7E+pIKUQPtLg7atq5Kl6B53ILW/654P53n0tUr3iU+bygfjnVKgbdCXfq7j/ustI/uxONBFvte1xnebBG3BNKts5eWD7sfqlCnTpfJ1KleA+2gXr+C9vfI5r+EurkQE7q0uu12ue513PMu2V+q54udUaR8q90GSGt5Ruc0TqDdPsEhV+93r1PCO13moYZuWl0tFKwP8yNLXNAAAcNUMoqEAGvR2uU2Wovmex5e8ZOflS+tfU+XdJbJaS7So6UktLzYypPKLimSx1XgG6Jd8HpXs9fhioEcsg83rnjxAj855ta2vUt7t9m9zdl6+VCXlZTvXy3v9r2Lb+26vTeXLi+Wb42ZR0YoSWbOLtKJojVZ4TbcUrVCJ1SyHQ7LOL1LNiuVybn7lL1qhotdXqHxfvYqynbeS2XnKV5WqLdOdL70wPjY79511xZ679vxFGzQnO/hjZNdGkMd+vfdPef23I/A8PvtLn/04MHuz//ElSTJbVbKoSU+uX6fnJqxQiTVF1pJFanpynTybKV+LNsxRtsMhh7JVtKJIa1YUq9g9eZE2WM3yPHHotYzsIi3Kf1Lrnf1gKVqkIst6NbmOF6/zgzl3uizl61RcZSzP+3FIV73G//k9Wu1wyOFwtcuzb8pSpBUlxgs7PE0LNK+Mfda2XsuLa4zjIEKxs8saCkByPuqfp5iWD4I/4h9KmStWro4XpIQnliip5J+Mj1r/U23ul1mFJqL7fEjn0HD3h971mq0lWqE1WlHs2tPztWhDkfM4COF61esRWu9zRraKFuXryXXFzgCdRUUrFil/xXrVHDwjq7W/+vs4Dh3mPtd9wK6lVd7nFFezVmiDNcW5f/TXJ/7T5bXOfo9Suxcqr/sLi4qmN2m5a3tairSiKNuz7A2LtO1JT5+Fc93rtWyZnedR1zz5KiqyyLhVGszbwHc/k9d/u9esz+u4/3rLue9ly+GQcqdbVL6uWFX5i7RhTo6sJSukNSvkOcQWaYNrm/hsP68GO+8vlJetgbmWuvgdo+ZcTbdImu58EaRnBYzrm3W+impWuO+dlb9IK4pe14ryfaovypbrN+jA/e67LP9rZU6f26Tvc0lKGO0KfO103uu4N6KxbKvZIYd5MN4HBb//zXaf+40+cfVn/qJFyq96XXI4VL/P+KxXHfmLtEjBp20ggxUAgKsm6uzZs4MlsgoAiLCY337lKtZepIQnviXtvndQeCuZTQAAIABJREFUZ49KUs+3/jTQTQBwXWhQ+aJa5a0vIisQAADgOvfMM8/0W2YQZawCAIaUvC8qRg36dJAHVaWBfVEJgOtIw35Vz8rT7AF76gcAAACDian/IgAA+IpfsFux5jZ177j3Kg4DAACDhV3Vv1ilisZZKl5HrioAAAAMZKwCAMLWuWmmOge6EWHgWgfgypg167trNUvyHfccAAAAn2nRA90AAAAAAAAAABhqyFgFAFz3uNYBAAAAACKNwCoA4LrHtQ4AAAAAEGkEVgEA1z2udQAAAACASGOMVQAAAAAAAAAIExmrAIDrHtc6AAAAAECkEVgFAFz3uNYBAAAAACKNoQAAAAAAAAAAIExkrAIArntc6wAAAAAAkRZ1/vkv8m0TAK5XPRcHugWDQ0zcQLcAAAAAADCErDh+e79lTIqKugZNAQBgAHGtAwAAAABEmEndnw50GwAAuLq41gEAAAAAIoyXVwEAAAAAAABAmAisAgAAAAAAAECYCKwCAAAAAAAAQJgIrAIAAAAAAABAmAisAgAAAAAAAECYCKwCAAAAAAAAQJgIrAIAAAAAAABAmAisAgAAAAAAAECYCKwCAAAAAAAAQJgIrAIAAAAAAABAmAisAgAAAAAAAECYCKwCAAAAAAAAQJgIrAIAAAAAAABAmAisAgAAAAAAAECYCKwCAAAAAAAAQJgIrAIAAAAAAABAmAisAgAAAAAAAECYCKwCAAAAAAAAQJhMDsdANwEAAAAAAAAAhhYTcVUAAAAAAAAACI/JQcoqAAAAAAAAAISFjFUAAAAAAAAACBNjrAIAAAAAAABAmMhYBQAAAAAAAIAwMcYqAAAAAAAAAISJjFUAAAAAAAAACBNjrAIAAAAAAABAmAisAgAAAAAAAECYGGMVAAAAAAAAAMLEGKsAAAAAAAAAECbTJSKrAAAAAAAAABAW0yWGAgAAAAAAAACAsPDyKgAAAAAAAAAIE2OsAgAAAAAAAECYTJcYZBUAAAAAAAAAwsLLqwAAAAAAAAAgTAwFAAAAAAAAAABhMl3i7VUAAAAAAAAAEBaTKXnsQLcBAAAAAAAAAAaPC/0XiXI4SFkFAAAAAAAAAJeSkpJ+y0Rfg3YAAAAAAAAAwHWFwCoAAAAAAAAAhInAKgAAAAAAAACEicAqAAAAAAAAAISJwCoAAAAAAAAAhInAKgAAAAAAAACEicAqAAAAAAAAAISJwCoAAAAAAAAAhInAKgAAAAAAAACEicAqAAAAAAAAAISJwCoAAAAAAAAAhInAKgAAAAAAAACEicAqAAAAAAAAAISJwCoAAAAAAAAAhMl0NSo9d+6czp8/r+7u7qtRPTAkmUwmJScna+TIkRGtl+MNAAAAAAB81lytOEtYbYh0hefOndOFCxeUlJQkk+mqxG2BIam7u1uffPKJJEXsoOd4AwAAAAAAn0Xd3d26cOGCpMjFWcIV8UjM+fPnNXLkSII8gJ+4uDjFxMTo73//e8QOeI43AAAAAADwWRQXF6fo6GidO3fu+gmsdnd3KyYmRg6HI9JVA0NedHR0RB/Z53gDAAAAAACfVTExMQM6NCIvrwIAAAAAAACAMBFYBQAAAAAAAIAwXZWBGXksGbh2ON4AAAAAAACuPTJWAQAAAAAAACBMZKwCQxzHGwAAAAAAwLVHxioAAAAAAAAAhInAKgAAAAAAAACEiaEAgCGO4w0AAAAAAODaI2MVAAAAAAAAAMJExiowxF3p8daw7Umtrw40xaQks0VTvvKoHpmRrsQrWspQYFfVmhUqn7BIG+bkBC0VtL9MSZqQM133PHqPpqVdZm+1N6nq93VK+9d7FLwFgTjbriKtKLEqJcR1AQAAAAAAl++qBFYBDDUJskzP0wSfM0KHTtT+TTUvrlFTxw/1w8K0gWrcINS7vzpO1amu4V1t/kmN/vY/f6gFtySHXau9tlzlByZoUQRbCgAAAAAAro5BGFh1ZlrZek+xFK1QiTUlAsto0LYn10uLNmhOTvDl5S/aoIgle9mrtGZFjaavKFF/q2CvWqMVNdOdmWd9llTVmhVq+ucItvOyePdn/6XtVWu0otwWoH+NeqrzybK79tI0/Stzeu+bc07pnWd+otdf/3/1N+sC3RI7II0bhIL0V/tBbfvJL1W96TfK+XH/x3rkpMhaskHWa7U4AAAAAAAwGIcCcMjhkPKfXK8iv6Bb+aIVes6xPALBVWf7HA45HEGWZ6/SmpVPaluvdlwmc76+tz5frvXrs3UOh6dtfZc06nL0X+fV5d2f/Zc2539Pyx1rtHL9NuWtL3I+8mxX1Zr1qs5/UuuLshlOIgxX2lcO5/86Am6/sbrNOkGvv2zXuXMOOVyHnv2g/vjii6o+3KZumZSUnad/fuQRTU93PQJvV9WalapI/4aeNP1Jv9x5Wkq6Q/N/9C+6RU2qqnhRf/rbCbV1S6akCbrlK1/XbKvvcAPtTTV6+eXXVdvvMr6jn0yt0+YXq3W4rVumhLG65cH5fvW1q6nmZb38pwOytXaoW4GW61p/R5992md/JeSq6H9+SbW/2KnXdxxV/qMWz7R++qyhfJE2VEuSTeufrJbyn9T6opwQ2+7sC83W8hKrUgKtS3to/Q4AAAAAAEIzCDNWg8nR3bMztfJEq6QUuQMJjZ4SmbNdQdcGlS/aIHkFRe1Va7SyZroz6BCCFKtKnjyhRRvK/YJ/fS3zdU2Yna6KCtcAjPl60jWvvUprVtZo+nJXFpvRRvdQje4gyhVqKNeiDa5aMzV7uXfWXD/L9JnXN9jcUL5Ir094UtNrNjjX379uSbXe83utewAp1vmaXbNSG9ZM0PISq1S1WRWN+XqyxGsOe5XWrKyQp7sDLBNXXZu9VdJYyZmt2tXwR/30lzt1Pu0OPfKNPJnVqtp3X9aLq+tke/JHKsrxCtPVvKhfpk1X0Xe+oq7WBFkS7apas1oVrdn60iPfUK5Zaq19Vy9XrFZT94/04zuN4QbaG8r10w3V6pjgXEb3Ye380/uBl/G3F/WzmmTlPvJ1fSehQ7Xvvqy9Fb+Qkn+m+c4U21Pv/EKr32jVhDse0dfzzEpoO6Hq9/+k2opfqCNhhf7XtPAf2w/KYtXd5p1647BNdlmUEmKfpeV/R1/vqtCLe8168Dt3a0JyWgTbblfVL/vvdwAAAAAAELohFFj15spUe1LrnYE4e9UarazYrKrcCAbecvKUr9d1yi7lpISyzEZV1EzX8vXrnS+PWakN5XkBAqaewO/6HM/6rKm6wmzchnIt2tCk2cvXG+1pKNeilWuk5SWypthVtWaDmmYv13qrJzDtXmZDuYwmrfcKBK9RlVcgs7Fig9Jdbfap25he3TQhhHV3SZF1/mzVrKzQu+UnVF0tzV7uFYh1BlXTn1yvEq8+qthcpdxQg+O4Ql06tf9F/WZnh5Q5XbnJknRK1eU7df6Wb+gn86e5Mx2nTMvTLZt/rP8o36s7f3yn3GG67lx9/ckiTXMnmVapplG64zuL9OgU18y5Suj4sSr+1iD7nWlKkU1/+o9qtWU+ouUldzq39RRNmZ6n13+yWu/6L6PNrHuWl+jOFFdb0hT7vQ2qrrNp/i05kmz6W3WbkvL/l75XlOOMD0/RlLw0bf5//kO1h09JkQysKknmNEl1p2T8DBRin6VPUbYlSdqbJsuUKc5jIUJtt9eF0O8AAAAAACAcg3IoAFcdPtXYq7W5olGzirONR/e/t075XssyT56uTNX4PkLvVYerKmOa9/Qgy5MkjdaEzEY12R1ymM0hLXPWg/kyOxxyyKzJ0zOlmlM648hWiqcBOlP1uqpnFWtdtmuZZuV/Y7ZqVr2j+vwimX3aGmpf2VX9erUyZz+tfLOz3uzZKp61WKXv1Cu/yF2rs/3e63NG1a9Xa1bxOmW7lmnO1zdm12jVO/XKL8ox6ptVrNmuNmd/WbMzV6mm7ozy8/tZ92DNdy2jwq/dzmnfW+c9dIKrzlD65bPliocCcEhSoypWLlJFoAJJU/WNbzi3rf2gak5LabmS7eBBn2LtpmTp9H41nPmSxrp2+MxcZSZ4bdekJJlNUu0b25Sb9BVNTU9WrBKU9z/WKM/ZGIdtv/Z2SLfdPcu5P7lM0Jfuzta7W9/X305+SXenOadMyNM/eO87Gq0JEyQ1ufa/TN29/N90t6t+VzHTDcqeINW2t+uiw6FYvyFC+u4v+ZxffCUoabTkHi4g5D7zG2bA6MDw2i7POc5nXULp96BrDAAAAAAAAhm0Gau7Shdrl99nmbOf7jXeaUP5YpW6C2Zq+jVo25Uus7WpUdpVqsX+K6hZV9CqVjU1ShMe9A1jmtMzpSZJSlH+g7NUUbpKiyskZc7W09/LdwY9jXkD9bl3kzLTzV4TUjR2gtTY1HoFbbbrUI3xoH9jzSHZ8/MDBGEbVL641NOuzGuxhT+LEpR5x20+b7lXQrpybsnWVEua3O+saj2lE5K083f6952B6jmvJtdoHYHE3qIHvz5VjS/u0u9+vksyJchsmaq7775bt+WmGdmcXV3qkFnpab3flJVsHivpsOznJXfKqinUN2p1qd1+SidOn9bphjr97cABHT4tSW0630eTw3dep094/fNK+0zSFbc9lH4HAAAAAABhGbSB1VnF6/p8aZQ7uJk5W0+vy1eKvVq/WFUT4Va0qqkxU654YkSXOatY64KsoP3yauxfTpHWrSuS7NX6xaoKrVpc4WyHq0l993mk2at/p4rGWSpel6faxaX6XfVkfS/fFSLyBFQzZz+tdfkpslf/QhHfxHAaq+n3Fyk/xOjilewrKXn/Q8vzzqup7oD2vl+t2sN7VfHve/Vy5mz97+8FCq5fOXvtf6j0xQNqNd78JHNymjJvu0NT/7xTf4740lp16rSkzHR5/xRxuX0WqbYPRL8DAAAAAHA9G4RDAXg/DhusxGHV7srUY09/V/lmOR9jdc/lNZ/XfzvfkO37yKsxPejyDtdqlyao2OyQw3Gly/SUNU/IlPaekt2R7RN48e0A/7Ya612x5A1NcLXBp6/MMqq1y5HtqbW1ycgI9dkm5ln67tpZ0uEKLSmtVcPsuwPO66+xqVUOh2t6q06dkDLvMMvhcGWt9tff3qtSoVUVjZpV/F1lO6Ts4llaUrpK5WPXana2jL7PfExPfzdfZlf7+6vzM+pKjzd3PX0ec05JZpklHbKdlCO77xceufbNwNsrSRMmz9JXJ8/SV9WlUztL9ewrb2jn0Vn6qilWCWpV06mLcoz1zUY933pa0gSlmX2PXf9l+Hx+fq+2/u6AOm6bp6cfz5PZXeUpvfvnnfqz1/zeQ4b0J2h/2Wq1t0Mam5dlDGUQRp95NcD4z7Db3t+69NHvln5XGQAAAAAAeIke6AZcvkadcD+FflgVq/7g9fZ4I8i4q/awe/q7f2j0r6BvrdV6vnSXZhXPVnZIywydOf9BzWr8g35X7XmMvrX6eS15vlp9P1hv1oTMRu2tc5ZqrdPexkxNMBvT8h+cpcY//E7uag9XqHRXph67O1tSq6qfX6LnvZZ5uHaXNCtP2YHmDVBeu97wqvtd/aFxlh7MDx6IDe6wKkp3KfOxp40gquQcD1baVVoh11ZT4wlPfxyu0KpwtyEiL22qvjRWav2v/1Jdh/eEDtVtXarvL92qAx3BZpa66l7RqqXL9IrN+9NYJSd5vYDJcpvuSJD+/O4uv+PhhHa+e1hKmqw+4v+9nbbpsKSpd3gHJiWd2Ku9VzKSRSAddar47U51mCbr/tucQdQr6bMItT2kfgcAAAAAAGEZtEMB9C1bs4tnaUnpEufYm5l67OlizVpVqr11rcrPNyv/G49p76pSLdklSbNUXDxLu94IXuMud10umXrs6bXyxA37W2aY7X/6MT2/apWW/MG1OE92ZvB4iWu9PPPNKvZqY/ZsrS2u0JJVS/QHdxtd2a295zWWme2e9+nHntcq97xS5mNP67vegdNZE3Ri1RIt8arbE3QO1WFVLCk1slH9grLZs4s1a1epSp+foKe/O1vFs5aodMkuT1uLZ2lV6V7VtebrsuK5iIA03TF7lt4t3aVfLTuhL81+QJNNrTq0979UfahLEx67X1MTgs8dmz1Vk007tbP05zp//5d0x4QktZ3YpZ1vHZAp8zF9ySJJFt3/rVmqLX1F/+fnJ/TVL98mc/dh7Xxrpw61JmlW8d2aEE6Tx2ZrsmmX9v7250qY/YAmJ3Wo9c879WbtCXVd9hnwtPa+VaETXvN3nD6gA4fb1K0kzSr+hvLcMcvQ+ywhIUHSn/Xuu9nqys1WboTaHlq/AwAAAACAcEQ5IvUcsdPRo0eVnEwW1PXm8B++qxf0hJ5/LPxQKnydP39eN954Y0TqisTxdvgP39ULuzL1tWVLQg5Yd5zYq1deeVN/PtKmbpkUPzpTdzz2uL6a6xkqonrtM3pJX9OyJfm+Q150HNa7W17RB4c/Vptz3NCsWXP1+Fdzfcr5LyMpa5Yefux+5aUl9LOM3p93nKjWH7a8qQOnO9VtitfozDv0wGP3y7xrldbtytU3/888TY11zjeh7/3c6K/en5viRyszd5a+/MDdyg3Qj/33maQOm9781a+0s7FT3Zlf08ol+YoNp+3udQ6wLiH2OwAAAAAAQ0kk4yzeSkpK+i1DYBUhIbAaOYMtsAoAAAAAADBUDWRgdQiPsQoAAAAAAAAAA2OIjrGKay37sef1/EA3AgAAAAAAABgkyFgFAAAAAAAAgDBdlYzVCA/bCqAPHG8AAAAAAADXHhmrAAAAAAAAABAmAqsAAAAAAAAAECYCqwAAAAAAAAAQJgKrAAAAAAAAABAmAqsAAAAAAAAAECYCqwAAAAAAAAAQJgKrAAAAAAAAABAmAqsAAAAAAAAAECZTpCuMj49XW1tbpKsFrhvx8fERrYvjDQAAAAAAfFZFMs4SrogHVjs7O3XjjTdGulrgunH06NGI1dXZ2anx48ZFrD4AAAAAAIChpPnkyQFbdsQDq0PFpZ4eORSl6OgoRUVFDXRzAAAAAAAAAAwh101g1eFwqKenR5IUpSgpSrp06ZKioqIlOZz/7QmiHj9ar0+j4pV+w3jFx5oUFR2t6OhogqwAAAAAAAAA+nXdBFZ7uj7Vwbo6XbokRUWZNNqcrFZ7q2JMsUpMjFfLyVOKiRsmh6QYU4zONDcqZrhZLadOaUR8rGLjk3XTTZlKiB8mYqsAAAAAAAAA+nLdBFY/7bigV14qV8LINJ21n1bulM+pof4jORSrSZ+bpI8O/E3J5lSdajktc+o4xfacV/zIVP31rx/qHybdqPOdUZr3jX+RJX2ckfEKAAAAAAAAAEFED3QDIiUqKlojRo7UlKk3a1Rygk42N6v17Hn19HSqufljXYqJ1cTMDI0bd4Nm5VuVOylLwxMSlDTarFs+f6tGjUqU5JDDMdBrAgAAAAAAAGCwu24yVmOHJSg//4saM3a8zCPi5bgk5U4+p7i4GHX1XNKnnRc1/oYbNH78DboxM10XUxI08dMeTcy8Sdk3ZSppZIpGJycxxioAAAAAAACAfl03gVVTXLy+cMcMRUVF6UZLpiTjhVbeXEHTqKgoyTFODmeZ6OhoTczIdL686lq3HAAAAAAAAMBQc90EVqOiohQTEzPQzQAAAAAAAADwGXDdjLEKAAAAAAAAANcKgVUAAAAAAAAACNOQGgrg0qVLunDhgjo7OzVixAglJCTwsikAAAAAAAAA19yQCKz29PToo48+UkVFhd5++22dPn1a2dnZeuSRR/TP//zPGjt2rKKjI5d829XVpQ8//FBlZWXau3ev2tvbFRsbq5tvvlkPPPCA8vPzNXr0aIK6AAAAAAAAwGfUoA2sOhwOORwOnT59Wq+//rq2bt2q1tZWjR49WtnZ2ero6ND69evV2NioJ554QuPHj7/iQKfD4VBHR4eqqqr0m9/8Ro2NjRo+fLhGjhwpSTpw4ICqq6uVnZ2thQsXKj8/X4mJiQRYAQAAAAAAgM+YQRlYdTgc6unp0eHDh7V582a9//77io+P18SJEzVs2DBFR0dr+PDhiouL02uvvaaMjAz9y7/8yxUFOR0Ohy5cuKCdO3dqy5YtOnnypMaOHathw4YpKipKDodDI0aMUEpKik6ePKlnnnlG3/nOd/SP//iPGjVqFMFVAAAAAAAA4DNkUL68yuFwqKmpSVu2bNEHH3ygUaNGadiwYfr73/+us2fPqqurS9HR0Ro5cqRGjBihN954QydOnNClS5eC1tfd3a22tjZduHBB3d3dcjgcvabv379fL774ok6ePKlRo0bJZDLpwoULOnv2rM6dO6eOjg7FxMRo/Pjx6u7u1u9//3vt3btXHR0dPvUBAAAAAAAAuL4NuoxVh8Ohc+fO6Y033tDOnTs1fPhwRUVF6eOPP1ZXV5diYmL06aefKjU1VXFxcUpNTdXRo0e1c+dOjRs3TklJSerp6VF7e7va29t18eJFtbW16cSJEzp69Kiio6NlsViUlZWl8ePHKz4+XpLU1tamd955R83NzUpOTpbJZJLdbtff//53xcXFKSYmRt3d3Ro2bJiSk5OVmpqqjz/+WG+++aYsFouys7MVExMzwL0HAAAAAAAA4FoYdIHVS5cu6S9/+YtefvllxcbGymQyqbW1VYmJibr55pv16aefqq6uTufOnZPZbFZ8fLySk5P12muv6YYbblBiYqLOnj2rpqYmnTlzRhcvXtSpU6dUX1+vM2fOSJLS0tJ02223KS8vTxkZGfrc5z6nTz/9VM3NzRo2bJji4uLU3t6ujo4OZWVl6eabb1ZcXJyam5tVX1+vU6dOKS0tTaNGjdKBAwdUV1en9PR0DR8+fIB7DwAAAAAAAMC1MOgCq+fOndMrr7yi9vZ2jRo1Sna7XSNGjNC0adOUnp6uixcvqr29XTabTQkJCRo+fLjGjh0rm82mn/3sZ+ro6FBUVJSGDx+uUaNGacSIEYqLi1NOTo6ysrIkSdHR0Tp58qRefvlldXV1aerUqRo5cqRaW1sVGxsrSWpvb1dCQoJuuukmjRs3TiaTSSkpKUpLS9OOHTvU2tqqMWPGqL29XbW1tcrLyxuQF1n1dHfp9KlmHTt+QqbYeA2LM+n8hQsanjRSEydOVKJJOnTokHqiYjUqeYQclxy6pEs6e/asFB2j5KQktV84r7N/P6eR5lTdeOONMo9MVnQ0Y8YCAAAAAAAAwQy6wOqBAwdUU1Oj4cOH6/z584qKitKtt96qjIwMxcXFadiwYZoyZYpOnDih8+fPKz4+XrGxsRozZozq6uqUnJysL3zhC8rIyNCoUaMUGxur6OjeQ8l2d3frwoULam5uls1m0+nTp9Xa2uoOovb09Cg5Odk91mp0dLSio6M1duxYfe5zn9OePXvU2dmp+Ph4ffjhhzp+/LjGjx/vDsxeKw6HQ2fPnNZf//xnKSZWPZ92qL07SjffcqvGjRuv9o42ffBf7+iYvV03TbxBCfHDdCk6RtHRDsXExCg2dpi6L3boRHOzJt18m9InZkhySCKwCgAAAAAAAAQz6AKr1dXV6uzs1OjRo3X27FllZ2e7g6pRUVGKiorS2LFjlZGRoUOHDikxMVExMTHq6elRXFycRowYoZycHI0ZM0bR0dFBM0jj4uKUkJCg0aNHq729XR9//LH27t2rixcvKi4uTpLcQxF4M5lMuummm3Tw4EF1dnZqxIgRam1tVXNzsy5evHjNA6sxMTGKj0/QiMThihuRrEsX2/X3o8fUaLPJYrEoJb5bUVExRvD1TLNGmVM1csxYTcnN0bDoS2o+c17JSSOUMiZF48eP16ikEdc86xYAAAAAAAAYagZdYPXEiRNKSEhwZ5mOGTPGHVS9dOmS7Ha76uvrdfToUbW2tspkMikhIUEOh0MjRozQuXPndOjQIX3+859XcnJyr/p7enrU1tamc+fOqbOzU62trTp9+rTa29tlt9uVmJio6Oho9fT0aNiwYTKZTL0CjSNHjlRKSopOnjzpLtva2qqLFy9e83FWe3p6dKHtvE6fPqW4ji6NSkpQV1enTp5s1vkL7TIPi9PwpNGakpur0yf+W90OKS42Srb/PqLY2FiljL1BycmJartwXrEmk6JjggejAQAAAAAAABgGXWD10qVLiomJkSRFRUW5s04vXbqkxsZG1dbWyuFwaPLkybrjjjuUmJjoDn729PTIbrfLZrOpsrJSt912m9LS0tTV1aWmpiYdPXpUdvv/z969x8ZR53m/f1dV3+/tvrjdvt+dOM7VwARygWEmMDsJ7M4w8+zDzJE4K3ZHeqQjcVgdaXb3n/yzOysd7QhppZXYw+owewZmeB4WBpLlEhiWBEgCOE4CcezEid2OHbttd9vtdt8vVeePtjt24oQkJMSZ+b0kRFxdVV1u1y8df/r7+/6iZDKZclsBk8mE3W7H4XAwNTXF6OgoExMTWK1W6urqVmwjIMtyuaoVStPxs9ksqqp+Y6/TIkmS8AWC3Lt1K7LehNlkoL6xEZPFRkNdEIteY+u2bUiKQio1R74gYbWaSSbmkRQ9fn8lBr1MbU0tFb5KdCt8v6uJpmlkUknC4UlMNjuymmc+mUVVi1QFq5ibiTCfyqGTJVxuN/lclnQqjaTIyLJEeGoan9ePrGY41X+W8OgYnpo6qmtq2bJxA7rV/e0LgiAIgiAIgiAIgiAIq8SqC1YB8vl8OdAcHR2lvr6e2dlZPvvsMywWC+vWrcPn82E0Gq8IPoPBIF6vl9HRUebn57FarZw+fZrz589TUVFBU1MTNpsNi8WCXq/HYDBgMpnQNA2Hw8Ho6Cj5fJ5kMsnk5CQjIyM0NzdjMpmWVXKqqoqmaeWvl/75myQrOryVQZwVPpAkZElC1Rb6p+p0gEZzawuSLKFpKprGQpVtAZAXWh1oeL0+ZFlZ9YtWaWqR6fAYr/7mFTSLl7ZqN9G0RDExgb2qmcTkKIrJwqmTX9C5YTMWvURo5ALSDwD/AAAgAElEQVQzszOYrTamozN0rO2kwqqn9+QXjJwbwlfXxPoNm2hpasHj+mYrjgVBEARBEARBEARBEIS706oLVru7u/nwww9xu904nU6GhobI5XLMz8+TSqVob28nGAyW2wNczmKx0NDQQFVVFZIkoSgKra2tNDQ0YLPZMJlM5QrXpcdrmkZXVxcdHR2oqkomk2FoaIiTJ08SDofZsGEDHo8HWZaJRCJcuHChfGyhULhmP9fbSZIk9Hr9NXu7GozKFdu+6V6wt1KxUGQ+nmTsXIjJMTct6+6jrrKCX73yG+5/aBfNThtTE2Ey2cO4PH60Yp7J8EVm4kmy2RyZvMrW7k5SmRyNra2omko6l8dkMt7pb00QBEEQBEEQBEEQBEG4S6y6YPXRRx/l8OHDHD16lEAggNFopK+vj40bN/LEE0/gdrvLFa2LLQIW2wAA5TDVYrEApcDU4/FcEaReTpIkDAZDeYq/1WrFarXicDg4deoUJ0+eZPPmzeh0Oo4ePUoqlaK6uhooLYRVWVmJ0SiCuW+CrCh4/QG8AR8ff3KUjnseom1tKy21J1jbuQ5zbpbG5haQslycnKS6yoesyDgdFaDlMRj0KJKG3mShvb2V2eg0+Xyu3IJCEARBEARBEARBEARBEL7KqgtW/X4/jz/+OJ999hlDQ0PIskxLSws/+tGP2Lp1K5lMhnA4jNVqxW63E4/HMZvNjIyMoGkaqqoSi8XK/U6/KlC9GlmWsVgsNDc3o6oqAwMDhEIhIpEIIyMj+P1+jEYjkUiEdevW0dbWJoLVb4CEhNXmYO36DXh8bnw+L4GGWiq8Pu771lbqaqqQ0ma+9cADOO1GhoZHkPQGNm7YhNNZavUQrGsgE5+kOpihvbOL81/2ksBIMpXG5LTc6W9REARBEARBEARBEARBuAusumB1ZmaGo0eP4vf78fv9xGIxHnroITZt2kRNTQ2qquLz+YhEImQyGXQ6HUajkfb2dgAuXLjA3NzcLbseg8FAbW0tIyMj9PT0kEqlqKiowGKxMDk5SS6XY9u2bdTX14uKx2+AJMu4PD623u9Ep9fR0tyMrDNgMuh46JFHMZosoPmorm9EURS6NmxGQ0KnU1AUhWw2i8FgJJ/PsnVbHqvNRteadoqahMMqgnFBEARBEARBEARBEATh+qyaYFVVVSKRCL/73e84ceIEnZ2dDA0NUVFRwbp163C5XMTjcdLpNHNzc4yMjBCPx9E0DaPRiNPpJJvNMjMzQ7FYRNO0r6xU1TStvN+19rVYLLjdbs6ePYvBYECWZaanp4lGo8iyTCqVKrckEG4dTdPI57LMJxIoOgMOhx1ZktDp9egWesQurRJ2OJwLf9KzuNlsNi8756WvL223mE0U8jnm43NY7Q7UQpZkIklRBZ1ej8PhQK8TobkgCIIgCIIgCIIgCIJwyaoIVtPpNGfPnuW9997j448/pqmpCZ/Px+DgILW1tfj9fuLxOOPj4+VwNZvNlvuqZjIZEokEmUyG0dFRnE4nTqfzqhWkmqaRzWaJRCJks1mCwSAmk+mqwaiiKOWp/7lcjmQyidPppKamhsHBQU6dOsWjjz5KRUXFbXuN/hipxQJT4Yv0Dwxic/upqfJRyBcwmkzIsozVaiGVSqJTFOJzcQxmK1azgdnZGDqdAafbjdViIjE/R2wujk5vQq9AOp1F1cDjqSA5HyOdzaOpKn2n+2hft5FsPMJ0JEJBlUBS2LBxM5VeNyI3FwRBEARBEARBEARBEBbd0WA1m83S39/PsWPHOHr0KLFYjObmZiorKwmFQszMzCBJEqlUinQ6zcWLF8nn82iatuw8qVSK4eFhpqenGRwc5J577sFms101WE2lUvT393Px4kWcTicejweTyXTV65QkqRzW2mw2Ghsb8fv9GAwGcrkc8/PzJJPJ66qSFa6TplHI55kMTxCZmUExmjlyZJDEfBKzxYqmFqkMBpgYD+MwGUjmNSRNxWKzMnphhEBlFdUNzWzobGU0dI7PPj9GWtXjsRvJqTpyyTjVDY2cO/0lmqLDYLYTOtfP2NQsXqcNk1HB6fYyemGU8NQ0fq8LCfGzFQRBEARBEARBEARBEEruaLA6NTXFr3/9az788EMMBgMNDQ0kk0mOHz9e7pWaz+cJh8PIsrxiqApQKBSIRqOMjY0xMTHB6OgoVVVVeDyeFcPVYrFIoVCgurqa2tparFbrVwaiBoMBk8mEzWajuroal8uFqqp4vV6SyWS5HYDos3rrqGqRbDaHqmqgFYnF50ErMjsXI5uY5czgWZxuP7FcHFt1C7Gxc2T1DrLpBIFAJRPhCdqaapgYH2d6eorJ2SQzDjPe2jYKySh9fUn6vuhnc/d6ZqNRpqcmSRVkWlqaqbAbcfuq0NQi2WwGTQORqwqCIAiCIAiCIAiCIAiL7miwqtfrqaqqYu3atRiNRiwWC5IkYTabSSaTFAoFHA4H6XQaWZZXDFWh1DdzzZo1GI1GZmZmsNvtyLJ81ee1WCysWbMGvV6PLMtEIhFcLtc12wEYjUZqamoYGRlhZGQEs9mMwWDAbDaTSCQoFApXvT7h5siKgslkRFNVCqpETW0NOlmmWFRJxSxcPNbH1u3rUFJRppNFfMEGbG43yWSS6ppq8qqMLEkYDGYqq6qxe4rYLUY81TVoFQayGDHpdPgDQRpMZhw2AyabG0VWqPC4UHNZNGRMZotoAyAIN2rqbQ68Xseun3Ve9kCEngNHGM9ettnVwWOBMG8OW7h/1xa81/MckWO8eyRF057ttC7dPvgRbw7EcHfsYXvrkm03cm5BWO0W7nNcHTy2/dIIiBw7wOHx7ML9P8hH+4Yxb91Ft/eyY1ccD5f2bxg5wOFU47JzX/ty9tEfc7FmyXgc/GgfQ5atPLJFjDrhLvYV72dRz9e9x68yThffLwkuGaulbenGJe9vgiAIgiDcUXc0WPV4PPzwhz/kgQceKIeSkiQxOzvLv/3bv9HW1obH4wG4ZmipKAoulwudTofZbKaurg6Hw3HVcFVRFBwOBwDxeJyTJ0+ybt06qqqqrlpxqtfraW1tJZ/PMzg4iNFopKmpCYvFgsFgEC0AbjVJQqfTU1VVzXwqh8VRQVXAh06RKRaKxCJhNKOTDV1rMVJgKjqLwWTFZjWTyWawWiyoGlitNtas6yJY14CKjNGow2iyQrEZFAPZdWtJZ/PYHA7WdXag0xvJpNMYDHpmoxHq6uup8ntFGwBBuAGRd/8vjvwXuBrrOPDDD2j8j/+Dy3//MwZX+kW0lcdu5BfF2RSX57PLHh4+RqRVBKnCHzCjEWMszCCtC2MsQii6dFS0sn3PN5m+xBg6FqFVBKnCH4jreT/7+k8SJ8XSZVUvkx2nf3CLCFIFQRAEYZW6o8GqTqejrq6O6urq8rZ4PM6//Mu/oKoqHR0dmM3mrwwtJUmiWCwyMjJCJBIhkUggSdJVj1u6XZIkpqenmZmZwe/3XzVYzWazqKpKW1sb6XSavr6+cs9VRVHI5XKoqnoTr4JwNbKiw1tZhcnqQFJ02KxWZFlCVVWcDjv+6kbcLieyLOGo8JZ/5kt73UqShNdfSYXXX/669Fhpbr/m9aCqajmEl6TS+TVNw+V0omoSdoddVKwKwg3wPvJ/s6f6n9n36xa2/sf3rj/YLFfR1RM6cIS02cVsLE1w6y6c/fvojy3s5+rgse3w0UBpQ/9Hg7Re8Runi6AnyrFjkRUC3MuqZo2laiCOHeBwykMwPV56zNXB/ZZhDpe+KFfiLVYEXroW8duucKd48LiizEUALxAZIYoLt3FxsCyphOMY7x4ZJwu4Xa4l51gyHlwu3Cs9TeTSsUvHwhVcQTzRXnoil1feXX6OxQ9XKFXfeYKkxheurWMr5uEj5TG4OL5KFbFLjxXhrXD73fT72Yr3u3f5+4cxWHq/6y3tN957jMgKsyqMwSAMfMRg6wrjbrFyfcGySvWgmfHxGGAkuLWR9JEBZlk6fgb5aF9pW2mfFcatIAiCIAhf6erz5b8BkiQhyzJ6vR69Xo+qqrzxxhscOXKE1tZW3G73VcPRQqHA9PQ0Q0NDnDt3jsHBQS5evIgkSUQiEfL5/FWfN5/PMzIywnvvvcfbb7/N8PAwfX19TE1Nkc1myWQy5SB16TGnTp0iHA5TW1tLJpMhmUxiMBhIp9MMDQ2RTCZv+Wv0x0wCdHoDTpcLh92GosjIsoyiKFhtNjwVrvI2nU6Hoijlx2W5tL10jynodLpl+8jypX31ej2KopQfW9zX7nDidDpQrtFWQhCEFUy9zYFft7D1p+c48nzfirtkx4/w5r59C/99xOAK+8wS4LE9pUBoKOZizZ49PLanA3dsmJ5IK9s7XICLNVcJNp1bGrGM91957sgszs17eGzxfNkoocjCY7EobN7DY1uDGGMDHGNzaR9ihAeBwY84HPVw/549PLZnK8H0AB+tdPGC8A1xWiA6UrqBIyNR8ARWqHyL0NM7DsGtPLZnDwEuBTGRY72lqcZ79vBYgIWQZalBPjoSxbO1NGbuD6bpv+pN76C70cx4/5WPR2YdbNmzMO46XGSjIywOu9kobNmzh/uDRmYHektjsMMFsTCDlD7M6KejPGYt4730RK54CkG49a7j/WwlK9/vg/SPQ3DrwvsH4/QPeuneHMSIkeDmq82wqGdNMM3QsStv+kECC+NiYfyEF8delvFU6bE1rizjR8IEFvYpXUuEngMD0LF4jeZSsHszr5EgCIIg/JG7oxWrS6XTaX7729/yyiuv0NLSQnV1NblcjkQigdPpLE+31zSNmZkZvvzyS8LhMB6Ph4mJCSKRCJFIhEKhwPDwMOvWrcNoNDI1NUU8Hqe6uhqr1UoikeDYsWNEo1ECgUB5gawvvviCmZkZmpqaMBqNOJ1O2tvbywtbqarKhQsXGB8fp6urq3wtFouFiooKDh48SF1dHVu3bsVisdzpl/MPg1SagH95uF76WrqtVaTXqngWBOEr+L/Hrn8s/XHPupV3uZ6KM6NloXbOW4/HeIT+ffvod3Xw2J5dpe1XJkCXaWV7R5h3j0VodSzZ7G2ldVnVqvFSEGX00OAFcGAhirm+dI1mI6SBSDwN2RiH941fOl94EFpF1apwZ7jrPdBbCilDUfBsdkP0sp3mRohmjXgW7ufWgIv+YVhsHWD01JcCndYA7oHh5cdG4qTIMntkH2+WNy5tP3CZ1u2sCR+gJ9KKc8lmb2vr8io+46V/K5Wf32GGqGVhDFowkgJgNpWF2ABv7hsoH5MaiYBXlNcJt9l1vJ+tZOX7vZWAa4D+I/t40xjk/l17Svf9daSZ3i2b8RzoZ5A1y7a3trYur1pdUozuDpRGqNtiBAKl8eowL/z9MEs6C7MD+3izPKzShMSwEgRBEIQbdseD1Uwmw8cff8wbb7xBb28vnZ2d1NXVMTY2xrFjxwB46KGH8Hq9FAoFRkZGuHjxIuvWrePP//zPsdvt/OIXv2DHjh2EQiE++eQThoeHOXv2LOvXr2dqaore3l46Ojro7OxkZmYGvV7Pk08+SSqVwmQykclk+Oyzz+jr6yMUCqHX66msrESv19PW1oZer2dycpJEIsH8/Dwejwe73Y7ZbMZkMtHS0sLp06d58803MZlMbNq06bpaGAgrW+ynuzglf7Hy9Jt6PTVNQ9M0CoUChUIBuFRdvVjlKoJXQfgmeenetYfFaYtv7hsoTXe8nkNb1+A50EvP0hq+JYtbPbYwZfKGiOn/wmrircdDL6FBiOJhixdCt/xJrjH9fwWtazy823uM5cNucXGrPbQOfsSbNzjsxPR/4W5ytfu9dfue8gd7h/eNl+7r+us5o5fuRnjzoxGC5W1LFrfas32hnc2NXKWY/i8IgiAIt8IdD1bPnTvHSy+9xCeffALAiRMnOH36NMVikUKhgCzL5T+fP3+eqakpduzYwXe/+12qq6s5ffo0qqqydetWotEomqYxOzvLsWPHcDgcZLNZUIuMXQhhNpuYnY1RU1NDW1sbv/3tb7FYLMTjcVRVpVgsEo/H0el0yLJMKBTC5XIxPz/PmTNncLlcJJNJ+vv7uffee6moqCgvhNXS0sLAwACvv/46ABs3bsRisYjw7QYtBpqxWIyRkRFisRg+n49gMIjdbsdgMFx1UbJb9fz5fJ6xsTF+//vf89lnn5PP5bDabNTV1dLU1Exraws1NTXlYP1qfXkFQbhFIsd4txe27NrC9j3uUk/G6z7YS/dmD+8eGV9WIYcxyJpWYDDMLNdYNOTysznMMF5qRdDtvVUrQgvC1+GlwQPHhqNkzY14WSFYddbjMY6XWgZ4vQyGY4Bl4Vgj49ERInjxrjQevA4sjJcXpYocO1Bqh7FCL8hLx2xhi+cAh68YdmsoDbvF578+bouR7Hg/g1u207rwAQsdYlV0YXW78n4f5KN9YQJ7ttO9aw+DH+1j6EZO2LqdNeF99GdZ1gvZ3bgFLxF6otnrfzPDjdk4UGrbsX2x6pUb+gBFEARBEISSOx6sBoNB/uIv/oLvf//7ZLNZ/vmf/xmXy0VNTQ3T09NMT0+jaRrT09OcOHGC6upqtmzZQm1tLTqdjkgkwtTUFPv376e3t5dcLkexWOTCyAjHe3txV7hpb2mkpaGG8xcucm5wEJPJxNzcHGfOnOH06dNEo9FyZaIsSRiNRiRJYnh4mPn5eXQ6HT6fD0VRiMViuFwuTCZTOTSVZZmKigqampoYGhpi3759KIrC+vXrReXqDdA0jUQiwcmTJ3nrrbfpPdZLOp3G4XDQ3tHO9u3b2Lx5c7ma+Fa/rpqmkcvlGBgY4De/+Q0HPzxEMpFGlmSQJT7X92A0GrDarDQ2NdLVtY4HH3yQhoYG8XMWhNtpMaTZt6/0tauDx1qBiAUj41dZvGr58U2ucfoX09jWAO6BgdJ0fleQoDFG+ivbCiweu5374wc4vDgt2tXBYyJUFe4wb70HxsdxN7ay8rziUh/Hd48c4c3x5YtXebdsJrhQPbfy4lWtbN8aLx9bql69RqhaPm8j7vEBFgvoWgMu+gcWnj8YxBhLfXU3j/K5drEmta/UDoSF6lWR/girRHZ8cWxAuQp0xft9C9s7wry5cB9jDHL/di8wi4Xxqy5etVTrmiBDRxafrPTByOGBfbw5YCQYdEE0TgTHNc6wyEv3ro7yLJDF6xbDShAEQRBunKQtzru+RYaHh2lsbLyhY4rFIvl8njNnzvDss8+yZcsWLBYLhw4dIplM0tLSQjKZZGBggIcffphnnnmGpqYmFEXhnXfe4f/8H/+D2elpZtJpCsUiJsBX6aNrQxepTJauNa38bz9+nPh8kg8/+RSd2c63HtjBL/7hF3z08ccUi0VkSp/+Ou12aru60JnNTE9PU1tbS2trKz6fj8nJSeLxOJIkMT09zT333ENlZWU5UCsUCoTDYYaHh+no6OCJJ56gubkZne6O59erXqFQIBKJ8OGHH/Kbl3/LSGgETS0tPAUaiqJQ4XXT3b2Z3Xt2s2HDhuuqCF7aVmBxOv/V9lusin7x/32Rd945gKTJmEylwFRTNYpqkWKx9J8sg8lsoqGpniee+CGPPPIIVqv1ur7Xmxkj1zpXVSBwS84lCIIgCIIgCIIgCIJwt5kIh29ZzrLUX//1X3/lPqsi8ZNlmYmJCV577TU8Hg9tbW0kEgl8Ph8Oh4NCoYDJZMLv9+Pz+a6oDgxoGr5EguOAAtTLMs3VVfy3xx8hmclhNhmpDgZYY7fR2lxPUbEwHc+iz+exahoJwAo8AFiMRuo3bcJZXc2JEyeora2lrq4Og8GAyWQCIBwOMzg4yPz8PD6fD1mWy71A/X4/sViMCxcuEAqFqKmpEcHqVygUCoyNjfHWf77Fm2/uZ2x0HJPRhNFsLC8SViwWiExF+eD3HzI/Pw9Ad3f3V1auqqpKLBZjYmICr9eL3++/argaj8c5dOgQH3zwIRQlLFbrpX1l0C0Ml9L1FCnkCpz+8jS/SqZwOp1s374dg8Fwa18cQRAEQRAEQRAEQRAEYVW644mfpmlMTEzw0ksv0dPTww9/+EPuueceJiYmAEin0+X9NE3DbDYvC8YMBgNORaGT0jcTA1oksJpMtDc3UddQiyxJuJxO9HodVosF9DZGe05hTyS4T1WZBRzARiBiMOCw2dDpdFitVlwuV7mvp81mA8Dr9aLT6ZicnCQYDGI2m4nH4yQSCZxOJy6Xi4sXLxKJRMjn89/ky3nXUVWViYkJ3njjTV77j9eJzcSxWUqv/2JgWlooSo8sK2SzGT49+jlmi4Wqqirq6+uvGawWi0XOnTvH66+/TltbG48//jgVFRXLjlnsq3r+/BAH3n2P+bl5XM6KqwawkiSh0+nKgfnQ+WFeeeV/EgwG6ejoEC0BBEEQBEEQBEEQBEEQ/gjc0WA1l8sxODjI/v376enpoaOjg/r6eorFIolEArvdjsVSWtwgkUgAGnpFRlEuBV5VVVXIfj9KKMQDxSJxQJNk0gY9JpMRb4X7yopRNQdqHmSJBkmiTdMwAgVg3majqChMXLiALMvk83kSiQQWi6W8GrzNZqOyspJoNEoqlcJkMhGPx+nr6yMQCJQXtSoWi9ziTgt/UFRVJRwO89Zbb/G7198gNhPHYragairxRJxioYCiKBiNJgz6UrhtNJpIZ1IcPXyUzs61PPHEE9dsCaCqKvF4nOPHj9Pb24vZbObb3/42Xq932aJTiUSCTz/9lP7T/dis9vJjmqahqiqFYqHUToBSqLp4L+j1BoqqyvHeE7zxxpv4/X48Hs838voJgiAIgiAIgiAIgiAId84dCVY1TSMUCvH5559z5MgRJiYmaGlpob6+nomJCaampkilUhSLxfIx6XQaSVPxOK2YFQ2pkAFJorrSwz3feZCR+RimdBoNyJpM1HWtxeV2rVx1WCxQ43Ox9dFvM+11QzqFVigSy+XxdHSgyhKx2Cxms4WRkRE8Hg/19fXlsE1RFLxeL7FYjEKhgCzL5QWxZmZmaG5u/oZeybuXpmnMzc1x6NBH7HtzPzPRGBazhUKxQDadwOuw4XV6SWSyjEdnyWYzWMxWdDodRoOJ+XiSgx8eYufOndTX11/1eWRZxul04nA4OHdumHfffZ/JqSnu6e6mq6sLh8OBpmnMzMxwrKeHQr6IwVFqQaCqKql0kmIhh81kRKdTKBQLzMXjGIwWrBYrkiRhNBhJZZJ8+OGHdHV18cgju0T7B0EQBEEQBEEQBEEQhD9wdyz9mZ+f5/jx43z66ad4PB5UVWVqaorjx4/jcDhoa2tbFk7l83lMRgMehxmDloasBkjYFJU/e2wXXwY95NMZAHRGA41tzXi9FVepZFSprnTz4//+A8a33Uc6laJYKDCfTBHP5unpGySdSpNIJCkUCni93mUBbalSUb/sjHq9HkVRmJmZIRQK4ff7yy0EhCsVi0UuXBjl9+//vtRT1WAqBZmpeZr8bn708IPUV1USic1x6MQXHO07Q3w+hsPuWqgWlTl/7hzDw8P4/X6i0SihUIjR0VGy2Sxw6eeUyWQwGIwYDEbSmTwnTpzm/Lkh+vr6uO+++7Db7UxNTTM8HMJkNJd75uZyWYq5NJtaG9jU1orFZCSbz3N6eIRDJ/uQJLBabKVKWr2RiYuTvP/++2zYsJ6ampo7/AoLgiAIgiAIgiAIgiAIt9MdC1Zra2t59NFH8Xg8TExMEI/HicVi9Pb2Ul1dTXNz87JgVZZlVFUll8uiFbKleftIyEBzfTVBf0V52n2pilCPwWC46hRxg15HTXWASr+3NNW7UODc8AX2vfsBAwNnSWVz6PV6WltbqaysXNbz83KL2202G5lMhkgkQjAYpLKy8q5czEgrFFBHxyieH0Kuq0VpakS6xRWY6XSac+cGGRwcREZGlmVSqQROs54fPbyDR7feS1FVyeZySJpKIjFPZC6Bouhx2B0oikIkOsOrr75Kb28v09MR4vMJksk0inL5z0pjLp5AkmXsdidVwRpmotMc+ugoAwNnAcjns0xMTOCwukqLU6lFkqkEFh3UV/q5t7OdxmAViixzcTqKTpF5++hxDHrjQr9VPVI2S9+pPk6fPk0wGBShuiAIgiAIgiAIgiAIwh+wOxKsSpKEy+Xi/vvvZ/369YyPjzMxMUE4HOb48eM4nU5SqRTxeBy3u9Qj1WKxkC9qDJwd4p6N66gOBpAWgiu9TkFvt93wdZR6dhrI5fJ88mkPr7z+Fkd7jlNUNfR6A8GaGmpra7HZbMuCOlVVmZmZQVVV0uk08/PzFAoFoLTCvdFopKuri+bm5rsvWFVViqOj5F75DwpHPkW/+3vIVVVIN/H6Xsv8/Dz9p/uZn5tHrzdQKOTRijm2dW3gu/fdQzaf4+3Dn3Lgs16GxieJp7PkC3nmE3NIEqQzGWZmI7z99jt0rd+MzxfA4XThr2zAbLYgARpQyOfIZDO43H6acnk8Xh8VFR68Xj8zMxFmZ6LEYrOMjYaYTyRx2isAyOfyxOfjpCWVQydPMTUb488e3MbWrk7a62v533c/ypmRCwxPRfB5/ciSjMFgIDYbY3BwkAcffPAu+dmf4dc/+yWHVnhkx7PP89P2ax0b4eA//h2Ht/49f9PZxy/+7gj3//3P2em9bK+D/8jfvgw/ufyxMy/xV6/X8A8/38llhwh/AGZnZ8vtUgRBWJlOp8PlcuF2u2/qeDHOBOGriXEmCLff1x1ngiAId7M7VrG6OE3b5XLhdDppamrit7/9LRaLhcrKSnp7e8lkMmzfvr28iFVlZYDjfQM0fVbNIw/vxOWwf+UK7KUp3XnSmQyqqqKqKolkigqXC5vNgizLSJKEyWhkTVszDXVBEokUJ/rOYLNaMZlM5X0W5XI5wuEwdrudCxcuMD4+jsvlAmDjxo2sXbuWhx56iMrKyruralFVKV4cJ/faG+T2vQWahmQwIC1Z5OnWPI1KLBZjZOQCGhKSLJHLZPE5rfzJA1pzsKEAACAASURBVFspFFX2HTrCKx8cYiaZxWCw4PEYkeUo8fk4qXSKigovnes24HRVsHHTvXi9/vLP6fJ7olTJrKFpLHu8sjKI319FJpMCYPDsAIqsoGka6WyKbDaDzmpnJlXgk75BpmJzGA0G7u1cQ2ttDU99/1H+4Ve/IZ1OlVoCKAqZbIaJiQlSqdRdEqyWfHWI+nUN89K7Z9j5k9v6JMIqMRuLMRuLYTAYMJpMd/pyBGHVUlWV2dlZgBv+ZXR2dpbZ2VkMRqMYZ4JwDWKcCcLt93XGmSAIwt3ujq+wI0kS+XyeDz74gH//93/HbDbT399POp0mnU4TjUaxWkuLFtU3NBCPz/Hq/vfQNI1HH96By+m8arhaLBa5OBHm7LkQM7MxYvF5stksNpuVhx64D6vVDIBOp3DP5vWsX7eGyalpXnn9P5mdi2O0OAiFQrhcLqqqqspB2fj4OPF4HJ/Px+DgIKqqEggEqKur48c//jHr1q3D6XTedQsYFWdmyb33X+R+tx+yWQx/ugf9jm1I5lv7D0lN08hms6TSKSRJRlM1JIq01daztqmBL86e5399cJDx6DxudwU6RSGRTKBqKi63m8amVtrb1xKsrsVgMGKz2a8ZYH9VCwedzoBeb0DTNDRNRdNkCoUCer2BClcFFouVXD5HX2iM3x38iDUNdbjsdh6+dwvvf97LoS/PYrPakSUZVYXEfKLc51VY0NhI46Ff8uvu2x3gCqtBbHYWo9H4lR98CcIfO1mWMRiNxGKxG/5FNBaLYTAa764PcAXhDhDjTBBuv68zzgRBEO52dzz5m5+f54033uBXv/oV4+PjbNq0ic7OTtrb23n//feZnJykurq63D+1pbWNI4cjvPDr/2A2Ns/3dz1IhduFXq/DoNcvq0iUJAmb1UptTZBKn4d0JkuhWMRus1JR4UKSpIV+mir5fIGh0Chvv3+Qd//rE8bGw8TiSc4PDdHZ2Ynb7UaSJMbHx+nt7cXtdhOPx5mfnyeVSuHxePj2t7/Nhg0bcF4j7F2VNA0tlaJ4rJfcu++iZTIYvrcL43//MUp9HdzG70UCVE1Dpyj4K9xYTSasFhNBn4fh8BTRmWl0Oj2FYoHG5la6NmympqYe+0Kf1VvxOut0CpWBIHX1jUxPTmIxW9BUDbPZgtFYCpU1VUPVJD452cfweJhN7XasZjMNVZX8/nhf6XuRpFK4qpUqo/8gRA5eNsW/1DqAG65w3coPnoR/+uVL3PP8T1jx0MhBfvF3LzO8+PWOZ/nXn7RzqeXAk9S+/HKpbUHjk/zD0/D/LO7f+OSSlgLL2xvc/mpc4XKFQkFU9gjCdZJl+aamGItxJgjXT4wzQbj9bnacCYIg3O3ueLBaKBQoFovs3LmTpqYmampqaGpqwmAwMDw8zBdffEGxWGRycpJQKERVVRV6g4F4MsPbH3zC0Mgold4KmhrqWN/ZQaXfi9FoQJEVZFnC7XJS4S5N09c0DVVV0TSNQqFIMpUmnc4wenGcz49/yae9XxCZnUdvshAIBDAYjKRSKQqFAvF4nFAoxNmzpcWOzGYz2WyW5uZmJicneeCBB7j33ntxOBx3V6gKaMUixQtj5A59jHphFN2GLgy7/6QUqn4Dn9BLSBRVjXSmVOVZ7fPRUVfLBz296JHwVQaorWukpbWdqqqaWz7FXpYVKisD3Ld1B8ePfcrohRCZdAazyVwO31OpBLOxGdJJmeHxcda3NiMtHFv+PhZC/WQiSSKRuKXXeLsd+uXPlvVZbXzy7/mby5ulfk2enU/zkyN/x2sHH1nh3BEOvvAytc8+z9+0sxCyvs7BRy71ZR1+eYwfPP88P10ITv/2hSf5h+efx7sQyL5zZic/bY9w8B9/yeiTf8+/7vQunOcfObhC71dBEARBEARBEARBEISv444Hq1arle9+97vIskxFRQUGQ2lKdjQapVAooKoq0WiUs2fPcv78eXK5HNFoFJ/Ph8Vu58PDnxObncXv87C2vYWt3ZtoqKvB4bBht1lx2G2lvplopNMZ5uIJcrks0ZkY4akIX/af4ezgMGMTkxSRqK9vYO3aThRFIR6Pc+bMGSYnJ4nFYiSTScxmMxaLhVwux7Zt2zCbzWQyGXbt2rVqeqpqmgbpDNr8PFo+/9X7JxLkDx+h0NOLpDeg61qH5LCjTk+DTndZxaoEBj2S2Yx0xWM3R5IlNCTmEinSmSyR2Bzh2RgeX4C2jnU0t7Tj81VisVhRbnG/VygFogaDkcbGZowGIyazhTMDfRTVIrl8Dr1Oj8FgRKfXEfC4qHA4kCWJ4kIV9VKlELbUxuJu8s1UdXrZ+fSTHP67FzjY+XN2Xv7Yz5+/9GV0jGHg/iV7ND75yEKlq4faRmjc2lmqUPUGqF3cKdLH4eEd/ODnCymqdyc/2PEyr/VF2CmSVUEQBEEQBEEQBEEQbqE7HqwaDAaCweCybYvB6sDAAHNzcwwODlJZWYnBYGB8fJxwOEwwGERRFBqbWvjyyy+Jzac5euwUp88M4fG4UWQJq8WM31uByWgEYDo6Q3hymmw2h6qqFAoFkukMY+MT1NTWU11ZSSqVYnp6GkVRiEQiRKNR5ubmyOVyBAIBnE4ngUCAbdu2sWPHDnQ6HbIs4/V6V89iRfk8hS+/JHfg92gTYVghAFxKy2Qpjo2hjoyCyUj+408o9A8g2WxILgeSvOQ20SnINdXot96HXFd70wtbSZKEROlnXarwlZiJx+k9M8inA4NMZTUe2P4wTc1t2O2O2x5YlxZTM1BTW4fZYqGiwsPw+UHic3PklTxmkxmP24vTZqLa70OSZbRikXQmu6xCebEqWriKhaDzn144SOefLX/ozEs/458Wy2YbG2m8mfNHxxjmEP/0s0PLt++IAiJYFQRBEARBEARBEATh1rnjwepKVFUlmUwiSRJms5na2lp27drFhQsXeOutt5ifn0eWZerq6vje977HwYMHOXz48MIU/wIFTSGTLTAyFuLjIz3YbRbaWhoxGAzodDr0ej3eChdul4uaYCW/e+s9nJ5KvF4f58+fZ3BwsLz4kE6nw+Fw4Ha7aW1tZe3atdx3331s3LgRl8t1WyoovzZVRY3MUDw9QDF0Aa4W9KlFSKfRMhkoqqVp/+kMhVOnkSQZ9HowGZE0Da1YBElCslpRujpRGhuQq4NwE99/KcTUYzKbUbXStWmSxODYOP/+9ntoFhctnZvw+wOYFqbjfxMkSUJRdHi9fsybLASraxg43Udo+ByZbAa93kihqKLIMhJQKBYZm5pCr9N/I9f3h6L9J8+y42e/5J2eHZc2Rg7y2qFGfrI4ZX+ht+sN89TQyA5+cLU+roIgCIIgCIIgCIIgCLfIqgxWZVmmurqan/70pyQSCRobG2lpaaGhoQGn08ns7CyyLLNmzRo6OzuprKxkbm6O/MK09/n5efL5PAajgWQyQbCygt2PfJu17a3o9TpkScJkMmEyGtHpFA5/1svQ6AXSqRR6vZ6GhgY8Hg/JZJJcLkdtbS333nsvLS0t+P1+/H4/JpNp9fZS1etRWpsxPLoLdXx8xWBVyxdQxyconjqFlkohuV0oLc1IblcpVF3cDw2yObRkEhQF2e9DWd+FXOm/6f6rkiThdrtpbm7mxPFSD12QiMQTnJ2Msm3nFqqr69DpLt2emqZRLBbI5XLo9Xp0Ov1Nvf7FYpFkMlEKdlcIbUvhqoLd7sBisWI2WykUC4wMn0MnK2jo0BauZz6V4kJ4EqPBVL5GTdPQ6ZRl135X8waoZZjDi1Ppz/RwCNjxlQdeSzs/fXYHf/XLQ9D45JLtw4wuFJaeefdlhmlc1grg+q63k/sbX17Sx7XUj3X0NvSMFW5WiP17X6Tn8s01u3nm6W5cX+vcMXpeeI4TG5/h6e7YbXweILSfvS/CU3t303DNS+rhhedOsPGZp+n+2k8qCDdj6bi4Azfh9Y4VQbjbhPaz98Ueup/ay+6Gy7eH2S3+3hcEQRCEPwqrMv2RJAmfz8eOHTsoFosYjUYURcFsNhMIBBaCuNICUnq9nq6uLv7yL/+ScDjMxYsXee211xg+149TmafamiRQYaGjtZHN6zsxGJZXFyYSSYyKhjt3ntTFUSyBTrq7d3LPPfegKAqqqhIMBqmpqcFms5UXKFrNJEVBaWhA9vkgm72iFYCmaahTU+TePkDhdD+S14t+2/0Yvv8ISm0tKEtvCw0tl0dLp0GWkGw2ZLcLyW7/Wm0A3G433d1b+OTjTzh/bhhVVanwVdK18V7q6puuCFXz+TxTUxPMzkQJBmup8Nx4SKZpGtlshrNnTmM0Gmlr78S40CZipWtUFAW/P0Bn53rCExeJx2ZxGu0AFFSVU+dDXIzM4nRXloJftYiGhs/vx+1239Rrs/q08+iTjfzty3/HX70M7HiSnzTC6Nc+7SP8pPEQLy1+vdgiYGERrR3PPsuOQ78sB63Xz8vOnz/L6M8Wrhdgx7OlhayEVWX5L6Kl4Oe5/V727r610cuKz/MCtyZcFQRBEP54Nezmmd1hnntxP+vKHxyE2L8QtopQVRAEQRD+OKzaYFVaqCpdSqfTYbPZyl+XFgpKEQqFOH/+PGcHB5mORJgMj+NQJ3moMc9c3oypyo/dal0xEI3MxNAX4+zpSHMxluZobJKh0DA6vZ6qqirq6+qw2+0YDIa7IlRdJBn0SIYV/kWnaWjJJMW+fopnziJpGroHtmL408fQbVyPZLct/x4XqjBR1dJCVZKEdAv6nRqNRtra2tjSvYXz54cwmk1s3nIfa9euvyLs1DSNRCJOaOgcuXyeqmDNTT+vpmnE5maZGB/FYrVRW1OPfuFnezlJktDpdFQGggSqgiTmorTWVmM2GpmJx9l36BOKyOj1pbA+n89jsZhYs2bNXRSstvPT55+/5h7enT/nX5etNLX4RWnBqZ0L2/7m+Z2XH3qV4y8/duFKfvI8//qTJRvK13X5vpd/ffn3UPr6p9f8roTVxUX3d7rZ/+IpQrsbbmNVm4vup58ivPdFPg5187Uy3Ibd7N17yy5MEARBuAu5up9g94nneHH/OvbubiC0/0V6up9iryjPFgRBEIQ/GqsyWP0qqqoSiUQ4e/Ysp0+f5vzwMJGZGRSDAYPJRGWVj4DtPPc35umfd2FvacHjqUBRlgeCs7Mx3j7we2y5ETbWFzDI8FE4TjKbZSIaZXJmhrPnzuG023G7XNjtdnw+H42NjQSDwdWzWNUN0FQVdSJM/pPDqIPnkZsa0D/6XXQbu5BsK4TPi2HyLV48SpZlbDYb1dVBPD4f9fUtdHZuwLJCAF4oFIhMTxGLzVBb14jd7rip51zsoWo2mblwIUSx+HuamloJVtdSXV2L2WxZ8ThF0VFf38Tc1EV2bFpPoVDgnSOf8l+9J3HY3ciyvLAYWo7G5ha2bNl81UpYQRCu08IUy0U1uxemMV8xtb7UWoDLp2JelYtADZyIxKDBtfBUe7n0VDWXpm8uTGHu7u6hp+ey67h8enOshxee28/Y5ecQhFUo1vMCz+0v3a3L22OUqroXH6L7qWVV5MvGypLHQvv38iK72R3ev3Bs9xVT/yM9L/DiwonL40gQ7nouup/YzYnnXuSFcA1jY908dXmqerX3M0EQBEEQ/iDcNcGqqqpks1kSiQRnzpzhk8OHGR4ZIZ3L4QsE2HT//QSqqwFw2M2MfXiWgjaBz5whPDnE0NAwdrsNi9lMMpFkcjrKgQ8+pPeDV3ikegJF0hicMeEM1LNu02baOjvJZ7NMXLzIxNgY50dHKRaLmAwGnDYb9bW1fOtb36KlpeWKytpVS9Mgk6Hw5SkKx0+A0YD+/q3o1nch2Wy3pBL1ehUKBcbHx+nvP0NNTQPrujZhs9mvCFU1TSOTSTE5NYGyUD1qMBhvunJYUWScDidOm5VUPMLJEzFmZ6NEo9OsX7+5HK6qqsr8fJxMJs3k5AS5XA6jxc7kbIz/7+0DvPtpL5pixGKxApAr5NAZdGzd+i3a29vvmspmQVgdYvS83wPdTy2ZShlm9zN7lwScHxPqvhU9Gl14AzAWjgGlgPTF8G6e2VsKlkL79/LixyG6y2FSD+HAM+zduximvkpPy9N0LztniP3P7Sfw1F6ebli43uf24xU9JYXVKLSf5/YHeGrv0zRc1oYj1vMq+wNPsffpBsoha6j0oUWs54UlY6X02As9SwKinv2En9rL3oaFcfRCYElg28MJVhhHIlsS/hC4unli9wme2w+7n7n87/3b+X4mCIIgCMJqcFcEq+l0mhMnTtBz7BjhcJjw5CSSXk99SwsNLS1UeDzo9XokWUZTVVo71xM+fx894Q9Y55mDi//Fa79NcPbcg1R4vZw/d47RkSESF4/xUNVFKkxF3j5rYtL+Le771vdoXbMGh9OJLMt4/H461q0jl82STqeZjUYJnT/PoaNH6Tt9mp07drBp0yaqqqpWfQWrpqoUxyfIH/kUNTyFbtMGdFs2IXs832gQmM/nOX/+PG+8+SaD586zZs1GjEYjmqatEKyqZDIZ0ukUDocTh8P5tZ5bkmRsdgcNdbV0tTTy+89O4PcHUIsqhUJx4Tk18vkco6MhUqkEqWSS8fEx0pkMr334Ecl0DklnosLtRZIkisUi2WyG1vZmHnzowWXtKgRBWFnPi3uXLyxVs5tnymFmA7v3Pl1+KBYJA4HbcyENu7n0VDGufKpuvrOY/rgC1BC+8hyhU/TU7OaZ8uVvY3fNc5wK7V4sihWEVSN0aumHGMvbcLgAet6nZ9vTdLtcdD+92O8ixrkTY3R/5+mFoHThuPfPEete+JihZjfbFsZAw7bd1Dx3gnOx7oUPIa5jHAnCXas0PgBOnIvRvewTg2/w/UwQBEEQhDti1QermUyGzz//nFdefZW5ZBKTxUKgsZG169fj8flQFGVZGCcpCoHqGrY8/DjHP4Bj05/Qbo+Qmf6Q//XSAEnVRrNlgmbHPNtrSos67TvnYtazjS0PP0ZLx1qMSypQFUVBURSMJhN2pxN/IEBLezsT4+P0HD7Mf777Lqf6+vjTP/1T2tvayv027yhNQ8vnly1cpWkaWiJF/pMjFHqOI5lM6NZ3Ift9kEmjZa7jvHo9GAw3vWgVlCpVQ6EQv/71r3nr7XfweAJEZ6LE5+N0dq7HYFg+hV5VNXK5LGqxiMVi+1rVqoskScJmsfDg1ns4MzxCoZBn85ZvYTKZl13nTDSCqhapr29mYvwiqXSayfAkVf5qnA5nOVSdT85jtZnYvfv7dHZ2impVQbgOV6yivMzy6cg1NTffV3mlc0fCULNx4Rffy6bw38xTxSJhGOvhub37l22vicQQK2QJq8tl9/9lXN1P8wwv8NxzeyndzYttLWKEx1b4QIRuYot/DHgv3e4ur4iOhD8asZ5X2c9unnkqzHNXVGPfzvczQRAEQRBWg1UdrKqqyoULF3jrnXcoyjK79uzBFwig0+muGV7p9Xqa2trRG37E0feMXIy+x9rKGT4PXWR0Gn66Czr8cHhEx6lENfaO77Bz5y6CtXXXFYzKioI/EKC+uZmxkRFO9PVhs9vxeb34/f47HqwVo1Hynxyl+MWXkMkBC+FqJk3x9ADq2EUkp4P8Zz2ooxdBvo7rlWSwmJHsNmS3C2VdJ7q2ViSL+auPXaCqKuFwmHffPcDBgx+RSmbweCUG+r+ktq5h8TKX0TSNfC5XyocliYsXR1FkGZ8/cEN9TLWFgLlYLJJOp9ArMvU11Tz23Qd54X/up2PNeqzWS5WmhUKBfD6P2WzG6/PT2NzK2MULoGkY9Ho0TSObzZJMJXC47Py3P/8Rf/Inf3L3tIUQhNUs9DH7x5b0aFzoZ3pLxM5xYgwC31nor/rxfsau6BV5Y1zeANRsXDLteenzfe0rFoQbFut5gefC31m4r0uh6OI9v6wVxgpc3U+zd6EINbR/Ly++2kPL0y0EaqD7Oyt/IBICCEeIsVD1Gosg6vKEPwqxHl7dD7uf6cblgqe6F8fMwvvB7Xw/EwRBEARhVVjVwWoqleKzzz7jiy+/pK2ri3w+f93H6vV6AsFqfNX15KN6YmnIqAqyolFUVd4b1HFW/y1aHnqEDd334HK7ka+jElPTNNKpFH0nT9J/8iSFQoF0KsWJEyd4+KGH8Hq9KF+jovNW0ObiFI4dJ//2AbT5OBQKUChCsXhpn0yGwuQUhWudSJZBUUr/l2UkgwFMRmSvF8Pju5EDlSjXGaxqmkYikeCLL77g2LHjmC0OLNYMU5MTyLJMfX0juoVQW1tSZVssFsjl86hqkbnYLBdGhjGbzazX63G53OUK1pXC7MXzFAr5hf6888zOzjAVHsekyKiqxtqWFlw2E+fPn8FisSDLCooiUyjkUbUiRqMJo9FEQ0MTJ4/3MD0ZJjwdRlEUNE3lvm/dy+OPP8b3vvc9PB7P9f2ABEG4DmFK60st9F9d7Grq8hJg7NJ0y9Apljz6FWL0vLqfsZrdPLE0HFoMhGI9vH/9J7ukYR3dYy/y/7N357Fx3ve979/POvtCDoc7TUqURC2WLFuybMu2FFuOnNqyU6dJ2iRtb3pbNPcUQVEk5x7kpLhAboG2KXAb5I+Dm5sg6OlpY6dFkkZJncVbYsmWbFmyNmuXuIj7Opx9e7b7x5C0ZC2WV9L29wUQssmZZ57nmRk94me+v+/3xYHNtdBprgq2+YvfYJdUrIpFEG9ohidry/u70tOM0858kWrXzZthbul/1xv6G9c+WHj9g4Z4czvQQJw4Kza28+Szh7jnzy7pRzxeG3wFwPDc0v/43AcW7bv4dBz5cEF8iNWuKez6q4UK1a5dX2TzN/6ZHx9accmAqmtcz4QQQgjxobBkg1XP8ygWi5w5e5aB/n6K5TK2bROORKi7wZ6glUqFQmaWsFNmIgdVJYjPZ1GoVriQDrLiEx/jjm3bCQavPg3+aqrVai1UPXqUDWvXEggEOHLkCLlcjpmZGarVKn6/f1GrVtVEAvOB+1AbErgXB3FHRnEu9OJNToFhoPh9tbD0qhTQVAgEUMMhlGgMJRIGnw8lEkYJ+FEiEbSelSiBGw9VLcticHCQQ4cOY9kejY3NDA9dJJWa4aabuohG45eds2q1QiaTJpvNMDI8yPDwEFa1Qj6Xwe8PUCmXWd69ihUrejCvU7lqWRbjYyNcvNjHxMQY09MTVEsl6nw6//NfnsD1PKbHx+kfGSeTTlNfnyAai6HrBla1iq7raJpGPF7PipWrKRTzVCplXMfBw2XbtnvZtWsXdXV1b+UpEkJcz1yP0ie//Q2epJ1dX9xF+z8fnfvFtIt7drXz7Se/zTeeBDbvYlc71+zYeMXS5TdMOa/1gnyytoy/fRdf3NXOPx+9pPLuxnaYXX+1i+9/+xvMd6Rs3/VXcyHrWzt0Id4VXbtqlXPfqL362y8JfujaxV/t+j7f/sbcq/WS/sZdu/6KXd//NvM/gtcnnMc3/xlfHP/GJS0vNvPFuaFvaYDNzYwvvAde/5kQH1aHvv/tWguAN/ZU/eJmvvHP3+bJhm+w67rXs0XbdSGEEEK8ixRvvqzvXdLf38+yZcve8XY8z6Ovr49vfvObDA0N0dTcTKla5c777mP1unUYpvmm4eXU5CQv/ucPiQ/+lEyuyMFUkmq5wmfWZDmSSnLnF/6adbdtQddvLF92HIeB3l5efPZZ1q9eze9/9rPE43FeffVVnnvuOTo6OnjooYdoa2tb3KpVz8OzbbxcHnd4BOvF/VT+Yzfu0DDa6h70tWsgcI0l66qKEgqhNiZR4jGUSAQlEEAxDAgGUXxmLZyNRWvfv2ZA+zrXdZmZmeHXTz3Nc889TzSaIF/Is+e3z1CtVujs6ubhXY8Rj9ejKAqu6zA1NcmpU8fJZTJMz0wxNjZCtVzCKRTQVJWbetZwx9btrFy5+pp9Vz2v1p91ZGSQ6alxcrlZXjt2hNmLgyRdCBu1YWN522LC1OlcfTPLlq3AdR00VSOXy7Ju/Ua6u1fheR5TUxNMT01gWRaWZTE0NED38pv4r//1KyxfvvyGw/R36z0yv62WZllsKZaW8+fPE5IhbkLcsEI+z8qVK9/SfZbS++yNla5CLEUf9PeZEB8Eb+d9JoQQ74ax8fF3LWe51Fe/+tU3vc2SrVh1HIexsTGq1Sp/9Ed/RGdnJz9/8kn6zp6lLpGgpbUV7U16rbqui67YuJ5Humqg6AF03cHzFBRFQ9Ouf/83bmtyfJyjBw/S1dbGo488shCg3nnnnbiuy4svvsj58+dJJBKEQqF361S8dYpSC0IjYfBcnL4BvGwOracH32c+hbH1TvBfq8pTQfH7UEKh2jZuIDh9M/PP5fHjr5HPF4nGGpiensT1HILBEIoCruMCc0O2PPD5/DQ3txIORcjls+C5JBsaaOnsxC2VcA2TeKwOXX+9J65lWZRKRfx+/8IQLF03uKmjizvvvJ1Y2M/ux3/AKxPTxHMFTKeKB4TwKJkqiUQDN6/fSCY9S3//BVRVJRaLL7QaaGpqoampZeGYWlrbeXn/8zzzzLN84QufJxKJvONzJYQQQgghhBBCCCE+GN55avYeKZfL9Pf3k0gkuOOOO9i4cSMP3H8/WBanjh1jNpXCdV2uV3BrWxZYZVTFw0FHN314qk7VBdtxcBznuvef53ke6VSKY4cOYQIP7NhBV1fXwhCtQCBAT08PkUiEgYEBcrncDW33PeW6uOPjVJ/5DdaL+1BiUcxdv4Nx/3bUrk601tZrfLWg1tej+K7XLuCtsW2bqakphoeHSM+mSM1MoOIQj0XxcKmUy+TztXNWKhWZnpokEAiyYkUPTc0tcxWiVdauW8sf/un/zs4HHkApFhgfHcK2a11iPc8jnZ7l2NFDDA4OYNvWXCAKjmujqdCYqKcjFKZZ1fGhoCkKuqJgKgp+x6FYKhAOR4jG4lTKZUyf77KBVpfSNI2mphZWrlrDiy/u46WXXiKfzy/+8y6EEEIIIYQQYPFMBgAAIABJREFUQggh3hdLsmK1FpKl6e3tZdWqVTQ2NhIKhdiyZQtTU1M8+/zzvHbkCGvWr6ehsXEh4HzjNoqFAlYhRcRw0DUDU9fJY5Auq9jVErl0Ctu2r9sKYH7o0ukTJyim0zy4YwcbNmy4bCK9oihEo1GSySSjo6Ok02mSyeSitgPwLAv7tVNYe14Ax8W4b3ut72pT0w0t33+36bpOS3MTTY2NrF27lkDAz969L9DfP4RtO4yPj9Lc0sb01CSnTh3jlltuJ9GQpFgoUC4XCYfDdK/oZnlXJ9Uz54jOzjJ08jhNLW20tnWgKCrZbJrTJ49RzKXxmSZNza2UyyWGBvso5Kao5maZvNBLY7mMrnh4eNhAxgPVspmZniKdnqVYzJPJplnRtBqf7xotE+aOqWvZCo4fS7N798/JZrN0dHSQSCRob2/H77/2fYUQQogPi65dr/cXFkIIIYQQ4qNkSQartm0zMDDA1NQUDz74IIFAAEVRiMVi3H///QwMDPDbvXsYGujnlk2bWblmDcFQ6LJw1bZtMqlpvMIkrmeTswKoQQPVF2CyqBNVC8yM9lEubb1mADYfzp4+fpyRvj62bd3KXXfdRSwWuyLI9fv9NDU10d/fz8zMDF1dXYvbZ9X1wHFQmhoxbrsVc9fvoHa0oyzCPpmmybp160gmk5imSSKRYGZmhr6+fixbwbJqwWpqZop8Ice5s6dRFY3Va24mX8jR2tJC08b1NNTVcfw3v8V66im2T45zKpfhgt9PZfNdtLbfhOc6xEJ+OpviXOw9TSo1g+faqE6ZrrabsSsVqiPD3FMp0gh4QBEY8iDlwpnMLMNDF7Fti3K5RDgcQb1OCK0oCuFwlNVrNnD+3Cm+//1/QtMUtm/fzh//8R/TLL1PhRBCCCGEEEIIIT60lmSwWq1WOXPmDMlkku7u7oWAUlEUGhsbaW9vp1LMc/LwASZGhkilZrj9rq2EI5GFwNOqVsnPThJwZrE9j4Lrx/D5iEZVZjImKyNlUmODlEsluMpEd8/zyGWznDlxgv6zZ7m5p4e7t26lvr7+qn1ZDcOgvr4eXdfJZrNYlrW4FYumgX7bRtTmRtS6etT2VpQbHNL1blNVlUQiQX19/cL/l0olQqEgngeJhiSzszOcOXOSSDSK4zqMjg1TKhUwDI2urk4efPDjGKrKKz/4Ad1DA2ypVrjVqvL0kYMcmU0xeevt+AyDxkQ9O++5k+Nnezl08gwN8Rj33XMnd2zZzPHjJwjbFjd7Dp1zz6ELDOFxQNU45TicO3cSQ9dQ8PA875o9eGt9Y4fJZDI4jo1l2ViWg66bxONxTNN8v06vEEuOruvXff8IIV7nuu4ND9G8lK7ruK573Q8AhRA18j4T4r33dt9nQgixlH0gh1d5nkehUOD06dPcdtttRC4JS+d/nsvl8Pk0/P4gxdwUz//6SXA9Nm/dSiQaRVEUqtUqxUwKwytTdcBVDHRdJxDQyE6bhHwKQzNjFPK5K/7B5DgOs6kUp44dY6S/n/Vr1/Lgzp0Lw6quFhYoikIwGMTv999w79brsSyLbDa70LezUqkAkEgkiMViGIZx3fsrqora3ITamARVrS3/X6SQY/58XXreIpEIq1b18Nprp8nns7S0tNPfd56xsWEikRjt7TeRTo3T3dnNlju2sHnzZkrFIq81NFDUdYJ43OJ5qLksxwcuMBwLYfpD6J5Fc7KBVcuXsbKrnUg4xK3r1xOqjxMMBXH8PlxFwe95qIqCDeQVhel4nNbWFmZnJtmwdg1KQwLXda95TOVyif37nicei5BoqCcW9bNm9T1s2rSJzZs3EYvF3uvTKsSSFY/HSafTGKYpv4wKcR2u61KtVN7WNSMWi5FOpzF9PnmfCXEd8j4T4r33Tt5nQgjxQbfkglWAXC7H0NAQmzZtAi4P5EqlEiMjIziORTTqJxIJMjub49lf7KZcKrHlnnuoSyTIZbNkJoaotyqMFTQsxayFjZ6Hg0JjGM6MTJGemcbuWoZpmnieh1WtMjI8zIEXXmC4r4+dO3bwyUceoaOj45qh6vw+apqG4zgUCoWFoUpvhed5FItFBgcHOX36NGfPnmVqaopyuUy5XMYwDDo6Orjppptoa2tjxYoVtLS0XL06UlFqy/4Xsx3BdYRCIW6/fTODg4M8+9zzLFvWw/LuVbz88l58pp9QKExjXTef+8ynuWXLHfgDQTKZDM1r13K6pYW+fJ61rktFUQg1Jvn0Yw8zPD7B+OQkmqaxvLODro42UBQ0TcdRoKW9DZYtY/DsWZaXy/iAaeC34TBt99/Pjg0bGLnYz9ZNGzl07BTFuX11XZdcNgsKhMMRNE3D81wKhTy/96lH+OQnP4lpmkQiEQzDuO7rRIiPgrq6OjzPI5PJvK2/C4X4qNB1nXg8vrCi462Yv4+8z4S4PnmfCfHeeyfvMyGE+KBbksGq67pYlrVQpXmpYrFINpsBPFRVRdM0Ghri2OMz/ObXT5LP57l3xw6K+Ty5TIpy2mG8HMSoj2IYOuBgeRouKgE3w/jFXlatW49hGFSrVXrPnWPP00/x2uFDLOtcxpo1a2hqarqhZQ3zYdrbqVitVqsMDg6yb98+9u/fz4kTJ8jlcniex8zMDKqqkkwmOXDgAIqikEwmue2227j77rvZuHEjzc3Nb1rFupSoqkpDQwMbN97CSy8dAAXWrF1PMBRiYmwMTdPQFJugrhLWVVAgGo2wads2zhw9ys/GxzmZyXCxvo4V99zFox/fga7rTM7M0JioR1XVSyoLPDTXormhns4tW3jhlVcojY4S8zxOmyYXt2zhT//Lf2FlVwf5iRGmJybYe+AwZjSO53mUyyVOnDxCNBJjVc9aNE3D5wvQ1dVNb28v9fX1BIPBRT2fQiw19fX18o9rId5j8j4T4r0n7zMhhBBCXM+SC1bnl737/X7WrFlzRaBp2zaOY6Hr6mVLzJua6tFnMrzywnNk0rPEYjFKuVkqVSh4QRLBAKqqYhgKqj/KkbE0PrXESN85CrkcruNw4thRDu17kdHBC4SDGuGwH1W98cpD13UxDIN4PH5DIed8+FoqlTh16hS7d+/m+eefp1qtEo/HaWpqQlVVBgcHyWazJJNJotEolmWRy+V49tlnOXToEHfffTc7d+5k3bp1ROdaISz1isn5lg7nzp2nUrGor0sQDIZYs2Y9XV0rGBw4j1pJE1RdyM2C6cfQTZa1NrHzdx9ln09nKDVDvLWFh3Y+QF28NlAsEg4tbN/zPKqWRaFYwjQMgqEwd9+9hZmx3+XwmTMYVQursZHP/sHvc9ct69CtCoX6OMeOvUYqnWdtZz2u6zI5McZAXy/rb7kVVa1VAGuaRldXN4df3cfQ0BA9PT2LeTqFEEIIIYQQQgghxPtsSQarqVSKYrGIz+e74YBQURTq66MAvLpvD+WKRdhLk4wY6LEo5lzQqWkqDY31nBrIEndtsuULvPTCXiqlEqePH8Gu5GlqjFGpVFFV9W31Sr3R+3ieRzqdZv/+/ezevZtXX32VcDhMW1sbuq6jKAqe5xEOh0mn0xQKBaLRKD6fD9M0MU2TwcFBfvKTnzAwMMAjjzzC3XffTWNjI6qqLvlwdXp6mlOnzxCN1xOJxhe+XyjkmJ2Z4PbVXTQlEmBVal+qSlDRuHfjOjav6sJ1bExdx+/3L5wrgGrVYjaTYXp2lgsDg1wYuEh7SzP33XUHN3e20/l//CkTU1NUqlVisTjt7W2o5RyebZNKpTl1vg9X1YlEYmQzaS5cOEssHqelpX2u3YONoig0JJsAheHhYQlWhRBCCCGEEEIIIT5illyw6rouU1NTOI6DYRhXDQc978rwUlEUVFWlri5CtWrRe2GIGUfHX5+kORZH01/vexkKBYk3NjNy0SY1NYHy22dQcAmHTJIt9RiGjmXZ2LZFtVq94aB0ful5tVq97uCj2jF4lEolDh8+zI9//GOOHDlCsVhE0zTK5TKBQKDW89WycBwH13Upl8vYtr0QugIL/33u3Dl+8pOfUCwWuf/++2lubl7SvT5d16VQKJDL5YjH6heOw7ZtpqfGqRTS3Lpu9UIF6tydUHDRgUgwcNXtOo7D8Ng4v3x+DyOT03iqTrZYZmhimq72Nhrq64hHI8SjkUu2W2vdUKlW6R0c4kz/INFYI/lCjv6+C2QyGdat20A8XofrOIyPj+DzBQiFwximD8uy3tuTJYQQQgghhBBCCCGWnCUXrM4PPGlpaaGuru6KYLBcLlOtVq963/kBUolEjEKhRC5XpL6hnlA4eNkkT1VVSCTipNN5CpUUQb9CPB7D5/OhabXbzQec6XQa27bxPO9NQ0q/349pmuTz+YVA9urBsIfjOPT19fH0008zODhIY2MjxWKRdDrN9PQ0kUgEz6v1kQ2FQrS0tFCtVkmn0wQCAQKBwEKY7PP5iEQijI6O8rOf/QzXddm5c+dCK4GlGq7OB9bK3HNTW77v4joueLW2D4VSiWAggPYWjiNXKHDqXB+OL8CnPvUImqax97lnyOZyuJ7HG8d5eZ6H63lMp2Z58ZVD9A4OsWJVjNOnjpPLZVm2fAUdN3Whqhoz01McOXIQ0zRZ1XMzllUhEolcdT+EEEIIIYQQQgghxIfXkgtWoRaQtra2EovFLgtEPc/j4sWLTE1NzoWWV7+vaRokEnEqlSrFYplwOIiiqHiei+fVglXHcbAsm7q6KHV1EQIB/2XbMQydQqHE+PgYhUKeSCRyQ8Gq3+8nl8tddfDWpWZnZ9mzZw/Hjx/HMAzC4TChUAjLskin0wB0d3ezYcMGuru7cV2XM2fO8PLLLzM+Pk44HMYwjIVwcv6xp6en+cUvfoHf72fHjh0kEoklGawqikIoFCIaiZDOpKlUyigoVKoV6uobSKcm+eWe/aQyWXqWL6M+HiMQ8OP3+TDmqlvfeFzzQXNzsoGNN69huuzQ2dnJ1NQkmqLWqmIvub3nediOQ6lcJpvLc/Docfa+cohcvshsOkUoGKJn9To6OrowDJPZ2RTnzp3EMGB8bJBSuUxDQz2dnZ3v78kTQgghhBBCCCGEEItuSQar12LbNufOnSOVmiYU0q45pElRFCKRILFYhGy2gGHohMMByhUH23bw+3Sy2TyVSpWOjiZM88pBU7quUa3mOXv2LENDwyQSDfh8vuvun9/vJxAIMDU1tVB1+8bhW/PHcezYMfbs2UOpVKK+vjbF3nVdTNOksbGRLVu28OCDD3LrrbdSX1+PoihMTEzQ1dXFT3/6U3p7e3EcB9u2CQaDaJqGrutEo1EGBgb44Q9/iKZp7Nix46qVv4tNVVUaGhpYs3Y1Tz/9GwYGeqlWKkxNjdPTs47O5T2Mjlzkp8++SCJ2lJZkgo6WJloak9TFovhM87Jj0nUNn2kCUCyVCfpMTh58mYmpSVzbwS0XqVRXMToxiUetXYPtOKQzWYbGJugdHOTIybPYio+Nt22hpaWVUChCNBrHcVxmpkcYGDiPpnl84fOf47nnnuPkydN8/g8+RXNz8yKdRSGEEEIIIYQQQgixWJZksDq/1P+NYaBlWczOzqIotYrSa4WFiqJgGDqJRIxq1WJmJsPMTIaK4seyPXS3hGdbJJNxYrHIZVWx81RVxXFs+vv7GBwcZN26dW8arPp8PqLRKBMTE5w7d4729nZisdgV+5nJZNi/fz8DAwNEIpGFULVQKOD3+7n33nt55JFH6OnpIRgMLty/paWFXbt20dDQwC9/+Uv27dtHsVhcWO4//1WtVjl58iS7d+/GNE3uuece6urqrnqciykajXLHli309/Vz6NVjVCsVqlaJWCxKXV0jHZ3dFAoFCvkc58fSnBucQFNcfKaOPtc/1nVdqtUKeC7xSBhg4Rw45RInjhzG0HW62ls529vH6fMXmJyeYXxqmopVpVKxMIMRPEXHMyPcfscmko1NVCplLg70MjIyiKEbFAsZmhrrePDBnWzevJm6ujo2bepn586dVw3PhRBCCCGEEEIIIcSH25JLhGzbZmxsjFAodEUg6boulmVhmjq6/sZOmZdTFIVAwEdjYz0TEzOMjc1g+zU81cDLF2lripJM1mOaVw9oa9/yKBaLFIvFNx1GBWAYBo2NjVQqFY4fP8769euJRCJo2uX7eu7cOV599VVSqdRlVbfVapWNGzeyc+dO1qxZszDt/tJjamho4L777qO1tZVEIsHTTz+9sI+hUIhisUi1WiUYDHLx4kX+7d/+jdnZWW655RbC4TDmXKWn67qoqko4HCYSiVw2EOv9YhgGy5cv58EHdzI8PMzJkydZs2Y1a1av4LXXTlEq1dHa1klrawe2XaVYKFAqlbCsCo5jU61UmUlNMjJykdnUKLhVXMdFVQ2WtXdy+8YNrFM1NE0lHAqSyeY5euoUZy6co1zNEg5r+P1h6htW09yyjIaGJImGJMVigbOnTzA41EcsGqW7u5tN997F7bdvpqenB7/fz1133cXmzZuJxWLv6zkTQgghhBBCCCGEEEvDkgtW8/k8AwMDPProo1cEkpqmYZrmDYeAteAwiKJAoVglhx8jlsTRXerqw/j9xrsaJqqqSkdHB11dXQwMDDA2NkZHR8dlx1Eulzlw4ACpVIq6ujoqlQrZbBaAnp4edu7cydq1a68IVefN9yZdv349oVCIcDjM008/zezsLLZtk81m0TSNpqYmfD4fIyMj/NM//RORSITGxkYaGhrQNI1qtYrP52PlypXceeeddHd3v2lF7nvB7/ezceNG/uiP/pAnnngCz/PYtu1eli9fxlNPPctrr71KR8cymptbSSab8IBKpUwul2V8bJTevvMU82OsXaMTi/pwHI9M1mZ25iIvHMpgVTV8Po2mxjDFUo50fppl3S6re5pZ0R0hk3H51dPneWFvL23tHTQ3t5HNZiiVsnz8gfu444476Orqorm5eaG6eP45EEIIIYQQQgghhBAfXUsuWE2n0xQKBbq6uq4IVueHE9WqPG90ix6WZYM/SsvqrcRu6mH4lWcoWWM4jnvFY7zx8UKhMOFw6IaW0SuKQl1dHStWrGB0dJRMJoNt25fdZmJigmPHjgHQ2tqK53lkMhnK5TK33HIL69evJxwOXzfwrbU6MOju7uZzn/scTU1N/OpXv6K3t5disUg0GiUYDGKaJoZhUCqVGBgYoK+vj6amJgzDwHXdhV6v831eF6NX6HxIefvtt+Pz+Th37hzNzc2sXbuWurp6fvrTn3Li+CFGRxpJJJIoqspsaoaRkUGymVmqVoHlyxvYvj1BJFQhEICAT2VyqsLLr0zz0svThMMGt93UTGurn1i0BX9AQ1UU8gUby7bo7k5gewrJxjCF4hQz01N0dnZy3333sXnz5oWQe6n1qRVCCCGEEEIIIYQQi2fJBavj4+OYpkkymbwizLRtm0qlgue5wI31C3Ucl3SujNnUTXL1bYSSLWTHLpI7OVLrr3mVwVXzdF2nvb2d1tZWDOPat7uUz+ejo6ODxsZGgCtaCAwODjI1NYWu65hzw5ZM0yQcDrN27VoSicQNh7i6rtPR0cEjjzxCMBjkX//1X+nv7ycUCi30/Zzfb9M0cV2XcDi8UJlaqVSoVqtMTk5SLpdv6PjeC4qiEA6H2bJlCxs3bsTn86FpGnfcsYVIJMwvfvFLnnrqKV458CLgUSgUqE/EuHnDOrZtu4tkQ5x8forBoVMo3iRNDQWWdYYIhTUy2QoBv8a9dyeIx036+vMcPjLL1IzH8IhLINjIrkcf4X/7s7W0d7QxM53ihb0v8eLel9m370U6Ozvp6OiQUFUIIYQQQgghhBBCXGbJBat9fX2Ew+HLhjbNy2azTE9PYlkWinJjQafneXiKRqChFX+sHk03CcTqma66VKsWnuddc8m9pqkUCnmy2RyO49zQ4ymKQiwWw+fzUSgULruf53mcOnWKfD5PIBBAVVUsy8K2bTo6Oli2bBmBQOCGQ7z5KspEIsHHP/5xAH70ox8xMTGBbdsLwa1t29i2jd/vxzAMNE277LiXwlCr+SrcSwPscDjMrbfeSjgcJh6PcfbsWS4ODqCq8NinHuKBnfdTn3h9KFc2m2PfC/t46pc/ZnxinJvXholGDFAUHNfj5OkMu/9zkkKpgZ41a/mdXau4487NrLt5zUIQnUw2kEw20NLSxAt7XubJJ5/kM5/5DMlkUsJVIYQQQgghhBBCCLFgSQWrnucxPDxMd3f3VQPGbDZLNptFUeZDwTcPuhRFQcOlPDtBOTsLQHrwHGGfh9/vu2ZYVgv6dHK5DDMz0ziOc80Q9o0Mw8Dv918RWKbTafr7+3EcB13X8TwPx3FQFGWhj+f1WhNc7xjr6+vZuXMnjuPwwx/+kEwmQyQSwefzkc/nsSyLeDy+8Li2bVMsFgkEArS2ti7ZnqG6rrN69Wqam5vZs2cP+17ay5Y7b2X7x+4mGAwAzIXXCpFImO0f24br2vzq5/8fLU0VfD4Nx/UYHinx/AsZguHVfOW//Tkbb7sFv79WuXvpc6qqKg3JBDs+/jEs2+a5p19g5cqVfOxjH8Mw3n5PXs/z3vG5EEIIIYQQQgghhBBLx+KXKl7CsiyGhoZYs+b1CsJ5nucxPj5ONptG11VU9cb6rOq6RjTipzp+gemzh5npPUVl6iKJqB+///pVr7qu4zi1APKNvVLfjsHBQY4dO0Y2m6VYLJLP5ymVSgBEIhFM03xHVZHxeJwHHniA3/u936O1tZVSqUQqlSKVSuG6LqZp4jgOlUqFTCaDqqps2bKFe+65h7q6und8fO+VfD7PwYMHeerpX9PQEOe2TRsIBgN4nkc2k+XAS4c4+drJWmBt6EQiMVCCVCoOdXUm4ZDO+HgF265jx86Ps/bmNfj9PizLolKpXNauwfM8XNcll80xm0ozPjHOyy+/zOjoKK7rSkAqhBBCCCGEEEIIIYAlVrFaLpepVqt0dnZeUblZrVbp7e0lm01jGPpbWi4fi4YplypMnz/EjOLHb80Sqo++6RJ4XVfJZotMTU1RLBaJxWI39LjzS+/nB21denyWZVEoFPA8D1VVcV0XwzCuCPjeDkVRaGxs5NOf/jQ9PT289NJLnD59Gs/zyOVyWJbF7GytajeRSHD33Xfz8MMPs3z58iuC7KXCtm0uXrzI7t0/5aWX9tPcugvHrlUPe57H0NAI3/p//geJZIK//r++SlNTE8FggGgshOmzMAyVctkhl7dBNejoaCMQ8JPN5njl5UOk0xl2fmIHsVh0IVRNpWZ5af9B+vsvctumDQwM9rJn7x4efeRR4vH4Yp8SIYQQQgghhBBCCLEELKk0zbZtGhsbaWhouCLATKVSXLhwjmq1tLAE/EZpmkpDQxxnMsXE5ASR+iim8eaHrusaiuJSKOSoVG58uFOxWKRarS4sHb+0hYDP56OxsZFgMEi5XCafz2OaJg0NDQQCb+24riUcDnPnnXdy6623MjQ0xGuvvUZ/fz+pVArHcYhGo9x8883cfvvtNDY2vq32A+8Xx3GYmZlhanqacDjEyNAohw8d457tQSKRCJZlMT4+ydmz5/nFfz7Fg594ANu28TyPatWhWHRwHA8Fl2Kh9ryUy2WOHn2N//d/fB/Xdbnr7juIRiO4rstsKs3BA69y/NgJNm5cz9Z7trDn+f0cOfIq629ez4YNG95WCL1U+7OOjY8v9i4IIYQQQgghhBDiI66luXmxd+FtWVLB6szMDIlEglAodFkQ5XkeIyMjDA8PoarzgedbC6pM06C5KUE4FMTnMzBuIFhVVRXP86hUKliWfcPLwD3Po1QqkclkKJfLRCKRywZFhUIh6uvr8bzahHtFUYjH45cNbnqnFEXB7/ezcuVKVq5ciWVZlMvlhQpZ0zSXbJXqvPkK0qpVpbm5kQ0be6hWqzz//AtE4xE2334bum7g9/s4fWqMf3v83yiXCrS0NlEuV5iarjA4mCceNwkGNfz+WquFgf6L/Ow/fs7Jk6d45JMPL1SrZjJZDhw4xMv7D7K8u4t7t91FsrGBO+7YxPGjJzh1+hSrVq0iHA4v9ql513xQ/+ISQgghhBBCCCGEWGxLJllzXZcXXniBWCx2xZAg13UZHh4mlZrGNN96qDrPMHTq6iLv1i5fU319PT6fjwsXLrBu3TpisRg+n++at9c0DcMw3rQ1wTthGMa7Gty+X4rFIhMT49TVR1m5cjkHDhzipZdfompV8Pl8mKZBe0crZ04fJ+if4cyJXzM4kKBSnmFyqkr/QIm1aww6OnxMpzzOnH6NQ69kOH/2APV1QXY+eD/BYJB0OsPLLx3k6V8/x4ZbbubhRz5BMpkAoLEpSdeym7h4cYBSqfShClaFEEIIIYQQQgghxNuzZILV2dlZ9uzZw6OPPnrF0nTHcUilUlSrZXy+G++vulgaGxvZsGEDzz33HC+++CKhUIju7m7g9SpMGYL05hzHITWbYnx8jFA4QCaT5dChgwyP9pPNz5JKpVi1aiWmaRAK+Vi3JsKddwTJZrNMp1R6+w1MfxLHVaivM1i9ymNmYj+uU2LVChW/v5mOjjYGLw7y8suH2P0f/0kgEODebVtJJhMLrzPTNOm4qY1DB16jVCpd1tpBCCGEEEIIIYQQQnw0LYlg1bIs9uzZQ7VaZc2aNVcsUa9Wq8zOzlKpVPD5zIVQcqmGW36/n/Xr13Pq1Cn27dtHOBymoaEBz/OwLItsNovf78c0TVzXxXXdhb6g4nWO4zA9NU2hmKehIUZfXz/DI4OgWWQLU+x7+bccP3EEXTUplCr0Xsxxyy11qKrK9IxOIrmeDbd1MzRwlMmpYW7q8FFfV8FxFV591cHxNPbvO8CJEyc5ePBVZqZTPPbYJ2ltbb7staVpKo1NSfKFPPl8XoJVIYQQQgghhBBCCLE0gtX+/n6efPJJPvGJT9DV1XXFkvhaX1AdTTPI58tUq9Zcn1QDVVWwbQdN09C0924p/VvV1NTEAw88wPj4OBdrFeQLAAAgAElEQVQuXGBkZATXdbEsi6GhIWZmZmhoaFjodZpOp6lWq4u920uG53nYtk06PYvj2Hh49Pb2ki9mUDVQFPC8WsDqueDpcOzEDMMjRXymj7b21fzJn+1k7drV7Hk+xC9+/u88v6cPX0ABxeP8+TzF8jQXh4bJ5FKUS0WSiRaWLe8kGApeti+KohAOhXAcm2KxKAG4EEIIIYQQQgghhFj8YLVUKrF7926ampp46KGHCAQCV1QDhkIhHnroYQzD4Cc/+RFnzpwhFPJTVxfFNA1SqQzRaIhoNLQQyiqKgqoqqKqKqiqXbbP23wrz33JdD/DwPA/PA1Wt/cCyHBzn7S3bNwyDtWvX8tBDD/Gb3/yGyclJ/H4/Pp+PYDCIbduMjIygKArJZJJKpYLrum/rHH5YWZZFJpOhWCwwPm7RP9CP41roeu05VBRgLkvXPA+ratM/mEPXi5TtYS6c72PNmh6Sjc1ksjpHjk3hC4FugG17QJHpdBpFBd1UCYfDdC3rvCLYVxSFaCyKpqlMTU3hOLUg3/M88vk8qVSKaDRKLBZ7T/vkCiGEEEIIIYQQQoilY1GDVdd1OXbsGAcPHuTLX/4y9fX1V11iraoqXV1d3Hff/Zw8eZKpqXFsu8rkZIpKpUqpVGF8fIZoNAQwV8GqEgj48PlM/H4TTdPmglQFw9AxDA1VVXFdj0qlgm272LaD53n4/bV2A6VShXS6gGU5wFsPV3VdJxqN4vf7F/qqappGZ2cn0WiUSqVCKpUiEAgsDO0Sr7Nsi3KlDChks1nSmRSqdvXbKoqCpoOue7iuw8zsKD/72c/IpLOMT0zS29+LZroomoLrsbAdRVFqgTpgGCbR6JXDzRRFIRDw4/ObjI6OYNs2pmlSLBbZvXs3v/zlL7n33nv57Gc/SyKRkDYBQgghhBBCCCGEEB8Bixqs5vN5fvazn7Fp0yY2bNhwzWo/RVEolUrs3buXM2dO0NwcJxQKAB6WZWPbLqVSmUrFIp3OkcnksSx7YVCU63qX9WXVdQ2/3yAUCmFZNvl8EcdxURTQdW1heJbfb6KqGm8nVIVacDw6OkqhUMDv96Oq6tzj63MT7U0URcEwavvyxt6yH2We51EpV8jlcriujeM42LaFolynt64CmgFOGWzH4sz51zh58gy25aEYVfwh5Rr3V1BVjVgsRjLZcNVN+3w+6uJxHNdZaFNw+PBh/uEf/oFyuUJ/fz8+n4/PfvazRCJXhrNCCCGEEEIIIYQQ4sNlUZO8wcFBxsbGeOyxx4hEItcMzFzX5fDhwzzzzK9w3RKxWHgh/JwPIyORWl/M9vZGLKsWxFUqNoVCiWKxhOM4XLqiX1UVgkH/ZWGmpmkEArXqVl2vbX9yMk0gEEDT9LdciWjbNmNjYziOQygUolKpLPxsflu1Je2KVDlehW3bqIpCMtmAp7gE/GHyxVkU9erDoxQFNL32Z7Xs4Qu5uFYZF/CbXNES4o131jQdw7jyLbHwHM21iPA8j2q1yr//+7+Tzxe46aZO8vkcP/jB47S3t7Njxw4JyYUQQgghhBBCCCE+5BY1/enr6yMcDpNMJheC0qspFoscOXKE6ekJwmH/dftYKoqCaRqAQSAA8Xj4be9fpVLFMEzq6+sJhUJvOfycr5LVdX2uFcHcsnPPu6xvq/RWvTrP83AcG93QWbbsJm7quInJ6WGuXUGsoOqgmR52BRzLw3NrVaya/ibhtQceHm/WTtd13IV9K5VKBINBNE0jGAyRTmd49tln2bRpEw0NV698FUIIIYQQQgghhBAfDos6aSefzxMMBueqSa+eaHmex8TEBGfPnsZ1rblKwPenutN1XRRFxefzXTf4vZZisUgulyMQCBAM1ipqbdumVCph2zau62Lb9kJ7ABl8dDnLssjmchSLJWKxKMlkI5pqXDP8rC3zB12vvT4qBXCd2rCqa/Vmnee5HrblYNnWNbat4PP7SGcyOI6Dqqq0trZSKpUuef4U+vv7GR0dfSeHLYQQQgghhBBCCCE+ABY1ybv11lsplUocOHCAUql01dt4nsfw8DCjo0P4/QaaNjcN/n1g2y6GYRIORzFN8y3d13Vd+vv7OXHiBOVyGV3XyWQyZDIZJiYmmJmZoVwu4zgO0WiUeDwuy8cv4bou6XSaXC5HIlFHXX0dsXgcXTffpKq0NsRKM8Cxa1WqunH9alXPAzwFQzeuGdmrqkpTY5KJifFaiwJVpaOjA8ex5wJ4BVVVmZ6eYWho6B0cuRBCCCGEEEIIIYT4IFjUYHXlypXcdddd7Nu3j4mJiasuia9UKoyOjpLPZ9F17X3tRaooCo7jYFlVHMd509vPDzUql8uMj4/zyiuvMD4+TiwWw3VdTp8+jeM4+Hw+pqenGRsbI5PJEAqFiMVib6sq9sOo1gLAYXp6Cs9z6F6xnFgsSqK+Dr/P/+azxBQFwzCJRKP4fAE8l2tWREOt/tk0TVpamkk2Xn0Jv6JAMBhYaOegqirNzc1ArQp5XqVSJp/Pv9VDFkIIIYQQQgghhBAfMIsarOq6ztatW8lkMuzZs4epqSkqlcplIVgul2NgoI9KpYRhvL/Bo65rlMslhoYGmZ1N4TjOFV+WZVGpVCiXy6TTafr7+9m3bx8/+tGP+NWvfkUkEuHmm29mbGyMo0ePYpomy5YtI5FILLQFME0T0zSlFcAlqtUq2WyWUCTI8u4uwuEQ7e2txGLxa1eszn3fc1XC8SbW3nUPHSvXoXh+XPtNwlVFQdM1NO3qVcOKohAMBigU8hQKBVRVZcWKFYTD4YVgVVU1dN14J4cthBBCCCGEEEIIIT4gFn3teVtbG/feey//8i//wtmzZ7nvvvu4/fbbicfjKIpCPp9nfHwcTQNNU9/XilXD0DFNlVOnXuPgwYM4jntZVanruqRSKYrFIoVCgYsXLzIzM4PneZimSXNzM83NzSiKwlNPPcXg4CDRaJRgMEgwGCQajZJKpfD7/VKt+gaVSoVsLotpGoTDIXTDoLGpkWg0hjdaqxp942vBAzwXUHzEulawbMd23NFxrFyWkbFzmBpvu42Eqqo0tzSRL+QYGxujra2NaDRKKBRaqGbWNBVN0xaGk72fr1UhhBBCCCGEEEII8f5a9GDVMAzuvPNOvvOd73D06FEuXLjAhQsX+NSnPkUkEmF0dJTh4UF8PvN9D6pUVSESCTI2Nsz/+l//k+ef30MgEFj4+XwFZCQSQdM0QqEQ69ato6uri0QiwfPPP8/g4CDPPPMMR44cQVVVgsHgwnJygGAwyPLly4nFYu/rsS11juPg2DY+nw/TNNE0lUg4TCgUQkHhWv0APE/B5wvT2nETeiRMXtXwPBXXueZdboiqqjQ01BOLRejv7+O2224jEAhQX1/P5OTU3K2UhSpk13UlLBdCCCGEEEIIIYT4EFv0YBUgk8nQ3t7OPffcw89//nOeeOIJ0uk0PT09DA4OMj09STj8/vZXhdryb7/fRNM8Mpk0a9as5pZbNl42ZMowDILBILquE41GqaurIxAIUCqVcByHY8eO0dfXh+M4tLW1oarqQg/RfD5PY2Mja9eulWD1KhRVQdfV2jlzPcqVCtVqlesnpB52pUR2eIS64REG+i4wOTOGpr+zClJFUQiGQixf3sXhw4d5+OFd+Hw+IpEI4+MTQC18tW2LTCaDbdsSrAohhBBCCCGEEEJ8iC2ZYLWpqYnf//3f5/777+fChQvMzMzw6quvcuzYUdLpWWKxpkXZN0VR0HUdTfOzalUPW7duxTSvXT3reR6WZTE1NcXg4CC9vb0LIevs7Cx+vx9d1ymVSmSzWTZu3EhrayuGIb05L+W4zlzv0tp5rlSrjI9NkJ6d5XrBqqp6VCsF+o8fo5jOkMvN4DhZDL8yv6m3zTQN1q1fzeFXf0w+n18YODZffawoCq7rUqlUrjqITYiPktnZWdLp9GXD3YQQl9N1nXg8Tl1d3WLvihDiKuRaJsSbk2uZEOKjbkkEq5qm4TgOpmmyefNmNm7ciGVZ9Pb2Mj4+Sjo9Nje4anF6VgYCPlKpHENDg2QyGerr6y+rWp3vqVmtVslkMhw7doynfv1rXn5pP3gubW1tFItFpqamUBSFhoYGJicnCYVCbN26ldbWVunHeQnP8yjkC2SyGRqb4miaSi6X48zZc0zNTKBqXPV8KYCngGa6lEoznD8xi2F6GEEPRbn6fd4KRVFIJhso5HNMTk4u/AOiVCrN7bdLtVqlUChgWdZlbSOWrrP84EvfYu/VfrTs8/zd17bT8K491OP8+bfgq9/9Aj3v1jbfk32ZZs83/5r9d/0t/337u3b0Hymzs7PMzs5i+nz4/P7F3h0hlizXdZmdnQWQX0jfFbW/vx/vn///ZXzhb7/GNf8qf8+uS292Halde/nKd/nDRb8gimuRa5kQN0auZUKIj7olEayuXLkSgO985zv85V/+JclkEsMwsG2b6ekpgkE/iqK87cFD75Tfb1KpTPPjH/+IfL7A9u3baWtrwzAMNE2bG2I1w5EjR9j34j7OnD5Bd2cbO+7dwokzvRSrNrFYDEVRGBkZIZ1Oo2kajz76KFu3biUUCi3OgS1hlmXheR6RaGRuib1DpVLGdZ1r5+tzyaqqeviCHrppg1LrlftuBNeqqhKLRQmGApTLZTRNo6OjY2F41XyP1Xw+P9ey4INjm/xyJ95F6XQa0+dDVdXF3hUhljRVVTF9PtLptPwy+o7Vwsqhz/8t3/vaXJg5vYe//+svsf/z8wGnBJrixsm1TIgbI9cyIcRH3ZIIVletWsW2bdv4m7/5vymVSnz5y18mHo9z8eIAqdQUdXX+Ra3oNAydYNDPwYOv8NxzvyEYDBGNRkkmk3R3L8exbcbHRqmLhdl6+638zX/7Mjev7eHlg0foGxyhVC0shHC6rtPX18d9993HY489Rltbm1SrvoHn1XralsslWlubsW2HsdFxhi4OUa6UUa7zqq2dytqyf91898+rOrf0f2xslNtuu+2yf2wrikIoFKKlpYVwOPyuP7YQHxS2bUt1jxA3qPbhoSwzfqfOPv4t9m77Ct+7tEK0YTv//SvD/Pm3nuLs9iWwWkJ8oMi1TIgbJ9cyIcRH2ZIIVh3H4ejRo/zB7z5MJj3B17/2f7J69VpOnzlDqVQgmQwtavioKAqNjXXk80WGBiEUDBKPhjAUl9ZEhO1bt7Bxw1puamu5vP/q3B8etVYBpVKJSqXCAw88wF/8xV+wZs0a+RT8mhQ0TUHTVUqlEidOnOL02TNYdhVTV/A8D4V33jf1UtcbiQW110EkHKK5tYlcLr/QW/VDb26p5Bc+P8TjT9TWV277yne5/dCX+Me5HgLzFa9nH/8S/8jn+cLQE3NLMbddc4nl9J5v8vW57b3edqC2fHLosderiab3fJOvDz/G977QM7c7rz8u276y8P1rb/MGTO/h7//6CfoBlm1j2w2fHCGEEIvvLAf3wravXOVq07OZbXyLg2cfZPync61vvvWlWtXq3E3G93yTf5y7diz7/KXL9y9vl/P66o65a1XHNvbu3XvFtejqu/g4f/6t+YumXGeEEEIIIT4slkSwms1mGRq8yJ989mHu33YXB48c5+e/eo7jxw6TaIgsienqPp9JW1sjhm7yucce5ZMPfZx4JEIkEsL3JsuEXNcln8+TTqfp7OzkT/7kT7j11ltlYNUN8DyPYrHI9PQM+VwRqwqK6qHrCqrmzaWhV09XbyiL9+b/8PAct9Zq4Dr7Ytk21Up14fm+dEjVfNCqquoHrgp577e+dEWf1cvbA+xlP3/L977bUAsv534p/d4X5oLOn+7hE1/bPnfTJxj6ynf53nzQ+s32KwPOs4/z9Sc6+Op3v0bP3C+oX3+8me99oYd1dy3j8UNn+cOeHmCaky/1s+2x2o5M7/km/zj0ef7uu6+HsH+/Z+6X4Mu2WXvs+W1e3zR7vv8EfP5va5VOc0Hysrve4UkVQgjx/pgeZ4hlbE1c7YcJOpbB/nH4w699haFLWwGchUuvb7W//7/PnnVfY3vDNHu+OddaYHvD3Adw32TPJT1b9w6183ff/e4NfIB3lh98a+/CdXV6zzf5Oki4KoQQQgjxIbAkyiXT6TSVSpnOjjaCgQB3bNrI2p4VhMIB4nURVHVphFSmaWAaOvXxOC1NjTQ2NhAIBK4fqjou2UyWVCrFLbfcwte+9jXuvvtufD7f+7jnHzyqqqDpOq7rMTQ4wskTJymU0mgqVItQKXpUyx62BY7l4TpX+XI9vDf5cl0Px/awqvbckILMVffH8zwcx2VsbIKx0Qnq6+vxPI9UanYh+HccB03TiMViS+LDgLdi21e+y/e+e/nX5f3ntvGpud8kG5o7gP+fvTsObvK683//kSzZBhswWBADdmNlnevdOP0tpfbuD7I/udm0oUmZzpLbbRabuUt3s/imnblDzf2DQDf1dhbCb+bisjObzTWlDZ2LTZNfb7PTS5uSDbe1bjberl0220BaN6RyagMmCKwEG7Bl6bl/PI9kyZZlyciWjN+vGU/Qc85znvMoto+fr875Ho/qrPLScnd8Y+4GfdYqq97SILevS+f98VV6e7ySp9aayepS/TaP5O1RryRXzSa5rX/Lf15v+iLXigRZI0Fa8zxf13n5rTbdDVuis2OrtzRMtJOM/7ze9Lm1ucYVOVGN7uSnAADuFhPjm0rLFf31b40/0TJXvZ7w+PRmzIDm3lST2qqI3h55Y8ZNV/02gqoAAAB3iZyYsTo6OqolBflatbJENptNlwc/0Kuv/0xLi/JVUJCfM7P/HA67bt2+rcCHHyoYDCataxjm8v/Rsduy59n1mT/9U23fvl0PPvggy/9TYLPZ5XQ4devmLb3zzq/V+5tfy+4YV/4Sm0Lj0thtQ6O3JJsM2ezm7NTY7xJD1ozVZN86hvkVDkt59pA+/PCGbtwYNotilvmHw2EFg0H97v0B/T///GPduHFTNTU1CoVC+t3v3teSJUskmbm4SkqWq7y8XA5HTvxoZUdF2cSDpqtMFVMq+DXYL7k3JZxaJLlqtNndoe7eRlVrQL5oAPaa+n2JZtd6dM1q0+fdr10dsWVuDfql6mRPvtcG5FOFnpjotMqmdhoAkKtcZaqQT/3XpKmRTnPsqNjmknQt9TavDcgnrw43TVrP4bkmaZrxaxp+c9CLOcucRdufVisAAADIRTkR/cnPz1cobOjaUECrXat07le/0e8uXlTZulU5M1tVMpd4Oxx56r90WVf917VsWbEceXlTAr+GYWh4ZERXPvDL5bpHf/roVj3++OP62Mc+RlA1ReFwWL99r0/vv+9TX1+f/NeuKM9hk81ukyNfynNIoZAUHjckmzR5Bb9hSEbI/G8ydmuTqyVLnLpnbalWrlyhYDCoUCis0dFR3bp5SxcvXtJvfn1Bve/8Rr/oeUv3/d7/pOXLl2tsbEw3b96U3Z6ncDis8fGgVq9eLbd7kU937B+UX9Xms61/UP3SpOCqGbj0DSR8ApbkiqYDqJNXntpG67j5IOrZNs1uzhWSe1NsbrwUlZbLra6YAKwZpFV5es0gHX061XJcPZKkWu1s2arK2NJTLTpuFqp2Z4u2ViY6T1L5Vu1+qlYlU9oPqOfYEb21Ybeeqi1JcG4mrmle49TA5GuXa+vup1Q7tVMA5ky16jzS4WgamRjWbNE96e5cVVoutzx6ImGecH+CE6bnMgc9TYx6ZrAXAAAAC19ORPlKSkq0bPkKHf3u9/R657/qTOebsuVJBQXOnJmtKpmB1ZKVy3T2l+f0T985oa5//4VGRm4qFAopFAopHA4rFAop8OFHeqPrFzr/mz7914f+m7b92Z/p3nvvXXDLw7MlMts3cG1Iv+jq0a/eOa/g+G3ZYr5bbXabHE6b8pfYlV9oV2FR/NeSYruWrrCraIavJcvtKiyySXlB/br3Hf2f//RtvfCPx/TCP35Lz/9Dm9qe/7b+x4nv68J/vqOKFSVyr1urT3ziEyosLNTly5d18eIlOZ1OjY+Py2az6f7779e6deuy9+blgpil/72nO+Rzb1LNpFhnde3E0n/Jr85XYlMDRNIBtOqw162K6BQfM+DqfaUz+kjb296kXYfM19W1Hvk6TkeX/vs7D2lXU/vMqQBcNdrs9qn9tFXTf15v8sA7p/pOHVdP7U61tLRoZ22Pjp/qiy3U8Z5a7WxpUcvOWvUcPyWzNKCeY8c1uHW3Wlpa1NKyW1t1Skdiz7UEer4/JeCZ+WuWqPapFut4i9WupNpPE1QFsqC6sVkeb6ue64wJevo79VxrfJqYlLlqtNnt1Q+i7fXqRFNTfPspd65WHsW01dszJa85AAAAFqacmLG6YsUK7Wr6X/X1Z5/Vz3v+QUOBgMrWrZLNlhNx3zglJcs0MHBFL/3zKQ1+cFVf+PxjstlsGh0dk/vecoXDhrq639KVax9pQ+0fyeOp15p77smpAHGuGxsbk//qB1q1rFhrN27Q//tvXt0Y1Zy9h4YhGUZQfb97T//8fw/rs56HtaHmD1RQvELLiopUsny57vvYx7RiebGOfPu7WrJkiW7cuKHvf//7unHjI61bV67bt29r6dKl2rhxo4qKiuakn3Mp0eZVkkd7Es7UmYGnQv37m7Qr2kb91Hmp1Y062HBI+5qazNfuBh2M3WTKVaPNbsmn+KCsq36v9gw0aV9TZL1/TPuT25RbjQdS6b9L9daGJru8ZpseD0s0506fzvVItTvNKaGVf7JV5UfOqW9rpSol9ZmF5mzSyj/R1vIjOte3VZWVZiCzNtpOiao2lEtv+RVQZcys1T69cUoqL5/PayomOBs7DxbA/KnWjrYD6jwUmxLGrcYDbZpYyGDNbG1tUn/DAT1Tlqy9yNgQ056n2dzIKs0Zq1K1dhxo0HP7rbbcHnkW+eIWAACAu0VOBFbz8vL00EMP6b95PPrHf/xHGUZQ91Wty8lgZF6eXWVlpcrPd+o3v/2t/unF/0t2m02hcFh5tjzdvDWqD2+M6DOPflYbP1mrdevXKy9BugBMLxAI6Ne/+pWGrvklW1jXP7ou+xxO9rXZJMOwKc9hyJ4X0trVLv35459V0dIlcjrNWdNhw9CwNTu5r8+n48eP66WXXtKqVaWy2WwaG7utsrI1uu+++xZYuodq7Whr046kVRp1tG361676vTpab/7bzF5Xqx1tjVPbTHLeVGa6AHf51I1BqhvbdLQx4UkztDl9X6a+D9NcAHcu4NegyrUhLio5KH9AqiwJyD8olccXatAsTKn5vlPHpZ27teH1I3prnq4pBdTzeo/Kt+4WYVUgm1yq39umZMNA/BgyaSxw1euZttizpxsjZ7pOgvIpbTPOAAAA3A1yIrAqmcHVnTt36t///d80OPi+li1bqlyNRRYU5Ouee1ZpxYoxhUIhK2iap5GR2/po5ENd+eCa3n77bb333nu69957F+QMxmzy+/3q+vnP9a//9nMZtnGNaVjOwrm/rs0mDd+6oV+/954GLl/WPatXa9myYuXZ7frFL8/p//t5j879+jf61W/fV35BgfLzC1VUVKzbt2/LbrfroYceIr9qxvSq2+vW5gNp5kvFAlEmVyRmWeLS5EljZROFck07o6xPb5waUPnWL0zMHA306PXBrfrCVunCfF1Tkvre0KmBWu18ihwAAAAAALCY5ExgVZLee+89Xb58UevWueRwOHJ6lqfdbtfSpRPRPsMwtHTpEpWUFGvJknzduBHQ5cuXNDY2RmA1TcFgUKOjYxobD2ksPKzC4rm/pk2SYTM0Gryln3T+VF09/6GlSwr1ha2P6/GH6/Xiy9/XD//lX3Tz1pjWri3XihUlcjrzFQwGNTIyrD/6ozo1Njby/zoTetu1q9Urd8MB7SCuioTM3Kc95Vu1O5rQNKCe77+lDV94SiUKzNM1TXGpBAAAAAAAi0ZOrVn+0Y9+pIICu5YsKcjZ2arTsdlsstttys93asWKYhUWOqMbWhkzbU2PODU1Ndq3b5/+9NMPW8vz5y6/apTVvCNfUuFNBcYv6dJHPr34/e9p338/rNff8Opm8EPJZmjZsuVyOvNlGIauXr2q0tJV+vKXv6z169fn9IcB88FcYpl2VtbJjehoW5ueqSeqevcyl+FLspbpTyqdKJR/cqEC6jl2RKe0Vbufqp2YOdr3hk6VJds4ag6uGVO/9kHCqgAAAACw2OTUjNUjR45kuwvIAYWFhXrooYf00EMPZbsrADItwTL8iWX6iZfhTyzTtwKcZTvVsjU+kNl3rkfq6VFLT8zBgSNqGdyplq1zc02z+ILeGpicvxUAAAAAsBjk1IxVAMDdrlIP1g7o1Bt9kqS+N05poPbB6DL6ygdrNXDqDfWZhTo1UKvIZNC+U9as0QQBzsqtLWppiXzt1tZyqXzrbisYOjfXlCQFBjVQvkFVBFYBAAAAYNHJqRmrAIC7X+XWnaptOW7NLq3VzpbK2ELtrG3RcWvqae3OFisA2qdzPZJ0SkdaTsW0VqudLVtnzG86V9cM+AelBPNhAQAAAAB3P5uR4QSgPp+PndGBJDL5M+Lz+bS2jKAOcsu7776rouJ52HUOuEuMDA/r/vvvz3Y3AMRgLAPSw1gGIJsuDw7OSSzy0qVLM9YhFQAAAAAAAAAApInAKgAAAAAAAACkicAqAAAAAAAAAKSJwCoAAAAAAAAApInAKgAgoxwOh8LhcLa7ASwI4XBYDocj290AMAljGZA6xjIAixmBVQBARq1YsUJjo6M8kAIzCIfDGhsd1fLly7PdFQCTMJYBqWEsA7DY8bESACCjVq1aJUn68MMPNT4+nuXeALnL4XCopKQk+jMDIHcwlgGpYSwDsNgRWAUAZNyqVav4AxsAsKAxlgEAgJmQCgAAAAAAAAAA0kRgFQAAAAAAAADSRGAVAAAAAAAAANJEYBUAAAAAAAAA0kRgFQAAAAAAAADSRGAVAAAAAAAAANJEYBUAALI6/0oAACAASURBVAAAAAAA0kRgFQAAAAAAAADSRGAVAAAAAAAAANJEYBUAAAAAAAAA0kRgFQAAAAAAAADSRGAVAAAAAAAAANJEYBUAAAAAAAAA0kRgFQAAAAAAAADS5Mh2BwAAd5+hoSEFAgGNj49nuytAznI4HCopKdHKlSuz3RUACTCWYaFKdXx5+5dvy2aTDMN8/fH/8vFoWe+vexUMjiUse/uXb8e1E1sGAIsNgVVgUevViaZWeScfdjfo4N56uaY9rV27WqU9bY2qzlRP2pt0WM062ph6i8nOmU17887fqef2d0gNB/RMfey73asTTa+o4sBe1U/7PyHti6nz0H69uWnytTJvaGhIQ0NDyi8oUEFh4ZxeC1jIwuGwhoaGJIng6h0xxzI1t2nHlF/58/e77074Ow9pX4cvYZkn4X2lKEPjdW97kw5P/WNBjRkdp3ILYxkWslTHF8MIa8PGT8om6ewvfjGljQdqapSfnz+lzDDC2vjJT0oJzgOAxYbAKoBJD23mQ+i+Q0oeXJ0D7vLSebxa7vB1nFZvfeaC1NkWCASUX1Agu51sM0Aydrtd+QUFCgQCBFYx84ea2eaJ/7DS33lI+/YfklIJrvo79dz+Lm1eQIFYxjIsZDONL/9y7juSJFfoEwqOjUmSQqFw9LgkrQw+oGAwKJvNNqXMFfqExhKc95kH/2rO7gkAchV/KQCYxKX6vc3y+Dr0k95pqlQ36mgGZ6tKUmm5WxVlmXvaqm5sy+3ZqlFuud1eHW6f7s1eeMbHx3kQBVJkt9tZZjynXKrf25bTs1Xn1ByM1xGu+r3a4/Gp/fTdM37FYizDQpdsfAmPGypfv17hcHjiWDisdevKol+2kFNOp1OGYUwpm3xe+fr1Co8bc35PAJCLmLEKIIFSVbilNwf9UrVLve1N+oE8ktcrn7tBB7cNaF+rtOdAuX4waQZK/BL8+FQDEzNjzVmx/RUeeb1eaxbMXu2IXL63XbtaI2fNbqnh5FQAccss42YFTdNHa3ZNhUfyen2RwolgbbI+Wkv8fSn2f/O2Bqm1VSdqEyz3nDLLJ3bJa2SJa4MqOjrMe3A36OBT0rci158yA+q8TjTF1I0pi1vqGXOvU/7/5/KMKgCIMzkVwHTjUpJxwlpO7/F45fVGiidSC8T97pz0O3L6sSc95jU8E0v6e9u1q7VfjQf2qux0kw6rQY39HWr3SdLkelYqgN527XpF8sgrr8+tT/+RT+9VxaRI6G3XrlfK0+pjablb6hqUX9VyTX4vouNfr05YY5IvZoZrpt4bAOkbHzc0bgQVDof0i56e6PHR0WD032GNTVsWCo3HlY0bQY0TWAWwSBFYBZCAS2UVkm/gmmQ95vi80p62tuiDmlmtRpvdHXrzvF/11gNrt1fyNFfLfJhtVX/DAR01n6D03P5D6owJMnr7y3WwrW3Sg1SvTrT2q/FAm1mvt127jnWq5k4euHrbta+jQnva9qpa5oPfvvYyHW0snb6P5l3Lq2Ydbau2yiLBz2R9NB8gK5rb9Ey1Vba/XWXJZgyV1utvGrq075VOfXYW9+nrGNATbW3aYQUM9h1rMN9XK8D7k976aODA19GlzQfadNRlpXxoL9PRxmr5Ow/pcH+DDrbVy2UFIp7rnHjgjvv/DwALUpJx6dp040Tkt55X/eUHdLTNZQUrj6mzxjxv4nened63OmvM353Tjj3T/Cb1dWhfU0f8MSvgWN3Ypj1q0uH2Wh1tlE60euVpNsegXknydqi/uU1Hq63g5qFpAqQ+r2TVMwOp5+Wvt/re45V704G0xiCX+ceCrkly9U59Lw6f7lV9Y7V2HGhQf+yHhOm+NwAyKhQMS4ahgt8bnFRii/7L4b46fVnVlfgiw2a2CQCLEIFVAKnx1CYIqrlUs8mt9i7rwcw/qH53g/6mWpL/vN70efTEXusRzVWvJzwd+sF5v+rNqKXcm2qmeYAzlxbWN1abyxj33lnXe3vMWbGR/lc3tumoJPk7p+9jjSS51bjFOstVpopU+tjbI6+7QQejF9uiRvd+dfc2qjrJ86Kr/ik1du23HsjTuz93wxbr3syZxtH3dUqfJXm2WYFtl+q3edTe2qPexlINdvnk2bbX+v9hlVkP3OZ5if7/A8AC4j+vN31ubX5q4nf+M23m77je0165Gw5MjBNbGuTe36PexmrrmEdPRD4VLC2XW/0T7fomPsCqbmzTM9bh3p6Z2pxkhlmb1Y3N8jS1apdX5qqC6vhzP1sde50unffXa+pw4lFdtEO18vheMeu5etXtdWvzgTuYMxo3Xvs12C9NHYRMab83ADIqFDR04fylbHcDAO4KBFYBJGA+ELk3zbyZlKt+mzwd5oNZzfkuadNT5kPhtQH55NXhpknbCHuuSUrWbrV2tDVLkYdHacqGGelJci/J+liTrM3p++gf7Jd83imzjtxWWoXpRQKdx9RZsy2F+5qduA3CSsvl1oCka+r3Sd7WJsW/Ex5dm7OeAMA8uzYgnyr0xJRfxeY44fPu1664X91uDfqVPNBX3aijzdKumN+fHitVS9I2ZxW/rNZnG9zydlRoz+QxsaJsIiCb6EO1adqr8/isDxMH1e/epM+m2S+/OcCao/qkNDhu97RnzcF7AyAdVSWbteaeNQqFQhlpLy8vTx9c+SAjbQHAQkNgFcBU/vN60ydVbEvl6SbyYNYrdWliJlBpudzy6ImES+D9M7a5o63NzLkatwQ/zfuQlCitQVSyPvonL41KsY9lFZJ70+xyxVU3ao+nSYdP98iT7rmzcW3AegA2Z7p6tiV+j+/ObUkALDql5XKrK0Hwzhwn3JsOJN7kaqZPmKwNoiQrb2hru+raGpO3ORv+Tn2rQ9aGh7XxHzj2T+Q5lX9QSSaLxne91iPfK+fVq5gPRlPvkM53+aSKbebS/9Md8k3Kz3044XkzvN8LRKDnmI6cGoi+rt3Zoq2VE+V9p1p0vCdRWZ9OtRxXNDtl+VbtfqpWJZMv0HdKLa+XJS6b2hv1HDuiwU/H9yG2j+Vbd+up2plbUqBHx44M6tMtWxXTVJL7wcJkqKTE/H4wDEOGYchut8uQZITDstlsks0mwzDzptqtfxuGIZu1qZthGLJJZl1JH1y5kuhCAHDXY6tLAJP41XmsQ76YZYUzqa71yNfRqvaKbRObNLlqtNnt1Q86I0HUXp1oatJznTMEVf2deq7pkKLVXGWqkFsVM0+eTdo/eXuiAUJ/5yHtOtQp/1z0sbpWHl+HftIbW7dJJ1KMTlY3Nsvj9U7MHHWVqUI+vXneulhvz6RZpenxdZy23ge/Ol/xWkv8zZQO3lc6oyHv3vYm8z26g2sBQE5x1WizO+b3qfU7/0RvZBw7HT9ONLXP+MFSdDyJXKKsQnKXyxwOZtfmNFdS57EOqeEpPbO3WR5va/y44utSdJg43SGfe5NqUvps1ByzDnf4VFGWZli185jafTEpcyQrwCvJ36kfJBmsMvveZEHfKR05VaadLS1qaWlRy85a9Rw/pp7ARPnxnlqzfGeteo6fUp8kMwB6XINbd5vntezWVp3SkVN9U9pvOd6j1JhB1ZgYr3W4R98/JW3d3aKW3VulU9+f6N+0TfXo2JFTmtzU9PeDhcowpKVLl2rp0qXKLyiQ0+nUkqVLVVhYKKfTqYLCQrMsP1/5TqeWLl2qAqtsyZIlWrJkiZxOp/ILCqLtGOxdBWCRYsYqgKlLwNNdel9dK4+8Um3sOS7V721Wf1PMUj9Ps7lhSLJwnatezzQPaNf+JllbZMndcEA7pnve88Ysxzdrm7skx/WvUQcbDmlfU1OkI9pjba4xbR+TRRST9tHcpOO5/U3aFVuW8tsZWeoZ/3pfh9VHT4Ma3YrN7pcWd0O5upusWUTuBh20/j+76vdqz0BTTAqDifeIdAAAFoIpY5m7QQf3xuZ1mTouuRsOmBsNavI44VbjgSSbDkZanPK70zzPHA7SbDPR5lWS3A3/uzZ3/R9qV4MO1rskubSj2aNdrYdUERnvPBXqj447E7+/Z1atOo/k9cbkXp3OlPHWoz0xKz7MPKnWPbgbtKfBrcNd1kxaa7PL9v1N6m9u045035tcU7lVLS2xrx9UrXo0GJBUIvWd65Fqd5ozPiv/RFvLj+hc31ZVVpao9qkW1UZPLFHVhnLpLb8CqlSJIjNDy1VbW66emRbPRAKhtbWqHYgPxAYuvKWB8g36Qokk1erTtaf0+oWAaqeZtRqZ3VpbW6tJTSW5nxTeK+QoQ5E4aCgUUjAYVH5+vsLhsILBoGx2u/Lsdo2Pj8swDDnz8xUKhTQWDMrhdEqGofFgUHl5eXI4HNE2AWAxshlGZj9b8vl8ck+fVAlY9DL5M+Lz+bS2rGzmisA8evfdd1VUXJztbgALxsjwsO6///5sdwMLlLnkfva5yP2dh7RvYNsd5DK/O6U3lpnL+7WzRVsrzRmkb22ILL2f/DpeoOeYjry1Ibrkv6+vT5WVlVOOJxToU58qVVkSe32rR6dadFw71WIdmPx6alN9UmWlSvpOyWwqkgogvftBbplufPnPt97Shk98QpJ0e3RU4+PjWrJkicKhkEbHxpTvzFeeI09jo6MyDEOFS5YoGAwqGAyqsLBQMgyNjo0pLy9PBQUFZpv/8R/6ww0b5vX+ACDi8uDgnMQiL12aeaM/UgEAAAAAi5KZJ9VTS1D1TgR6XlePavVgTMyyzBUJOpbINe1n4H1649SAyjdURYOnlelMAy2pVGWS2GZ52URhSVn5DE1VJs3lmtr9YKEwDCkcDiscDms8GFRoPKSx0VEFg0GFQyEFg2MaswKuoZBZFqkXHBvT2FhQofFxjY+PKxwKyQiHleH5WgCwYBBYBQAAABYbf6eea9qv9ormWW4OCUlWvtUB1e6M3+xpZma+1Z7yrfoCMz8xzwzDiAZWw4YhwwjHHTc3qpr82qxnGIYMWa8jbRBYBbCIkWMVAAAAWKCqG9t0dDYnuur1TFt9pruzuFibTNXGLMGPGPQHZE4nDcg/KMUnf7c2nNLW5Ev9Y8+wcqCaamOW6k9vIJL0VVJgcGJLKjOPq/WiPLU+JL8fLDxGNBBqt9ll2MLKy8uTJNlsNtntdjkceQqFxiVJDofDrG+zKS8vT4ZhKGSzyWazma0RVAWwiBFYBQAAAIB09J1Sy/FBbd3dovgJp4mXyk8spbeCqmXT5ztNpKT2KbXUzlwvWr+sXJq0+VUkNUDl1ha1bE25pRnuBwtRZCaqJI2PBxUKhTU2NqZwOKxQKCTJTBUwPj4uQ9Lo6KhCoZCZMmBszDpv3ArAOqz6BFcBLE6kAgAAAACAVAV6dOx4j2p3PqVEq/grH6zVwKk31CdJfW/o1MBE/tW+U9ZM1TSCqrNRUrVB5T2vqydg9vf1nnJtqJpdMDTZ/WBhis2xGgqFFA6HNB4KmcHTUFihcNh8HQ4rHD1u1gvF1Js4P5ztWwKArGHGKgAAAACkKHDhLQ1IGjjeop6Y4+Vbd+up2hKpcqt21rboeItZWruzxVq236dzPZJ0SkdaTsWcmdrS/rSU1OoLW9/SkSMtOmX1bdapXKe9HyxUsTNW7Xa7woahPLtdYUk2W0h2m015drtC1lL/6PL/UEh2e54kQzab4lIBkA4AwGJlMzL8G9Dn88ntdmeySeCuksmfEZ/Pp7VlJLlCbnn33XdVVFyc7W4AC8bI8LDuv//+bHcDQAzGMtwNphtferp79Ad/8PuSrGX+4bAKCgoUDocVDAblcDiUl5en4NiYDEkF+fkaHx/XeCik/Px8yZDGgmPKy8szX0v69a9+rdq6NPJVAEAGXR4cnJNY5KVLl2asw4xVAAAAAAAWCcMIK2zNrxq3lvIHg0EZ1tL/cSm6zN+QFAwGFbJejweDMiSFI7lYQyHZbDbSAQBYtAisAgAAAACwSBiGZMQGQg1DNkmGzRZd0m+TZEQq22xSZLm/zSabYZhtWMdIAgBgMSOwCgAAAADAIhKZsWq32WXYDDN3ajgsm90uu90uuz1PdltIhs0mu90uw26XPRyW3W6XDMluN2eqRoOvALBIEVgFAAAAAGCRMAxD+U6nJMnpcMgwDDN4Kik/7DQ3pbLZ5HCa4QK7zSbDqmez283z8p2yKX4DKwBYjAisAgAyyuFwKByZ0QAgqXA4LIeDP8eAXMNYhoVupvHl7bfPzWNvAODuxV/yAICMWrFihQKBgPILCnggBZIIh8MaGx3VihUrst0VAJMwlmEhm2l8+eP/+sfz3CMAuHsRWAUAZNSqVaskSR9++KHGx8ez3BsgdzkcDpWUlER/ZgDkDsYyLGSMLwAwfwisAgAybtWqVfwxDwBY0BjLAADATFjXAgAAAAAAAABpIrAKAAAAAAAAAGkisAoAAAAAAAAAaSKwCgAAAAAAAABpIrAKAAAAAAAAAGkisAoAAAAAAAAAaSKwCgAAAAAAAABpIrAKAAAAAAAAAGkisAoAAAAAAAAAaSKwCgAAAAAAAABpIrAKAAAAAAAAAGkisAoAAAAAAAAAaSKwCgAAAAAAAABpIrAKAAAAAAAAAGlyZLsDAIC7z9DQkAKBgMbHx7PdFSBnORwOlZSUaOXKldnuCoAEGMuAmTGWAVjsCKwCi55fnYf2q903ccTT3KYd1bF1enWiqVXe6Gu3Gg/sVb3LKm1v0mGvR3vaGhV7mr/zkPYNbNPRxrjGZn3OrPW2a1erplwLc2NoaEhDQ0PKLyhQQWFhtrsD5KxwOKyhoSFJ4oH0js00lpnjmKxjjFuYCWMZkBrGMgCLHakAgEXNehCtaNbRtjbrq1lqbdKJ3kgd82G0v+HARJ0Dm/Tm/kPq9Me25dUP4g+kYDbnINcFAgHlFxTIbmeIAZKx2+3KLyhQIBDIdlcWuFTGskQYtzA9xjIgNYxlABY7/lIAFrVr6vdJntrY+TDV+myDW94e62nUP6h+ubW5xjVRxVWvJzw+vXk+5uHS7ZY6jimt583ZnIOcNz4+zoMokCK73c4y4zuWwliWCOMWkmAsA1LHWAZgMeOvBWBRK1WFW1MePF31eyeWNLrKVKFJQVRJ1Y1teqY+JthasU1PeHxqP9aplJ83Zzqnt127mtoV7Z2/U881WTNlI//ubNeupibtamrSc51++TsPxb2ONRhTFj+LqVcnrOPxZX51HmrSiXbrGu1Jpz4BALIihbEsEcYtAAAA3CECq8Ci5lL9Uw1ye1unfaiTqrWj2SNfx/5pHu5iajY2y+Pr0E/SeI6bzTkTfGofqDWXfVp9/Jae0tG2Nh1scMvXcXri4VZetQ9si9b1tkZSGfjVeSgm1cGBBvW3xqc58PaX62BbW2bz5wEAMiSVsSwxxi0AAADcCQKrwGLnqtczVk4686Fu/9TgaXVjNG/dHo/kbW3SrqbJOValSBDW2xozW2dGszknwq3GLdZDY2m53DEpC1xlFdPXrd6iRrc1C9d/Xm/6PHoiMvs2QZoD96YauQQAyFmpjGUJMW4BAABg9hzZ7gCA3OGq36uj9dYOx63tqkuwG3F1Y5uONlq7Ix/rVM3e+kkVtqjRvV+H22t1sDzFC8/mnLRVqCz6lOlS9Pn12oB88upwkze+uueapNK56gwAYI6kMpbFYdwCAADALBFYBRaz3nbteqVcB/fWx81siZ014+88pH0D26YsJywtd0v9iRo1l2S+uf8V/cSTakdmc86d8GuwX1K5rBlDHj2R8MGb3UkAIOelMJYlx7gFAACA2cl4KgCbzaZgMJjpZoG7QjAYlM1my3Y3JlTXyuPr0L64zS386nzFK3lqVS3JVbNJbm/rpHx1vfpJh2/6pYauev1Ng+T1+lLvS6JzSsvlllfdVvf857uURouTePWDyD30nla7z1p+6arRZndMmbUhSKr5+QAAWZbCWDYjxi0AAADMQsZnrC5dulRDQ0NauXKlnE5nppsHFqxgMKjLly9r6dKl2e5KjGrtaDugikP7tatp4qi74YCOxuRue6atTCea9mtXx0QdT3ObnknytOqq3yZPR6u801eZ+RxXvZ7wdOhwa5O8ktwNDfKoK40WY3m0Wce0q8kX7b95iy7V721Wf+z9eZqt++chFQByXwpjWQoYtwAAAJAum2EYRiYbDIVCun79um7duqVQKJTJpoEFLS8vT0uWLNGKFSuUn5+fkTZ9Pp/WlpVlpC0gU959910VFRdnuxvAgjEyPKz7778/290AEIOxDEgPYxmAbLo8OCi3253xdi9dujRjnYzPWM3Ly9Pq1asz3SwAAAAAAAAA5IyM51gFAAAAAAAAgLsdgVUAAAAAAAAASBOBVQAAAAAAAABIE4FVAAAAAAAAAEgTgVUAAAAAAAAASBOBVQAAAAAAAABIE4FVAAAAAAAAAEgTgVUAAAAAAAAASBOBVQAAAAAAAABIE4FVAAAAAAAAAEgTgVUAQEY5HA6Fw+FsdwNYEMLhsBwOR7a7AWASxjIgdYxlABYzAqsAgIxasWKFxkZHeSAFZhAOhzU2Oqrly5dnuysAJmEsA1LDWAZgseNjJQBARq1atUqS9OGHH2p8fDzLvQFyl8PhUElJSfRnBkDuYCwDUsNYBmCxI7AKAMi4VatW8Qc2AGBBYywDAAAzIRUAAAAAAAAAAKSJwCoAAAAAAAAApInAKgAAAAAAAACkicAqAAAAAAAAAKQp45tXhYf9GvU+r9D7P5dxcyjTzeMuZRgJjk2pY8xQntq5RtzxmfuTyrnxxxPXtxetUoH7j7Xykf9NectciS8MAAAAAACABSHjgdXRn/2Dxntfz3SzwIIXHrmum2+/KoXG5fqfD2a7OwAAAAAAALgDGU8FMO7rynSTwF3l1ntvZrsLAAAAAAAAuEOZz7E6NpLxJoG7iTHKzwgAAAAAAMBCx+ZVAAAAAAAAAJAmAqsAAAAAAAAAkCYCqwAAAAAAAACQJsd8XuzDYJ7+x+9KdP6jJfoomDeflwbmRbEjpOrim/r82mta5ghluzsAAAAAAACYI/MaWD35/kp1Xy+az0sC82p4PE+/CCxTyLDpf/nYlWx3BwAAAAAAAHNkXlMBnA8UzuflgKzpvbEk210AAAAAAADAHJrXwOrNMMv/sTjc4nsdAAAAAADgrsbmVQAAAAAAAACQpnnNsQogt1weHMx2FwAAAAAAwCK3tqws212YFQKrwCK2UH9xAQAAAAAAZBupAAAAAAAAAAAgTTk0Y/VpffOleq2ffHjkHR3/q2/ox9noUpq+3Po9fUqd+mLzC5NK5vfeJvrRp69/5y9V2fddfekbr2b4KgAAAAAAAMDilXMzVi/+7C/0xScjX9/VeT2gna1PZ7tbGZHw3r7zrB5P4dzHn/22Xk6xLgAAAAAAAIC5lXOB1Xiv6u+6L0rrq/TlbHcl417V3/1Vpy4WPaDPZDhu/E/Nf5Fg1iwAAAAAAACATMmhVAApeuxZvbjzARVJkkZ0/vhf6+9ejRxfocDF9Vq/3pwd+lUd1sufiizAj6k7Yzv3KnBRWr/eLNXF2OX9j+nr3/lL1RRFOnRRP3tyj/5pVjfTp8BIvSpXPybJ7NiXW7+naJcj1336sHbWFEnWDFf91Tf04yT9iE0FEOfpJO8HAAAAAAAAgJTl+IzVx/T1uvXSxQtW4PJpfXPnAwpEltT/LKCanYdjZrOuV0ngu/rik3+hr77wtL75qRKdPx5T988jS+nj2zl+XpPaKdJ69ZjnHX9HI+vr9U1rVunjz35BNYHOieX8I+tV9+xjs7y/V3U1IBWVVFptf1ufKnlHxyNtl9TrxWcfk17Yo+PnR+Jysqbfj2TvBwAAAAAAAIB05NyM1fWf+p5e/lTMgZF3dDwyW/TpKq0feUfHI5NHX3hd5+v+Uvc/LalPkkbU1x07BbNINZ95Wnr1BemFPfpi5Lynq7ReF/Uz6/WPv9Gjz7xUH9fO+X+xCl+9qsDOiRZ//I2/jtlsqlIlRcqQx1RXWaSL3ZHNrF7V33V/Wi/X1elxTZ1WOrt+TPN+AAAAAAAAAEhLzgVWL/7sL/TVaQJ+j68ukYrWa+dL31NMrFMjqx+zAqKxXtBXn5S++VK9Xn6p3mrcXFr/+OoSaeT9qaekYtJy+pGR2TQS8ZhWl0gjfX2KBEenBJYlVSrB7aXdj+nfDwAAAAAAAADpybnAajI/vhrQzpH3o8vh4zxWl+CMF/TVJ63A4WPP6sWd9frm0y/oq1cD2lmzQpVp98BMTTBy/rv60jdeVSTfavrtTPS5skgKXDXbCozUS92JA8vxS/Zn249p3g9iqwAAAAAAAEBacjzH6iQvXNDFogf0GSvfqR57Vi++9L1o/tM4jz2rF1/6tr4eSTv66lUFNKJAn9WO1ptL/yU9/myt1uui3k0xwBjJiaqnPx2zeVS6HtPX//wBFY28IzPrwKvq7hvR+rqJvKdfbv2eXv7O9HlQ0+pHsvcDAAAAAAAAQFoW1IxV6QV99fhqvbhzYrn8yPnvmjMuJ+/b9Oo39KXKw3p55/f08s6Yuq8mamdE54/vsTbISsbKe/opazn9xU797OJ6faoktTmrU5b5T1qK/+Nv/LUqW78Xk+rgon72pDU7t/t9/XnNA9r50mFVPrkn/X4kfT8AAAAAAAAApMNmGIaRyQZvHN40bdlf//u9mbwUkNNaP/6eJv9wRX7aPva33Rm5hs/n09qysoy0BQAAAAAAsNBcHhyU2+3OeLuXLl2asc7CSgUAAAAAAAAAADmAwCoAAAAAAAAApInAKgAAAAAAAACkicAqAAAAAAAAAKSJwCoAAAAAAAAApMkxnxdbag/pZjhvPi8JZMUSeyjbXQAAYJHo1YmmVnnl0Z62RlXHFbVrV6tXcjfo4N56udJtub1Jh9Wso43VM1eO8Hfquf1d2nxgr+oTXTDSp4hZ9g1zb3h4WMPDwwqHw9nuCpCz7Ha7iouLVVxcnO2uAEBWzGtgtabktrqvF83nJYGsqF52K9tdAABgEXHLp9eojgAAIABJREFU7faqu7dR1TEx0N4e7/SnpGlWQdapjWhXa78aD7RFg67+zkPad0jR4Go618lIn5DQ8PCwhkdG5HQ6JZst290BcpdhaHhkRJIIrgJYlOY1FcD2e4e0qXRYy53M5sPdqdgR0idLbmjbOn+2uwIAwKJSUeGWt6c35ohfg/1ueTzuWbdZ3diW0aClf7Bfcm9STcz0VFf9Nnl8XTrPnw45ZXh4WE6Hg6AqMBObTU6HQ8PDw9nuCQBkxbzOWF3hDOmp37s2n5fEAmEYCY5NqWPMUJ7auUbc8Zn7k8q58cenaTSn+dV5aL/afRNH3A0H9EzCNYx3qLddu1o1dbkmAAB3oKJ2k9ytPeptrDbHF/95valNeqK8S97+mIqTluJHxzt/p57bP6AKj1der+RpblNdjzkj9GD5KzrslaRW7YrMEPV36rn9HYoOnZ6ZZ466yiokX5fO++tj0gRUa0fbXknm7NVUrzOlbm1P/Pg6KSVBb3uTVV+kH0hBOBwmqAqkymYjZQaARYvNq4BFr1cnmvarvaJZR9varK9mVXTs16723plPBwAgF5TWaLPbq25r6PKf75I21ag0rlKvTlhL8Y+2telos0e+jtOaGO286i8/oKNtbdoREyN11e/VHo9igqd+dR7rUEWz1c6BBrm9r6hzplmn1Y3a4/GpfX+TdjU1aVdTu2JH2nSuM7VuEr3tOtzfoIPWOL+nokPfmrGzAAAAmMm8zlgFkHt621vldTfoYNxDWbV2NHvkjZ35A8xCMBjUlStXNBYMajwYlMPpVH5+vsruuUcOx90zBC2W+wRym0s1m9x6c9AvVUvnu3yq2OaSBmPrTMwOlayl+aqIKXdrc00q8zhdqt/bNvHy2oB8kjancKaZXkCKbLp1uCnZ5lqzv84Uvg79pLdeO6rNPjwzmzYAAAAQh6c9YFHrVbdX8jQneJirbtTRtvi65q7LJk9zZDaPmUbgzQqP5PVaSxXjd2aOXX7o8XjirxO3xNGtxsguygmWZO4gwrugfPjRR7py5YrWrFmjgoICFRQUaHR0VKOjo3rvt79VWVmZVixfnuDMDO3wPdPO3Bky6/ucvLw3KubnYK7N03sEzBdXWYV8r5yXv0Z60+fRE9WaFFiNT33jds8+/2r80nq30m+pWjva2rTD+p33rc6ahCl47vw6Msf0ZmlXa1OCcRwAAACzRWAVWMz8g+qXW5tLZ6yozkOt6m84oKPRPHSH1BkTjPF5pT1tbaq2HloPt9eaSxN723XYGwmQmWVSJLjaqxP7zSWOz1TLDJrtb1dZNJgWWZJJxGeh+fCjj3T9+nVVVVUpFAppdHRUH330kRwOh4qKinT//ferr69PkqYJrs79Dt+ZEHufsSIB1uXLl894n/MWRAUWg+paeXyv6CenJZ9nm8zF9DF6T6vdF/OhjZX3O23+Tv3AO/nDwK6ZTlLnof3q3zY5oFmqCrfUn/CU2VxnGtWNOtrWaDV7SPta21VHvvMMGtGF136o7pjtJKoe2a66NdaLD7p18oz0yPY6rUl4fiqXuKDXfvhb3ff5R1VVdIfdBQAAGUGOVQBxetsjed/MrxO9MjcA8Xn0RCT646rXEx6f3ozZwtjdsMV6OHOpLGZVZW+PV/LURsvqt3liC+V1N+izkae66i1qjMmPl/qSTOSSyLL4e++9Vzdv3pTP59PAwIAGBwc1MDAgn8+nmzdvqrKyUleuXFEwGEzYzlzs8J1JsfeZzEz3CSCTqlXn8cnr9clTO13IsF+Dfknyq/OVO/mwxqd+K4jWezrR7PPJzFQF3tZD8blYe0+r3ZdsvEvxOqXlcis+x2ykrr/zkHYd6owGmV1lFZK7XDN+rooUWUHVlY9o+/bt1tcj0pmT6v4g230DAABziRmrwGLmKlNF5IHNep6bnPtNkpXTzWvmgYvluSYlfSzza7Bfcm+KqVNaLrcGzNLBfsnn1b6mjriz3IP+5M0ip0WWxYdCIV26dGnKLrHhcFiXLl2S2+3WmjVrdNXv17q1a6e0c8c7fE8xXTqLO7vPVCS7z6SSpsro0uaGCrV3mHfkbjigv9Ex7evwRV9H34csvUdANlTXeiSvVJfoe7d6ixrd+9W+v0ntcquxuUHu1i5ZaVlnbre1Vbv6zVQkT3g6dNhaWu9pbpbH22qOp0nGL1f9Xh0ta9eu/U1qjx71aE/b3uj1U76OK3ldd0ODPOqKXnfPQFPMeOtW44HG5OlUkIYRDV2TqjbEjglr9EBdqX74/geqW7NGWlOn7duz1kEgLW+//bZ+v7pazvz8uOPBsTH19vbqwY9/PEs9A4DcQ2AVWNSqVeeRDr/Sqc8my1dZWi63PHoi4ZLBZLsKm7NXfQMxkVtr4w0pMmNmU+JcmWxWvGCNjY1F84xODqpGhMNhjY6OKj8/X0PXryduqLRGm90d0XQA5g7fT6lUsctgJ3b4rnfJCiCeVm/95O/VmdNZzPY+UzH9ffqsAM+EiWDmTKkyfGof2GYu7e1t167W/fpWg5k6w995SPs6Iu9D9t4jYH7Eb0g1OUe4q36vjtZHX6l+b5vqY86ub4u8qtczbbEl1oeNce02TrQb/SDS0ha56NR2JjUa185M5dNfJ4W69fUxVSeVIYOKtLJU6o4EUSNHqx5VNJYakwpA3Sd1RlWqunBBFyRJpaqLXd7/QbdOnjFLVGXW0yPbVTdl+f8H6j55xmpjUuoBYJbefvttnTt3ThcHBvTII49Eg6vBsTGdOXNGQ4GADEkfJ7gKAJJIBQAsetWNzfL4OrSvPX7JdeehiVlrctVos9urH0TXLvbqRFOTnuucOfppzhx6JbrsMS5HZnWtPL4O/SRyaX+nnoukH8CCNT4+roKCghmXvgeDQRUWFiapZy6b7R/0S/KbO3yXTY7wmQGVSODP3OE7gRTSWaQrcp+pmP4+3Wo80KajbRNf0RmiKaTKaNxiFZaWyx2TOsMVm48ji+8RACwORap6qE6lF87o5MmTOnnypF67MJL8lAtDWvl5M23AI1XX1P2vF2Se8YG6z1xQ1SNm2edXDkUDp/FGdOG1Mxqq+7yZeuDzdRo685pmuiwwk9+vrlZJSYmGAgGdOXNGwbGxuKBqSUmJfr+a5SwAEMGMVWDRM3clrmtv0q6mmMPuBh1si8wkdal+b7P6m/ZrV2QVoafZnNU209TS6kYdbDikfdasPLfHE7OjcbV2HGjQc/ubtCt62QNmYIlYzoLlcDg0Ojoqp9OZtJ7T6dTt27eT1svYDt9J01nMbjpm5D5TCa7OdJ+JZC5VRvbeIwBYNIqq9Oh2cyPDkQuv6YfdP9TJ7iSzSKs2RGeoFq0slYas4x+8rwuq0iNrIs1uUFX3mannj1zWb69VacOjkUaqtKGqW29dHlEVO1vhDjjz8/XpRx7R61Yg9cwZ8/svElT9dMwsVgAAgVUAlpmXCJoB2B1Tjk9dVhm3dFKTl2FKaowrTLxkcrrjyHmFhYUaHR1VUVGR7HZ7wnQAdrtdBQUFunHjhvKT/XGeqR2+k6azmJ3IfaYaWE16nwlkLFVGFt8jAFiMiqoe1fYqK8B6plv3bq9Tqiv0Rz4akkrv04yh0ZEhXdMFnTk5aT5r1Yg089lAUpODq5IIqgLANEgFAADIqDVr1uiDK1eUl5endevWyW6PH2rsdrvWrVunvLw8+a9e1T333JOktQzt8H0H6SymE7nPVMx8nwlkNFVGdt4jAFgUPujWydciS/knFC1fmXZTRctXSteGprQ1teJKlapKj2w3UwZEv0iyigyJBFdLSkoIqgJAEsxYBQBklMPh0D1lZerr61NlZaXcbrdGR0cVDAbldDpVUFCgvLw8+Xw+la1dK4cj+VCUmR2+k6WzyMx9TifV+5wqQ6kysvgeAcCisOZeVV07ox92L48JbI7owlsXpKpHUp6tGm1LZ/T+B3Vas0YaufCWLkiqmlyvaK3uK+3WWxce0KNVRYpsZDVU93nrNXDnIsHVyL8BAFPZDMMwMtngjcOb7rCFr2npns8pL/q6T8HD23X7DludD84vvqbCimVTjofObdLN0xm+2JaTWvagzPcm9t8Zvsx8SfRdOPnQ5G/VqeWpnWvEHZ+5P6mcG388cf3Ycz72t92JL5wmn8+ntWVlGWkLyLQPP/pIH1y5otVr1ig/P1+FhYW6ffu2bt++Lf/Vqypbu1bLl039nbnQLJb7BIDF5NKlSyooLEzjjBFdeO2H6r42caQ0Nsj5QbdOnpEe2V4ndZ/UGT0SDcKOXHhNP/ztffr8o1XmIv4PunXyzAWrjTqt7O6WHtmuuqILeu2Hv9V9n3/Uys9qBlOjyQCqHmHGKrJm9PZtrVu3LtvdALBIXR4cnH4viTtw6dKlGevk1ozVjc+r+OGNUv8R3Xj5JUlWsHLPSelOg4Ybn1fxw/cr9NNHdevs7Jsp/FKXnPqRbrz494kr3D6r289/RdG9n7ec1LIHu7RUqQRXzaCy5iIQCwDzbMXy5Vq6ZImuXr2qoevXozNW8wsKdN99981iBmduWiz3CQBIpkhVj26fOrM0Yk2dtm+3/l23XdtjiiI5WePr1lkvPlB3d6lWFilugyyrouq2b1edAABAtuTU017hH26U7fqPokFVSQq+/G05vrJbji8+KcUcXzBOb9ftFa+psOp5OU/HBFwz0O4Ngq8AcpzT6VwUsxcWy30CAObYyAW99sMhbbA2vDJTAazUI6zuBwAgJ+VQYPVrsq+SQucmzwR9Sbeejw+oxi25j5khas4m7VNoVaWVSuCGxn/6qG6d/ZqWPrxRNkmOh1/TEpmzVgu/1CXnqkirkbrWS2v2rC2mbLzqNav+57TsS5p+1uokwQ+vqbBilfIkM7CaoO1bZ5/Ukq9YKRBiZ7huOallD07k7jP6j2j45ZfiUwHEXe1JLfnKbjkiK5euJ5ldCwAAACB3FFVpQ9VJnTkZWeBfqrrP16WXpxUAAMwb+8xV5snGtbLrhoyrM9TbclKFFdcUPLxJNw4f0bg2qvBLX5soX1Uq46ebdOPwJgWvL5Nj0/Ny6u9186dnZcQGT7eclHPpWd0+HFP3DyPtmIHY8Dmz7Ma5a3I8fFJ5Lz+q4HWlH6y8el2GSmXbOH3bhXpJt57/kUKKzcn6NS19sFTjP43U7ZOt4s+ULNuT84t/LcfNH5n1Dx/R+NLPaemW1LsKAAAAIHvW1G3X9u2Rr0g+VQAAkItyaMZqagrXVUrXf2TN0nxJty78mZY9WDMRbLzujc46DY3ckHPpNA3FLaV/Uralkm5aL7fUKE99Cp6eWjedFPYJbalR3u2zuh1t+581XrVb9i2Spizt/3vdPDzxyrmiVNK1yZWmWuXRko3SrbNTZ/sCAAAAAAAAuHO5E1g9e1nhhzfKtjpZJTMAalx9986vN2k5vhGznt65olS6/a5Cd34V0+pVsumajLOS84ulUmGlCvd0xQVpjRVPJjgxflm/cfvGjJcKvvyo9MXXVPhwl5Y9LE1JcQAAAAAgKbvdLhmGZLNluytA7jMM82cGABah3Ams6u8Vvv45Odd9TVL8Mnszd6q5/N64uVu2ovvv+GrRjbKsJf3mNUxTcqLe6bXWVUq3zyoUaXv1u9G8sPG+Fv9yy5/JUdg3kUfVyqs6k+DLj0bbLvxSl5ybnpfzbAY3zgIAAADuYsXFxRoeGZHT4SC4CiRjGAoGgyoqImcFgMUphwKr0u3/PCvHw59T8RffNTdoksxcqKtuaPynZgD09qU+Oa2l/7f1pJZUTaQGSHuZ/tK1ckoKbnxejlWSrlvHT59X6MHPTSzP3/i8ih++X6GfPioj3WtsOSnnKil0zgpsWm07t8hMNWDNnA1H86pOZuVmPWvdq/qSXi42CC1Z6RB0maAqAAAAkKLi4mIZkkaGhxUOh7PdHSBn2e12FRUXa1lxcba7AgBZkVOBVZ39iobPfk1L9+zWsj27rYN9Ch5+VNGV+qe36/aK11S4x5phevusbqeykdRZr0KbNsrxcJeWrt6km/95Vo6HN5pL8m+fVbD/hpyrrUCr/l43f7pWxQ93RWeIhs5tMpfTr+6T88HPadlX1iaedVq4cdIy/xsa/+mmmKX4U9s2+o9YQVVr1u6DXSpecUTDL5v5Vx0Pd2nZwzc0fu6sjAfvtzbBSuz2i0dk+8puLdvzuZj3L42NtgAAAABoGcEiAAAwA5thGGlPwkzmxuFNmWwOi0Si78LJhyZ/q04tT+1cI+74zP1J5dz444nrx57zsb/tTnzhNPl8Pq0tK8tIWwAAAAAAAAvN5cFBud3ujLd76dKlGeuQYRoAAAAAAAAA0kRgFQAAAAAAAADSRGAVAAAAAAAAANJEYBUAAAAAAAAA0kRgFQAAAAAAAADSRGAVAAAAAAAAANI0v4FVG3FcLA42e162uwAAAAAAAIA5NL+RTudSAk646+XlOZS/pCjb3QAAAAAAAMAccszr1cZvKVywTHIUSDYCrEjONsPrXBQOhzQ+dltjw4FsdwUAAAAAAABzaH4Dq+GQbLcIOGEqw0hwbEodY4by1M414o7P3J9Uzo0/Pk2jAAAAAAAAuGuQ9BQAAAAAAAAA0kRgFQAAAAAAAADSRGAVAAAAAAAAANI0vzlWAQAAAGABGBoaUiAQ0Pj4eLa7AqTF4XCopKREK1euTFrv7V++LZttYu+Ij/+Xj0fLen/dq2BwLGHZ2798O66d2DIAWGwIrAKLWq9ONLXK62nW0cbqmON+dR7ar/5tbdpRPe3JCZjnvbnpgJ6pd2W4r5bedu1qlfa0Nao69t9zczXM0vDwsIaHhxUOh7PdFSBn2e12FRcXq7i4ONtdWeCssWzyYXeDDu6t1xyNRima6Ju7IX5s9Hce0r4O36T6bjUe2CuzWhpjqr9Tz+3v0uboubhTQ0NDGhoaUn5BgQoKC7PdHSAt4XBYQ0NDkpQ0uGoYYW3Y+EnZJJ39xS+mtPFATY3y8/OnlBlGWBs/+UkpwXkAsNgQWAUgeV9R55bZPYz5Ow9pX9emrD+85ko/YAVVR0bkdDolmy3b3QFyl2FoeGREkgiuZoCnOfbDQDMoue+QUhoX5moM8Xe+Im+yAO+kMn/nIe3b366yFD4wZNybW4FAQPkFBbLbyZyGhcdutyu/oECBQCBhYPVfzn1HkuQKfULBsTFJUigUjh6XpJXBBxQMBmWz2aaUuUKf0FiC8z7z4F/N2T3h/2/v/mKiStN9j39X/YESZItA90EbZqg+GGZadsZNYO/DZKeIsSOTaDrtZI5GnQvNOHLhjZEbd7eTcGH39A2GGy9wu9NeDBL7TKY7HTrZmjYdydlNsuGwu9PaM0TSMIEWRgHpDShSf9a5WKuqVhUFFIpQwO+TmFhrvet9n6phfLse3vd5RSRT6b8URAS/H9qu3mHshXsqou5868tbrZqs4jhXtFo140xPT+P1eJRUFVmKYeD1eJienl7rSDagIurOnyMwcJ1/71vjUEqL0058Fu2uxc8Qo2Ow6nOqJAiFQkqqyrrmcrkWLGMRCZmUvPZaws6iSCTCzp3FsT9G2IvX68U0zXn3kp8ree01IiHzpb8nEZFMpBWrIkLpoUOUXrrEv97ZveAXuL62Bppj+yztrYrjbfY2xgF7VdBu7iVsW0zcnhlfTWRvbywNQGcn1kbIQMKW/pTjJYcWLQVwDpqdcRwa5p2PSxyrePr4Q8PHlGqL5KqIRCJKqoqkyzBUMuOlKaTUD1+OjkGFPRukNZdZc0dC23klc5xSz3Xxrf6XON0ZSKtszdi9Lgb8tfw2uRTA7nv8/t1hSgOddHZC4H8H6Pw/jphP2R3ca+P09c40YhaRzSwUMgmZQSKRMP+vpyd2/dmzYOzvEeYWvBcOhxLuhcwgISVWRWSTUmJVRIAKfn0uwOlLN+mrS/HFr6+N5qFjvN/q+LJ5s4+648d5/9iQYyuic83rGHc+uMTQsfe4UldkJ0E/SEhuDnRCY2srFfaXx+a2autL4ILjLfAFsSI5jj4CAx9zb6zOGquvh05/Le8rqSoisokUUVwKA8PjQNEy5jIrKRpva81Rv7+TqtbpInNd3XneZ4nt+gPXeafhuuNCgMbWhbb2dzJU8h5XWq27v/A6Yh67AwzQNnyIK63H7Zqrl/hD9XJrpYvIZhAORsA0yf6fo0l34r8Y9/gfLXyv/G+Jt0zD6lNEZBNSYlVELBXHaQw02MnNwnn3rpyPvhhjdAgoXaK/sXt8OeDn56fsr4cV9Rz3v8uX98aoq7Mu+Y/V20lc68vvC42XGDA1gQH+dG+Muroi+no68de+pxp0IiKbWdpzyxj3ugYIHDpvzxtF1B0K0PbxPcbqkpKei851acw6yfVX+9o43fBB6l0a+Pn57sX69HO83s6iFhUvb9oUkU0lHDTpv/dgrcMQEdkQlFgVkZiK+mP4373EH6rfS/xCNnaH37973d6y78fvT6Oz8WEGKOWXz5PNfJ7xklRUBxj4+B5jdbsZHfLz83qlVUVENhcreeqvtX9ZmPbcMs7QAHReaoht77cEsNe+Opq+wFyXSopfQoqIrLTy/J/z6v94lXA4vCL9ud1uHv7t4Yr0JSKy3iixKiJxRXX89lgX73x8k4Djct/N6ww4arX1tTXQvFRfhSX46cJR2i5tzzVesopqqxxAH3xJtF6dZLKZ/lt82g01b+2nPHdVBuTWp9/x+mqNJyKra+weXw5A6SG7vmrac4tVmzVwKI1t9C8w18kGMdnD1ZZR3mw6SFn8Ij1XW+gYtl6VHDzLqer8edfjSjh49hTV+TDZc5WWhAbVnEjoO2UQ9FxtYfTNJg46Gjr7isfwPO9nkI6ma/Q4mqXdn2Qok/x8638/0zQxTROXy4UJmJEIhmGAYWCaVt1Ul/130zQx7EPdTNPEAKst8PBvf0s1kIjIhpdBidUL5DQewJ3q1mwvs5fPEEx1b5PwnezCWxB/Hb5by5ObaxePbFxFdac43vUubQMkJFcZGmWMCorG7vCnTpJupupoNz/3X49vh+y7SduAn+OniiChFusCljvePFY5gOZLAxA4pzIAGW+Gke+gvBy+G5mhXJlOEXkhY9y5ep0B/zF+60yOpjW3FLG71k/bx3f4hfMgq6Fj82ulLjrXPYflzpWytiZ7uNrSwTDVCZcHO1ro4CBnm6rJjyZTi5o4WJZP9ammhNaDHU1c402iOcrJ0eFlJi3jydqEKCZ7+GMHHDzbRDU9XG35Iz3lp1i02wXeD5NjjKaV4JX1wjQhJycHgGAoRCQcJis7m0gkQigYxO3x4Ha7CQaDYJpkZWURCocJh0J4s7Ks54JBXC4XXo8n1qeIyGaUQYlVixKGyY6w5cxZPPQy22wnl6sus3VvFzm8+GflO9mFl8+Y+vDic/fhPXwL3yv3N33ye+Owa8ldim+AtEoE2Ads+I/ReMxPc5f95XR3Lf7r13mnYZjG1vrEfs6fY6jhXU7b53IEzrWmqBk336LjLRR1QhzWAVwV1QHo7CRQrZM7Mt7Db+nmdd768WM+vf0tD8trePVlj5lbzv6j5S97FNlkvvnmG35SURH74hkVnJujr6+Pyr//+zWKbOObt3XfsToVljOXHaei7jyNww2Og6UWOlTq+ec6IMXhVek/nxDzeyVpDigrJboatLq6mmHnUk4GudsD1SeqsXKY+VS/WU3T3UEOliWlJQc7uNZTzYmm6PVJxkahuDLNpGo0EVpdTXViEEz2f8VwyR5+lQ9QzZvVHXzeP0n1ApnVhd8PMDnKcEkxWp+6kZhE86DhcJhgMEhWVhaRSIRgMIjhcuF2uQiFQpimiTcri3A4zFwwiMfrBdO0ErBuNx6PJ9aniMhmZJjmyv5uaaq59jmftFasosRqovp28ioh2HyUWcfllUpmZkpiNdVPYfKl5B/V+ffTe9ZMuL50POk8m3g9dXvnMz/6XXfqgZdpYGCAHcXFK9LXhjR2h9+/O8wv7USrrI4HDx6Q7fMt65mH3e18tf0t9pfP0N1+G/YdpebV2E3ab0NNzWO6u8cBKN93lB//tZ3b/cReR9tbJQWsdhTW8Nb+cnKj/XwF5fTTP15IzZuv893nzlIAD+luv43dZUKfD7vjY0FhvFyBHVt5eT/9/dEh32K/VtxuSt988w13795le34++/bti6/qmZvj9u3bPJ6cpLKykr9PSq4+m51l586daxGyiCzg/v375G7duuD9ycFBKCsjf7CDpms4VnNa2+Y54diWP9hB0+fFnD1V7UhOWitNv9rjXJ06SEfT5xSfXWJlaTwIBimjLH/+mNZK2BM02ReSX6f/fuyk6+ibCz4rmWtmeppdu3bNu/71V1+x5x/+AYDZZ88IhUJs2bKFSDjMs7k5srxZuD1u5p49wzRNfFu2EAwGCQaD+Hw+ME2ezc3hdrvJzs62+vyv/+Jne/as6vsTEYkaGR3F/zyHsyzhwYOlD/rLuBWri7KTjKGhQjyleYC1wjWyM75N3rni1Xv4Fj67XUI5gfp28sohTBlu3xShL/bzlMts3VuFATA7SJgyXI9amP7oBpC0FX8inoi0EpODhAvK7DIGdn+9dtsqR7/Re6+0k1c+4UhEXiCnMYDpfM7m21kGE58lJFUBgh/tT0xiphqnN3p9F5EJcBfkJcTvPXzLfk8HyDuJ9Z7q28mrjP9HkzkU/wySyzWE79byhHb7M67Cd+YyXD5DMKGPpM9DZBWN3etiIHBISdWM95C/9hfy+lu5QC5v1BTy6V8fUvOqc81qP9/xFkeP5lqJ09vtsO8oR2vspOdX/byxv5zch9182r2dfUf38yrWvU+7/46j0QzpeL/13KvATD/fxfqfof/WbR7XvMXR8ly7/uot+t/aT/lMN7cf1/DWUStB+7C7ndvfPqQ8lvnt5/F2KzYr0fof9O9Q3dbN6CcVFQwPD/N4cpLbt2+zb98+gFhSNT8/n59U6F8kkY0gP3n1afwOxSXQ8XkP/3yd4015AAAasElEQVTKLgXweQ8MVzMJ8cTq4P+lY7iaE6ccGdTJMUYZpqeliQ77UvWJxLqpSUEsujW/pDjed35xCYw+z/uxyhPQc42m6ErWkoNJSWJZb0wTIpEIAKFgkHA4EkuiRsJhgswRDlsrVgHmnj0jHA4TDoUJzs1hmhCOrmb1eDAc9VhFRDYb11oHkMxd2UVeY+KfHOfuYspw829MNdcyOzSFu7IL14NappprCU6Au/wyXoD6dnyl4wSb7XtPqvCdvBDvxlcG/bVMNe/nae8RttRWwVALU821TPWD27HYynv4Ft6cXmaba5lqbiGUc4Cth4/EGxQUYn4RjSEPT60dAxfI2VtF5K51b+ruOJ697fhu3iPs24Wnyn6+fjfu2fuE5iUfj2DkgDlzf4lPLXGc2SGscWL383DTacXwRS9mwQFy6u3k7ASORPEFcioLCX0RjXcQo/Rtu58jbDlzAFf0M/qiF1flLbY8Osrs0JQjcZ3cx7jj8xBZLWPc+aCBd66X0nhcSYyM9/Cv9JfviSUic3e8TmH/X0k8W7acPXaD3L/bDpTzYzuvmbu90NFVP4U1b8TKCLz6Rk1SX/HnEsyM8N14Ia/viAZRzv6jdnL01RqORle9MsN/P05+OB4budspTL4tm4Y3K4s39+0jPz8/llx1JlXfdKxiFZGNKp/qUyeoHu6gpamJpqY/wp7qea0G7/ZAdWViYnRylGFKOHi2iaamJppOVNNz7So9k6sWfApWeQKqT1gxNZ3lIB20dAyuZVDygkzTJBKJWH9ME9OMJFy3DqpKfm21M00TE/t1tA+7jYjIZpRxK1aXrrE6SMheQRn8YRxf6TgRu314ZgqvVYMb384yzKGW2ErP2a978ezdjQ/sa4Ox56gK4PZNEe63V2be/IRQ+Vl7ZeYRPK/kEe6Pri69wdP+t8krD+DFbj/RGVuR6YyB+t24GSQYHefmUabsv/smuvCUH4HeG1asjz55/i39SeMEP+rE23gAVz3wCGCK0Nf2Vv/eESJ7F+roIk8cx+N6txUC9nba5M+o9wzT9nv2zitRmIfnZxeg92LCexZZPUXUnW+lbq3DkDTM0P9VP4z3096feOer/jeWuaXeSnqO939Ke0K1jUL+e4bFa7bOPGac7exJNdxMP7c+7bb/NSykUJlTWUQ0ufq5nVAFlFQV2XTKONjUxEH71WTPVSjZk1AGYGwUqt9MWiVadpCmJufrf+ZgSQtf9U9Szh9p6Ri2b6R3kNTwaHyN7OTocOz6YEcT19JefZp84JZVM7bj2l0GDy6+YlYymRlLhLoMF6YRwe22vv0ahoHL5cLjcRMOWytWPR6P1d4wcLvdmKZJ2DAwDGu/pJKqIrKZZVxidWVYKz2NgrPkNZ51XJ/CqErR/JUCDMYxU25X34Xhs1fSVibecadq7uDdVgiz9wmnuDf7YNBOzoKRM0X46xspWt3AfHIWI3d+XZx0x1ke+6Ase6mrOTsVv7XoZ+RkJWdzGg+Q13jAujTxYjVcRWQDmxnhu/Fy9h1NPKxqpv8Wn343wkx5dKVoOnL5u+1Q+PoCNU5nFnt0O4V8ZyVgkx59+G034+X7YuUEHna3czvtmGQzciZXASVVRTa5ydFhKH4znryc7Oer4RL2pLmXvrgon/yyUzTNX/i6oFRb/6OlAcoONtF0MMVDy6HDrNa16EpUgFDILgUwN0ckEiEctr5VRiIR6/Aq4JmjFMDc3Jz9XMhOwHrs9kquisjmlHGlAFbGDcwnVn3QKbsUgPVngVqfjyYwKUyddOU+5qy1kjaxr6Pz6p4mC/4wDr6C1AnYaDmA+gBuUpUBsMw+GISC3cw7Bqa+nbxGa7v/ouMsR/3beHyDsfIJ0/3j8XuLfkbJLvIk+jk5Sg+IiCSbGfmO8fIfz1tNmrvjdQrHv2NksWRoCq/+uJzx7m9jW/9n+m/R3t6dVFYghdwdvF44znexAR/S3d5Od/TBx/9t5WVn+vmqP3UXIk7R5KqSqiKbz2BHE1ej+/cHO7jWU8LBf3as7ZwcZbhkD+VJmcnJnqs0Xe1hMvb6j3QMV1P5HMtC88v3UNLzuVVGYLKHz3tK2JM8YHrvho6mJuI7/wfpuNZDyZ5yJVbXsWiN1WgiNRIJEwqHreRpOEI4ErFeRyJEYtetdmFHu/jzkbV+SyIia2aDJlathGS8PqhVJzWaiJynt5PwbB7ucrtuav3bsVWbcIPQo6l47VasA6vyzqRRN/TmPesQrGhSseoyWxtvsaUK4CKRiTw8lVUYT0YWLgNw8xNCs2V4E8a7QE5lGebQJ1ZyN2kc7+EAbmepg2WJJk+PsKXc8V9xyZ8RF8iZV/82+T1ilR5gCvPR88QiIhvdt93jlKcqemonOru/XTIlmujVGt6qeczt9nba29v5tBtq3qpZvAyANSDl+/exvftT2tvbaW+3DrKqedWu0zrezaft7bT/B+ypKYwnWkUW4c3KUlJVZBMqO3iC4o4WqybptR6qT5yiOuGMqtSnSOVXn+Lsnq/s2qxNtHTAwbNLb/lfoDN+dRA6WppoaumAg79KiGEZ74aDTSfgml33tekaPdUnOPV8nUmGcNZYdblc1hZ/lwuXy4VhgMt+bdjb/d1ut9UOcLncsXbOUgAqByAim5VhrvC/gFPNtc/5ZOKJ84kGCTYfZba+nbxKrL+DfYJ9/LX38C18r9y3D1GyX5fmRSOLn06f3A9YCcG9VRgAE72EcqpwP2ph2q7n6jvZhbcgKZ7odeJb3ZNjSOiXpBqy9e3kVZalUVc2efwUtWgTxnG816rLbN27i3D0tf05E33ejsE6fKoTT6wUwBShu/dxV85/Nvq/kTlkfz6xsZ3/O8X/EzDWbhGpfgqTLyX/qM6/n96zZsL1peNJ59nE66nbO5/50e+6WQkDAwPsKC5ekb5EVsqDBw/I9qX8NZaIpPBsdpadO3eudRgi4nD//n1yt25d6zBEXsjM9DS7ds0vK9fT3cNPf/oTwN7mH4mQnZ1NJBIhGAzi8Xhwu90E5+YwgeysLEKhEKFwmKysLDBhLjiH2+22XgN/+fNfqK5ZRr0KEZEVNDI6it/vX/F+Hzx4sGSbDEqsZhKr1qjRv3TC84VUXWbr3gJCaZQV2OiUWH0+SqxKJlJiVWR5lFgVyTxKrMpGsFBitfs//5Of/PSnADx9+pRIJILX68W0t/a77BWqYbvGqtfjIWzf83o8mEA4FMLldpOdlYVhGPz5z3/hH//pH1f3DYqI2NYysbphSwEszwVynNvX69/G43v529e95bswJu5t+qSqiIiIiIiIrA7TBDMSwYzWRjVNa+ejYcQWiRjYi0RMEwwDotv9DcO6Z8ZLAERUBkBENjHPWgeQGS4SHLqFb28XeXutK+G7takPuloR1opY66Coiy9rEBEREREREZF5oslQl+HCNExcLjdEIhh2rVWXy43LCGMaBi6XC9PlwhWtyWqCyxXGMIx48lVEZJNSYtUW/Gj/wgdIrbgbPL28eM1RERERERERkZVmmiZZXutoZK/Hg2maVvIUyIp4rUOpDAOP10oXuAwD025n2IdYebO8GCQeYCUishkpsSoiIivKWslgbxsTkcXZX2ZFJLN4PJ74ieki61AkEsHjWfjr/jff3F3FaERENi4lVkVEZEVt3bqV6ZkZvB6PkqsiizFNgsEgubm5ax2JiCTZtm0bk5OTZGVnK7kq604kEmHu2TO2bduW8v4//a9/WuWIREQ2LiVWRURkRW3duhUT6yTaSPRQBBGZx+Vykbt1K3k6eVwk4xQUFADwww8/EAqF1jgakeXxeDzk5+fHfo5FROTlWd3EquECU1+yZeMzXG7MSHitwxBZM3lKFomIyDpXUFCgxJSIiIgsanX3tXhzMFzuVR1SZLW53R6ytmhbp4iIiIiIiIjIRra6K1ZDT4lk54EnGwwlWGVxyZUZ10OlxkgkTGhulrnpybUORUREREREREREXqLVTaxGwhhPlXCS+UwzxbV5bcwl7qf3rJlwfel40nk28foCnYqIiIiIiIiIyIahIy5FRERERERERERElkmJVREREREREREREZFlUmJVREREREREREREZJmUWBURERERERERERFZJiVWRURERERERERERJZJiVURERERERERERGRZVJiVURERERERERERGSZlFgVERERERERERERWSYlVkVERERERERERESWSYlVERERERERERERkWVSYlVERERERERERERkmZRYFREREREREREREVkmz1oHEHeBnMYDuJMvz/Yye/kMwbUIaQHew7fwvXI/4+ISERERERERERGR1ZFBiVVL+G4tT25GXx1hy5mz+M5chg2XxLQSySS8X5HVNTI6utYhiIiIiIiIiMgmt6O4eK1DeC4Zl1hNdIOnl3eR03gAbz0ElYAUWVHr9R8uEREREREREZG1luGJVYD7mLPg3nYEuAHYW/FL86zbjlIBvpNdeOkllFOFxwcwSLD5KLPRrqous3VvFQYAU4S+2M/T3uj1XUQmwF1g9zvxGVMfXrQftFbOWn1OEZ5IjHCheKhvJ68SwhNluAus2+ZQC9MfwZYzdtmDyi5yqOXJI2dsySt3RUREREREREREJJOsg8OrbmA+ASN3l/Wyvh1f6TjB5lqmmmsJPqnCd/JCvHlBFUa/fW+iDO+Zy3gBuEDO3ioid617U3fH8extxxd7MA83nda9L3oxCw6QU2/d8R7+DR56mW2uZaq5E6LJ13TioQzXTIs95iBG6W/YUnWDp5c/I0w0gXqELbWO2L7oxVXpjE1EREREREREREQyyTpIrCby7SzDHPoktgp19utezILd8STkbG+sZMDs172Yvl14qoD63bgd97j5CaHZMlz10QenCH1tr1DtHSESG/EInlfyMB912jVeLxIcmko/HgYJfWSttOXRBOYi781dbieBe88w7VxpKyIiIiIiIiIiIhllHZQCOIKRA+aj+7G/GwVnyWs862gzhVGFlbR8MhI/5Kp3hMhea6Wrd1sh+MrwNXYlrAQ1tx2BR4uNvwvDB5EfbsSuBH8Yx/dKPLaF4knfDZ5exjqoKxqfs6SAiIiIiIiIiIiIZJTMT6xWBXA7Epvmk7OYj1qY/ujGvKa+nwE5O/CClZCs2oELCBNNht5PnaysCiwSQIoar9sKgQmsMgULx0P9/EsLu8HTy9E+LpDTeIDsw0cIpupXRERERERERERE1lSGlwKwao8azu39DwYxSt+OrTr1Hr5FXqOjHml06z/g+1kVxux9Qr3AzXuEfVV4o8nOqstsbeyK1VFd2A1Cj6YcY1qlAaKWjCctF8hJiMVK5jpXyYqIiIiIiIiIiEjmyLgVq+7KLvIqHRcmPmPqw4vx1zePMrvtFr7GLvtQqilCX1j1SH0AE+MYe7vI2wswSLD5TKw26pMvdrB1b7x/c6iFJzeBJbbtBz/aj/tkF157zPDEIOQsHc/iLhKZOIC3sout21qY/qI3ITYmPmPq5qIdiIiIiIiIiIiIyBoxTNNc7DylZZtqrl3J7pbFd7ILL0mJWFkXUv0UJl9K/lGdfz+9Z82E60vHk86ziddTt3c+86PfdaceeJkGBgbYUVy8In2JiIiIiIiIiKw3I6Oj+P3+Fe/3wYMHS7bJ8FIAIiIiIiIiIiIiIplHiVURERERERERERGRZcq4GqsvYvbD2jRqm4qIiIiIiIiIiIi8GK1YFREREREREREREVkmJVZFRERERERERERElkmJVREREREREREREZFlWt3EqqE8rmwOhsu91iGIiIiIiIiIiMhLtLqZTm+OEk6y4bndHrK25K51GCIiIiIiIiIi8hJ5VnW00FMi2XngyQZDCVZZnLHE60wUiYQJzc0yNz251qGIrKnHjx8zOTlJKBRa61BEMpbH4yE/P5/t27evdSgiIiIiIvIcVjexGgljPFXCSeYzzRTX5rUxl7if3rNmwvWl40nn2cTrC3Sakfr4Q8MlOgPnuHK8wnF9jDsfvMvQoVZ+XQF9bQ00k9wmuas2Tl+CxtbjLNIq7TFl/Xr8+DGPHz8mKzubbJ9vrcMRyViRSITHjx8DKLn6wqw5pG0gfiVw7iXMJ2nPdSIiIiKyGajoqYhA58fcGdsEY8qqmJycJCs7G5dLU4zIYlwuF1nZ2UxO6pfOL8ZOqpae40prq/3nHFxq4A99ax2biIiIiGxkq7tiVUQykt8PbVfvsPt8HUUp7lccb+XKKo8p61coFNJKVZE0uVwulcx4YeMMDUDgkHMNaQW/OObnnZ4+fl2htaWyfKZpMvz99zx98oRwOLxgO7fbzZacHEpeew3DWA+Fq0RERGQlKbEqIpQeOkTppUv8653d/Evd/DRncimAvrYGmjvtm/O29ENs9RDHeH+BxOlSY87f1hmIbb204jnG8aHr9v0Aja3VdDdcojOpbXrxiojI+lVIqR/akpKoRXXn478UtLfwHz82RNt1a2IJnGulpic+PzhLB4zd+YB37Hb4F5rL5s91C803fW0N/IkAdHYysGB/kkmGv/8el8tF+a5dS7YdGRlh+PvvKS0pWYXIREREJJNon6aIABX8+lyAges3WWrX5NidD2geOsb7ra1caX2P40OX+H3Cnn7ri+aXte9xZdEvjouPOXbnqmNb53sc93fyJ+c4nV1wKn6vuaGHGnv7Z4B426XjFRGR9a2IulPH8Hde4nRDA6cbGhb4d76TLznFldZW3j/mp/NSA93VVumAxgB0fnyHMYC+Nt65XkpjdN7gOu+0Jc9U8+e6peabgU74ZWvrEnOjZIonMzPs2LEjrbY7duzgyczMS45IREREMpESqyJiqThOY6CT5nlfHp3GuNc1gL92t/2lsIi6862OFadD/Mn+opl6FWr6YxbVnXesLLW2eSYIHMIaoojiUiBQba9QtVYuOeMNHKqLx3sowEDXPZRaFRHZQIrq+Be7vur7x/wMXH+X0w3JNVYD/NKem4qsiYMae5opLIlNHPT1dDrmFGveoLPH8UvAVHNdGvNNrE9ZDxbb/r8S7UVERGRjUCkAEYmpqD+G/91L/KH6PUpTtrASnKWHFkqaDgB+axVqXXonJi84Zl8bpy9F91P68ftTPLwkK97OSw10JlwPMA5aMSQisgEV1Z3nSp29nf9SGzWt6c1HljFGh8BfW7hIm1Rz3eLzjYiIiIhsTEqsikhcUR2/PdbFOx/fJJCygbUa9MvRMahIlZYM8Mvzx6Gtgea26vRqmaYcc4w7H3fiPxZdDWRvuVz2G7LiDRyK180TEZENpq+N0x+XzKtbaq1KXS5rF8TA8GK/fks11y0+3yxVZkdERERE1ieVAhCRBEV1pzhOJ53JW++tu+yu9Sdsbexra+B00lb+iuPnCHReStqCufwxrS+2QN9NxyFWy2HFG6ubF433gzsqBSAislFUVBMYSK6Dav2C7nm231dUO7f+L9xP4lyn+UZERERkM9KKVRFJYtWFa7vUmfpu3Xkahxt4p+G6dcF/jPfPV0Bfj6NVBb845l/GFszkMaOvL3G6Ewics2qxLrqCaIGek+MlQGOrDg4REdk4Kvh163uUfvAupxviV/3H3uNKOvW+53V3nPePfcA7DQ3Rjng/5Q6MpLlukflG5QBERERENibDNE1zJTucaq5dye5kk0j1U5h8KflHdf799J41E64vHU86zyZeT93e+cyPftedeuBlGhgYYEdx8Yr0JbJS7t+/T+7WrWsdhsi6MTM9za5du9Y6DBFx+Pbbb/nJT3+advu//PnPvPHGGy8xIhEREVnIyOgo/uc7mGVRDx48WLKNSgGIiIiIiIiIiIiILJMSqyIiIiIiIg5ut/ulthcREZGNIYMSq0fYcqaLrYePrPMxwHeyi7yTF17qGCIiIiIi8nLk5OYyMjKSVtuRkRFycnNfckQiIiKSiXR41Yq4QE7jAbhby5Obax2LiIiIiIi8iJLXXmP4++/pv3+fcDi8YDu3282WnBxKXnttFaMTERGRTLHJEqs3eHr5xksfZfbDWmZf+igiIiIiIvIyGIZBaUnJWochIiIiGS5jE6u+k1146SWUU4XHBzBIsPkersYDWBWMBgk2H2V2WW2PsOXMWdyPWpj+6AbYr61npghPgDvnPrOXz+A+2YWHQSgow5jtZfbyGYL17eRVlsViNIdamP4Itpyxx6nsIodaIju78PIZUx9eBMB7+Ba+0jzroWhfAPXt5FVCeKIMd4Gzz5ef/BUREREREREREZHnl0E1VlMo2AVdtUw1txCaLcPbuJtIcy1TzZ8RpgyPs1bqctravId/g4deZptrmWruhIK8hPtGAYSaa5m6fIYgF8ipLCT0RS1TzbVM3R3EKH0bHzd4evkzwkA4VSmA+nZ8peMEm+3YqMKXUH+1DNdMi6PP37ClasU+QREREREREREREXkJMjuxOtHJ016AG5hPgIl79hb7+5jJe+2X0xaAI3heycN81GmtHuUiwaGppD7vObb0X+RJ8357DPBuK0zrLfh2ljn6ucHT/kEo2I0v1mKQUHSF6qMJzLR6FRERERERERERkbWUsaUAXr5dGD6I/JDutntn2QAwZ6cWb24/Y+SA+ej+8wYpIiIiIiIiIiIiGSizV6y+VNZKVte2+SUCUqp/G49v0N7SX8t0/3gaD1mrZ43cXS8UqYiIiIiIiIiIiGSWTZxYvUHo0RTGKwG8AFzAW5q3xDOFGFUAR9hSXrZEW8vsA+fWf/u5hBIDIiIiIiIiIiIist5s4sQqBD/6N+swqcYu8hp3YybXWHW6+Qmh2Tw8e7vIa/wN9PdixhKtF4lMgLuyi63Jh2TdPMrsUCHexi7yGs9ah2V9ePFlvi0RkTXl8XiIRCJrHYbIuhCJRPB4NnFlJhERERGRdcwwTXNFz0uaaq5dye5WlffwLXy5nUwp8bnqUv0UJl9K/lGdfz+9Z82E60vHk86ziddTt3c+86PfdaceeJkGBgbYUVy8In2JrJSJiQkmJyfJys7G5drUv78TWVQkEmHu2TO2bdtGYWF6h2KKiIiIiEiikdFR/H7/ivf74MGDJdts6iUSvpNdeGZamP7oBtFSAOaQDpoSEXkRBQUFAPzwww+EQqE1jkYkc3k8HvLz82P/nxERERERkfXl/wO2rUElhViYBwAAAABJRU5ErkJggg==" height="600" width="800" />
Actual:11]]>
  </system-out>
</testsuite> <!-- testcases.MyInfoTest -->
